[1.053s] Invoking command in '/home/benny/ros2_ws/src/template': AMENT_PREFIX_PATH=/home/benny/ros2_ws/install/pros_library:/home/benny/ros2_ws/install/system_interfaces:${AMENT_PREFIX_PATH} CMAKE_PREFIX_PATH=/home/benny/ros2_ws/install/system_interfaces:${CMAKE_PREFIX_PATH} LD_LIBRARY_PATH=/home/benny/ros2_ws/install/system_interfaces/lib:${LD_LIBRARY_PATH} PYTHONPATH=/home/benny/ros2_ws/build/template/prefix_override:/home/benny/ros2_ws/install/template/lib/python3.10/site-packages:/home/benny/ros2_ws/install/pros_library/lib/python3.10/site-packages:/home/benny/ros2_ws/install/system_interfaces/local/lib/python3.10/dist-packages:${PYTHONPATH} /usr/bin/python3 setup.py egg_info --egg-base ../../build/template build --build-base /home/benny/ros2_ws/build/template/build install --record /home/benny/ros2_ws/build/template/install.log --single-version-externally-managed
[1.359s] running egg_info
[1.360s] creating ../../build/template/template.egg-info
[1.360s] writing ../../build/template/template.egg-info/PKG-INFO
[1.360s] writing dependency_links to ../../build/template/template.egg-info/dependency_links.txt
[1.360s] writing entry points to ../../build/template/template.egg-info/entry_points.txt
[1.360s] writing requirements to ../../build/template/template.egg-info/requires.txt
[1.360s] writing top-level names to ../../build/template/template.egg-info/top_level.txt
[1.360s] writing manifest file '../../build/template/template.egg-info/SOURCES.txt'
[1.360s] reading manifest file '../../build/template/template.egg-info/SOURCES.txt'
[1.363s] writing manifest file '../../build/template/template.egg-info/SOURCES.txt'
[1.363s] running build
[1.363s] running build_py
[1.363s] creating /home/benny/ros2_ws/build/template/build
[1.363s] creating /home/benny/ros2_ws/build/template/build/lib
[1.363s] creating /home/benny/ros2_ws/build/template/build/lib/template
[1.363s] copying template/__init__.py -> /home/benny/ros2_ws/build/template/build/lib/template
[1.363s] copying template/template.py -> /home/benny/ros2_ws/build/template/build/lib/template
[1.364s] running install
[1.364s] running install_lib
[1.364s] creating /home/benny/ros2_ws/install/template/lib/python3.10/site-packages/template
[1.364s] copying /home/benny/ros2_ws/build/template/build/lib/template/__init__.py -> /home/benny/ros2_ws/install/template/lib/python3.10/site-packages/template
[1.364s] copying /home/benny/ros2_ws/build/template/build/lib/template/template.py -> /home/benny/ros2_ws/install/template/lib/python3.10/site-packages/template
[1.364s] byte-compiling /home/benny/ros2_ws/install/template/lib/python3.10/site-packages/template/__init__.py to __init__.cpython-310.pyc
[1.364s] byte-compiling /home/benny/ros2_ws/install/template/lib/python3.10/site-packages/template/template.py to template.cpython-310.pyc
[1.364s] running install_data
[1.364s] creating /home/benny/ros2_ws/install/template/share/ament_index
[1.364s] creating /home/benny/ros2_ws/install/template/share/ament_index/resource_index
[1.364s] creating /home/benny/ros2_ws/install/template/share/ament_index/resource_index/packages
[1.364s] copying resource/template -> /home/benny/ros2_ws/install/template/share/ament_index/resource_index/packages
[1.365s] copying package.xml -> /home/benny/ros2_ws/install/template/share/template
[1.365s] running install_egg_info
[1.365s] Copying ../../build/template/template.egg-info to /home/benny/ros2_ws/install/template/lib/python3.10/site-packages/template-0.0.0-py3.10.egg-info
[1.365s] running install_scripts
[1.385s] writing list of installed files to '/home/benny/ros2_ws/build/template/install.log'
[1.417s] Invoked command in '/home/benny/ros2_ws/src/template' returned '0': AMENT_PREFIX_PATH=/home/benny/ros2_ws/install/pros_library:/home/benny/ros2_ws/install/system_interfaces:${AMENT_PREFIX_PATH} CMAKE_PREFIX_PATH=/home/benny/ros2_ws/install/system_interfaces:${CMAKE_PREFIX_PATH} LD_LIBRARY_PATH=/home/benny/ros2_ws/install/system_interfaces/lib:${LD_LIBRARY_PATH} PYTHONPATH=/home/benny/ros2_ws/build/template/prefix_override:/home/benny/ros2_ws/install/template/lib/python3.10/site-packages:/home/benny/ros2_ws/install/pros_library/lib/python3.10/site-packages:/home/benny/ros2_ws/install/system_interfaces/local/lib/python3.10/dist-packages:${PYTHONPATH} /usr/bin/python3 setup.py egg_info --egg-base ../../build/template build --build-base /home/benny/ros2_ws/build/template/build install --record /home/benny/ros2_ws/build/template/install.log --single-version-externally-managed
