[1.320s] Invoking command in '/home/benny/ros2_ws/src/template': AMENT_PREFIX_PATH=/home/benny/ros2_ws/install/pros_library:/home/benny/ros2_ws/install/test_node:/home/benny/ros2_ws/install/template:/home/benny/ros2_ws/install/monitor_system:/home/benny/ros2_ws/install/system_interfaces:/home/benny/ros2_ws/install/my_py_pkg:/home/benny/ros2_ws/install/my_cpp_pkg:/opt/ros/humble CMAKE_PREFIX_PATH=/home/benny/ros2_ws/install/system_interfaces:/home/benny/ros2_ws/install/monitor_system:/home/benny/ros2_ws/install/my_cpp_pkg PYTHONPATH=/home/benny/ros2_ws/build/template/prefix_override:/home/benny/ros2_ws/install/template/lib/python3.10/site-packages:/home/benny/ros2_ws/install/pros_library/lib/python3.10/site-packages:/home/benny/ros2_ws/install/test_node/lib/python3.10/site-packages:/home/benny/ros2_ws/install/template/lib/python3.10/site-packages:/home/benny/ros2_ws/install/system_interfaces/local/lib/python3.10/dist-packages:/home/benny/ros2_ws/install/my_py_pkg/lib/python3.10/site-packages:/opt/ros/humble/lib/python3.10/site-packages:/opt/ros/humble/local/lib/python3.10/dist-packages /usr/bin/python3 setup.py egg_info --egg-base ../../build/template build --build-base /home/benny/ros2_ws/build/template/build install --record /home/benny/ros2_ws/build/template/install.log --single-version-externally-managed
[1.656s] running egg_info
[1.657s] writing ../../build/template/template.egg-info/PKG-INFO
[1.657s] writing dependency_links to ../../build/template/template.egg-info/dependency_links.txt
[1.657s] writing entry points to ../../build/template/template.egg-info/entry_points.txt
[1.657s] writing requirements to ../../build/template/template.egg-info/requires.txt
[1.658s] writing top-level names to ../../build/template/template.egg-info/top_level.txt
[1.661s] reading manifest file '../../build/template/template.egg-info/SOURCES.txt'
[1.661s] writing manifest file '../../build/template/template.egg-info/SOURCES.txt'
[1.662s] running build
[1.662s] running build_py
[1.663s] running install
[1.664s] running install_lib
[1.667s] running install_data
[1.667s] running install_egg_info
[1.670s] removing '/home/benny/ros2_ws/install/template/lib/python3.10/site-packages/template-0.0.0-py3.10.egg-info' (and everything under it)
[1.671s] Copying ../../build/template/template.egg-info to /home/benny/ros2_ws/install/template/lib/python3.10/site-packages/template-0.0.0-py3.10.egg-info
[1.672s] running install_scripts
[1.695s] Installing robot_node script to /home/benny/ros2_ws/install/template/lib/template
[1.697s] writing list of installed files to '/home/benny/ros2_ws/build/template/install.log'
[1.727s] Invoked command in '/home/benny/ros2_ws/src/template' returned '0': AMENT_PREFIX_PATH=/home/benny/ros2_ws/install/pros_library:/home/benny/ros2_ws/install/test_node:/home/benny/ros2_ws/install/template:/home/benny/ros2_ws/install/monitor_system:/home/benny/ros2_ws/install/system_interfaces:/home/benny/ros2_ws/install/my_py_pkg:/home/benny/ros2_ws/install/my_cpp_pkg:/opt/ros/humble CMAKE_PREFIX_PATH=/home/benny/ros2_ws/install/system_interfaces:/home/benny/ros2_ws/install/monitor_system:/home/benny/ros2_ws/install/my_cpp_pkg PYTHONPATH=/home/benny/ros2_ws/build/template/prefix_override:/home/benny/ros2_ws/install/template/lib/python3.10/site-packages:/home/benny/ros2_ws/install/pros_library/lib/python3.10/site-packages:/home/benny/ros2_ws/install/test_node/lib/python3.10/site-packages:/home/benny/ros2_ws/install/template/lib/python3.10/site-packages:/home/benny/ros2_ws/install/system_interfaces/local/lib/python3.10/dist-packages:/home/benny/ros2_ws/install/my_py_pkg/lib/python3.10/site-packages:/opt/ros/humble/lib/python3.10/site-packages:/opt/ros/humble/local/lib/python3.10/dist-packages /usr/bin/python3 setup.py egg_info --egg-base ../../build/template build --build-base /home/benny/ros2_ws/build/template/build install --record /home/benny/ros2_ws/build/template/install.log --single-version-externally-managed
