[0.054s] Invoking command in '/home/benny/ros2_ws/build/system_interfaces': CMAKE_PREFIX_PATH=${CMAKE_PREFIX_PATH}:/home/benny/ros2_ws/install/my_py_pkg:/opt/ros/humble /usr/bin/cmake --build /home/benny/ros2_ws/build/system_interfaces -- -j8 -l8
[0.149s] [35m[1mConsolidate compiler generated dependencies of target system_interfaces__rosidl_generator_c[0m
[0.163s] [  2%] Built target system_interfaces__cpp
[0.170s] [ 12%] Built target system_interfaces__rosidl_generator_c
[0.176s] [ 12%] Built target ament_cmake_python_copy_system_interfaces
[0.180s] [35m[1mConsolidate compiler generated dependencies of target system_interfaces__rosidl_typesupport_fastrtps_cpp[0m
[0.185s] [35m[1mConsolidate compiler generated dependencies of target system_interfaces__rosidl_typesupport_introspection_cpp[0m
[0.185s] [35m[1mConsolidate compiler generated dependencies of target system_interfaces__rosidl_typesupport_fastrtps_c[0m
[0.187s] [35m[1mConsolidate compiler generated dependencies of target system_interfaces__rosidl_typesupport_cpp[0m
[0.197s] [35m[1mConsolidate compiler generated dependencies of target system_interfaces__rosidl_typesupport_introspection_c[0m
[0.198s] [35m[1mConsolidate compiler generated dependencies of target system_interfaces__rosidl_typesupport_c[0m
[0.204s] [ 33%] Built target system_interfaces__rosidl_typesupport_introspection_cpp
[0.204s] [ 33%] Built target system_interfaces__rosidl_typesupport_fastrtps_cpp
[0.204s] [ 43%] Built target system_interfaces__rosidl_typesupport_cpp
[0.213s] [ 53%] Built target system_interfaces__rosidl_typesupport_fastrtps_c
[0.213s] [ 74%] Built target system_interfaces__rosidl_typesupport_introspection_c
[0.213s] [ 74%] Built target system_interfaces__rosidl_typesupport_c
[0.238s] [ 74%] Built target system_interfaces
[0.260s] [ 76%] Built target system_interfaces__py
[0.273s] [35m[1mConsolidate compiler generated dependencies of target system_interfaces__rosidl_generator_py[0m
[0.294s] [ 84%] Built target system_interfaces__rosidl_generator_py
[0.307s] [35m[1mConsolidate compiler generated dependencies of target system_interfaces__rosidl_typesupport_introspection_c__pyext[0m
[0.307s] [35m[1mConsolidate compiler generated dependencies of target system_interfaces__rosidl_typesupport_fastrtps_c__pyext[0m
[0.308s] [35m[1mConsolidate compiler generated dependencies of target system_interfaces__rosidl_typesupport_c__pyext[0m
[0.322s] [ 89%] Built target system_interfaces__rosidl_typesupport_c__pyext
[0.331s] [ 94%] Built target system_interfaces__rosidl_typesupport_fastrtps_c__pyext
[0.331s] [100%] Built target system_interfaces__rosidl_typesupport_introspection_c__pyext
[0.539s] running egg_info
[0.540s] writing system_interfaces.egg-info/PKG-INFO
[0.541s] writing dependency_links to system_interfaces.egg-info/dependency_links.txt
[0.541s] writing top-level names to system_interfaces.egg-info/top_level.txt
[0.548s] reading manifest file 'system_interfaces.egg-info/SOURCES.txt'
[0.549s] writing manifest file 'system_interfaces.egg-info/SOURCES.txt'
[0.589s] [100%] Built target ament_cmake_python_build_system_interfaces_egg
[0.611s] Invoked command in '/home/benny/ros2_ws/build/system_interfaces' returned '0': CMAKE_PREFIX_PATH=${CMAKE_PREFIX_PATH}:/home/benny/ros2_ws/install/my_py_pkg:/opt/ros/humble /usr/bin/cmake --build /home/benny/ros2_ws/build/system_interfaces -- -j8 -l8
[0.713s] Invoking command in '/home/benny/ros2_ws/build/system_interfaces': CMAKE_PREFIX_PATH=${CMAKE_PREFIX_PATH}:/home/benny/ros2_ws/install/my_py_pkg:/opt/ros/humble /usr/bin/cmake --install /home/benny/ros2_ws/build/system_interfaces
[0.722s] -- Install configuration: ""
[0.723s] -- Up-to-date: /home/benny/ros2_ws/install/system_interfaces/share/ament_index/resource_index/rosidl_interfaces/system_interfaces
[0.723s] -- Up-to-date: /home/benny/ros2_ws/install/system_interfaces/include/system_interfaces/system_interfaces
[0.723s] -- Up-to-date: /home/benny/ros2_ws/install/system_interfaces/include/system_interfaces/system_interfaces/msg
[0.723s] -- Up-to-date: /home/benny/ros2_ws/install/system_interfaces/include/system_interfaces/system_interfaces/msg/detail
[0.723s] -- Up-to-date: /home/benny/ros2_ws/install/system_interfaces/include/system_interfaces/system_interfaces/msg/detail/check_node__functions.c
[0.723s] -- Up-to-date: /home/benny/ros2_ws/install/system_interfaces/include/system_interfaces/system_interfaces/msg/detail/node_change__functions.h
[0.724s] -- Up-to-date: /home/benny/ros2_ws/install/system_interfaces/include/system_interfaces/system_interfaces/msg/detail/check_node__functions.h
[0.724s] -- Up-to-date: /home/benny/ros2_ws/install/system_interfaces/include/system_interfaces/system_interfaces/msg/detail/node_change__struct.h
[0.724s] -- Up-to-date: /home/benny/ros2_ws/install/system_interfaces/include/system_interfaces/system_interfaces/msg/detail/node_change__functions.c
[0.724s] -- Up-to-date: /home/benny/ros2_ws/install/system_interfaces/include/system_interfaces/system_interfaces/msg/detail/node_change__type_support.h
[0.724s] -- Up-to-date: /home/benny/ros2_ws/install/system_interfaces/include/system_interfaces/system_interfaces/msg/detail/check_node__type_support.h
[0.724s] -- Up-to-date: /home/benny/ros2_ws/install/system_interfaces/include/system_interfaces/system_interfaces/msg/detail/check_node__struct.h
[0.724s] -- Up-to-date: /home/benny/ros2_ws/install/system_interfaces/include/system_interfaces/system_interfaces/msg/check_node.h
[0.724s] -- Up-to-date: /home/benny/ros2_ws/install/system_interfaces/include/system_interfaces/system_interfaces/msg/rosidl_generator_c__visibility_control.h
[0.724s] -- Up-to-date: /home/benny/ros2_ws/install/system_interfaces/include/system_interfaces/system_interfaces/msg/node_change.h
[0.724s] -- Up-to-date: /home/benny/ros2_ws/install/system_interfaces/share/system_interfaces/environment/library_path.sh
[0.724s] -- Up-to-date: /home/benny/ros2_ws/install/system_interfaces/share/system_interfaces/environment/library_path.dsv
[0.724s] -- Up-to-date: /home/benny/ros2_ws/install/system_interfaces/lib/libsystem_interfaces__rosidl_generator_c.so
[0.725s] -- Up-to-date: /home/benny/ros2_ws/install/system_interfaces/include/system_interfaces/system_interfaces
[0.725s] -- Up-to-date: /home/benny/ros2_ws/install/system_interfaces/include/system_interfaces/system_interfaces/msg
[0.725s] -- Up-to-date: /home/benny/ros2_ws/install/system_interfaces/include/system_interfaces/system_interfaces/msg/rosidl_typesupport_fastrtps_c__visibility_control.h
[0.725s] -- Up-to-date: /home/benny/ros2_ws/install/system_interfaces/include/system_interfaces/system_interfaces/msg/detail
[0.725s] -- Up-to-date: /home/benny/ros2_ws/install/system_interfaces/include/system_interfaces/system_interfaces/msg/detail/check_node__rosidl_typesupport_fastrtps_c.h
[0.726s] -- Up-to-date: /home/benny/ros2_ws/install/system_interfaces/include/system_interfaces/system_interfaces/msg/detail/node_change__rosidl_typesupport_fastrtps_c.h
[0.726s] -- Up-to-date: /home/benny/ros2_ws/install/system_interfaces/lib/libsystem_interfaces__rosidl_typesupport_fastrtps_c.so
[0.726s] -- Up-to-date: /home/benny/ros2_ws/install/system_interfaces/include/system_interfaces/system_interfaces
[0.726s] -- Up-to-date: /home/benny/ros2_ws/install/system_interfaces/include/system_interfaces/system_interfaces/msg
[0.726s] -- Up-to-date: /home/benny/ros2_ws/install/system_interfaces/include/system_interfaces/system_interfaces/msg/detail
[0.727s] -- Up-to-date: /home/benny/ros2_ws/install/system_interfaces/include/system_interfaces/system_interfaces/msg/detail/check_node__type_support.c
[0.727s] -- Up-to-date: /home/benny/ros2_ws/install/system_interfaces/include/system_interfaces/system_interfaces/msg/detail/check_node__rosidl_typesupport_introspection_c.h
[0.727s] -- Up-to-date: /home/benny/ros2_ws/install/system_interfaces/include/system_interfaces/system_interfaces/msg/detail/node_change__type_support.c
[0.727s] -- Up-to-date: /home/benny/ros2_ws/install/system_interfaces/include/system_interfaces/system_interfaces/msg/detail/node_change__rosidl_typesupport_introspection_c.h
[0.727s] -- Up-to-date: /home/benny/ros2_ws/install/system_interfaces/include/system_interfaces/system_interfaces/msg/rosidl_typesupport_introspection_c__visibility_control.h
[0.727s] -- Up-to-date: /home/benny/ros2_ws/install/system_interfaces/lib/libsystem_interfaces__rosidl_typesupport_introspection_c.so
[0.727s] -- Up-to-date: /home/benny/ros2_ws/install/system_interfaces/lib/libsystem_interfaces__rosidl_typesupport_c.so
[0.728s] -- Up-to-date: /home/benny/ros2_ws/install/system_interfaces/include/system_interfaces/system_interfaces
[0.728s] -- Up-to-date: /home/benny/ros2_ws/install/system_interfaces/include/system_interfaces/system_interfaces/msg
[0.728s] -- Up-to-date: /home/benny/ros2_ws/install/system_interfaces/include/system_interfaces/system_interfaces/msg/detail
[0.728s] -- Up-to-date: /home/benny/ros2_ws/install/system_interfaces/include/system_interfaces/system_interfaces/msg/detail/check_node__traits.hpp
[0.728s] -- Up-to-date: /home/benny/ros2_ws/install/system_interfaces/include/system_interfaces/system_interfaces/msg/detail/check_node__struct.hpp
[0.728s] -- Up-to-date: /home/benny/ros2_ws/install/system_interfaces/include/system_interfaces/system_interfaces/msg/detail/node_change__traits.hpp
[0.728s] -- Up-to-date: /home/benny/ros2_ws/install/system_interfaces/include/system_interfaces/system_interfaces/msg/detail/node_change__builder.hpp
[0.729s] -- Up-to-date: /home/benny/ros2_ws/install/system_interfaces/include/system_interfaces/system_interfaces/msg/detail/check_node__builder.hpp
[0.729s] -- Up-to-date: /home/benny/ros2_ws/install/system_interfaces/include/system_interfaces/system_interfaces/msg/detail/node_change__struct.hpp
[0.729s] -- Up-to-date: /home/benny/ros2_ws/install/system_interfaces/include/system_interfaces/system_interfaces/msg/node_change.hpp
[0.729s] -- Up-to-date: /home/benny/ros2_ws/install/system_interfaces/include/system_interfaces/system_interfaces/msg/check_node.hpp
[0.729s] -- Up-to-date: /home/benny/ros2_ws/install/system_interfaces/include/system_interfaces/system_interfaces
[0.729s] -- Up-to-date: /home/benny/ros2_ws/install/system_interfaces/include/system_interfaces/system_interfaces/msg
[0.729s] -- Up-to-date: /home/benny/ros2_ws/install/system_interfaces/include/system_interfaces/system_interfaces/msg/detail
[0.729s] -- Up-to-date: /home/benny/ros2_ws/install/system_interfaces/include/system_interfaces/system_interfaces/msg/detail/check_node__rosidl_typesupport_fastrtps_cpp.hpp
[0.729s] -- Up-to-date: /home/benny/ros2_ws/install/system_interfaces/include/system_interfaces/system_interfaces/msg/detail/dds_fastrtps
[0.729s] -- Up-to-date: /home/benny/ros2_ws/install/system_interfaces/include/system_interfaces/system_interfaces/msg/detail/node_change__rosidl_typesupport_fastrtps_cpp.hpp
[0.729s] -- Up-to-date: /home/benny/ros2_ws/install/system_interfaces/include/system_interfaces/system_interfaces/msg/rosidl_typesupport_fastrtps_cpp__visibility_control.h
[0.729s] -- Up-to-date: /home/benny/ros2_ws/install/system_interfaces/lib/libsystem_interfaces__rosidl_typesupport_fastrtps_cpp.so
[0.730s] -- Up-to-date: /home/benny/ros2_ws/install/system_interfaces/include/system_interfaces/system_interfaces
[0.730s] -- Up-to-date: /home/benny/ros2_ws/install/system_interfaces/include/system_interfaces/system_interfaces/msg
[0.730s] -- Up-to-date: /home/benny/ros2_ws/install/system_interfaces/include/system_interfaces/system_interfaces/msg/detail
[0.730s] -- Up-to-date: /home/benny/ros2_ws/install/system_interfaces/include/system_interfaces/system_interfaces/msg/detail/node_change__rosidl_typesupport_introspection_cpp.hpp
[0.730s] -- Up-to-date: /home/benny/ros2_ws/install/system_interfaces/include/system_interfaces/system_interfaces/msg/detail/check_node__rosidl_typesupport_introspection_cpp.hpp
[0.730s] -- Up-to-date: /home/benny/ros2_ws/install/system_interfaces/include/system_interfaces/system_interfaces/msg/detail/check_node__type_support.cpp
[0.730s] -- Up-to-date: /home/benny/ros2_ws/install/system_interfaces/include/system_interfaces/system_interfaces/msg/detail/node_change__type_support.cpp
[0.730s] -- Up-to-date: /home/benny/ros2_ws/install/system_interfaces/lib/libsystem_interfaces__rosidl_typesupport_introspection_cpp.so
[0.730s] -- Up-to-date: /home/benny/ros2_ws/install/system_interfaces/lib/libsystem_interfaces__rosidl_typesupport_cpp.so
[0.731s] -- Up-to-date: /home/benny/ros2_ws/install/system_interfaces/share/system_interfaces/environment/pythonpath.sh
[0.731s] -- Up-to-date: /home/benny/ros2_ws/install/system_interfaces/share/system_interfaces/environment/pythonpath.dsv
[0.731s] -- Up-to-date: /home/benny/ros2_ws/install/system_interfaces/local/lib/python3.10/dist-packages/system_interfaces-0.0.0-py3.10.egg-info
[0.731s] -- Installing: /home/benny/ros2_ws/install/system_interfaces/local/lib/python3.10/dist-packages/system_interfaces-0.0.0-py3.10.egg-info/top_level.txt
[0.731s] -- Installing: /home/benny/ros2_ws/install/system_interfaces/local/lib/python3.10/dist-packages/system_interfaces-0.0.0-py3.10.egg-info/SOURCES.txt
[0.731s] -- Installing: /home/benny/ros2_ws/install/system_interfaces/local/lib/python3.10/dist-packages/system_interfaces-0.0.0-py3.10.egg-info/PKG-INFO
[0.731s] -- Installing: /home/benny/ros2_ws/install/system_interfaces/local/lib/python3.10/dist-packages/system_interfaces-0.0.0-py3.10.egg-info/dependency_links.txt
[0.731s] -- Up-to-date: /home/benny/ros2_ws/install/system_interfaces/local/lib/python3.10/dist-packages/system_interfaces
[0.731s] -- Up-to-date: /home/benny/ros2_ws/install/system_interfaces/local/lib/python3.10/dist-packages/system_interfaces/msg
[0.731s] -- Up-to-date: /home/benny/ros2_ws/install/system_interfaces/local/lib/python3.10/dist-packages/system_interfaces/msg/_node_change.py
[0.731s] -- Up-to-date: /home/benny/ros2_ws/install/system_interfaces/local/lib/python3.10/dist-packages/system_interfaces/msg/_check_node.py
[0.731s] -- Up-to-date: /home/benny/ros2_ws/install/system_interfaces/local/lib/python3.10/dist-packages/system_interfaces/msg/__init__.py
[0.731s] -- Up-to-date: /home/benny/ros2_ws/install/system_interfaces/local/lib/python3.10/dist-packages/system_interfaces/msg/_check_node_s.c
[0.732s] -- Up-to-date: /home/benny/ros2_ws/install/system_interfaces/local/lib/python3.10/dist-packages/system_interfaces/msg/_node_change_s.c
[0.732s] -- Up-to-date: /home/benny/ros2_ws/install/system_interfaces/local/lib/python3.10/dist-packages/system_interfaces/system_interfaces_s__rosidl_typesupport_fastrtps_c.cpython-310-x86_64-linux-gnu.so
[0.732s] -- Up-to-date: /home/benny/ros2_ws/install/system_interfaces/local/lib/python3.10/dist-packages/system_interfaces/_system_interfaces_s.ep.rosidl_typesupport_introspection_c.c
[0.732s] -- Up-to-date: /home/benny/ros2_ws/install/system_interfaces/local/lib/python3.10/dist-packages/system_interfaces/_system_interfaces_s.ep.rosidl_typesupport_fastrtps_c.c
[0.732s] -- Up-to-date: /home/benny/ros2_ws/install/system_interfaces/local/lib/python3.10/dist-packages/system_interfaces/_system_interfaces_s.ep.rosidl_typesupport_c.c
[0.732s] -- Up-to-date: /home/benny/ros2_ws/install/system_interfaces/local/lib/python3.10/dist-packages/system_interfaces/system_interfaces_s__rosidl_typesupport_c.cpython-310-x86_64-linux-gnu.so
[0.732s] -- Up-to-date: /home/benny/ros2_ws/install/system_interfaces/local/lib/python3.10/dist-packages/system_interfaces/__init__.py
[0.732s] -- Up-to-date: /home/benny/ros2_ws/install/system_interfaces/local/lib/python3.10/dist-packages/system_interfaces/libsystem_interfaces__rosidl_generator_py.so
[0.732s] -- Up-to-date: /home/benny/ros2_ws/install/system_interfaces/local/lib/python3.10/dist-packages/system_interfaces/system_interfaces_s__rosidl_typesupport_introspection_c.cpython-310-x86_64-linux-gnu.so
[0.778s] Listing '/home/benny/ros2_ws/install/system_interfaces/local/lib/python3.10/dist-packages/system_interfaces'...
[0.778s] Listing '/home/benny/ros2_ws/install/system_interfaces/local/lib/python3.10/dist-packages/system_interfaces/msg'...
[0.779s] -- Up-to-date: /home/benny/ros2_ws/install/system_interfaces/local/lib/python3.10/dist-packages/system_interfaces/system_interfaces_s__rosidl_typesupport_fastrtps_c.cpython-310-x86_64-linux-gnu.so
[0.780s] -- Up-to-date: /home/benny/ros2_ws/install/system_interfaces/local/lib/python3.10/dist-packages/system_interfaces/system_interfaces_s__rosidl_typesupport_introspection_c.cpython-310-x86_64-linux-gnu.so
[0.780s] -- Up-to-date: /home/benny/ros2_ws/install/system_interfaces/local/lib/python3.10/dist-packages/system_interfaces/system_interfaces_s__rosidl_typesupport_c.cpython-310-x86_64-linux-gnu.so
[0.781s] -- Up-to-date: /home/benny/ros2_ws/install/system_interfaces/lib/libsystem_interfaces__rosidl_generator_py.so
[0.781s] -- Up-to-date: /home/benny/ros2_ws/install/system_interfaces/share/system_interfaces/msg/NodeChange.idl
[0.781s] -- Up-to-date: /home/benny/ros2_ws/install/system_interfaces/share/system_interfaces/msg/CheckNode.idl
[0.781s] -- Up-to-date: /home/benny/ros2_ws/install/system_interfaces/share/system_interfaces/msg/NodeChange.msg
[0.781s] -- Up-to-date: /home/benny/ros2_ws/install/system_interfaces/share/system_interfaces/msg/CheckNode.msg
[0.781s] -- Up-to-date: /home/benny/ros2_ws/install/system_interfaces/share/ament_index/resource_index/package_run_dependencies/system_interfaces
[0.781s] -- Up-to-date: /home/benny/ros2_ws/install/system_interfaces/share/ament_index/resource_index/parent_prefix_path/system_interfaces
[0.781s] -- Up-to-date: /home/benny/ros2_ws/install/system_interfaces/share/system_interfaces/environment/ament_prefix_path.sh
[0.781s] -- Up-to-date: /home/benny/ros2_ws/install/system_interfaces/share/system_interfaces/environment/ament_prefix_path.dsv
[0.782s] -- Up-to-date: /home/benny/ros2_ws/install/system_interfaces/share/system_interfaces/environment/path.sh
[0.782s] -- Up-to-date: /home/benny/ros2_ws/install/system_interfaces/share/system_interfaces/environment/path.dsv
[0.782s] -- Up-to-date: /home/benny/ros2_ws/install/system_interfaces/share/system_interfaces/local_setup.bash
[0.782s] -- Up-to-date: /home/benny/ros2_ws/install/system_interfaces/share/system_interfaces/local_setup.sh
[0.782s] -- Up-to-date: /home/benny/ros2_ws/install/system_interfaces/share/system_interfaces/local_setup.zsh
[0.782s] -- Up-to-date: /home/benny/ros2_ws/install/system_interfaces/share/system_interfaces/local_setup.dsv
[0.782s] -- Installing: /home/benny/ros2_ws/install/system_interfaces/share/system_interfaces/package.dsv
[0.782s] -- Up-to-date: /home/benny/ros2_ws/install/system_interfaces/share/ament_index/resource_index/packages/system_interfaces
[0.783s] -- Up-to-date: /home/benny/ros2_ws/install/system_interfaces/share/system_interfaces/cmake/export_system_interfaces__rosidl_generator_cExport.cmake
[0.783s] -- Up-to-date: /home/benny/ros2_ws/install/system_interfaces/share/system_interfaces/cmake/export_system_interfaces__rosidl_generator_cExport-noconfig.cmake
[0.783s] -- Up-to-date: /home/benny/ros2_ws/install/system_interfaces/share/system_interfaces/cmake/export_system_interfaces__rosidl_typesupport_fastrtps_cExport.cmake
[0.783s] -- Up-to-date: /home/benny/ros2_ws/install/system_interfaces/share/system_interfaces/cmake/export_system_interfaces__rosidl_typesupport_fastrtps_cExport-noconfig.cmake
[0.784s] -- Up-to-date: /home/benny/ros2_ws/install/system_interfaces/share/system_interfaces/cmake/system_interfaces__rosidl_typesupport_introspection_cExport.cmake
[0.784s] -- Up-to-date: /home/benny/ros2_ws/install/system_interfaces/share/system_interfaces/cmake/system_interfaces__rosidl_typesupport_introspection_cExport-noconfig.cmake
[0.784s] -- Up-to-date: /home/benny/ros2_ws/install/system_interfaces/share/system_interfaces/cmake/system_interfaces__rosidl_typesupport_cExport.cmake
[0.784s] -- Up-to-date: /home/benny/ros2_ws/install/system_interfaces/share/system_interfaces/cmake/system_interfaces__rosidl_typesupport_cExport-noconfig.cmake
[0.785s] -- Up-to-date: /home/benny/ros2_ws/install/system_interfaces/share/system_interfaces/cmake/export_system_interfaces__rosidl_generator_cppExport.cmake
[0.785s] -- Up-to-date: /home/benny/ros2_ws/install/system_interfaces/share/system_interfaces/cmake/export_system_interfaces__rosidl_typesupport_fastrtps_cppExport.cmake
[0.785s] -- Up-to-date: /home/benny/ros2_ws/install/system_interfaces/share/system_interfaces/cmake/export_system_interfaces__rosidl_typesupport_fastrtps_cppExport-noconfig.cmake
[0.786s] -- Up-to-date: /home/benny/ros2_ws/install/system_interfaces/share/system_interfaces/cmake/system_interfaces__rosidl_typesupport_introspection_cppExport.cmake
[0.786s] -- Up-to-date: /home/benny/ros2_ws/install/system_interfaces/share/system_interfaces/cmake/system_interfaces__rosidl_typesupport_introspection_cppExport-noconfig.cmake
[0.787s] -- Up-to-date: /home/benny/ros2_ws/install/system_interfaces/share/system_interfaces/cmake/system_interfaces__rosidl_typesupport_cppExport.cmake
[0.787s] -- Up-to-date: /home/benny/ros2_ws/install/system_interfaces/share/system_interfaces/cmake/system_interfaces__rosidl_typesupport_cppExport-noconfig.cmake
[0.788s] -- Up-to-date: /home/benny/ros2_ws/install/system_interfaces/share/system_interfaces/cmake/export_system_interfaces__rosidl_generator_pyExport.cmake
[0.788s] -- Up-to-date: /home/benny/ros2_ws/install/system_interfaces/share/system_interfaces/cmake/export_system_interfaces__rosidl_generator_pyExport-noconfig.cmake
[0.788s] -- Up-to-date: /home/benny/ros2_ws/install/system_interfaces/share/system_interfaces/cmake/rosidl_cmake-extras.cmake
[0.788s] -- Up-to-date: /home/benny/ros2_ws/install/system_interfaces/share/system_interfaces/cmake/ament_cmake_export_include_directories-extras.cmake
[0.788s] -- Up-to-date: /home/benny/ros2_ws/install/system_interfaces/share/system_interfaces/cmake/ament_cmake_export_libraries-extras.cmake
[0.788s] -- Up-to-date: /home/benny/ros2_ws/install/system_interfaces/share/system_interfaces/cmake/ament_cmake_export_targets-extras.cmake
[0.789s] -- Up-to-date: /home/benny/ros2_ws/install/system_interfaces/share/system_interfaces/cmake/rosidl_cmake_export_typesupport_targets-extras.cmake
[0.789s] -- Up-to-date: /home/benny/ros2_ws/install/system_interfaces/share/system_interfaces/cmake/ament_cmake_export_dependencies-extras.cmake
[0.789s] -- Up-to-date: /home/benny/ros2_ws/install/system_interfaces/share/system_interfaces/cmake/rosidl_cmake_export_typesupport_libraries-extras.cmake
[0.789s] -- Up-to-date: /home/benny/ros2_ws/install/system_interfaces/share/system_interfaces/cmake/system_interfacesConfig.cmake
[0.789s] -- Up-to-date: /home/benny/ros2_ws/install/system_interfaces/share/system_interfaces/cmake/system_interfacesConfig-version.cmake
[0.789s] -- Up-to-date: /home/benny/ros2_ws/install/system_interfaces/share/system_interfaces/package.xml
[0.793s] Invoked command in '/home/benny/ros2_ws/build/system_interfaces' returned '0': CMAKE_PREFIX_PATH=${CMAKE_PREFIX_PATH}:/home/benny/ros2_ws/install/my_py_pkg:/opt/ros/humble /usr/bin/cmake --install /home/benny/ros2_ws/build/system_interfaces
