[0.051s] Invoking command in '/home/benny/ros2_ws/build/system_interfaces': CMAKE_PREFIX_PATH=${CMAKE_PREFIX_PATH}:/home/benny/ros2_ws/install/test_node:/home/benny/ros2_ws/install/template:/home/benny/ros2_ws/install/pros_library:/home/benny/ros2_ws/install/my_py_pkg:/opt/ros/humble /usr/bin/cmake --build /home/benny/ros2_ws/build/system_interfaces -- -j8 -l8
[0.416s] [ 10%] Built target system_interfaces__cpp
[0.417s] [ 12%] Built target system_interfaces__rosidl_generator_c
[0.418s] [ 12%] Built target ament_cmake_python_copy_system_interfaces
[0.418s] [ 33%] Built target system_interfaces__rosidl_typesupport_c
[0.418s] [ 33%] Built target system_interfaces__rosidl_typesupport_cpp
[0.418s] [ 43%] Built target system_interfaces__rosidl_typesupport_fastrtps_c
[0.418s] [ 53%] Built target system_interfaces__rosidl_typesupport_introspection_c
[0.418s] [ 74%] Built target system_interfaces__rosidl_typesupport_introspection_cpp
[0.418s] [ 74%] Built target system_interfaces__rosidl_typesupport_fastrtps_cpp
[0.419s] [ 74%] Built target system_interfaces
[0.419s] [ 76%] Built target system_interfaces__py
[0.419s] [ 84%] Built target system_interfaces__rosidl_generator_py
[0.419s] [ 89%] Built target system_interfaces__rosidl_typesupport_introspection_c__pyext
[0.419s] [ 94%] Built target system_interfaces__rosidl_typesupport_c__pyext
[0.419s] [100%] Built target system_interfaces__rosidl_typesupport_fastrtps_c__pyext
[0.518s] running egg_info
[0.519s] writing system_interfaces.egg-info/PKG-INFO
[0.521s] writing dependency_links to system_interfaces.egg-info/dependency_links.txt
[0.521s] writing top-level names to system_interfaces.egg-info/top_level.txt
[0.523s] reading manifest file 'system_interfaces.egg-info/SOURCES.txt'
[0.523s] writing manifest file 'system_interfaces.egg-info/SOURCES.txt'
[0.554s] [100%] Built target ament_cmake_python_build_system_interfaces_egg
[0.570s] Invoked command in '/home/benny/ros2_ws/build/system_interfaces' returned '0': CMAKE_PREFIX_PATH=${CMAKE_PREFIX_PATH}:/home/benny/ros2_ws/install/test_node:/home/benny/ros2_ws/install/template:/home/benny/ros2_ws/install/pros_library:/home/benny/ros2_ws/install/my_py_pkg:/opt/ros/humble /usr/bin/cmake --build /home/benny/ros2_ws/build/system_interfaces -- -j8 -l8
[0.709s] Invoking command in '/home/benny/ros2_ws/build/system_interfaces': CMAKE_PREFIX_PATH=${CMAKE_PREFIX_PATH}:/home/benny/ros2_ws/install/test_node:/home/benny/ros2_ws/install/template:/home/benny/ros2_ws/install/pros_library:/home/benny/ros2_ws/install/my_py_pkg:/opt/ros/humble /usr/bin/cmake --install /home/benny/ros2_ws/build/system_interfaces
[0.718s] -- Install configuration: ""
[0.718s] -- Up-to-date: /home/benny/ros2_ws/install/system_interfaces/share/ament_index/resource_index/rosidl_interfaces/system_interfaces
[0.718s] -- Up-to-date: /home/benny/ros2_ws/install/system_interfaces/include/system_interfaces/system_interfaces
[0.719s] -- Up-to-date: /home/benny/ros2_ws/install/system_interfaces/include/system_interfaces/system_interfaces/msg
[0.719s] -- Up-to-date: /home/benny/ros2_ws/install/system_interfaces/include/system_interfaces/system_interfaces/msg/detail
[0.719s] -- Up-to-date: /home/benny/ros2_ws/install/system_interfaces/include/system_interfaces/system_interfaces/msg/detail/check_node__functions.c
[0.719s] -- Up-to-date: /home/benny/ros2_ws/install/system_interfaces/include/system_interfaces/system_interfaces/msg/detail/node_change__functions.h
[0.719s] -- Up-to-date: /home/benny/ros2_ws/install/system_interfaces/include/system_interfaces/system_interfaces/msg/detail/check_node__functions.h
[0.719s] -- Up-to-date: /home/benny/ros2_ws/install/system_interfaces/include/system_interfaces/system_interfaces/msg/detail/node_change__struct.h
[0.719s] -- Up-to-date: /home/benny/ros2_ws/install/system_interfaces/include/system_interfaces/system_interfaces/msg/detail/node_change__functions.c
[0.719s] -- Up-to-date: /home/benny/ros2_ws/install/system_interfaces/include/system_interfaces/system_interfaces/msg/detail/node_change__type_support.h
[0.719s] -- Up-to-date: /home/benny/ros2_ws/install/system_interfaces/include/system_interfaces/system_interfaces/msg/detail/check_node__type_support.h
[0.720s] -- Up-to-date: /home/benny/ros2_ws/install/system_interfaces/include/system_interfaces/system_interfaces/msg/detail/check_node__struct.h
[0.720s] -- Up-to-date: /home/benny/ros2_ws/install/system_interfaces/include/system_interfaces/system_interfaces/msg/check_node.h
[0.720s] -- Up-to-date: /home/benny/ros2_ws/install/system_interfaces/include/system_interfaces/system_interfaces/msg/rosidl_generator_c__visibility_control.h
[0.720s] -- Up-to-date: /home/benny/ros2_ws/install/system_interfaces/include/system_interfaces/system_interfaces/msg/node_change.h
[0.720s] -- Up-to-date: /home/benny/ros2_ws/install/system_interfaces/share/system_interfaces/environment/library_path.sh
[0.720s] -- Up-to-date: /home/benny/ros2_ws/install/system_interfaces/share/system_interfaces/environment/library_path.dsv
[0.720s] -- Up-to-date: /home/benny/ros2_ws/install/system_interfaces/lib/libsystem_interfaces__rosidl_generator_c.so
[0.721s] -- Up-to-date: /home/benny/ros2_ws/install/system_interfaces/include/system_interfaces/system_interfaces
[0.721s] -- Up-to-date: /home/benny/ros2_ws/install/system_interfaces/include/system_interfaces/system_interfaces/msg
[0.721s] -- Up-to-date: /home/benny/ros2_ws/install/system_interfaces/include/system_interfaces/system_interfaces/msg/rosidl_typesupport_fastrtps_c__visibility_control.h
[0.721s] -- Up-to-date: /home/benny/ros2_ws/install/system_interfaces/include/system_interfaces/system_interfaces/msg/detail
[0.721s] -- Up-to-date: /home/benny/ros2_ws/install/system_interfaces/include/system_interfaces/system_interfaces/msg/detail/check_node__rosidl_typesupport_fastrtps_c.h
[0.721s] -- Up-to-date: /home/benny/ros2_ws/install/system_interfaces/include/system_interfaces/system_interfaces/msg/detail/node_change__rosidl_typesupport_fastrtps_c.h
[0.721s] -- Up-to-date: /home/benny/ros2_ws/install/system_interfaces/lib/libsystem_interfaces__rosidl_typesupport_fastrtps_c.so
[0.721s] -- Up-to-date: /home/benny/ros2_ws/install/system_interfaces/include/system_interfaces/system_interfaces
[0.721s] -- Up-to-date: /home/benny/ros2_ws/install/system_interfaces/include/system_interfaces/system_interfaces/msg
[0.721s] -- Up-to-date: /home/benny/ros2_ws/install/system_interfaces/include/system_interfaces/system_interfaces/msg/detail
[0.722s] -- Up-to-date: /home/benny/ros2_ws/install/system_interfaces/include/system_interfaces/system_interfaces/msg/detail/check_node__type_support.c
[0.722s] -- Up-to-date: /home/benny/ros2_ws/install/system_interfaces/include/system_interfaces/system_interfaces/msg/detail/check_node__rosidl_typesupport_introspection_c.h
[0.722s] -- Up-to-date: /home/benny/ros2_ws/install/system_interfaces/include/system_interfaces/system_interfaces/msg/detail/node_change__type_support.c
[0.722s] -- Up-to-date: /home/benny/ros2_ws/install/system_interfaces/include/system_interfaces/system_interfaces/msg/detail/node_change__rosidl_typesupport_introspection_c.h
[0.722s] -- Up-to-date: /home/benny/ros2_ws/install/system_interfaces/include/system_interfaces/system_interfaces/msg/rosidl_typesupport_introspection_c__visibility_control.h
[0.722s] -- Up-to-date: /home/benny/ros2_ws/install/system_interfaces/lib/libsystem_interfaces__rosidl_typesupport_introspection_c.so
[0.722s] -- Up-to-date: /home/benny/ros2_ws/install/system_interfaces/lib/libsystem_interfaces__rosidl_typesupport_c.so
[0.722s] -- Up-to-date: /home/benny/ros2_ws/install/system_interfaces/include/system_interfaces/system_interfaces
[0.722s] -- Up-to-date: /home/benny/ros2_ws/install/system_interfaces/include/system_interfaces/system_interfaces/msg
[0.723s] -- Up-to-date: /home/benny/ros2_ws/install/system_interfaces/include/system_interfaces/system_interfaces/msg/detail
[0.723s] -- Up-to-date: /home/benny/ros2_ws/install/system_interfaces/include/system_interfaces/system_interfaces/msg/detail/check_node__traits.hpp
[0.723s] -- Up-to-date: /home/benny/ros2_ws/install/system_interfaces/include/system_interfaces/system_interfaces/msg/detail/check_node__struct.hpp
[0.723s] -- Up-to-date: /home/benny/ros2_ws/install/system_interfaces/include/system_interfaces/system_interfaces/msg/detail/node_change__traits.hpp
[0.723s] -- Up-to-date: /home/benny/ros2_ws/install/system_interfaces/include/system_interfaces/system_interfaces/msg/detail/node_change__builder.hpp
[0.723s] -- Up-to-date: /home/benny/ros2_ws/install/system_interfaces/include/system_interfaces/system_interfaces/msg/detail/check_node__builder.hpp
[0.723s] -- Up-to-date: /home/benny/ros2_ws/install/system_interfaces/include/system_interfaces/system_interfaces/msg/detail/node_change__struct.hpp
[0.723s] -- Up-to-date: /home/benny/ros2_ws/install/system_interfaces/include/system_interfaces/system_interfaces/msg/node_change.hpp
[0.723s] -- Up-to-date: /home/benny/ros2_ws/install/system_interfaces/include/system_interfaces/system_interfaces/msg/check_node.hpp
[0.724s] -- Up-to-date: /home/benny/ros2_ws/install/system_interfaces/include/system_interfaces/system_interfaces
[0.724s] -- Up-to-date: /home/benny/ros2_ws/install/system_interfaces/include/system_interfaces/system_interfaces/msg
[0.724s] -- Up-to-date: /home/benny/ros2_ws/install/system_interfaces/include/system_interfaces/system_interfaces/msg/detail
[0.724s] -- Up-to-date: /home/benny/ros2_ws/install/system_interfaces/include/system_interfaces/system_interfaces/msg/detail/check_node__rosidl_typesupport_fastrtps_cpp.hpp
[0.724s] -- Up-to-date: /home/benny/ros2_ws/install/system_interfaces/include/system_interfaces/system_interfaces/msg/detail/dds_fastrtps
[0.724s] -- Up-to-date: /home/benny/ros2_ws/install/system_interfaces/include/system_interfaces/system_interfaces/msg/detail/node_change__rosidl_typesupport_fastrtps_cpp.hpp
[0.725s] -- Up-to-date: /home/benny/ros2_ws/install/system_interfaces/include/system_interfaces/system_interfaces/msg/rosidl_typesupport_fastrtps_cpp__visibility_control.h
[0.725s] -- Up-to-date: /home/benny/ros2_ws/install/system_interfaces/lib/libsystem_interfaces__rosidl_typesupport_fastrtps_cpp.so
[0.725s] -- Up-to-date: /home/benny/ros2_ws/install/system_interfaces/include/system_interfaces/system_interfaces
[0.725s] -- Up-to-date: /home/benny/ros2_ws/install/system_interfaces/include/system_interfaces/system_interfaces/msg
[0.725s] -- Up-to-date: /home/benny/ros2_ws/install/system_interfaces/include/system_interfaces/system_interfaces/msg/detail
[0.725s] -- Up-to-date: /home/benny/ros2_ws/install/system_interfaces/include/system_interfaces/system_interfaces/msg/detail/node_change__rosidl_typesupport_introspection_cpp.hpp
[0.725s] -- Up-to-date: /home/benny/ros2_ws/install/system_interfaces/include/system_interfaces/system_interfaces/msg/detail/check_node__rosidl_typesupport_introspection_cpp.hpp
[0.725s] -- Up-to-date: /home/benny/ros2_ws/install/system_interfaces/include/system_interfaces/system_interfaces/msg/detail/check_node__type_support.cpp
[0.725s] -- Up-to-date: /home/benny/ros2_ws/install/system_interfaces/include/system_interfaces/system_interfaces/msg/detail/node_change__type_support.cpp
[0.725s] -- Up-to-date: /home/benny/ros2_ws/install/system_interfaces/lib/libsystem_interfaces__rosidl_typesupport_introspection_cpp.so
[0.725s] -- Up-to-date: /home/benny/ros2_ws/install/system_interfaces/lib/libsystem_interfaces__rosidl_typesupport_cpp.so
[0.725s] -- Up-to-date: /home/benny/ros2_ws/install/system_interfaces/share/system_interfaces/environment/pythonpath.sh
[0.725s] -- Up-to-date: /home/benny/ros2_ws/install/system_interfaces/share/system_interfaces/environment/pythonpath.dsv
[0.726s] -- Up-to-date: /home/benny/ros2_ws/install/system_interfaces/local/lib/python3.10/dist-packages/system_interfaces-0.0.0-py3.10.egg-info
[0.726s] -- Installing: /home/benny/ros2_ws/install/system_interfaces/local/lib/python3.10/dist-packages/system_interfaces-0.0.0-py3.10.egg-info/top_level.txt
[0.726s] -- Installing: /home/benny/ros2_ws/install/system_interfaces/local/lib/python3.10/dist-packages/system_interfaces-0.0.0-py3.10.egg-info/SOURCES.txt
[0.726s] -- Installing: /home/benny/ros2_ws/install/system_interfaces/local/lib/python3.10/dist-packages/system_interfaces-0.0.0-py3.10.egg-info/PKG-INFO
[0.726s] -- Installing: /home/benny/ros2_ws/install/system_interfaces/local/lib/python3.10/dist-packages/system_interfaces-0.0.0-py3.10.egg-info/dependency_links.txt
[0.726s] -- Up-to-date: /home/benny/ros2_ws/install/system_interfaces/local/lib/python3.10/dist-packages/system_interfaces
[0.726s] -- Up-to-date: /home/benny/ros2_ws/install/system_interfaces/local/lib/python3.10/dist-packages/system_interfaces/msg
[0.726s] -- Up-to-date: /home/benny/ros2_ws/install/system_interfaces/local/lib/python3.10/dist-packages/system_interfaces/msg/_node_change.py
[0.726s] -- Up-to-date: /home/benny/ros2_ws/install/system_interfaces/local/lib/python3.10/dist-packages/system_interfaces/msg/_check_node.py
[0.726s] -- Up-to-date: /home/benny/ros2_ws/install/system_interfaces/local/lib/python3.10/dist-packages/system_interfaces/msg/__init__.py
[0.726s] -- Up-to-date: /home/benny/ros2_ws/install/system_interfaces/local/lib/python3.10/dist-packages/system_interfaces/msg/_check_node_s.c
[0.726s] -- Up-to-date: /home/benny/ros2_ws/install/system_interfaces/local/lib/python3.10/dist-packages/system_interfaces/msg/_node_change_s.c
[0.726s] -- Up-to-date: /home/benny/ros2_ws/install/system_interfaces/local/lib/python3.10/dist-packages/system_interfaces/system_interfaces_s__rosidl_typesupport_fastrtps_c.cpython-310-x86_64-linux-gnu.so
[0.726s] -- Up-to-date: /home/benny/ros2_ws/install/system_interfaces/local/lib/python3.10/dist-packages/system_interfaces/_system_interfaces_s.ep.rosidl_typesupport_introspection_c.c
[0.727s] -- Up-to-date: /home/benny/ros2_ws/install/system_interfaces/local/lib/python3.10/dist-packages/system_interfaces/_system_interfaces_s.ep.rosidl_typesupport_fastrtps_c.c
[0.727s] -- Up-to-date: /home/benny/ros2_ws/install/system_interfaces/local/lib/python3.10/dist-packages/system_interfaces/_system_interfaces_s.ep.rosidl_typesupport_c.c
[0.727s] -- Up-to-date: /home/benny/ros2_ws/install/system_interfaces/local/lib/python3.10/dist-packages/system_interfaces/system_interfaces_s__rosidl_typesupport_c.cpython-310-x86_64-linux-gnu.so
[0.727s] -- Up-to-date: /home/benny/ros2_ws/install/system_interfaces/local/lib/python3.10/dist-packages/system_interfaces/__init__.py
[0.727s] -- Up-to-date: /home/benny/ros2_ws/install/system_interfaces/local/lib/python3.10/dist-packages/system_interfaces/libsystem_interfaces__rosidl_generator_py.so
[0.727s] -- Up-to-date: /home/benny/ros2_ws/install/system_interfaces/local/lib/python3.10/dist-packages/system_interfaces/system_interfaces_s__rosidl_typesupport_introspection_c.cpython-310-x86_64-linux-gnu.so
[0.769s] Listing '/home/benny/ros2_ws/install/system_interfaces/local/lib/python3.10/dist-packages/system_interfaces'...
[0.769s] Listing '/home/benny/ros2_ws/install/system_interfaces/local/lib/python3.10/dist-packages/system_interfaces/msg'...
[0.772s] -- Up-to-date: /home/benny/ros2_ws/install/system_interfaces/local/lib/python3.10/dist-packages/system_interfaces/system_interfaces_s__rosidl_typesupport_fastrtps_c.cpython-310-x86_64-linux-gnu.so
[0.772s] -- Up-to-date: /home/benny/ros2_ws/install/system_interfaces/local/lib/python3.10/dist-packages/system_interfaces/system_interfaces_s__rosidl_typesupport_introspection_c.cpython-310-x86_64-linux-gnu.so
[0.773s] -- Up-to-date: /home/benny/ros2_ws/install/system_interfaces/local/lib/python3.10/dist-packages/system_interfaces/system_interfaces_s__rosidl_typesupport_c.cpython-310-x86_64-linux-gnu.so
[0.773s] -- Up-to-date: /home/benny/ros2_ws/install/system_interfaces/lib/libsystem_interfaces__rosidl_generator_py.so
[0.773s] -- Up-to-date: /home/benny/ros2_ws/install/system_interfaces/share/system_interfaces/msg/NodeChange.idl
[0.773s] -- Up-to-date: /home/benny/ros2_ws/install/system_interfaces/share/system_interfaces/msg/CheckNode.idl
[0.774s] -- Up-to-date: /home/benny/ros2_ws/install/system_interfaces/share/system_interfaces/msg/NodeChange.msg
[0.774s] -- Up-to-date: /home/benny/ros2_ws/install/system_interfaces/share/system_interfaces/msg/CheckNode.msg
[0.774s] -- Up-to-date: /home/benny/ros2_ws/install/system_interfaces/share/ament_index/resource_index/package_run_dependencies/system_interfaces
[0.774s] -- Up-to-date: /home/benny/ros2_ws/install/system_interfaces/share/ament_index/resource_index/parent_prefix_path/system_interfaces
[0.774s] -- Up-to-date: /home/benny/ros2_ws/install/system_interfaces/share/system_interfaces/environment/ament_prefix_path.sh
[0.774s] -- Up-to-date: /home/benny/ros2_ws/install/system_interfaces/share/system_interfaces/environment/ament_prefix_path.dsv
[0.774s] -- Up-to-date: /home/benny/ros2_ws/install/system_interfaces/share/system_interfaces/environment/path.sh
[0.774s] -- Up-to-date: /home/benny/ros2_ws/install/system_interfaces/share/system_interfaces/environment/path.dsv
[0.774s] -- Up-to-date: /home/benny/ros2_ws/install/system_interfaces/share/system_interfaces/local_setup.bash
[0.774s] -- Up-to-date: /home/benny/ros2_ws/install/system_interfaces/share/system_interfaces/local_setup.sh
[0.774s] -- Up-to-date: /home/benny/ros2_ws/install/system_interfaces/share/system_interfaces/local_setup.zsh
[0.774s] -- Up-to-date: /home/benny/ros2_ws/install/system_interfaces/share/system_interfaces/local_setup.dsv
[0.775s] -- Installing: /home/benny/ros2_ws/install/system_interfaces/share/system_interfaces/package.dsv
[0.775s] -- Up-to-date: /home/benny/ros2_ws/install/system_interfaces/share/ament_index/resource_index/packages/system_interfaces
[0.775s] -- Up-to-date: /home/benny/ros2_ws/install/system_interfaces/share/system_interfaces/cmake/export_system_interfaces__rosidl_generator_cExport.cmake
[0.775s] -- Up-to-date: /home/benny/ros2_ws/install/system_interfaces/share/system_interfaces/cmake/export_system_interfaces__rosidl_generator_cExport-noconfig.cmake
[0.776s] -- Up-to-date: /home/benny/ros2_ws/install/system_interfaces/share/system_interfaces/cmake/export_system_interfaces__rosidl_typesupport_fastrtps_cExport.cmake
[0.776s] -- Up-to-date: /home/benny/ros2_ws/install/system_interfaces/share/system_interfaces/cmake/export_system_interfaces__rosidl_typesupport_fastrtps_cExport-noconfig.cmake
[0.776s] -- Up-to-date: /home/benny/ros2_ws/install/system_interfaces/share/system_interfaces/cmake/system_interfaces__rosidl_typesupport_introspection_cExport.cmake
[0.776s] -- Up-to-date: /home/benny/ros2_ws/install/system_interfaces/share/system_interfaces/cmake/system_interfaces__rosidl_typesupport_introspection_cExport-noconfig.cmake
[0.776s] -- Up-to-date: /home/benny/ros2_ws/install/system_interfaces/share/system_interfaces/cmake/system_interfaces__rosidl_typesupport_cExport.cmake
[0.776s] -- Up-to-date: /home/benny/ros2_ws/install/system_interfaces/share/system_interfaces/cmake/system_interfaces__rosidl_typesupport_cExport-noconfig.cmake
[0.776s] -- Up-to-date: /home/benny/ros2_ws/install/system_interfaces/share/system_interfaces/cmake/export_system_interfaces__rosidl_generator_cppExport.cmake
[0.776s] -- Up-to-date: /home/benny/ros2_ws/install/system_interfaces/share/system_interfaces/cmake/export_system_interfaces__rosidl_typesupport_fastrtps_cppExport.cmake
[0.776s] -- Up-to-date: /home/benny/ros2_ws/install/system_interfaces/share/system_interfaces/cmake/export_system_interfaces__rosidl_typesupport_fastrtps_cppExport-noconfig.cmake
[0.777s] -- Up-to-date: /home/benny/ros2_ws/install/system_interfaces/share/system_interfaces/cmake/system_interfaces__rosidl_typesupport_introspection_cppExport.cmake
[0.777s] -- Up-to-date: /home/benny/ros2_ws/install/system_interfaces/share/system_interfaces/cmake/system_interfaces__rosidl_typesupport_introspection_cppExport-noconfig.cmake
[0.777s] -- Up-to-date: /home/benny/ros2_ws/install/system_interfaces/share/system_interfaces/cmake/system_interfaces__rosidl_typesupport_cppExport.cmake
[0.777s] -- Up-to-date: /home/benny/ros2_ws/install/system_interfaces/share/system_interfaces/cmake/system_interfaces__rosidl_typesupport_cppExport-noconfig.cmake
[0.777s] -- Up-to-date: /home/benny/ros2_ws/install/system_interfaces/share/system_interfaces/cmake/export_system_interfaces__rosidl_generator_pyExport.cmake
[0.777s] -- Up-to-date: /home/benny/ros2_ws/install/system_interfaces/share/system_interfaces/cmake/export_system_interfaces__rosidl_generator_pyExport-noconfig.cmake
[0.777s] -- Up-to-date: /home/benny/ros2_ws/install/system_interfaces/share/system_interfaces/cmake/rosidl_cmake-extras.cmake
[0.777s] -- Up-to-date: /home/benny/ros2_ws/install/system_interfaces/share/system_interfaces/cmake/ament_cmake_export_include_directories-extras.cmake
[0.777s] -- Up-to-date: /home/benny/ros2_ws/install/system_interfaces/share/system_interfaces/cmake/ament_cmake_export_libraries-extras.cmake
[0.777s] -- Up-to-date: /home/benny/ros2_ws/install/system_interfaces/share/system_interfaces/cmake/ament_cmake_export_targets-extras.cmake
[0.777s] -- Up-to-date: /home/benny/ros2_ws/install/system_interfaces/share/system_interfaces/cmake/rosidl_cmake_export_typesupport_targets-extras.cmake
[0.777s] -- Up-to-date: /home/benny/ros2_ws/install/system_interfaces/share/system_interfaces/cmake/ament_cmake_export_dependencies-extras.cmake
[0.778s] -- Up-to-date: /home/benny/ros2_ws/install/system_interfaces/share/system_interfaces/cmake/rosidl_cmake_export_typesupport_libraries-extras.cmake
[0.778s] -- Up-to-date: /home/benny/ros2_ws/install/system_interfaces/share/system_interfaces/cmake/system_interfacesConfig.cmake
[0.778s] -- Up-to-date: /home/benny/ros2_ws/install/system_interfaces/share/system_interfaces/cmake/system_interfacesConfig-version.cmake
[0.778s] -- Up-to-date: /home/benny/ros2_ws/install/system_interfaces/share/system_interfaces/package.xml
[0.785s] Invoked command in '/home/benny/ros2_ws/build/system_interfaces' returned '0': CMAKE_PREFIX_PATH=${CMAKE_PREFIX_PATH}:/home/benny/ros2_ws/install/test_node:/home/benny/ros2_ws/install/template:/home/benny/ros2_ws/install/pros_library:/home/benny/ros2_ws/install/my_py_pkg:/opt/ros/humble /usr/bin/cmake --install /home/benny/ros2_ws/build/system_interfaces
