[0.024s] Invoking command in '/home/benny/ros2_ws/build/my_cpp_pkg': CMAKE_PREFIX_PATH=${CMAKE_PREFIX_PATH}:/home/benny/ros2_ws/install/my_py_pkg:/opt/ros/humble /usr/bin/cmake --build /home/benny/ros2_ws/build/my_cpp_pkg -- -j8 -l8
[0.442s] -- Found ament_cmake: 1.3.5 (/opt/ros/humble/share/ament_cmake/cmake)
[0.443s] -- Found rclcpp: 16.0.6 (/opt/ros/humble/share/rclcpp/cmake)
[0.443s] -- Found rosidl_generator_c: 3.1.5 (/opt/ros/humble/share/rosidl_generator_c/cmake)
[0.444s] -- Found rosidl_adapter: 3.1.5 (/opt/ros/humble/share/rosidl_adapter/cmake)
[0.444s] -- Found rosidl_generator_cpp: 3.1.5 (/opt/ros/humble/share/rosidl_generator_cpp/cmake)
[0.445s] -- Using all available rosidl_typesupport_c: rosidl_typesupport_fastrtps_c;rosidl_typesupport_introspection_c
[0.445s] -- Using all available rosidl_typesupport_cpp: rosidl_typesupport_fastrtps_cpp;rosidl_typesupport_introspection_cpp
[0.507s] -- Found rmw_implementation_cmake: 6.1.1 (/opt/ros/humble/share/rmw_implementation_cmake/cmake)
[0.513s] -- Found rmw_fastrtps_cpp: 6.2.4 (/opt/ros/humble/share/rmw_fastrtps_cpp/cmake)
[0.662s] -- Using RMW implementation 'rmw_fastrtps_cpp' as default
[0.968s] -- Configuring done
[1.001s] -- Generating done
[1.003s] -- Build files have been written to: /home/benny/ros2_ws/build/my_cpp_pkg
[1.032s] Invoked command in '/home/benny/ros2_ws/build/my_cpp_pkg' returned '0': CMAKE_PREFIX_PATH=${CMAKE_PREFIX_PATH}:/home/benny/ros2_ws/install/my_py_pkg:/opt/ros/humble /usr/bin/cmake --build /home/benny/ros2_ws/build/my_cpp_pkg -- -j8 -l8
[1.086s] Invoking command in '/home/benny/ros2_ws/build/my_cpp_pkg': CMAKE_PREFIX_PATH=${CMAKE_PREFIX_PATH}:/home/benny/ros2_ws/install/my_py_pkg:/opt/ros/humble /usr/bin/cmake --install /home/benny/ros2_ws/build/my_cpp_pkg
[1.094s] -- Install configuration: ""
[1.094s] -- Up-to-date: /home/benny/ros2_ws/install/my_cpp_pkg/share/ament_index/resource_index/package_run_dependencies/my_cpp_pkg
[1.095s] -- Installing: /home/benny/ros2_ws/install/my_cpp_pkg/share/ament_index/resource_index/parent_prefix_path/my_cpp_pkg
[1.095s] -- Up-to-date: /home/benny/ros2_ws/install/my_cpp_pkg/share/my_cpp_pkg/environment/ament_prefix_path.sh
[1.095s] -- Installing: /home/benny/ros2_ws/install/my_cpp_pkg/share/my_cpp_pkg/environment/ament_prefix_path.dsv
[1.095s] -- Up-to-date: /home/benny/ros2_ws/install/my_cpp_pkg/share/my_cpp_pkg/environment/path.sh
[1.095s] -- Installing: /home/benny/ros2_ws/install/my_cpp_pkg/share/my_cpp_pkg/environment/path.dsv
[1.095s] -- Up-to-date: /home/benny/ros2_ws/install/my_cpp_pkg/share/my_cpp_pkg/local_setup.bash
[1.095s] -- Up-to-date: /home/benny/ros2_ws/install/my_cpp_pkg/share/my_cpp_pkg/local_setup.sh
[1.095s] -- Up-to-date: /home/benny/ros2_ws/install/my_cpp_pkg/share/my_cpp_pkg/local_setup.zsh
[1.095s] -- Installing: /home/benny/ros2_ws/install/my_cpp_pkg/share/my_cpp_pkg/local_setup.dsv
[1.095s] -- Installing: /home/benny/ros2_ws/install/my_cpp_pkg/share/my_cpp_pkg/package.dsv
[1.095s] -- Up-to-date: /home/benny/ros2_ws/install/my_cpp_pkg/share/ament_index/resource_index/packages/my_cpp_pkg
[1.095s] -- Up-to-date: /home/benny/ros2_ws/install/my_cpp_pkg/share/my_cpp_pkg/cmake/my_cpp_pkgConfig.cmake
[1.095s] -- Up-to-date: /home/benny/ros2_ws/install/my_cpp_pkg/share/my_cpp_pkg/cmake/my_cpp_pkgConfig-version.cmake
[1.095s] -- Up-to-date: /home/benny/ros2_ws/install/my_cpp_pkg/share/my_cpp_pkg/package.xml
[1.110s] Invoked command in '/home/benny/ros2_ws/build/my_cpp_pkg' returned '0': CMAKE_PREFIX_PATH=${CMAKE_PREFIX_PATH}:/home/benny/ros2_ws/install/my_py_pkg:/opt/ros/humble /usr/bin/cmake --install /home/benny/ros2_ws/build/my_cpp_pkg
