[0.938s] Invoking command in '/home/benny/ros2_ws/src/pros_library': AMENT_PREFIX_PATH=/home/benny/ros2_ws/install/system_interfaces:${AMENT_PREFIX_PATH} CMAKE_PREFIX_PATH=/home/benny/ros2_ws/install/system_interfaces:${CMAKE_PREFIX_PATH} LD_LIBRARY_PATH=/home/benny/ros2_ws/install/system_interfaces/lib:${LD_LIBRARY_PATH} PYTHONPATH=/home/benny/ros2_ws/build/pros_library/prefix_override:/home/benny/ros2_ws/install/pros_library/lib/python3.10/site-packages:/home/benny/ros2_ws/install/system_interfaces/local/lib/python3.10/dist-packages:${PYTHONPATH} /usr/bin/python3 setup.py egg_info --egg-base ../../build/pros_library build --build-base /home/benny/ros2_ws/build/pros_library/build install --record /home/benny/ros2_ws/build/pros_library/install.log --single-version-externally-managed
[1.216s] running egg_info
[1.217s] writing ../../build/pros_library/pros_library.egg-info/PKG-INFO
[1.218s] writing dependency_links to ../../build/pros_library/pros_library.egg-info/dependency_links.txt
[1.227s] writing entry points to ../../build/pros_library/pros_library.egg-info/entry_points.txt
[1.228s] writing requirements to ../../build/pros_library/pros_library.egg-info/requires.txt
[1.228s] writing top-level names to ../../build/pros_library/pros_library.egg-info/top_level.txt
[1.235s] reading manifest file '../../build/pros_library/pros_library.egg-info/SOURCES.txt'
[1.236s] writing manifest file '../../build/pros_library/pros_library.egg-info/SOURCES.txt'
[1.236s] running build
[1.237s] running build_py
[1.237s] running install
[1.237s] running install_lib
[1.237s] running install_data
[1.238s] running install_egg_info
[1.241s] removing '/home/benny/ros2_ws/install/pros_library/lib/python3.10/site-packages/pros_library-0.0.0-py3.10.egg-info' (and everything under it)
[1.241s] Copying ../../build/pros_library/pros_library.egg-info to /home/benny/ros2_ws/install/pros_library/lib/python3.10/site-packages/pros_library-0.0.0-py3.10.egg-info
[1.241s] running install_scripts
[1.265s] writing list of installed files to '/home/benny/ros2_ws/build/pros_library/install.log'
[1.303s] Invoked command in '/home/benny/ros2_ws/src/pros_library' returned '0': AMENT_PREFIX_PATH=/home/benny/ros2_ws/install/system_interfaces:${AMENT_PREFIX_PATH} CMAKE_PREFIX_PATH=/home/benny/ros2_ws/install/system_interfaces:${CMAKE_PREFIX_PATH} LD_LIBRARY_PATH=/home/benny/ros2_ws/install/system_interfaces/lib:${LD_LIBRARY_PATH} PYTHONPATH=/home/benny/ros2_ws/build/pros_library/prefix_override:/home/benny/ros2_ws/install/pros_library/lib/python3.10/site-packages:/home/benny/ros2_ws/install/system_interfaces/local/lib/python3.10/dist-packages:${PYTHONPATH} /usr/bin/python3 setup.py egg_info --egg-base ../../build/pros_library build --build-base /home/benny/ros2_ws/build/pros_library/build install --record /home/benny/ros2_ws/build/pros_library/install.log --single-version-externally-managed
