[0.722s] Invoking command in '/home/benny/ros2_ws/src/my_py_pkg': PYTHONPATH=/home/benny/ros2_ws/build/my_py_pkg/prefix_override:/home/benny/ros2_ws/install/my_py_pkg/lib/python3.10/site-packages:${PYTHONPATH} /usr/bin/python3 setup.py egg_info --egg-base ../../build/my_py_pkg build --build-base /home/benny/ros2_ws/build/my_py_pkg/build install --record /home/benny/ros2_ws/build/my_py_pkg/install.log --single-version-externally-managed
[0.987s] running egg_info
[0.987s] writing ../../build/my_py_pkg/my_py_pkg.egg-info/PKG-INFO
[0.987s] writing dependency_links to ../../build/my_py_pkg/my_py_pkg.egg-info/dependency_links.txt
[0.988s] writing entry points to ../../build/my_py_pkg/my_py_pkg.egg-info/entry_points.txt
[0.988s] writing requirements to ../../build/my_py_pkg/my_py_pkg.egg-info/requires.txt
[0.988s] writing top-level names to ../../build/my_py_pkg/my_py_pkg.egg-info/top_level.txt
[0.989s] reading manifest file '../../build/my_py_pkg/my_py_pkg.egg-info/SOURCES.txt'
[0.990s] writing manifest file '../../build/my_py_pkg/my_py_pkg.egg-info/SOURCES.txt'
[0.991s] running build
[0.991s] running build_py
[0.991s] copying my_py_pkg/my_first_node.py -> /home/benny/ros2_ws/build/my_py_pkg/build/lib/my_py_pkg
[0.991s] running install
[0.991s] running install_lib
[0.992s] copying /home/benny/ros2_ws/build/my_py_pkg/build/lib/my_py_pkg/my_first_node.py -> /home/benny/ros2_ws/install/my_py_pkg/lib/python3.10/site-packages/my_py_pkg
[0.993s] byte-compiling /home/benny/ros2_ws/install/my_py_pkg/lib/python3.10/site-packages/my_py_pkg/my_first_node.py to my_first_node.cpython-310.pyc
[0.993s] running install_data
[0.994s] running install_egg_info
[0.995s] removing '/home/benny/ros2_ws/install/my_py_pkg/lib/python3.10/site-packages/my_py_pkg-0.0.0-py3.10.egg-info' (and everything under it)
[1.027s] Copying ../../build/my_py_pkg/my_py_pkg.egg-info to /home/benny/ros2_ws/install/my_py_pkg/lib/python3.10/site-packages/my_py_pkg-0.0.0-py3.10.egg-info
[1.027s] running install_scripts
[1.050s] Installing py_node script to /home/benny/ros2_ws/install/my_py_pkg/lib/my_py_pkg
[1.050s] writing list of installed files to '/home/benny/ros2_ws/build/my_py_pkg/install.log'
[1.073s] Invoked command in '/home/benny/ros2_ws/src/my_py_pkg' returned '0': PYTHONPATH=/home/benny/ros2_ws/build/my_py_pkg/prefix_override:/home/benny/ros2_ws/install/my_py_pkg/lib/python3.10/site-packages:${PYTHONPATH} /usr/bin/python3 setup.py egg_info --egg-base ../../build/my_py_pkg build --build-base /home/benny/ros2_ws/build/my_py_pkg/build install --record /home/benny/ros2_ws/build/my_py_pkg/install.log --single-version-externally-managed
