[0.401s] Invoking command in '/home/benny/ros2_ws/src/my_py_pkg': PYTHONPATH=/home/benny/ros2_ws/build/my_py_pkg/prefix_override:/home/benny/ros2_ws/install/my_py_pkg/lib/python3.10/site-packages:${PYTHONPATH} /usr/bin/python3 setup.py egg_info --egg-base ../../build/my_py_pkg build --build-base /home/benny/ros2_ws/build/my_py_pkg/build install --record /home/benny/ros2_ws/build/my_py_pkg/install.log --single-version-externally-managed
[0.695s] running egg_info
[0.695s] creating ../../build/my_py_pkg/my_py_pkg.egg-info
[0.695s] writing ../../build/my_py_pkg/my_py_pkg.egg-info/PKG-INFO
[0.695s] writing dependency_links to ../../build/my_py_pkg/my_py_pkg.egg-info/dependency_links.txt
[0.695s] writing entry points to ../../build/my_py_pkg/my_py_pkg.egg-info/entry_points.txt
[0.695s] writing requirements to ../../build/my_py_pkg/my_py_pkg.egg-info/requires.txt
[0.695s] writing top-level names to ../../build/my_py_pkg/my_py_pkg.egg-info/top_level.txt
[0.695s] writing manifest file '../../build/my_py_pkg/my_py_pkg.egg-info/SOURCES.txt'
[0.696s] reading manifest file '../../build/my_py_pkg/my_py_pkg.egg-info/SOURCES.txt'
[0.696s] writing manifest file '../../build/my_py_pkg/my_py_pkg.egg-info/SOURCES.txt'
[0.696s] running build
[0.696s] running build_py
[0.696s] creating /home/benny/ros2_ws/build/my_py_pkg/build
[0.696s] creating /home/benny/ros2_ws/build/my_py_pkg/build/lib
[0.696s] creating /home/benny/ros2_ws/build/my_py_pkg/build/lib/my_py_pkg
[0.696s] copying my_py_pkg/__init__.py -> /home/benny/ros2_ws/build/my_py_pkg/build/lib/my_py_pkg
[0.696s] running install
[0.699s] /usr/lib/python3/dist-packages/setuptools/command/install.py:34: SetuptoolsDeprecationWarning: setup.py install is deprecated. Use build and pip and other standards-based tools.
[0.699s]   warnings.warn(
[0.699s] running install_lib
[0.699s] creating /home/benny/ros2_ws/install/my_py_pkg/lib/python3.10/site-packages/my_py_pkg
[0.700s] copying /home/benny/ros2_ws/build/my_py_pkg/build/lib/my_py_pkg/__init__.py -> /home/benny/ros2_ws/install/my_py_pkg/lib/python3.10/site-packages/my_py_pkg
[0.700s] byte-compiling /home/benny/ros2_ws/install/my_py_pkg/lib/python3.10/site-packages/my_py_pkg/__init__.py to __init__.cpython-310.pyc
[0.700s] running install_data
[0.700s] creating /home/benny/ros2_ws/install/my_py_pkg/share/ament_index
[0.700s] creating /home/benny/ros2_ws/install/my_py_pkg/share/ament_index/resource_index
[0.700s] creating /home/benny/ros2_ws/install/my_py_pkg/share/ament_index/resource_index/packages
[0.700s] copying resource/my_py_pkg -> /home/benny/ros2_ws/install/my_py_pkg/share/ament_index/resource_index/packages
[0.700s] copying package.xml -> /home/benny/ros2_ws/install/my_py_pkg/share/my_py_pkg
[0.700s] running install_egg_info
[0.701s] Copying ../../build/my_py_pkg/my_py_pkg.egg-info to /home/benny/ros2_ws/install/my_py_pkg/lib/python3.10/site-packages/my_py_pkg-0.0.0-py3.10.egg-info
[0.702s] running install_scripts
[0.715s] writing list of installed files to '/home/benny/ros2_ws/build/my_py_pkg/install.log'
[0.731s] Invoked command in '/home/benny/ros2_ws/src/my_py_pkg' returned '0': PYTHONPATH=/home/benny/ros2_ws/build/my_py_pkg/prefix_override:/home/benny/ros2_ws/install/my_py_pkg/lib/python3.10/site-packages:${PYTHONPATH} /usr/bin/python3 setup.py egg_info --egg-base ../../build/my_py_pkg build --build-base /home/benny/ros2_ws/build/my_py_pkg/build install --record /home/benny/ros2_ws/build/my_py_pkg/install.log --single-version-externally-managed
