[0.475s] DEBUG:colcon:Command line arguments: ['/usr/bin/colcon', 'build']
[0.475s] DEBUG:colcon:Parsed command line arguments: Namespace(log_base=None, log_level=None, verb_name='build', build_base='build', install_base='install', merge_install=False, symlink_install=False, test_result_base=None, continue_on_error=False, executor='parallel', parallel_workers=8, event_handlers=None, ignore_user_meta=False, metas=['./colcon.meta'], base_paths=['.'], packages_ignore=None, packages_ignore_regex=None, paths=None, packages_up_to=None, packages_up_to_regex=None, packages_above=None, packages_above_and_dependencies=None, packages_above_depth=None, packages_select_by_dep=None, packages_skip_by_dep=None, packages_skip_up_to=None, packages_select_build_failed=False, packages_skip_build_finished=False, packages_select_test_failures=False, packages_skip_test_passed=False, packages_select=None, packages_skip=None, packages_select_regex=None, packages_skip_regex=None, packages_start=None, packages_end=None, allow_overriding=[], cmake_args=None, cmake_target=None, cmake_target_skip_unavailable=False, cmake_clean_cache=False, cmake_clean_first=False, cmake_force_configure=False, ament_cmake_args=None, catkin_cmake_args=None, catkin_skip_building_tests=False, verb_parser=<colcon_defaults.argument_parser.defaults.DefaultArgumentsDecorator object at 0x7f629d8d4a60>, verb_extension=<colcon_core.verb.build.BuildVerb object at 0x7f629d8d44f0>, main=<bound method BuildVerb.main of <colcon_core.verb.build.BuildVerb object at 0x7f629d8d44f0>>)
[0.505s] Level 1:colcon.colcon_core.package_discovery:discover_packages(colcon_meta) check parameters
[0.505s] Level 1:colcon.colcon_core.package_discovery:discover_packages(recursive) check parameters
[0.506s] Level 1:colcon.colcon_core.package_discovery:discover_packages(ignore) check parameters
[0.507s] Level 1:colcon.colcon_core.package_discovery:discover_packages(path) check parameters
[0.507s] Level 1:colcon.colcon_core.package_discovery:discover_packages(colcon_meta) discover
[0.507s] Level 1:colcon.colcon_core.package_discovery:discover_packages(recursive) discover
[0.508s] INFO:colcon.colcon_core.package_discovery:Crawling recursively for packages in '/home/benny/ros2_ws'
[0.508s] Level 1:colcon.colcon_core.package_identification:_identify(.) by extensions ['ignore', 'ignore_ament_install']
[0.508s] Level 1:colcon.colcon_core.package_identification:_identify(.) by extension 'ignore'
[0.508s] Level 1:colcon.colcon_core.package_identification:_identify(.) by extension 'ignore_ament_install'
[0.508s] Level 1:colcon.colcon_core.package_identification:_identify(.) by extensions ['colcon_pkg']
[0.508s] Level 1:colcon.colcon_core.package_identification:_identify(.) by extension 'colcon_pkg'
[0.508s] Level 1:colcon.colcon_core.package_identification:_identify(.) by extensions ['colcon_meta']
[0.508s] Level 1:colcon.colcon_core.package_identification:_identify(.) by extension 'colcon_meta'
[0.508s] Level 1:colcon.colcon_core.package_identification:_identify(.) by extensions ['ros']
[0.508s] Level 1:colcon.colcon_core.package_identification:_identify(.) by extension 'ros'
[0.523s] Level 1:colcon.colcon_core.package_identification:_identify(.) by extensions ['cmake', 'python']
[0.525s] Level 1:colcon.colcon_core.package_identification:_identify(.) by extension 'cmake'
[0.525s] Level 1:colcon.colcon_core.package_identification:_identify(.) by extension 'python'
[0.527s] Level 1:colcon.colcon_core.package_identification:_identify(.) by extensions ['python_setup_py']
[0.527s] Level 1:colcon.colcon_core.package_identification:_identify(.) by extension 'python_setup_py'
[0.528s] Level 1:colcon.colcon_core.package_identification:_identify(build) by extensions ['ignore', 'ignore_ament_install']
[0.528s] Level 1:colcon.colcon_core.package_identification:_identify(build) by extension 'ignore'
[0.528s] Level 1:colcon.colcon_core.package_identification:_identify(build) ignored
[0.528s] Level 1:colcon.colcon_core.package_identification:_identify(install) by extensions ['ignore', 'ignore_ament_install']
[0.528s] Level 1:colcon.colcon_core.package_identification:_identify(install) by extension 'ignore'
[0.528s] Level 1:colcon.colcon_core.package_identification:_identify(install) ignored
[0.528s] Level 1:colcon.colcon_core.package_identification:_identify(log) by extensions ['ignore', 'ignore_ament_install']
[0.528s] Level 1:colcon.colcon_core.package_identification:_identify(log) by extension 'ignore'
[0.528s] Level 1:colcon.colcon_core.package_identification:_identify(log) ignored
[0.529s] Level 1:colcon.colcon_core.package_identification:_identify(src) by extensions ['ignore', 'ignore_ament_install']
[0.529s] Level 1:colcon.colcon_core.package_identification:_identify(src) by extension 'ignore'
[0.529s] Level 1:colcon.colcon_core.package_identification:_identify(src) by extension 'ignore_ament_install'
[0.529s] Level 1:colcon.colcon_core.package_identification:_identify(src) by extensions ['colcon_pkg']
[0.529s] Level 1:colcon.colcon_core.package_identification:_identify(src) by extension 'colcon_pkg'
[0.529s] Level 1:colcon.colcon_core.package_identification:_identify(src) by extensions ['colcon_meta']
[0.529s] Level 1:colcon.colcon_core.package_identification:_identify(src) by extension 'colcon_meta'
[0.529s] Level 1:colcon.colcon_core.package_identification:_identify(src) by extensions ['ros']
[0.529s] Level 1:colcon.colcon_core.package_identification:_identify(src) by extension 'ros'
[0.529s] Level 1:colcon.colcon_core.package_identification:_identify(src) by extensions ['cmake', 'python']
[0.529s] Level 1:colcon.colcon_core.package_identification:_identify(src) by extension 'cmake'
[0.529s] Level 1:colcon.colcon_core.package_identification:_identify(src) by extension 'python'
[0.529s] Level 1:colcon.colcon_core.package_identification:_identify(src) by extensions ['python_setup_py']
[0.529s] Level 1:colcon.colcon_core.package_identification:_identify(src) by extension 'python_setup_py'
[0.529s] Level 1:colcon.colcon_core.package_identification:_identify(src/monitor_system) by extensions ['ignore', 'ignore_ament_install']
[0.529s] Level 1:colcon.colcon_core.package_identification:_identify(src/monitor_system) by extension 'ignore'
[0.530s] Level 1:colcon.colcon_core.package_identification:_identify(src/monitor_system) by extension 'ignore_ament_install'
[0.530s] Level 1:colcon.colcon_core.package_identification:_identify(src/monitor_system) by extensions ['colcon_pkg']
[0.530s] Level 1:colcon.colcon_core.package_identification:_identify(src/monitor_system) by extension 'colcon_pkg'
[0.530s] Level 1:colcon.colcon_core.package_identification:_identify(src/monitor_system) by extensions ['colcon_meta']
[0.530s] Level 1:colcon.colcon_core.package_identification:_identify(src/monitor_system) by extension 'colcon_meta'
[0.530s] Level 1:colcon.colcon_core.package_identification:_identify(src/monitor_system) by extensions ['ros']
[0.530s] Level 1:colcon.colcon_core.package_identification:_identify(src/monitor_system) by extension 'ros'
[0.534s] DEBUG:colcon.colcon_core.package_identification:Package 'src/monitor_system' with type 'ros.ament_cmake' and name 'monitor_system'
[0.534s] Level 1:colcon.colcon_core.package_identification:_identify(src/my_cpp_pkg) by extensions ['ignore', 'ignore_ament_install']
[0.534s] Level 1:colcon.colcon_core.package_identification:_identify(src/my_cpp_pkg) by extension 'ignore'
[0.534s] Level 1:colcon.colcon_core.package_identification:_identify(src/my_cpp_pkg) by extension 'ignore_ament_install'
[0.535s] Level 1:colcon.colcon_core.package_identification:_identify(src/my_cpp_pkg) by extensions ['colcon_pkg']
[0.535s] Level 1:colcon.colcon_core.package_identification:_identify(src/my_cpp_pkg) by extension 'colcon_pkg'
[0.535s] Level 1:colcon.colcon_core.package_identification:_identify(src/my_cpp_pkg) by extensions ['colcon_meta']
[0.535s] Level 1:colcon.colcon_core.package_identification:_identify(src/my_cpp_pkg) by extension 'colcon_meta'
[0.535s] Level 1:colcon.colcon_core.package_identification:_identify(src/my_cpp_pkg) by extensions ['ros']
[0.535s] Level 1:colcon.colcon_core.package_identification:_identify(src/my_cpp_pkg) by extension 'ros'
[0.535s] DEBUG:colcon.colcon_core.package_identification:Package 'src/my_cpp_pkg' with type 'ros.ament_cmake' and name 'my_cpp_pkg'
[0.535s] Level 1:colcon.colcon_core.package_identification:_identify(src/my_py_pkg) by extensions ['ignore', 'ignore_ament_install']
[0.536s] Level 1:colcon.colcon_core.package_identification:_identify(src/my_py_pkg) by extension 'ignore'
[0.536s] Level 1:colcon.colcon_core.package_identification:_identify(src/my_py_pkg) by extension 'ignore_ament_install'
[0.536s] Level 1:colcon.colcon_core.package_identification:_identify(src/my_py_pkg) by extensions ['colcon_pkg']
[0.536s] Level 1:colcon.colcon_core.package_identification:_identify(src/my_py_pkg) by extension 'colcon_pkg'
[0.536s] Level 1:colcon.colcon_core.package_identification:_identify(src/my_py_pkg) by extensions ['colcon_meta']
[0.536s] Level 1:colcon.colcon_core.package_identification:_identify(src/my_py_pkg) by extension 'colcon_meta'
[0.536s] Level 1:colcon.colcon_core.package_identification:_identify(src/my_py_pkg) by extensions ['ros']
[0.536s] Level 1:colcon.colcon_core.package_identification:_identify(src/my_py_pkg) by extension 'ros'
[0.537s] DEBUG:colcon.colcon_core.package_identification:Package 'src/my_py_pkg' with type 'ros.ament_python' and name 'my_py_pkg'
[0.537s] Level 1:colcon.colcon_core.package_identification:_identify(src/pros_library) by extensions ['ignore', 'ignore_ament_install']
[0.537s] Level 1:colcon.colcon_core.package_identification:_identify(src/pros_library) by extension 'ignore'
[0.537s] Level 1:colcon.colcon_core.package_identification:_identify(src/pros_library) by extension 'ignore_ament_install'
[0.538s] Level 1:colcon.colcon_core.package_identification:_identify(src/pros_library) by extensions ['colcon_pkg']
[0.538s] Level 1:colcon.colcon_core.package_identification:_identify(src/pros_library) by extension 'colcon_pkg'
[0.538s] Level 1:colcon.colcon_core.package_identification:_identify(src/pros_library) by extensions ['colcon_meta']
[0.539s] Level 1:colcon.colcon_core.package_identification:_identify(src/pros_library) by extension 'colcon_meta'
[0.539s] Level 1:colcon.colcon_core.package_identification:_identify(src/pros_library) by extensions ['ros']
[0.539s] Level 1:colcon.colcon_core.package_identification:_identify(src/pros_library) by extension 'ros'
[0.540s] DEBUG:colcon.colcon_core.package_identification:Package 'src/pros_library' with type 'ros.ament_python' and name 'pros_library'
[0.541s] Level 1:colcon.colcon_core.package_identification:_identify(src/system_interfaces) by extensions ['ignore', 'ignore_ament_install']
[0.542s] Level 1:colcon.colcon_core.package_identification:_identify(src/system_interfaces) by extension 'ignore'
[0.545s] Level 1:colcon.colcon_core.package_identification:_identify(src/system_interfaces) by extension 'ignore_ament_install'
[0.545s] Level 1:colcon.colcon_core.package_identification:_identify(src/system_interfaces) by extensions ['colcon_pkg']
[0.545s] Level 1:colcon.colcon_core.package_identification:_identify(src/system_interfaces) by extension 'colcon_pkg'
[0.545s] Level 1:colcon.colcon_core.package_identification:_identify(src/system_interfaces) by extensions ['colcon_meta']
[0.545s] Level 1:colcon.colcon_core.package_identification:_identify(src/system_interfaces) by extension 'colcon_meta'
[0.545s] Level 1:colcon.colcon_core.package_identification:_identify(src/system_interfaces) by extensions ['ros']
[0.545s] Level 1:colcon.colcon_core.package_identification:_identify(src/system_interfaces) by extension 'ros'
[0.546s] DEBUG:colcon.colcon_core.package_identification:Package 'src/system_interfaces' with type 'ros.ament_cmake' and name 'system_interfaces'
[0.546s] Level 1:colcon.colcon_core.package_identification:_identify(src/template) by extensions ['ignore', 'ignore_ament_install']
[0.546s] Level 1:colcon.colcon_core.package_identification:_identify(src/template) by extension 'ignore'
[0.546s] Level 1:colcon.colcon_core.package_identification:_identify(src/template) by extension 'ignore_ament_install'
[0.546s] Level 1:colcon.colcon_core.package_identification:_identify(src/template) by extensions ['colcon_pkg']
[0.546s] Level 1:colcon.colcon_core.package_identification:_identify(src/template) by extension 'colcon_pkg'
[0.546s] Level 1:colcon.colcon_core.package_identification:_identify(src/template) by extensions ['colcon_meta']
[0.546s] Level 1:colcon.colcon_core.package_identification:_identify(src/template) by extension 'colcon_meta'
[0.547s] Level 1:colcon.colcon_core.package_identification:_identify(src/template) by extensions ['ros']
[0.547s] Level 1:colcon.colcon_core.package_identification:_identify(src/template) by extension 'ros'
[0.547s] DEBUG:colcon.colcon_core.package_identification:Package 'src/template' with type 'ros.ament_python' and name 'template'
[0.549s] Level 1:colcon.colcon_core.package_identification:_identify(src/test_node) by extensions ['ignore', 'ignore_ament_install']
[0.550s] Level 1:colcon.colcon_core.package_identification:_identify(src/test_node) by extension 'ignore'
[0.550s] Level 1:colcon.colcon_core.package_identification:_identify(src/test_node) by extension 'ignore_ament_install'
[0.550s] Level 1:colcon.colcon_core.package_identification:_identify(src/test_node) by extensions ['colcon_pkg']
[0.550s] Level 1:colcon.colcon_core.package_identification:_identify(src/test_node) by extension 'colcon_pkg'
[0.551s] Level 1:colcon.colcon_core.package_identification:_identify(src/test_node) by extensions ['colcon_meta']
[0.551s] Level 1:colcon.colcon_core.package_identification:_identify(src/test_node) by extension 'colcon_meta'
[0.551s] Level 1:colcon.colcon_core.package_identification:_identify(src/test_node) by extensions ['ros']
[0.551s] Level 1:colcon.colcon_core.package_identification:_identify(src/test_node) by extension 'ros'
[0.551s] DEBUG:colcon.colcon_core.package_identification:Package 'src/test_node' with type 'ros.ament_python' and name 'test_node'
[0.551s] Level 1:colcon.colcon_core.package_discovery:discover_packages(recursive) using defaults
[0.551s] Level 1:colcon.colcon_core.package_discovery:discover_packages(ignore) discover
[0.551s] Level 1:colcon.colcon_core.package_discovery:discover_packages(ignore) using defaults
[0.551s] Level 1:colcon.colcon_core.package_discovery:discover_packages(path) discover
[0.551s] Level 1:colcon.colcon_core.package_discovery:discover_packages(path) using defaults
[0.581s] Level 1:colcon.colcon_core.package_discovery:discover_packages(prefix_path) check parameters
[0.581s] Level 1:colcon.colcon_core.package_discovery:discover_packages(prefix_path) discover
[0.582s] DEBUG:colcon.colcon_installed_package_information.package_discovery:Found 7 installed packages in /home/benny/ros2_ws/install
[0.583s] DEBUG:colcon.colcon_installed_package_information.package_discovery:Found 279 installed packages in /opt/ros/humble
[0.584s] Level 1:colcon.colcon_core.package_discovery:discover_packages(prefix_path) using defaults
[0.655s] Level 5:colcon.colcon_core.verb:set package 'my_cpp_pkg' build argument 'cmake_args' from command line to 'None'
[0.656s] Level 5:colcon.colcon_core.verb:set package 'my_cpp_pkg' build argument 'cmake_target' from command line to 'None'
[0.656s] Level 5:colcon.colcon_core.verb:set package 'my_cpp_pkg' build argument 'cmake_target_skip_unavailable' from command line to 'False'
[0.656s] Level 5:colcon.colcon_core.verb:set package 'my_cpp_pkg' build argument 'cmake_clean_cache' from command line to 'False'
[0.656s] Level 5:colcon.colcon_core.verb:set package 'my_cpp_pkg' build argument 'cmake_clean_first' from command line to 'False'
[0.656s] Level 5:colcon.colcon_core.verb:set package 'my_cpp_pkg' build argument 'cmake_force_configure' from command line to 'False'
[0.656s] Level 5:colcon.colcon_core.verb:set package 'my_cpp_pkg' build argument 'ament_cmake_args' from command line to 'None'
[0.656s] Level 5:colcon.colcon_core.verb:set package 'my_cpp_pkg' build argument 'catkin_cmake_args' from command line to 'None'
[0.656s] Level 5:colcon.colcon_core.verb:set package 'my_cpp_pkg' build argument 'catkin_skip_building_tests' from command line to 'False'
[0.656s] DEBUG:colcon.colcon_core.verb:Building package 'my_cpp_pkg' with the following arguments: {'ament_cmake_args': None, 'build_base': '/home/benny/ros2_ws/build/my_cpp_pkg', 'catkin_cmake_args': None, 'catkin_skip_building_tests': False, 'cmake_args': None, 'cmake_clean_cache': False, 'cmake_clean_first': False, 'cmake_force_configure': False, 'cmake_target': None, 'cmake_target_skip_unavailable': False, 'install_base': '/home/benny/ros2_ws/install/my_cpp_pkg', 'merge_install': False, 'path': '/home/benny/ros2_ws/src/my_cpp_pkg', 'symlink_install': False, 'test_result_base': None}
[0.658s] Level 5:colcon.colcon_core.verb:set package 'my_py_pkg' build argument 'cmake_args' from command line to 'None'
[0.658s] Level 5:colcon.colcon_core.verb:set package 'my_py_pkg' build argument 'cmake_target' from command line to 'None'
[0.658s] Level 5:colcon.colcon_core.verb:set package 'my_py_pkg' build argument 'cmake_target_skip_unavailable' from command line to 'False'
[0.658s] Level 5:colcon.colcon_core.verb:set package 'my_py_pkg' build argument 'cmake_clean_cache' from command line to 'False'
[0.658s] Level 5:colcon.colcon_core.verb:set package 'my_py_pkg' build argument 'cmake_clean_first' from command line to 'False'
[0.658s] Level 5:colcon.colcon_core.verb:set package 'my_py_pkg' build argument 'cmake_force_configure' from command line to 'False'
[0.658s] Level 5:colcon.colcon_core.verb:set package 'my_py_pkg' build argument 'ament_cmake_args' from command line to 'None'
[0.658s] Level 5:colcon.colcon_core.verb:set package 'my_py_pkg' build argument 'catkin_cmake_args' from command line to 'None'
[0.658s] Level 5:colcon.colcon_core.verb:set package 'my_py_pkg' build argument 'catkin_skip_building_tests' from command line to 'False'
[0.658s] DEBUG:colcon.colcon_core.verb:Building package 'my_py_pkg' with the following arguments: {'ament_cmake_args': None, 'build_base': '/home/benny/ros2_ws/build/my_py_pkg', 'catkin_cmake_args': None, 'catkin_skip_building_tests': False, 'cmake_args': None, 'cmake_clean_cache': False, 'cmake_clean_first': False, 'cmake_force_configure': False, 'cmake_target': None, 'cmake_target_skip_unavailable': False, 'install_base': '/home/benny/ros2_ws/install/my_py_pkg', 'merge_install': False, 'path': '/home/benny/ros2_ws/src/my_py_pkg', 'symlink_install': False, 'test_result_base': None}
[0.659s] Level 5:colcon.colcon_core.verb:set package 'system_interfaces' build argument 'cmake_args' from command line to 'None'
[0.659s] Level 5:colcon.colcon_core.verb:set package 'system_interfaces' build argument 'cmake_target' from command line to 'None'
[0.660s] Level 5:colcon.colcon_core.verb:set package 'system_interfaces' build argument 'cmake_target_skip_unavailable' from command line to 'False'
[0.660s] Level 5:colcon.colcon_core.verb:set package 'system_interfaces' build argument 'cmake_clean_cache' from command line to 'False'
[0.660s] Level 5:colcon.colcon_core.verb:set package 'system_interfaces' build argument 'cmake_clean_first' from command line to 'False'
[0.660s] Level 5:colcon.colcon_core.verb:set package 'system_interfaces' build argument 'cmake_force_configure' from command line to 'False'
[0.660s] Level 5:colcon.colcon_core.verb:set package 'system_interfaces' build argument 'ament_cmake_args' from command line to 'None'
[0.660s] Level 5:colcon.colcon_core.verb:set package 'system_interfaces' build argument 'catkin_cmake_args' from command line to 'None'
[0.660s] Level 5:colcon.colcon_core.verb:set package 'system_interfaces' build argument 'catkin_skip_building_tests' from command line to 'False'
[0.660s] DEBUG:colcon.colcon_core.verb:Building package 'system_interfaces' with the following arguments: {'ament_cmake_args': None, 'build_base': '/home/benny/ros2_ws/build/system_interfaces', 'catkin_cmake_args': None, 'catkin_skip_building_tests': False, 'cmake_args': None, 'cmake_clean_cache': False, 'cmake_clean_first': False, 'cmake_force_configure': False, 'cmake_target': None, 'cmake_target_skip_unavailable': False, 'install_base': '/home/benny/ros2_ws/install/system_interfaces', 'merge_install': False, 'path': '/home/benny/ros2_ws/src/system_interfaces', 'symlink_install': False, 'test_result_base': None}
[0.661s] Level 5:colcon.colcon_core.verb:set package 'monitor_system' build argument 'cmake_args' from command line to 'None'
[0.661s] Level 5:colcon.colcon_core.verb:set package 'monitor_system' build argument 'cmake_target' from command line to 'None'
[0.661s] Level 5:colcon.colcon_core.verb:set package 'monitor_system' build argument 'cmake_target_skip_unavailable' from command line to 'False'
[0.661s] Level 5:colcon.colcon_core.verb:set package 'monitor_system' build argument 'cmake_clean_cache' from command line to 'False'
[0.661s] Level 5:colcon.colcon_core.verb:set package 'monitor_system' build argument 'cmake_clean_first' from command line to 'False'
[0.661s] Level 5:colcon.colcon_core.verb:set package 'monitor_system' build argument 'cmake_force_configure' from command line to 'False'
[0.661s] Level 5:colcon.colcon_core.verb:set package 'monitor_system' build argument 'ament_cmake_args' from command line to 'None'
[0.661s] Level 5:colcon.colcon_core.verb:set package 'monitor_system' build argument 'catkin_cmake_args' from command line to 'None'
[0.661s] Level 5:colcon.colcon_core.verb:set package 'monitor_system' build argument 'catkin_skip_building_tests' from command line to 'False'
[0.661s] DEBUG:colcon.colcon_core.verb:Building package 'monitor_system' with the following arguments: {'ament_cmake_args': None, 'build_base': '/home/benny/ros2_ws/build/monitor_system', 'catkin_cmake_args': None, 'catkin_skip_building_tests': False, 'cmake_args': None, 'cmake_clean_cache': False, 'cmake_clean_first': False, 'cmake_force_configure': False, 'cmake_target': None, 'cmake_target_skip_unavailable': False, 'install_base': '/home/benny/ros2_ws/install/monitor_system', 'merge_install': False, 'path': '/home/benny/ros2_ws/src/monitor_system', 'symlink_install': False, 'test_result_base': None}
[0.662s] Level 5:colcon.colcon_core.verb:set package 'pros_library' build argument 'cmake_args' from command line to 'None'
[0.662s] Level 5:colcon.colcon_core.verb:set package 'pros_library' build argument 'cmake_target' from command line to 'None'
[0.662s] Level 5:colcon.colcon_core.verb:set package 'pros_library' build argument 'cmake_target_skip_unavailable' from command line to 'False'
[0.662s] Level 5:colcon.colcon_core.verb:set package 'pros_library' build argument 'cmake_clean_cache' from command line to 'False'
[0.662s] Level 5:colcon.colcon_core.verb:set package 'pros_library' build argument 'cmake_clean_first' from command line to 'False'
[0.662s] Level 5:colcon.colcon_core.verb:set package 'pros_library' build argument 'cmake_force_configure' from command line to 'False'
[0.662s] Level 5:colcon.colcon_core.verb:set package 'pros_library' build argument 'ament_cmake_args' from command line to 'None'
[0.662s] Level 5:colcon.colcon_core.verb:set package 'pros_library' build argument 'catkin_cmake_args' from command line to 'None'
[0.662s] Level 5:colcon.colcon_core.verb:set package 'pros_library' build argument 'catkin_skip_building_tests' from command line to 'False'
[0.662s] DEBUG:colcon.colcon_core.verb:Building package 'pros_library' with the following arguments: {'ament_cmake_args': None, 'build_base': '/home/benny/ros2_ws/build/pros_library', 'catkin_cmake_args': None, 'catkin_skip_building_tests': False, 'cmake_args': None, 'cmake_clean_cache': False, 'cmake_clean_first': False, 'cmake_force_configure': False, 'cmake_target': None, 'cmake_target_skip_unavailable': False, 'install_base': '/home/benny/ros2_ws/install/pros_library', 'merge_install': False, 'path': '/home/benny/ros2_ws/src/pros_library', 'symlink_install': False, 'test_result_base': None}
[0.663s] Level 5:colcon.colcon_core.verb:set package 'template' build argument 'cmake_args' from command line to 'None'
[0.663s] Level 5:colcon.colcon_core.verb:set package 'template' build argument 'cmake_target' from command line to 'None'
[0.663s] Level 5:colcon.colcon_core.verb:set package 'template' build argument 'cmake_target_skip_unavailable' from command line to 'False'
[0.663s] Level 5:colcon.colcon_core.verb:set package 'template' build argument 'cmake_clean_cache' from command line to 'False'
[0.663s] Level 5:colcon.colcon_core.verb:set package 'template' build argument 'cmake_clean_first' from command line to 'False'
[0.663s] Level 5:colcon.colcon_core.verb:set package 'template' build argument 'cmake_force_configure' from command line to 'False'
[0.663s] Level 5:colcon.colcon_core.verb:set package 'template' build argument 'ament_cmake_args' from command line to 'None'
[0.663s] Level 5:colcon.colcon_core.verb:set package 'template' build argument 'catkin_cmake_args' from command line to 'None'
[0.663s] Level 5:colcon.colcon_core.verb:set package 'template' build argument 'catkin_skip_building_tests' from command line to 'False'
[0.663s] DEBUG:colcon.colcon_core.verb:Building package 'template' with the following arguments: {'ament_cmake_args': None, 'build_base': '/home/benny/ros2_ws/build/template', 'catkin_cmake_args': None, 'catkin_skip_building_tests': False, 'cmake_args': None, 'cmake_clean_cache': False, 'cmake_clean_first': False, 'cmake_force_configure': False, 'cmake_target': None, 'cmake_target_skip_unavailable': False, 'install_base': '/home/benny/ros2_ws/install/template', 'merge_install': False, 'path': '/home/benny/ros2_ws/src/template', 'symlink_install': False, 'test_result_base': None}
[0.665s] Level 5:colcon.colcon_core.verb:set package 'test_node' build argument 'cmake_args' from command line to 'None'
[0.665s] Level 5:colcon.colcon_core.verb:set package 'test_node' build argument 'cmake_target' from command line to 'None'
[0.665s] Level 5:colcon.colcon_core.verb:set package 'test_node' build argument 'cmake_target_skip_unavailable' from command line to 'False'
[0.665s] Level 5:colcon.colcon_core.verb:set package 'test_node' build argument 'cmake_clean_cache' from command line to 'False'
[0.665s] Level 5:colcon.colcon_core.verb:set package 'test_node' build argument 'cmake_clean_first' from command line to 'False'
[0.665s] Level 5:colcon.colcon_core.verb:set package 'test_node' build argument 'cmake_force_configure' from command line to 'False'
[0.665s] Level 5:colcon.colcon_core.verb:set package 'test_node' build argument 'ament_cmake_args' from command line to 'None'
[0.665s] Level 5:colcon.colcon_core.verb:set package 'test_node' build argument 'catkin_cmake_args' from command line to 'None'
[0.665s] Level 5:colcon.colcon_core.verb:set package 'test_node' build argument 'catkin_skip_building_tests' from command line to 'False'
[0.665s] DEBUG:colcon.colcon_core.verb:Building package 'test_node' with the following arguments: {'ament_cmake_args': None, 'build_base': '/home/benny/ros2_ws/build/test_node', 'catkin_cmake_args': None, 'catkin_skip_building_tests': False, 'cmake_args': None, 'cmake_clean_cache': False, 'cmake_clean_first': False, 'cmake_force_configure': False, 'cmake_target': None, 'cmake_target_skip_unavailable': False, 'install_base': '/home/benny/ros2_ws/install/test_node', 'merge_install': False, 'path': '/home/benny/ros2_ws/src/test_node', 'symlink_install': False, 'test_result_base': None}
[0.665s] INFO:colcon.colcon_core.executor:Executing jobs using 'parallel' executor
[0.671s] DEBUG:colcon.colcon_parallel_executor.executor.parallel:run_until_complete
[0.671s] INFO:colcon.colcon_ros.task.ament_cmake.build:Building ROS package in '/home/benny/ros2_ws/src/system_interfaces' with build type 'ament_cmake'
[0.672s] INFO:colcon.colcon_cmake.task.cmake.build:Building CMake package in '/home/benny/ros2_ws/src/system_interfaces'
[0.676s] INFO:colcon.colcon_core.plugin_system:Skipping extension 'colcon_core.shell.bat': Not used on non-Windows systems
[0.676s] INFO:colcon.colcon_core.shell:Skip shell extension 'powershell' for command environment: Not usable outside of PowerShell
[0.676s] DEBUG:colcon.colcon_core.shell:Skip shell extension 'dsv' for command environment
[0.682s] INFO:colcon.colcon_ros.task.ament_cmake.build:Building ROS package in '/home/benny/ros2_ws/src/my_cpp_pkg' with build type 'ament_cmake'
[0.683s] INFO:colcon.colcon_cmake.task.cmake.build:Building CMake package in '/home/benny/ros2_ws/src/my_cpp_pkg'
[0.683s] INFO:colcon.colcon_core.shell:Skip shell extension 'powershell' for command environment: Not usable outside of PowerShell
[0.684s] DEBUG:colcon.colcon_core.shell:Skip shell extension 'dsv' for command environment
[0.687s] INFO:colcon.colcon_ros.task.ament_python.build:Building ROS package in '/home/benny/ros2_ws/src/my_py_pkg' with build type 'ament_python'
[0.688s] Level 1:colcon.colcon_core.shell:create_environment_hook('my_py_pkg', 'ament_prefix_path')
[0.688s] INFO:colcon.colcon_core.shell:Creating environment hook '/home/benny/ros2_ws/install/my_py_pkg/share/my_py_pkg/hook/ament_prefix_path.ps1'
[0.689s] INFO:colcon.colcon_core.shell:Creating environment descriptor '/home/benny/ros2_ws/install/my_py_pkg/share/my_py_pkg/hook/ament_prefix_path.dsv'
[0.689s] INFO:colcon.colcon_core.shell:Creating environment hook '/home/benny/ros2_ws/install/my_py_pkg/share/my_py_pkg/hook/ament_prefix_path.sh'
[0.690s] INFO:colcon.colcon_core.shell:Skip shell extension 'powershell' for command environment: Not usable outside of PowerShell
[0.691s] DEBUG:colcon.colcon_core.shell:Skip shell extension 'dsv' for command environment
[0.696s] DEBUG:colcon.colcon_core.event_handler.log_command:Invoking command in '/home/benny/ros2_ws/build/system_interfaces': CMAKE_PREFIX_PATH=${CMAKE_PREFIX_PATH}:/home/benny/ros2_ws/install/test_node:/home/benny/ros2_ws/install/template:/home/benny/ros2_ws/install/pros_library:/home/benny/ros2_ws/install/my_py_pkg:/opt/ros/humble /usr/bin/cmake --build /home/benny/ros2_ws/build/system_interfaces -- -j8 -l8
[0.704s] DEBUG:colcon.colcon_core.event_handler.log_command:Invoking command in '/home/benny/ros2_ws/build/my_cpp_pkg': CMAKE_PREFIX_PATH=${CMAKE_PREFIX_PATH}:/home/benny/ros2_ws/install/test_node:/home/benny/ros2_ws/install/template:/home/benny/ros2_ws/install/pros_library:/home/benny/ros2_ws/install/my_py_pkg:/opt/ros/humble /usr/bin/cmake --build /home/benny/ros2_ws/build/my_cpp_pkg -- -j8 -l8
[1.065s] INFO:colcon.colcon_core.task.python.build:Building Python package in '/home/benny/ros2_ws/src/my_py_pkg'
[1.068s] INFO:colcon.colcon_core.shell:Skip shell extension 'powershell' for command environment: Not usable outside of PowerShell
[1.068s] DEBUG:colcon.colcon_core.shell:Skip shell extension 'dsv' for command environment
[1.084s] DEBUG:colcon.colcon_core.event_handler.log_command:Invoked command in '/home/benny/ros2_ws/build/my_cpp_pkg' returned '0': CMAKE_PREFIX_PATH=${CMAKE_PREFIX_PATH}:/home/benny/ros2_ws/install/test_node:/home/benny/ros2_ws/install/template:/home/benny/ros2_ws/install/pros_library:/home/benny/ros2_ws/install/my_py_pkg:/opt/ros/humble /usr/bin/cmake --build /home/benny/ros2_ws/build/my_cpp_pkg -- -j8 -l8
[1.131s] DEBUG:colcon.colcon_core.event_handler.log_command:Invoking command in '/home/benny/ros2_ws/build/my_cpp_pkg': CMAKE_PREFIX_PATH=${CMAKE_PREFIX_PATH}:/home/benny/ros2_ws/install/test_node:/home/benny/ros2_ws/install/template:/home/benny/ros2_ws/install/pros_library:/home/benny/ros2_ws/install/my_py_pkg:/opt/ros/humble /usr/bin/cmake --install /home/benny/ros2_ws/build/my_cpp_pkg
[1.145s] Level 1:colcon.colcon_core.environment:create_environment_scripts_only(my_cpp_pkg)
[1.148s] DEBUG:colcon.colcon_core.event_handler.log_command:Invoked command in '/home/benny/ros2_ws/build/my_cpp_pkg' returned '0': CMAKE_PREFIX_PATH=${CMAKE_PREFIX_PATH}:/home/benny/ros2_ws/install/test_node:/home/benny/ros2_ws/install/template:/home/benny/ros2_ws/install/pros_library:/home/benny/ros2_ws/install/my_py_pkg:/opt/ros/humble /usr/bin/cmake --install /home/benny/ros2_ws/build/my_cpp_pkg
[1.153s] Level 1:colcon.colcon_core.environment:checking '/home/benny/ros2_ws/install/my_cpp_pkg' for CMake module files
[1.153s] Level 1:colcon.colcon_core.environment:checking '/home/benny/ros2_ws/install/my_cpp_pkg' for CMake config files
[1.154s] Level 1:colcon.colcon_core.shell:create_environment_hook('my_cpp_pkg', 'cmake_prefix_path')
[1.156s] INFO:colcon.colcon_core.shell:Creating environment hook '/home/benny/ros2_ws/install/my_cpp_pkg/share/my_cpp_pkg/hook/cmake_prefix_path.ps1'
[1.157s] INFO:colcon.colcon_core.shell:Creating environment descriptor '/home/benny/ros2_ws/install/my_cpp_pkg/share/my_cpp_pkg/hook/cmake_prefix_path.dsv'
[1.157s] INFO:colcon.colcon_core.shell:Creating environment hook '/home/benny/ros2_ws/install/my_cpp_pkg/share/my_cpp_pkg/hook/cmake_prefix_path.sh'
[1.159s] Level 1:colcon.colcon_core.environment:checking '/home/benny/ros2_ws/install/my_cpp_pkg/bin'
[1.159s] Level 1:colcon.colcon_core.environment:checking '/home/benny/ros2_ws/install/my_cpp_pkg/lib/pkgconfig/my_cpp_pkg.pc'
[1.159s] Level 1:colcon.colcon_core.environment:checking '/home/benny/ros2_ws/install/my_cpp_pkg/lib/python3.10/site-packages'
[1.159s] Level 1:colcon.colcon_core.environment:checking '/home/benny/ros2_ws/install/my_cpp_pkg/bin'
[1.161s] INFO:colcon.colcon_core.shell:Creating package script '/home/benny/ros2_ws/install/my_cpp_pkg/share/my_cpp_pkg/package.ps1'
[1.162s] INFO:colcon.colcon_core.shell:Creating package descriptor '/home/benny/ros2_ws/install/my_cpp_pkg/share/my_cpp_pkg/package.dsv'
[1.163s] INFO:colcon.colcon_core.shell:Creating package script '/home/benny/ros2_ws/install/my_cpp_pkg/share/my_cpp_pkg/package.sh'
[1.164s] INFO:colcon.colcon_core.shell:Creating package script '/home/benny/ros2_ws/install/my_cpp_pkg/share/my_cpp_pkg/package.bash'
[1.165s] INFO:colcon.colcon_core.shell:Creating package script '/home/benny/ros2_ws/install/my_cpp_pkg/share/my_cpp_pkg/package.zsh'
[1.166s] Level 1:colcon.colcon_core.environment:create_file_with_runtime_dependencies(/home/benny/ros2_ws/install/my_cpp_pkg/share/colcon-core/packages/my_cpp_pkg)
[1.193s] DEBUG:colcon.colcon_core.event_handler.log_command:Invoked command in '/home/benny/ros2_ws/build/system_interfaces' returned '0': CMAKE_PREFIX_PATH=${CMAKE_PREFIX_PATH}:/home/benny/ros2_ws/install/test_node:/home/benny/ros2_ws/install/template:/home/benny/ros2_ws/install/pros_library:/home/benny/ros2_ws/install/my_py_pkg:/opt/ros/humble /usr/bin/cmake --build /home/benny/ros2_ws/build/system_interfaces -- -j8 -l8
[1.200s] Level 1:colcon.colcon_core.environment:create_environment_scripts_only(my_cpp_pkg)
[1.202s] Level 1:colcon.colcon_core.environment:checking '/home/benny/ros2_ws/install/my_cpp_pkg' for CMake module files
[1.202s] Level 1:colcon.colcon_core.environment:checking '/home/benny/ros2_ws/install/my_cpp_pkg' for CMake config files
[1.202s] Level 1:colcon.colcon_core.shell:create_environment_hook('my_cpp_pkg', 'cmake_prefix_path')
[1.204s] INFO:colcon.colcon_core.shell:Creating environment hook '/home/benny/ros2_ws/install/my_cpp_pkg/share/my_cpp_pkg/hook/cmake_prefix_path.ps1'
[1.205s] INFO:colcon.colcon_core.shell:Creating environment descriptor '/home/benny/ros2_ws/install/my_cpp_pkg/share/my_cpp_pkg/hook/cmake_prefix_path.dsv'
[1.205s] INFO:colcon.colcon_core.shell:Creating environment hook '/home/benny/ros2_ws/install/my_cpp_pkg/share/my_cpp_pkg/hook/cmake_prefix_path.sh'
[1.206s] Level 1:colcon.colcon_core.environment:checking '/home/benny/ros2_ws/install/my_cpp_pkg/bin'
[1.206s] Level 1:colcon.colcon_core.environment:checking '/home/benny/ros2_ws/install/my_cpp_pkg/lib/pkgconfig/my_cpp_pkg.pc'
[1.206s] Level 1:colcon.colcon_core.environment:checking '/home/benny/ros2_ws/install/my_cpp_pkg/lib/python3.10/site-packages'
[1.206s] Level 1:colcon.colcon_core.environment:checking '/home/benny/ros2_ws/install/my_cpp_pkg/bin'
[1.208s] INFO:colcon.colcon_core.shell:Creating package script '/home/benny/ros2_ws/install/my_cpp_pkg/share/my_cpp_pkg/package.ps1'
[1.209s] INFO:colcon.colcon_core.shell:Creating package descriptor '/home/benny/ros2_ws/install/my_cpp_pkg/share/my_cpp_pkg/package.dsv'
[1.209s] INFO:colcon.colcon_core.shell:Creating package script '/home/benny/ros2_ws/install/my_cpp_pkg/share/my_cpp_pkg/package.sh'
[1.210s] INFO:colcon.colcon_core.shell:Creating package script '/home/benny/ros2_ws/install/my_cpp_pkg/share/my_cpp_pkg/package.bash'
[1.211s] INFO:colcon.colcon_core.shell:Creating package script '/home/benny/ros2_ws/install/my_cpp_pkg/share/my_cpp_pkg/package.zsh'
[1.211s] Level 1:colcon.colcon_core.environment:create_file_with_runtime_dependencies(/home/benny/ros2_ws/install/my_cpp_pkg/share/colcon-core/packages/my_cpp_pkg)
[1.290s] DEBUG:colcon.colcon_core.event_handler.log_command:Invoking command in '/home/benny/ros2_ws/build/system_interfaces': CMAKE_PREFIX_PATH=${CMAKE_PREFIX_PATH}:/home/benny/ros2_ws/install/test_node:/home/benny/ros2_ws/install/template:/home/benny/ros2_ws/install/pros_library:/home/benny/ros2_ws/install/my_py_pkg:/opt/ros/humble /usr/bin/cmake --install /home/benny/ros2_ws/build/system_interfaces
[1.362s] Level 1:colcon.colcon_core.environment:create_environment_scripts_only(system_interfaces)
[1.365s] Level 1:colcon.colcon_core.environment:checking '/home/benny/ros2_ws/install/system_interfaces' for CMake module files
[1.365s] Level 1:colcon.colcon_core.environment:checking '/home/benny/ros2_ws/install/system_interfaces' for CMake config files
[1.367s] DEBUG:colcon.colcon_core.event_handler.log_command:Invoked command in '/home/benny/ros2_ws/build/system_interfaces' returned '0': CMAKE_PREFIX_PATH=${CMAKE_PREFIX_PATH}:/home/benny/ros2_ws/install/test_node:/home/benny/ros2_ws/install/template:/home/benny/ros2_ws/install/pros_library:/home/benny/ros2_ws/install/my_py_pkg:/opt/ros/humble /usr/bin/cmake --install /home/benny/ros2_ws/build/system_interfaces
[1.368s] Level 1:colcon.colcon_core.shell:create_environment_hook('system_interfaces', 'cmake_prefix_path')
[1.369s] INFO:colcon.colcon_core.shell:Creating environment hook '/home/benny/ros2_ws/install/system_interfaces/share/system_interfaces/hook/cmake_prefix_path.ps1'
[1.370s] INFO:colcon.colcon_core.shell:Creating environment descriptor '/home/benny/ros2_ws/install/system_interfaces/share/system_interfaces/hook/cmake_prefix_path.dsv'
[1.370s] INFO:colcon.colcon_core.shell:Creating environment hook '/home/benny/ros2_ws/install/system_interfaces/share/system_interfaces/hook/cmake_prefix_path.sh'
[1.371s] Level 1:colcon.colcon_core.environment:checking '/home/benny/ros2_ws/install/system_interfaces/lib'
[1.371s] Level 1:colcon.colcon_core.shell:create_environment_hook('system_interfaces', 'ld_library_path_lib')
[1.374s] INFO:colcon.colcon_core.shell:Creating environment hook '/home/benny/ros2_ws/install/system_interfaces/share/system_interfaces/hook/ld_library_path_lib.ps1'
[1.374s] INFO:colcon.colcon_core.shell:Creating environment descriptor '/home/benny/ros2_ws/install/system_interfaces/share/system_interfaces/hook/ld_library_path_lib.dsv'
[1.375s] INFO:colcon.colcon_core.shell:Creating environment hook '/home/benny/ros2_ws/install/system_interfaces/share/system_interfaces/hook/ld_library_path_lib.sh'
[1.375s] Level 1:colcon.colcon_core.environment:checking '/home/benny/ros2_ws/install/system_interfaces/bin'
[1.376s] Level 1:colcon.colcon_core.environment:checking '/home/benny/ros2_ws/install/system_interfaces/lib/pkgconfig/system_interfaces.pc'
[1.376s] Level 1:colcon.colcon_core.environment:checking '/home/benny/ros2_ws/install/system_interfaces/lib/python3.10/site-packages'
[1.376s] Level 1:colcon.colcon_core.environment:checking '/home/benny/ros2_ws/install/system_interfaces/bin'
[1.378s] INFO:colcon.colcon_core.shell:Creating package script '/home/benny/ros2_ws/install/system_interfaces/share/system_interfaces/package.ps1'
[1.380s] INFO:colcon.colcon_core.shell:Creating package descriptor '/home/benny/ros2_ws/install/system_interfaces/share/system_interfaces/package.dsv'
[1.381s] INFO:colcon.colcon_core.shell:Creating package script '/home/benny/ros2_ws/install/system_interfaces/share/system_interfaces/package.sh'
[1.381s] INFO:colcon.colcon_core.shell:Creating package script '/home/benny/ros2_ws/install/system_interfaces/share/system_interfaces/package.bash'
[1.382s] INFO:colcon.colcon_core.shell:Creating package script '/home/benny/ros2_ws/install/system_interfaces/share/system_interfaces/package.zsh'
[1.383s] Level 1:colcon.colcon_core.environment:create_file_with_runtime_dependencies(/home/benny/ros2_ws/install/system_interfaces/share/colcon-core/packages/system_interfaces)
[1.485s] Level 1:colcon.colcon_core.environment:create_environment_scripts_only(system_interfaces)
[1.487s] Level 1:colcon.colcon_core.environment:checking '/home/benny/ros2_ws/install/system_interfaces' for CMake module files
[1.488s] Level 1:colcon.colcon_core.environment:checking '/home/benny/ros2_ws/install/system_interfaces' for CMake config files
[1.488s] Level 1:colcon.colcon_core.shell:create_environment_hook('system_interfaces', 'cmake_prefix_path')
[1.490s] INFO:colcon.colcon_core.shell:Creating environment hook '/home/benny/ros2_ws/install/system_interfaces/share/system_interfaces/hook/cmake_prefix_path.ps1'
[1.490s] INFO:colcon.colcon_core.shell:Creating environment descriptor '/home/benny/ros2_ws/install/system_interfaces/share/system_interfaces/hook/cmake_prefix_path.dsv'
[1.491s] INFO:colcon.colcon_core.shell:Creating environment hook '/home/benny/ros2_ws/install/system_interfaces/share/system_interfaces/hook/cmake_prefix_path.sh'
[1.492s] Level 1:colcon.colcon_core.environment:checking '/home/benny/ros2_ws/install/system_interfaces/lib'
[1.492s] Level 1:colcon.colcon_core.shell:create_environment_hook('system_interfaces', 'ld_library_path_lib')
[1.494s] INFO:colcon.colcon_core.shell:Creating environment hook '/home/benny/ros2_ws/install/system_interfaces/share/system_interfaces/hook/ld_library_path_lib.ps1'
[1.494s] INFO:colcon.colcon_core.shell:Creating environment descriptor '/home/benny/ros2_ws/install/system_interfaces/share/system_interfaces/hook/ld_library_path_lib.dsv'
[1.495s] INFO:colcon.colcon_core.shell:Creating environment hook '/home/benny/ros2_ws/install/system_interfaces/share/system_interfaces/hook/ld_library_path_lib.sh'
[1.495s] Level 1:colcon.colcon_core.environment:checking '/home/benny/ros2_ws/install/system_interfaces/bin'
[1.496s] Level 1:colcon.colcon_core.environment:checking '/home/benny/ros2_ws/install/system_interfaces/lib/pkgconfig/system_interfaces.pc'
[1.496s] Level 1:colcon.colcon_core.environment:checking '/home/benny/ros2_ws/install/system_interfaces/lib/python3.10/site-packages'
[1.496s] Level 1:colcon.colcon_core.environment:checking '/home/benny/ros2_ws/install/system_interfaces/bin'
[1.500s] INFO:colcon.colcon_core.shell:Creating package script '/home/benny/ros2_ws/install/system_interfaces/share/system_interfaces/package.ps1'
[1.500s] INFO:colcon.colcon_core.shell:Creating package descriptor '/home/benny/ros2_ws/install/system_interfaces/share/system_interfaces/package.dsv'
[1.501s] INFO:colcon.colcon_core.shell:Creating package script '/home/benny/ros2_ws/install/system_interfaces/share/system_interfaces/package.sh'
[1.502s] INFO:colcon.colcon_core.shell:Creating package script '/home/benny/ros2_ws/install/system_interfaces/share/system_interfaces/package.bash'
[1.502s] INFO:colcon.colcon_core.shell:Creating package script '/home/benny/ros2_ws/install/system_interfaces/share/system_interfaces/package.zsh'
[1.503s] Level 1:colcon.colcon_core.environment:create_file_with_runtime_dependencies(/home/benny/ros2_ws/install/system_interfaces/share/colcon-core/packages/system_interfaces)
[1.506s] INFO:colcon.colcon_ros.task.ament_python.build:Building ROS package in '/home/benny/ros2_ws/src/pros_library' with build type 'ament_python'
[1.507s] Level 1:colcon.colcon_core.shell:create_environment_hook('pros_library', 'ament_prefix_path')
[1.509s] INFO:colcon.colcon_core.shell:Creating environment hook '/home/benny/ros2_ws/install/pros_library/share/pros_library/hook/ament_prefix_path.ps1'
[1.511s] INFO:colcon.colcon_core.shell:Creating environment descriptor '/home/benny/ros2_ws/install/pros_library/share/pros_library/hook/ament_prefix_path.dsv'
[1.512s] INFO:colcon.colcon_core.shell:Creating environment hook '/home/benny/ros2_ws/install/pros_library/share/pros_library/hook/ament_prefix_path.sh'
[1.515s] INFO:colcon.colcon_core.shell:Skip shell extension 'powershell' for command environment: Not usable outside of PowerShell
[1.515s] DEBUG:colcon.colcon_core.shell:Skip shell extension 'dsv' for command environment
[1.522s] INFO:colcon.colcon_ros.task.ament_cmake.build:Building ROS package in '/home/benny/ros2_ws/src/monitor_system' with build type 'ament_cmake'
[1.522s] INFO:colcon.colcon_cmake.task.cmake.build:Building CMake package in '/home/benny/ros2_ws/src/monitor_system'
[1.525s] INFO:colcon.colcon_core.shell:Skip shell extension 'powershell' for command environment: Not usable outside of PowerShell
[1.525s] DEBUG:colcon.colcon_core.shell:Skip shell extension 'dsv' for command environment
[1.931s] INFO:colcon.colcon_core.task.python.build:Building Python package in '/home/benny/ros2_ws/src/pros_library'
[1.933s] INFO:colcon.colcon_core.shell:Skip shell extension 'powershell' for command environment: Not usable outside of PowerShell
[1.933s] DEBUG:colcon.colcon_core.shell:Skip shell extension 'dsv' for command environment
[1.945s] DEBUG:colcon.colcon_core.event_handler.log_command:Invoking command in '/home/benny/ros2_ws/src/my_py_pkg': PYTHONPATH=/home/benny/ros2_ws/build/my_py_pkg/prefix_override:/home/benny/ros2_ws/install/my_py_pkg/lib/python3.10/site-packages:${PYTHONPATH} /usr/bin/python3 setup.py egg_info --egg-base ../../build/my_py_pkg build --build-base /home/benny/ros2_ws/build/my_py_pkg/build install --record /home/benny/ros2_ws/build/my_py_pkg/install.log --single-version-externally-managed
[1.963s] DEBUG:colcon.colcon_core.event_handler.log_command:Invoking command in '/home/benny/ros2_ws/build/monitor_system': CMAKE_PREFIX_PATH=/home/benny/ros2_ws/install/system_interfaces:/home/benny/ros2_ws/install/monitor_system:/home/benny/ros2_ws/install/my_cpp_pkg:/home/benny/ros2_ws/install/test_node:/home/benny/ros2_ws/install/template:/home/benny/ros2_ws/install/pros_library:/home/benny/ros2_ws/install/my_py_pkg:/opt/ros/humble /usr/bin/cmake --build /home/benny/ros2_ws/build/monitor_system -- -j8 -l8
[2.028s] DEBUG:colcon.colcon_core.event_handler.log_command:Invoked command in '/home/benny/ros2_ws/build/monitor_system' returned '0': CMAKE_PREFIX_PATH=/home/benny/ros2_ws/install/system_interfaces:/home/benny/ros2_ws/install/monitor_system:/home/benny/ros2_ws/install/my_cpp_pkg:/home/benny/ros2_ws/install/test_node:/home/benny/ros2_ws/install/template:/home/benny/ros2_ws/install/pros_library:/home/benny/ros2_ws/install/my_py_pkg:/opt/ros/humble /usr/bin/cmake --build /home/benny/ros2_ws/build/monitor_system -- -j8 -l8
[2.063s] DEBUG:colcon.colcon_core.event_handler.log_command:Invoking command in '/home/benny/ros2_ws/build/monitor_system': CMAKE_PREFIX_PATH=/home/benny/ros2_ws/install/system_interfaces:/home/benny/ros2_ws/install/monitor_system:/home/benny/ros2_ws/install/my_cpp_pkg:/home/benny/ros2_ws/install/test_node:/home/benny/ros2_ws/install/template:/home/benny/ros2_ws/install/pros_library:/home/benny/ros2_ws/install/my_py_pkg:/opt/ros/humble /usr/bin/cmake --install /home/benny/ros2_ws/build/monitor_system
[2.075s] Level 1:colcon.colcon_core.environment:create_environment_scripts_only(monitor_system)
[2.077s] Level 1:colcon.colcon_core.environment:checking '/home/benny/ros2_ws/install/monitor_system' for CMake module files
[2.078s] DEBUG:colcon.colcon_core.event_handler.log_command:Invoked command in '/home/benny/ros2_ws/build/monitor_system' returned '0': CMAKE_PREFIX_PATH=/home/benny/ros2_ws/install/system_interfaces:/home/benny/ros2_ws/install/monitor_system:/home/benny/ros2_ws/install/my_cpp_pkg:/home/benny/ros2_ws/install/test_node:/home/benny/ros2_ws/install/template:/home/benny/ros2_ws/install/pros_library:/home/benny/ros2_ws/install/my_py_pkg:/opt/ros/humble /usr/bin/cmake --install /home/benny/ros2_ws/build/monitor_system
[2.078s] Level 1:colcon.colcon_core.environment:checking '/home/benny/ros2_ws/install/monitor_system' for CMake config files
[2.078s] Level 1:colcon.colcon_core.shell:create_environment_hook('monitor_system', 'cmake_prefix_path')
[2.080s] INFO:colcon.colcon_core.shell:Creating environment hook '/home/benny/ros2_ws/install/monitor_system/share/monitor_system/hook/cmake_prefix_path.ps1'
[2.080s] INFO:colcon.colcon_core.shell:Creating environment descriptor '/home/benny/ros2_ws/install/monitor_system/share/monitor_system/hook/cmake_prefix_path.dsv'
[2.081s] INFO:colcon.colcon_core.shell:Creating environment hook '/home/benny/ros2_ws/install/monitor_system/share/monitor_system/hook/cmake_prefix_path.sh'
[2.081s] Level 1:colcon.colcon_core.environment:checking '/home/benny/ros2_ws/install/monitor_system/lib'
[2.082s] Level 1:colcon.colcon_core.environment:checking '/home/benny/ros2_ws/install/monitor_system/bin'
[2.082s] Level 1:colcon.colcon_core.environment:checking '/home/benny/ros2_ws/install/monitor_system/lib/pkgconfig/monitor_system.pc'
[2.082s] Level 1:colcon.colcon_core.environment:checking '/home/benny/ros2_ws/install/monitor_system/lib/python3.10/site-packages'
[2.082s] Level 1:colcon.colcon_core.environment:checking '/home/benny/ros2_ws/install/monitor_system/bin'
[2.084s] INFO:colcon.colcon_core.shell:Creating package script '/home/benny/ros2_ws/install/monitor_system/share/monitor_system/package.ps1'
[2.085s] INFO:colcon.colcon_core.shell:Creating package descriptor '/home/benny/ros2_ws/install/monitor_system/share/monitor_system/package.dsv'
[2.088s] INFO:colcon.colcon_core.shell:Creating package script '/home/benny/ros2_ws/install/monitor_system/share/monitor_system/package.sh'
[2.090s] INFO:colcon.colcon_core.shell:Creating package script '/home/benny/ros2_ws/install/monitor_system/share/monitor_system/package.bash'
[2.090s] INFO:colcon.colcon_core.shell:Creating package script '/home/benny/ros2_ws/install/monitor_system/share/monitor_system/package.zsh'
[2.091s] Level 1:colcon.colcon_core.environment:create_file_with_runtime_dependencies(/home/benny/ros2_ws/install/monitor_system/share/colcon-core/packages/monitor_system)
[2.125s] Level 1:colcon.colcon_core.environment:create_environment_scripts_only(monitor_system)
[2.127s] Level 1:colcon.colcon_core.environment:checking '/home/benny/ros2_ws/install/monitor_system' for CMake module files
[2.128s] Level 1:colcon.colcon_core.environment:checking '/home/benny/ros2_ws/install/monitor_system' for CMake config files
[2.128s] Level 1:colcon.colcon_core.shell:create_environment_hook('monitor_system', 'cmake_prefix_path')
[2.129s] INFO:colcon.colcon_core.shell:Creating environment hook '/home/benny/ros2_ws/install/monitor_system/share/monitor_system/hook/cmake_prefix_path.ps1'
[2.130s] INFO:colcon.colcon_core.shell:Creating environment descriptor '/home/benny/ros2_ws/install/monitor_system/share/monitor_system/hook/cmake_prefix_path.dsv'
[2.131s] INFO:colcon.colcon_core.shell:Creating environment hook '/home/benny/ros2_ws/install/monitor_system/share/monitor_system/hook/cmake_prefix_path.sh'
[2.131s] Level 1:colcon.colcon_core.environment:checking '/home/benny/ros2_ws/install/monitor_system/lib'
[2.131s] Level 1:colcon.colcon_core.environment:checking '/home/benny/ros2_ws/install/monitor_system/bin'
[2.132s] Level 1:colcon.colcon_core.environment:checking '/home/benny/ros2_ws/install/monitor_system/lib/pkgconfig/monitor_system.pc'
[2.132s] Level 1:colcon.colcon_core.environment:checking '/home/benny/ros2_ws/install/monitor_system/lib/python3.10/site-packages'
[2.132s] Level 1:colcon.colcon_core.environment:checking '/home/benny/ros2_ws/install/monitor_system/bin'
[2.133s] INFO:colcon.colcon_core.shell:Creating package script '/home/benny/ros2_ws/install/monitor_system/share/monitor_system/package.ps1'
[2.134s] INFO:colcon.colcon_core.shell:Creating package descriptor '/home/benny/ros2_ws/install/monitor_system/share/monitor_system/package.dsv'
[2.135s] INFO:colcon.colcon_core.shell:Creating package script '/home/benny/ros2_ws/install/monitor_system/share/monitor_system/package.sh'
[2.135s] INFO:colcon.colcon_core.shell:Creating package script '/home/benny/ros2_ws/install/monitor_system/share/monitor_system/package.bash'
[2.136s] INFO:colcon.colcon_core.shell:Creating package script '/home/benny/ros2_ws/install/monitor_system/share/monitor_system/package.zsh'
[2.136s] Level 1:colcon.colcon_core.environment:create_file_with_runtime_dependencies(/home/benny/ros2_ws/install/monitor_system/share/colcon-core/packages/monitor_system)
[2.346s] Level 1:colcon.colcon_core.environment:checking '/home/benny/ros2_ws/install/my_py_pkg' for CMake module files
[2.346s] DEBUG:colcon.colcon_core.event_handler.log_command:Invoked command in '/home/benny/ros2_ws/src/my_py_pkg' returned '0': PYTHONPATH=/home/benny/ros2_ws/build/my_py_pkg/prefix_override:/home/benny/ros2_ws/install/my_py_pkg/lib/python3.10/site-packages:${PYTHONPATH} /usr/bin/python3 setup.py egg_info --egg-base ../../build/my_py_pkg build --build-base /home/benny/ros2_ws/build/my_py_pkg/build install --record /home/benny/ros2_ws/build/my_py_pkg/install.log --single-version-externally-managed
[2.347s] Level 1:colcon.colcon_core.environment:checking '/home/benny/ros2_ws/install/my_py_pkg' for CMake config files
[2.347s] Level 1:colcon.colcon_core.environment:checking '/home/benny/ros2_ws/install/my_py_pkg/lib'
[2.348s] Level 1:colcon.colcon_core.environment:checking '/home/benny/ros2_ws/install/my_py_pkg/bin'
[2.348s] Level 1:colcon.colcon_core.environment:checking '/home/benny/ros2_ws/install/my_py_pkg/lib/pkgconfig/my_py_pkg.pc'
[2.348s] Level 1:colcon.colcon_core.environment:checking '/home/benny/ros2_ws/install/my_py_pkg/lib/python3.10/site-packages'
[2.348s] Level 1:colcon.colcon_core.shell:create_environment_hook('my_py_pkg', 'pythonpath')
[2.350s] INFO:colcon.colcon_core.shell:Creating environment hook '/home/benny/ros2_ws/install/my_py_pkg/share/my_py_pkg/hook/pythonpath.ps1'
[2.351s] INFO:colcon.colcon_core.shell:Creating environment descriptor '/home/benny/ros2_ws/install/my_py_pkg/share/my_py_pkg/hook/pythonpath.dsv'
[2.352s] INFO:colcon.colcon_core.shell:Creating environment hook '/home/benny/ros2_ws/install/my_py_pkg/share/my_py_pkg/hook/pythonpath.sh'
[2.353s] Level 1:colcon.colcon_core.environment:checking '/home/benny/ros2_ws/install/my_py_pkg/bin'
[2.353s] Level 1:colcon.colcon_core.environment:create_environment_scripts_only(my_py_pkg)
[2.355s] INFO:colcon.colcon_core.shell:Creating package script '/home/benny/ros2_ws/install/my_py_pkg/share/my_py_pkg/package.ps1'
[2.356s] INFO:colcon.colcon_core.shell:Creating package descriptor '/home/benny/ros2_ws/install/my_py_pkg/share/my_py_pkg/package.dsv'
[2.357s] INFO:colcon.colcon_core.shell:Creating package script '/home/benny/ros2_ws/install/my_py_pkg/share/my_py_pkg/package.sh'
[2.358s] INFO:colcon.colcon_core.shell:Creating package script '/home/benny/ros2_ws/install/my_py_pkg/share/my_py_pkg/package.bash'
[2.358s] INFO:colcon.colcon_core.shell:Creating package script '/home/benny/ros2_ws/install/my_py_pkg/share/my_py_pkg/package.zsh'
[2.359s] Level 1:colcon.colcon_core.environment:create_file_with_runtime_dependencies(/home/benny/ros2_ws/install/my_py_pkg/share/colcon-core/packages/my_py_pkg)
[2.386s] DEBUG:colcon.colcon_core.event_handler.log_command:Invoking command in '/home/benny/ros2_ws/src/pros_library': CMAKE_PREFIX_PATH=/home/benny/ros2_ws/install/system_interfaces:/home/benny/ros2_ws/install/monitor_system:/home/benny/ros2_ws/install/my_cpp_pkg PYTHONPATH=/home/benny/ros2_ws/build/pros_library/prefix_override:/home/benny/ros2_ws/install/pros_library/lib/python3.10/site-packages:${PYTHONPATH} /usr/bin/python3 setup.py egg_info --egg-base ../../build/pros_library build --build-base /home/benny/ros2_ws/build/pros_library/build install --record /home/benny/ros2_ws/build/pros_library/install.log --single-version-externally-managed
[2.817s] Level 1:colcon.colcon_core.environment:checking '/home/benny/ros2_ws/install/pros_library' for CMake module files
[2.817s] Level 1:colcon.colcon_core.environment:checking '/home/benny/ros2_ws/install/pros_library' for CMake config files
[2.818s] Level 1:colcon.colcon_core.environment:checking '/home/benny/ros2_ws/install/pros_library/lib'
[2.818s] Level 1:colcon.colcon_core.environment:checking '/home/benny/ros2_ws/install/pros_library/bin'
[2.818s] Level 1:colcon.colcon_core.environment:checking '/home/benny/ros2_ws/install/pros_library/lib/pkgconfig/pros_library.pc'
[2.818s] Level 1:colcon.colcon_core.environment:checking '/home/benny/ros2_ws/install/pros_library/lib/python3.10/site-packages'
[2.818s] Level 1:colcon.colcon_core.shell:create_environment_hook('pros_library', 'pythonpath')
[2.820s] INFO:colcon.colcon_core.shell:Creating environment hook '/home/benny/ros2_ws/install/pros_library/share/pros_library/hook/pythonpath.ps1'
[2.820s] INFO:colcon.colcon_core.shell:Creating environment descriptor '/home/benny/ros2_ws/install/pros_library/share/pros_library/hook/pythonpath.dsv'
[2.821s] INFO:colcon.colcon_core.shell:Creating environment hook '/home/benny/ros2_ws/install/pros_library/share/pros_library/hook/pythonpath.sh'
[2.821s] Level 1:colcon.colcon_core.environment:checking '/home/benny/ros2_ws/install/pros_library/bin'
[2.821s] Level 1:colcon.colcon_core.environment:create_environment_scripts_only(pros_library)
[2.823s] INFO:colcon.colcon_core.shell:Creating package script '/home/benny/ros2_ws/install/pros_library/share/pros_library/package.ps1'
[2.824s] DEBUG:colcon.colcon_core.event_handler.log_command:Invoked command in '/home/benny/ros2_ws/src/pros_library' returned '0': CMAKE_PREFIX_PATH=/home/benny/ros2_ws/install/system_interfaces:/home/benny/ros2_ws/install/monitor_system:/home/benny/ros2_ws/install/my_cpp_pkg PYTHONPATH=/home/benny/ros2_ws/build/pros_library/prefix_override:/home/benny/ros2_ws/install/pros_library/lib/python3.10/site-packages:${PYTHONPATH} /usr/bin/python3 setup.py egg_info --egg-base ../../build/pros_library build --build-base /home/benny/ros2_ws/build/pros_library/build install --record /home/benny/ros2_ws/build/pros_library/install.log --single-version-externally-managed
[2.824s] INFO:colcon.colcon_core.shell:Creating package descriptor '/home/benny/ros2_ws/install/pros_library/share/pros_library/package.dsv'
[2.825s] INFO:colcon.colcon_core.shell:Creating package script '/home/benny/ros2_ws/install/pros_library/share/pros_library/package.sh'
[2.825s] INFO:colcon.colcon_core.shell:Creating package script '/home/benny/ros2_ws/install/pros_library/share/pros_library/package.bash'
[2.826s] INFO:colcon.colcon_core.shell:Creating package script '/home/benny/ros2_ws/install/pros_library/share/pros_library/package.zsh'
[2.826s] Level 1:colcon.colcon_core.environment:create_file_with_runtime_dependencies(/home/benny/ros2_ws/install/pros_library/share/colcon-core/packages/pros_library)
[2.826s] INFO:colcon.colcon_ros.task.ament_python.build:Building ROS package in '/home/benny/ros2_ws/src/template' with build type 'ament_python'
[2.827s] Level 1:colcon.colcon_core.shell:create_environment_hook('template', 'ament_prefix_path')
[2.828s] INFO:colcon.colcon_core.shell:Creating environment hook '/home/benny/ros2_ws/install/template/share/template/hook/ament_prefix_path.ps1'
[2.829s] INFO:colcon.colcon_core.shell:Creating environment descriptor '/home/benny/ros2_ws/install/template/share/template/hook/ament_prefix_path.dsv'
[2.829s] INFO:colcon.colcon_core.shell:Creating environment hook '/home/benny/ros2_ws/install/template/share/template/hook/ament_prefix_path.sh'
[2.831s] INFO:colcon.colcon_core.shell:Skip shell extension 'powershell' for command environment: Not usable outside of PowerShell
[2.831s] DEBUG:colcon.colcon_core.shell:Skip shell extension 'dsv' for command environment
[2.836s] INFO:colcon.colcon_ros.task.ament_python.build:Building ROS package in '/home/benny/ros2_ws/src/test_node' with build type 'ament_python'
[2.837s] Level 1:colcon.colcon_core.shell:create_environment_hook('test_node', 'ament_prefix_path')
[2.838s] INFO:colcon.colcon_core.shell:Creating environment hook '/home/benny/ros2_ws/install/test_node/share/test_node/hook/ament_prefix_path.ps1'
[2.839s] INFO:colcon.colcon_core.shell:Creating environment descriptor '/home/benny/ros2_ws/install/test_node/share/test_node/hook/ament_prefix_path.dsv'
[2.839s] INFO:colcon.colcon_core.shell:Creating environment hook '/home/benny/ros2_ws/install/test_node/share/test_node/hook/ament_prefix_path.sh'
[2.841s] INFO:colcon.colcon_core.shell:Skip shell extension 'powershell' for command environment: Not usable outside of PowerShell
[2.841s] DEBUG:colcon.colcon_core.shell:Skip shell extension 'dsv' for command environment
[3.289s] INFO:colcon.colcon_core.task.python.build:Building Python package in '/home/benny/ros2_ws/src/template'
[3.291s] INFO:colcon.colcon_core.shell:Skip shell extension 'powershell' for command environment: Not usable outside of PowerShell
[3.291s] DEBUG:colcon.colcon_core.shell:Skip shell extension 'dsv' for command environment
[3.597s] INFO:colcon.colcon_core.task.python.build:Building Python package in '/home/benny/ros2_ws/src/test_node'
[3.600s] INFO:colcon.colcon_core.shell:Skip shell extension 'powershell' for command environment: Not usable outside of PowerShell
[3.600s] DEBUG:colcon.colcon_core.shell:Skip shell extension 'dsv' for command environment
[4.077s] DEBUG:colcon.colcon_core.event_handler.log_command:Invoking command in '/home/benny/ros2_ws/src/test_node': AMENT_PREFIX_PATH=/home/benny/ros2_ws/install/pros_library:/home/benny/ros2_ws/install/test_node:/home/benny/ros2_ws/install/template:/home/benny/ros2_ws/install/monitor_system:/home/benny/ros2_ws/install/system_interfaces:/home/benny/ros2_ws/install/my_py_pkg:/home/benny/ros2_ws/install/my_cpp_pkg:/opt/ros/humble CMAKE_PREFIX_PATH=/home/benny/ros2_ws/install/system_interfaces:/home/benny/ros2_ws/install/monitor_system:/home/benny/ros2_ws/install/my_cpp_pkg PYTHONPATH=/home/benny/ros2_ws/build/test_node/prefix_override:/home/benny/ros2_ws/install/test_node/lib/python3.10/site-packages:/home/benny/ros2_ws/install/pros_library/lib/python3.10/site-packages:/home/benny/ros2_ws/install/test_node/lib/python3.10/site-packages:/home/benny/ros2_ws/install/template/lib/python3.10/site-packages:/home/benny/ros2_ws/install/system_interfaces/local/lib/python3.10/dist-packages:/home/benny/ros2_ws/install/my_py_pkg/lib/python3.10/site-packages:/opt/ros/humble/lib/python3.10/site-packages:/opt/ros/humble/local/lib/python3.10/dist-packages /usr/bin/python3 setup.py egg_info --egg-base ../../build/test_node build --build-base /home/benny/ros2_ws/build/test_node/build install --record /home/benny/ros2_ws/build/test_node/install.log --single-version-externally-managed
[4.140s] DEBUG:colcon.colcon_core.event_handler.log_command:Invoking command in '/home/benny/ros2_ws/src/template': AMENT_PREFIX_PATH=/home/benny/ros2_ws/install/pros_library:/home/benny/ros2_ws/install/test_node:/home/benny/ros2_ws/install/template:/home/benny/ros2_ws/install/monitor_system:/home/benny/ros2_ws/install/system_interfaces:/home/benny/ros2_ws/install/my_py_pkg:/home/benny/ros2_ws/install/my_cpp_pkg:/opt/ros/humble CMAKE_PREFIX_PATH=/home/benny/ros2_ws/install/system_interfaces:/home/benny/ros2_ws/install/monitor_system:/home/benny/ros2_ws/install/my_cpp_pkg PYTHONPATH=/home/benny/ros2_ws/build/template/prefix_override:/home/benny/ros2_ws/install/template/lib/python3.10/site-packages:/home/benny/ros2_ws/install/pros_library/lib/python3.10/site-packages:/home/benny/ros2_ws/install/test_node/lib/python3.10/site-packages:/home/benny/ros2_ws/install/template/lib/python3.10/site-packages:/home/benny/ros2_ws/install/system_interfaces/local/lib/python3.10/dist-packages:/home/benny/ros2_ws/install/my_py_pkg/lib/python3.10/site-packages:/opt/ros/humble/lib/python3.10/site-packages:/opt/ros/humble/local/lib/python3.10/dist-packages /usr/bin/python3 setup.py egg_info --egg-base ../../build/template build --build-base /home/benny/ros2_ws/build/template/build install --record /home/benny/ros2_ws/build/template/install.log --single-version-externally-managed
[4.485s] Level 1:colcon.colcon_core.environment:checking '/home/benny/ros2_ws/install/test_node' for CMake module files
[4.486s] DEBUG:colcon.colcon_core.event_handler.log_command:Invoked command in '/home/benny/ros2_ws/src/test_node' returned '0': AMENT_PREFIX_PATH=/home/benny/ros2_ws/install/pros_library:/home/benny/ros2_ws/install/test_node:/home/benny/ros2_ws/install/template:/home/benny/ros2_ws/install/monitor_system:/home/benny/ros2_ws/install/system_interfaces:/home/benny/ros2_ws/install/my_py_pkg:/home/benny/ros2_ws/install/my_cpp_pkg:/opt/ros/humble CMAKE_PREFIX_PATH=/home/benny/ros2_ws/install/system_interfaces:/home/benny/ros2_ws/install/monitor_system:/home/benny/ros2_ws/install/my_cpp_pkg PYTHONPATH=/home/benny/ros2_ws/build/test_node/prefix_override:/home/benny/ros2_ws/install/test_node/lib/python3.10/site-packages:/home/benny/ros2_ws/install/pros_library/lib/python3.10/site-packages:/home/benny/ros2_ws/install/test_node/lib/python3.10/site-packages:/home/benny/ros2_ws/install/template/lib/python3.10/site-packages:/home/benny/ros2_ws/install/system_interfaces/local/lib/python3.10/dist-packages:/home/benny/ros2_ws/install/my_py_pkg/lib/python3.10/site-packages:/opt/ros/humble/lib/python3.10/site-packages:/opt/ros/humble/local/lib/python3.10/dist-packages /usr/bin/python3 setup.py egg_info --egg-base ../../build/test_node build --build-base /home/benny/ros2_ws/build/test_node/build install --record /home/benny/ros2_ws/build/test_node/install.log --single-version-externally-managed
[4.487s] Level 1:colcon.colcon_core.environment:checking '/home/benny/ros2_ws/install/test_node' for CMake config files
[4.492s] Level 1:colcon.colcon_core.environment:checking '/home/benny/ros2_ws/install/test_node/lib'
[4.492s] Level 1:colcon.colcon_core.environment:checking '/home/benny/ros2_ws/install/test_node/bin'
[4.492s] Level 1:colcon.colcon_core.environment:checking '/home/benny/ros2_ws/install/test_node/lib/pkgconfig/test_node.pc'
[4.493s] Level 1:colcon.colcon_core.environment:checking '/home/benny/ros2_ws/install/test_node/lib/python3.10/site-packages'
[4.493s] Level 1:colcon.colcon_core.shell:create_environment_hook('test_node', 'pythonpath')
[4.494s] INFO:colcon.colcon_core.shell:Creating environment hook '/home/benny/ros2_ws/install/test_node/share/test_node/hook/pythonpath.ps1'
[4.495s] INFO:colcon.colcon_core.shell:Creating environment descriptor '/home/benny/ros2_ws/install/test_node/share/test_node/hook/pythonpath.dsv'
[4.496s] INFO:colcon.colcon_core.shell:Creating environment hook '/home/benny/ros2_ws/install/test_node/share/test_node/hook/pythonpath.sh'
[4.503s] Level 1:colcon.colcon_core.environment:checking '/home/benny/ros2_ws/install/test_node/bin'
[4.503s] Level 1:colcon.colcon_core.environment:create_environment_scripts_only(test_node)
[4.504s] INFO:colcon.colcon_core.shell:Creating package script '/home/benny/ros2_ws/install/test_node/share/test_node/package.ps1'
[4.505s] INFO:colcon.colcon_core.shell:Creating package descriptor '/home/benny/ros2_ws/install/test_node/share/test_node/package.dsv'
[4.506s] INFO:colcon.colcon_core.shell:Creating package script '/home/benny/ros2_ws/install/test_node/share/test_node/package.sh'
[4.506s] INFO:colcon.colcon_core.shell:Creating package script '/home/benny/ros2_ws/install/test_node/share/test_node/package.bash'
[4.507s] INFO:colcon.colcon_core.shell:Creating package script '/home/benny/ros2_ws/install/test_node/share/test_node/package.zsh'
[4.507s] Level 1:colcon.colcon_core.environment:create_file_with_runtime_dependencies(/home/benny/ros2_ws/install/test_node/share/colcon-core/packages/test_node)
[4.556s] Level 1:colcon.colcon_core.environment:checking '/home/benny/ros2_ws/install/template' for CMake module files
[4.556s] Level 1:colcon.colcon_core.environment:checking '/home/benny/ros2_ws/install/template' for CMake config files
[4.556s] DEBUG:colcon.colcon_core.event_handler.log_command:Invoked command in '/home/benny/ros2_ws/src/template' returned '0': AMENT_PREFIX_PATH=/home/benny/ros2_ws/install/pros_library:/home/benny/ros2_ws/install/test_node:/home/benny/ros2_ws/install/template:/home/benny/ros2_ws/install/monitor_system:/home/benny/ros2_ws/install/system_interfaces:/home/benny/ros2_ws/install/my_py_pkg:/home/benny/ros2_ws/install/my_cpp_pkg:/opt/ros/humble CMAKE_PREFIX_PATH=/home/benny/ros2_ws/install/system_interfaces:/home/benny/ros2_ws/install/monitor_system:/home/benny/ros2_ws/install/my_cpp_pkg PYTHONPATH=/home/benny/ros2_ws/build/template/prefix_override:/home/benny/ros2_ws/install/template/lib/python3.10/site-packages:/home/benny/ros2_ws/install/pros_library/lib/python3.10/site-packages:/home/benny/ros2_ws/install/test_node/lib/python3.10/site-packages:/home/benny/ros2_ws/install/template/lib/python3.10/site-packages:/home/benny/ros2_ws/install/system_interfaces/local/lib/python3.10/dist-packages:/home/benny/ros2_ws/install/my_py_pkg/lib/python3.10/site-packages:/opt/ros/humble/lib/python3.10/site-packages:/opt/ros/humble/local/lib/python3.10/dist-packages /usr/bin/python3 setup.py egg_info --egg-base ../../build/template build --build-base /home/benny/ros2_ws/build/template/build install --record /home/benny/ros2_ws/build/template/install.log --single-version-externally-managed
[4.557s] Level 1:colcon.colcon_core.environment:checking '/home/benny/ros2_ws/install/template/lib'
[4.557s] Level 1:colcon.colcon_core.environment:checking '/home/benny/ros2_ws/install/template/bin'
[4.557s] Level 1:colcon.colcon_core.environment:checking '/home/benny/ros2_ws/install/template/lib/pkgconfig/template.pc'
[4.557s] Level 1:colcon.colcon_core.environment:checking '/home/benny/ros2_ws/install/template/lib/python3.10/site-packages'
[4.557s] Level 1:colcon.colcon_core.shell:create_environment_hook('template', 'pythonpath')
[4.558s] INFO:colcon.colcon_core.shell:Creating environment hook '/home/benny/ros2_ws/install/template/share/template/hook/pythonpath.ps1'
[4.558s] INFO:colcon.colcon_core.shell:Creating environment descriptor '/home/benny/ros2_ws/install/template/share/template/hook/pythonpath.dsv'
[4.559s] INFO:colcon.colcon_core.shell:Creating environment hook '/home/benny/ros2_ws/install/template/share/template/hook/pythonpath.sh'
[4.559s] Level 1:colcon.colcon_core.environment:checking '/home/benny/ros2_ws/install/template/bin'
[4.559s] Level 1:colcon.colcon_core.environment:create_environment_scripts_only(template)
[4.560s] INFO:colcon.colcon_core.shell:Creating package script '/home/benny/ros2_ws/install/template/share/template/package.ps1'
[4.560s] INFO:colcon.colcon_core.shell:Creating package descriptor '/home/benny/ros2_ws/install/template/share/template/package.dsv'
[4.561s] INFO:colcon.colcon_core.shell:Creating package script '/home/benny/ros2_ws/install/template/share/template/package.sh'
[4.561s] INFO:colcon.colcon_core.shell:Creating package script '/home/benny/ros2_ws/install/template/share/template/package.bash'
[4.561s] INFO:colcon.colcon_core.shell:Creating package script '/home/benny/ros2_ws/install/template/share/template/package.zsh'
[4.561s] Level 1:colcon.colcon_core.environment:create_file_with_runtime_dependencies(/home/benny/ros2_ws/install/template/share/colcon-core/packages/template)
[4.561s] DEBUG:colcon.colcon_parallel_executor.executor.parallel:closing loop
[4.562s] DEBUG:colcon.colcon_parallel_executor.executor.parallel:loop closed
[4.562s] DEBUG:colcon.colcon_parallel_executor.executor.parallel:run_until_complete finished with '0'
[4.562s] DEBUG:colcon.colcon_core.event_reactor:joining thread
[4.568s] INFO:colcon.colcon_core.plugin_system:Skipping extension 'colcon_notification.desktop_notification.terminal_notifier': Not used on non-Darwin systems
[4.568s] INFO:colcon.colcon_core.plugin_system:Skipping extension 'colcon_notification.desktop_notification.win32': Not used on non-Windows systems
[4.568s] INFO:colcon.colcon_notification.desktop_notification:Sending desktop notification using 'notify2'
[4.594s] DEBUG:colcon.colcon_core.event_reactor:joined thread
[4.596s] INFO:colcon.colcon_core.shell:Creating prefix script '/home/benny/ros2_ws/install/local_setup.ps1'
[4.597s] INFO:colcon.colcon_core.shell:Creating prefix util module '/home/benny/ros2_ws/install/_local_setup_util_ps1.py'
[4.599s] INFO:colcon.colcon_core.shell:Creating prefix chain script '/home/benny/ros2_ws/install/setup.ps1'
[4.601s] INFO:colcon.colcon_core.shell:Creating prefix script '/home/benny/ros2_ws/install/local_setup.sh'
[4.601s] INFO:colcon.colcon_core.shell:Creating prefix util module '/home/benny/ros2_ws/install/_local_setup_util_sh.py'
[4.602s] INFO:colcon.colcon_core.shell:Creating prefix chain script '/home/benny/ros2_ws/install/setup.sh'
[4.605s] INFO:colcon.colcon_core.shell:Creating prefix script '/home/benny/ros2_ws/install/local_setup.bash'
[4.606s] INFO:colcon.colcon_core.shell:Creating prefix chain script '/home/benny/ros2_ws/install/setup.bash'
[4.608s] INFO:colcon.colcon_core.shell:Creating prefix script '/home/benny/ros2_ws/install/local_setup.zsh'
[4.611s] INFO:colcon.colcon_core.shell:Creating prefix chain script '/home/benny/ros2_ws/install/setup.zsh'
