[1.077s] Invoking command in '/home/benny/ros2_ws/src/template': AMENT_PREFIX_PATH=/home/benny/ros2_ws/install/pros_library:/home/benny/ros2_ws/install/system_interfaces:${AMENT_PREFIX_PATH} CMAKE_PREFIX_PATH=/home/benny/ros2_ws/install/system_interfaces:${CMAKE_PREFIX_PATH} LD_LIBRARY_PATH=/home/benny/ros2_ws/install/system_interfaces/lib:${LD_LIBRARY_PATH} PYTHONPATH=/home/benny/ros2_ws/build/template/prefix_override:/home/benny/ros2_ws/install/template/lib/python3.10/site-packages:/home/benny/ros2_ws/install/pros_library/lib/python3.10/site-packages:/home/benny/ros2_ws/install/system_interfaces/local/lib/python3.10/dist-packages:${PYTHONPATH} /usr/bin/python3 setup.py egg_info --egg-base ../../build/template build --build-base /home/benny/ros2_ws/build/template/build install --record /home/benny/ros2_ws/build/template/install.log --single-version-externally-managed
[1.323s] running egg_info
[1.324s] writing ../../build/template/template.egg-info/PKG-INFO
[1.326s] writing dependency_links to ../../build/template/template.egg-info/dependency_links.txt
[1.327s] writing entry points to ../../build/template/template.egg-info/entry_points.txt
[1.327s] writing requirements to ../../build/template/template.egg-info/requires.txt
[1.327s] writing top-level names to ../../build/template/template.egg-info/top_level.txt
[1.330s] reading manifest file '../../build/template/template.egg-info/SOURCES.txt'
[1.335s] writing manifest file '../../build/template/template.egg-info/SOURCES.txt'
[1.335s] running build
[1.335s] running build_py
[1.335s] copying template/template.py -> /home/benny/ros2_ws/build/template/build/lib/template
[1.335s] running install
[1.336s] running install_lib
[1.338s] copying /home/benny/ros2_ws/build/template/build/lib/template/template.py -> /home/benny/ros2_ws/install/template/lib/python3.10/site-packages/template
[1.338s] byte-compiling /home/benny/ros2_ws/install/template/lib/python3.10/site-packages/template/template.py to template.cpython-310.pyc
[1.339s] running install_data
[1.340s] copying package.xml -> /home/benny/ros2_ws/install/template/share/template
[1.340s] running install_egg_info
[1.343s] removing '/home/benny/ros2_ws/install/template/lib/python3.10/site-packages/template-0.0.0-py3.10.egg-info' (and everything under it)
[1.343s] Copying ../../build/template/template.egg-info to /home/benny/ros2_ws/install/template/lib/python3.10/site-packages/template-0.0.0-py3.10.egg-info
[1.345s] running install_scripts
[1.369s] writing list of installed files to '/home/benny/ros2_ws/build/template/install.log'
[1.412s] Invoked command in '/home/benny/ros2_ws/src/template' returned '0': AMENT_PREFIX_PATH=/home/benny/ros2_ws/install/pros_library:/home/benny/ros2_ws/install/system_interfaces:${AMENT_PREFIX_PATH} CMAKE_PREFIX_PATH=/home/benny/ros2_ws/install/system_interfaces:${CMAKE_PREFIX_PATH} LD_LIBRARY_PATH=/home/benny/ros2_ws/install/system_interfaces/lib:${LD_LIBRARY_PATH} PYTHONPATH=/home/benny/ros2_ws/build/template/prefix_override:/home/benny/ros2_ws/install/template/lib/python3.10/site-packages:/home/benny/ros2_ws/install/pros_library/lib/python3.10/site-packages:/home/benny/ros2_ws/install/system_interfaces/local/lib/python3.10/dist-packages:${PYTHONPATH} /usr/bin/python3 setup.py egg_info --egg-base ../../build/template build --build-base /home/benny/ros2_ws/build/template/build install --record /home/benny/ros2_ws/build/template/install.log --single-version-externally-managed
