[0.250s] DEBUG:colcon:Command line arguments: ['/usr/bin/colcon', 'build']
[0.250s] DEBUG:colcon:Parsed command line arguments: Namespace(log_base=None, log_level=None, verb_name='build', build_base='build', install_base='install', merge_install=False, symlink_install=False, test_result_base=None, continue_on_error=False, executor='parallel', parallel_workers=8, event_handlers=None, ignore_user_meta=False, metas=['./colcon.meta'], base_paths=['.'], packages_ignore=None, packages_ignore_regex=None, paths=None, packages_up_to=None, packages_up_to_regex=None, packages_above=None, packages_above_and_dependencies=None, packages_above_depth=None, packages_select_by_dep=None, packages_skip_by_dep=None, packages_skip_up_to=None, packages_select_build_failed=False, packages_skip_build_finished=False, packages_select_test_failures=False, packages_skip_test_passed=False, packages_select=None, packages_skip=None, packages_select_regex=None, packages_skip_regex=None, packages_start=None, packages_end=None, allow_overriding=[], cmake_args=None, cmake_target=None, cmake_target_skip_unavailable=False, cmake_clean_cache=False, cmake_clean_first=False, cmake_force_configure=False, ament_cmake_args=None, catkin_cmake_args=None, catkin_skip_building_tests=False, verb_parser=<colcon_defaults.argument_parser.defaults.DefaultArgumentsDecorator object at 0x7fa098fab400>, verb_extension=<colcon_core.verb.build.BuildVerb object at 0x7fa098faae90>, main=<bound method BuildVerb.main of <colcon_core.verb.build.BuildVerb object at 0x7fa098faae90>>)
[0.273s] Level 1:colcon.colcon_core.package_discovery:discover_packages(colcon_meta) check parameters
[0.274s] Level 1:colcon.colcon_core.package_discovery:discover_packages(recursive) check parameters
[0.274s] Level 1:colcon.colcon_core.package_discovery:discover_packages(ignore) check parameters
[0.274s] Level 1:colcon.colcon_core.package_discovery:discover_packages(path) check parameters
[0.274s] Level 1:colcon.colcon_core.package_discovery:discover_packages(colcon_meta) discover
[0.274s] Level 1:colcon.colcon_core.package_discovery:discover_packages(recursive) discover
[0.274s] INFO:colcon.colcon_core.package_discovery:Crawling recursively for packages in '/home/benny/ros2_ws'
[0.274s] Level 1:colcon.colcon_core.package_identification:_identify(.) by extensions ['ignore', 'ignore_ament_install']
[0.274s] Level 1:colcon.colcon_core.package_identification:_identify(.) by extension 'ignore'
[0.274s] Level 1:colcon.colcon_core.package_identification:_identify(.) by extension 'ignore_ament_install'
[0.274s] Level 1:colcon.colcon_core.package_identification:_identify(.) by extensions ['colcon_pkg']
[0.274s] Level 1:colcon.colcon_core.package_identification:_identify(.) by extension 'colcon_pkg'
[0.274s] Level 1:colcon.colcon_core.package_identification:_identify(.) by extensions ['colcon_meta']
[0.274s] Level 1:colcon.colcon_core.package_identification:_identify(.) by extension 'colcon_meta'
[0.274s] Level 1:colcon.colcon_core.package_identification:_identify(.) by extensions ['ros']
[0.274s] Level 1:colcon.colcon_core.package_identification:_identify(.) by extension 'ros'
[0.281s] Level 1:colcon.colcon_core.package_identification:_identify(.) by extensions ['cmake', 'python']
[0.281s] Level 1:colcon.colcon_core.package_identification:_identify(.) by extension 'cmake'
[0.281s] Level 1:colcon.colcon_core.package_identification:_identify(.) by extension 'python'
[0.281s] Level 1:colcon.colcon_core.package_identification:_identify(.) by extensions ['python_setup_py']
[0.281s] Level 1:colcon.colcon_core.package_identification:_identify(.) by extension 'python_setup_py'
[0.281s] Level 1:colcon.colcon_core.package_identification:_identify(build) by extensions ['ignore', 'ignore_ament_install']
[0.281s] Level 1:colcon.colcon_core.package_identification:_identify(build) by extension 'ignore'
[0.281s] Level 1:colcon.colcon_core.package_identification:_identify(build) ignored
[0.281s] Level 1:colcon.colcon_core.package_identification:_identify(install) by extensions ['ignore', 'ignore_ament_install']
[0.281s] Level 1:colcon.colcon_core.package_identification:_identify(install) by extension 'ignore'
[0.281s] Level 1:colcon.colcon_core.package_identification:_identify(install) ignored
[0.281s] Level 1:colcon.colcon_core.package_identification:_identify(log) by extensions ['ignore', 'ignore_ament_install']
[0.281s] Level 1:colcon.colcon_core.package_identification:_identify(log) by extension 'ignore'
[0.281s] Level 1:colcon.colcon_core.package_identification:_identify(log) ignored
[0.281s] Level 1:colcon.colcon_core.package_identification:_identify(src) by extensions ['ignore', 'ignore_ament_install']
[0.281s] Level 1:colcon.colcon_core.package_identification:_identify(src) by extension 'ignore'
[0.281s] Level 1:colcon.colcon_core.package_identification:_identify(src) by extension 'ignore_ament_install'
[0.281s] Level 1:colcon.colcon_core.package_identification:_identify(src) by extensions ['colcon_pkg']
[0.282s] Level 1:colcon.colcon_core.package_identification:_identify(src) by extension 'colcon_pkg'
[0.282s] Level 1:colcon.colcon_core.package_identification:_identify(src) by extensions ['colcon_meta']
[0.282s] Level 1:colcon.colcon_core.package_identification:_identify(src) by extension 'colcon_meta'
[0.282s] Level 1:colcon.colcon_core.package_identification:_identify(src) by extensions ['ros']
[0.282s] Level 1:colcon.colcon_core.package_identification:_identify(src) by extension 'ros'
[0.282s] Level 1:colcon.colcon_core.package_identification:_identify(src) by extensions ['cmake', 'python']
[0.282s] Level 1:colcon.colcon_core.package_identification:_identify(src) by extension 'cmake'
[0.282s] Level 1:colcon.colcon_core.package_identification:_identify(src) by extension 'python'
[0.282s] Level 1:colcon.colcon_core.package_identification:_identify(src) by extensions ['python_setup_py']
[0.282s] Level 1:colcon.colcon_core.package_identification:_identify(src) by extension 'python_setup_py'
[0.282s] Level 1:colcon.colcon_core.package_identification:_identify(src/monitor_system) by extensions ['ignore', 'ignore_ament_install']
[0.282s] Level 1:colcon.colcon_core.package_identification:_identify(src/monitor_system) by extension 'ignore'
[0.282s] Level 1:colcon.colcon_core.package_identification:_identify(src/monitor_system) by extension 'ignore_ament_install'
[0.282s] Level 1:colcon.colcon_core.package_identification:_identify(src/monitor_system) by extensions ['colcon_pkg']
[0.282s] Level 1:colcon.colcon_core.package_identification:_identify(src/monitor_system) by extension 'colcon_pkg'
[0.282s] Level 1:colcon.colcon_core.package_identification:_identify(src/monitor_system) by extensions ['colcon_meta']
[0.282s] Level 1:colcon.colcon_core.package_identification:_identify(src/monitor_system) by extension 'colcon_meta'
[0.282s] Level 1:colcon.colcon_core.package_identification:_identify(src/monitor_system) by extensions ['ros']
[0.282s] Level 1:colcon.colcon_core.package_identification:_identify(src/monitor_system) by extension 'ros'
[0.284s] DEBUG:colcon.colcon_core.package_identification:Package 'src/monitor_system' with type 'ros.ament_cmake' and name 'monitor_system'
[0.284s] Level 1:colcon.colcon_core.package_identification:_identify(src/my_cpp_pkg) by extensions ['ignore', 'ignore_ament_install']
[0.284s] Level 1:colcon.colcon_core.package_identification:_identify(src/my_cpp_pkg) by extension 'ignore'
[0.284s] Level 1:colcon.colcon_core.package_identification:_identify(src/my_cpp_pkg) by extension 'ignore_ament_install'
[0.284s] Level 1:colcon.colcon_core.package_identification:_identify(src/my_cpp_pkg) by extensions ['colcon_pkg']
[0.284s] Level 1:colcon.colcon_core.package_identification:_identify(src/my_cpp_pkg) by extension 'colcon_pkg'
[0.284s] Level 1:colcon.colcon_core.package_identification:_identify(src/my_cpp_pkg) by extensions ['colcon_meta']
[0.284s] Level 1:colcon.colcon_core.package_identification:_identify(src/my_cpp_pkg) by extension 'colcon_meta'
[0.284s] Level 1:colcon.colcon_core.package_identification:_identify(src/my_cpp_pkg) by extensions ['ros']
[0.284s] Level 1:colcon.colcon_core.package_identification:_identify(src/my_cpp_pkg) by extension 'ros'
[0.285s] DEBUG:colcon.colcon_core.package_identification:Package 'src/my_cpp_pkg' with type 'ros.ament_cmake' and name 'my_cpp_pkg'
[0.285s] Level 1:colcon.colcon_core.package_identification:_identify(src/my_py_pkg) by extensions ['ignore', 'ignore_ament_install']
[0.285s] Level 1:colcon.colcon_core.package_identification:_identify(src/my_py_pkg) by extension 'ignore'
[0.285s] Level 1:colcon.colcon_core.package_identification:_identify(src/my_py_pkg) by extension 'ignore_ament_install'
[0.285s] Level 1:colcon.colcon_core.package_identification:_identify(src/my_py_pkg) by extensions ['colcon_pkg']
[0.285s] Level 1:colcon.colcon_core.package_identification:_identify(src/my_py_pkg) by extension 'colcon_pkg'
[0.285s] Level 1:colcon.colcon_core.package_identification:_identify(src/my_py_pkg) by extensions ['colcon_meta']
[0.285s] Level 1:colcon.colcon_core.package_identification:_identify(src/my_py_pkg) by extension 'colcon_meta'
[0.285s] Level 1:colcon.colcon_core.package_identification:_identify(src/my_py_pkg) by extensions ['ros']
[0.285s] Level 1:colcon.colcon_core.package_identification:_identify(src/my_py_pkg) by extension 'ros'
[0.286s] DEBUG:colcon.colcon_core.package_identification:Package 'src/my_py_pkg' with type 'ros.ament_python' and name 'my_py_pkg'
[0.286s] Level 1:colcon.colcon_core.package_identification:_identify(src/pros_library) by extensions ['ignore', 'ignore_ament_install']
[0.286s] Level 1:colcon.colcon_core.package_identification:_identify(src/pros_library) by extension 'ignore'
[0.286s] Level 1:colcon.colcon_core.package_identification:_identify(src/pros_library) by extension 'ignore_ament_install'
[0.286s] Level 1:colcon.colcon_core.package_identification:_identify(src/pros_library) by extensions ['colcon_pkg']
[0.286s] Level 1:colcon.colcon_core.package_identification:_identify(src/pros_library) by extension 'colcon_pkg'
[0.286s] Level 1:colcon.colcon_core.package_identification:_identify(src/pros_library) by extensions ['colcon_meta']
[0.286s] Level 1:colcon.colcon_core.package_identification:_identify(src/pros_library) by extension 'colcon_meta'
[0.286s] Level 1:colcon.colcon_core.package_identification:_identify(src/pros_library) by extensions ['ros']
[0.286s] Level 1:colcon.colcon_core.package_identification:_identify(src/pros_library) by extension 'ros'
[0.286s] DEBUG:colcon.colcon_core.package_identification:Package 'src/pros_library' with type 'ros.ament_python' and name 'pros_library'
[0.286s] Level 1:colcon.colcon_core.package_identification:_identify(src/system_interfaces) by extensions ['ignore', 'ignore_ament_install']
[0.286s] Level 1:colcon.colcon_core.package_identification:_identify(src/system_interfaces) by extension 'ignore'
[0.286s] Level 1:colcon.colcon_core.package_identification:_identify(src/system_interfaces) by extension 'ignore_ament_install'
[0.286s] Level 1:colcon.colcon_core.package_identification:_identify(src/system_interfaces) by extensions ['colcon_pkg']
[0.286s] Level 1:colcon.colcon_core.package_identification:_identify(src/system_interfaces) by extension 'colcon_pkg'
[0.286s] Level 1:colcon.colcon_core.package_identification:_identify(src/system_interfaces) by extensions ['colcon_meta']
[0.286s] Level 1:colcon.colcon_core.package_identification:_identify(src/system_interfaces) by extension 'colcon_meta'
[0.286s] Level 1:colcon.colcon_core.package_identification:_identify(src/system_interfaces) by extensions ['ros']
[0.286s] Level 1:colcon.colcon_core.package_identification:_identify(src/system_interfaces) by extension 'ros'
[0.287s] DEBUG:colcon.colcon_core.package_identification:Package 'src/system_interfaces' with type 'ros.ament_cmake' and name 'system_interfaces'
[0.287s] Level 1:colcon.colcon_core.package_identification:_identify(src/template) by extensions ['ignore', 'ignore_ament_install']
[0.287s] Level 1:colcon.colcon_core.package_identification:_identify(src/template) by extension 'ignore'
[0.287s] Level 1:colcon.colcon_core.package_identification:_identify(src/template) by extension 'ignore_ament_install'
[0.287s] Level 1:colcon.colcon_core.package_identification:_identify(src/template) by extensions ['colcon_pkg']
[0.287s] Level 1:colcon.colcon_core.package_identification:_identify(src/template) by extension 'colcon_pkg'
[0.287s] Level 1:colcon.colcon_core.package_identification:_identify(src/template) by extensions ['colcon_meta']
[0.287s] Level 1:colcon.colcon_core.package_identification:_identify(src/template) by extension 'colcon_meta'
[0.287s] Level 1:colcon.colcon_core.package_identification:_identify(src/template) by extensions ['ros']
[0.287s] Level 1:colcon.colcon_core.package_identification:_identify(src/template) by extension 'ros'
[0.287s] DEBUG:colcon.colcon_core.package_identification:Package 'src/template' with type 'ros.ament_python' and name 'template'
[0.287s] Level 1:colcon.colcon_core.package_identification:_identify(src/test_node) by extensions ['ignore', 'ignore_ament_install']
[0.287s] Level 1:colcon.colcon_core.package_identification:_identify(src/test_node) by extension 'ignore'
[0.287s] Level 1:colcon.colcon_core.package_identification:_identify(src/test_node) by extension 'ignore_ament_install'
[0.288s] Level 1:colcon.colcon_core.package_identification:_identify(src/test_node) by extensions ['colcon_pkg']
[0.288s] Level 1:colcon.colcon_core.package_identification:_identify(src/test_node) by extension 'colcon_pkg'
[0.288s] Level 1:colcon.colcon_core.package_identification:_identify(src/test_node) by extensions ['colcon_meta']
[0.288s] Level 1:colcon.colcon_core.package_identification:_identify(src/test_node) by extension 'colcon_meta'
[0.288s] Level 1:colcon.colcon_core.package_identification:_identify(src/test_node) by extensions ['ros']
[0.288s] Level 1:colcon.colcon_core.package_identification:_identify(src/test_node) by extension 'ros'
[0.288s] DEBUG:colcon.colcon_core.package_identification:Package 'src/test_node' with type 'ros.ament_python' and name 'test_node'
[0.288s] Level 1:colcon.colcon_core.package_discovery:discover_packages(recursive) using defaults
[0.288s] Level 1:colcon.colcon_core.package_discovery:discover_packages(ignore) discover
[0.288s] Level 1:colcon.colcon_core.package_discovery:discover_packages(ignore) using defaults
[0.288s] Level 1:colcon.colcon_core.package_discovery:discover_packages(path) discover
[0.288s] Level 1:colcon.colcon_core.package_discovery:discover_packages(path) using defaults
[0.302s] Level 1:colcon.colcon_core.package_discovery:discover_packages(prefix_path) check parameters
[0.302s] Level 1:colcon.colcon_core.package_discovery:discover_packages(prefix_path) discover
[0.303s] DEBUG:colcon.colcon_installed_package_information.package_discovery:Found 2 installed packages in /home/benny/ros2_ws/install
[0.304s] DEBUG:colcon.colcon_installed_package_information.package_discovery:Found 274 installed packages in /opt/ros/humble
[0.305s] Level 1:colcon.colcon_core.package_discovery:discover_packages(prefix_path) using defaults
[0.338s] Level 5:colcon.colcon_core.verb:set package 'my_cpp_pkg' build argument 'cmake_args' from command line to 'None'
[0.338s] Level 5:colcon.colcon_core.verb:set package 'my_cpp_pkg' build argument 'cmake_target' from command line to 'None'
[0.338s] Level 5:colcon.colcon_core.verb:set package 'my_cpp_pkg' build argument 'cmake_target_skip_unavailable' from command line to 'False'
[0.338s] Level 5:colcon.colcon_core.verb:set package 'my_cpp_pkg' build argument 'cmake_clean_cache' from command line to 'False'
[0.338s] Level 5:colcon.colcon_core.verb:set package 'my_cpp_pkg' build argument 'cmake_clean_first' from command line to 'False'
[0.338s] Level 5:colcon.colcon_core.verb:set package 'my_cpp_pkg' build argument 'cmake_force_configure' from command line to 'False'
[0.338s] Level 5:colcon.colcon_core.verb:set package 'my_cpp_pkg' build argument 'ament_cmake_args' from command line to 'None'
[0.338s] Level 5:colcon.colcon_core.verb:set package 'my_cpp_pkg' build argument 'catkin_cmake_args' from command line to 'None'
[0.338s] Level 5:colcon.colcon_core.verb:set package 'my_cpp_pkg' build argument 'catkin_skip_building_tests' from command line to 'False'
[0.338s] DEBUG:colcon.colcon_core.verb:Building package 'my_cpp_pkg' with the following arguments: {'ament_cmake_args': None, 'build_base': '/home/benny/ros2_ws/build/my_cpp_pkg', 'catkin_cmake_args': None, 'catkin_skip_building_tests': False, 'cmake_args': None, 'cmake_clean_cache': False, 'cmake_clean_first': False, 'cmake_force_configure': False, 'cmake_target': None, 'cmake_target_skip_unavailable': False, 'install_base': '/home/benny/ros2_ws/install/my_cpp_pkg', 'merge_install': False, 'path': '/home/benny/ros2_ws/src/my_cpp_pkg', 'symlink_install': False, 'test_result_base': None}
[0.339s] Level 5:colcon.colcon_core.verb:set package 'my_py_pkg' build argument 'cmake_args' from command line to 'None'
[0.339s] Level 5:colcon.colcon_core.verb:set package 'my_py_pkg' build argument 'cmake_target' from command line to 'None'
[0.339s] Level 5:colcon.colcon_core.verb:set package 'my_py_pkg' build argument 'cmake_target_skip_unavailable' from command line to 'False'
[0.339s] Level 5:colcon.colcon_core.verb:set package 'my_py_pkg' build argument 'cmake_clean_cache' from command line to 'False'
[0.339s] Level 5:colcon.colcon_core.verb:set package 'my_py_pkg' build argument 'cmake_clean_first' from command line to 'False'
[0.339s] Level 5:colcon.colcon_core.verb:set package 'my_py_pkg' build argument 'cmake_force_configure' from command line to 'False'
[0.339s] Level 5:colcon.colcon_core.verb:set package 'my_py_pkg' build argument 'ament_cmake_args' from command line to 'None'
[0.339s] Level 5:colcon.colcon_core.verb:set package 'my_py_pkg' build argument 'catkin_cmake_args' from command line to 'None'
[0.339s] Level 5:colcon.colcon_core.verb:set package 'my_py_pkg' build argument 'catkin_skip_building_tests' from command line to 'False'
[0.339s] DEBUG:colcon.colcon_core.verb:Building package 'my_py_pkg' with the following arguments: {'ament_cmake_args': None, 'build_base': '/home/benny/ros2_ws/build/my_py_pkg', 'catkin_cmake_args': None, 'catkin_skip_building_tests': False, 'cmake_args': None, 'cmake_clean_cache': False, 'cmake_clean_first': False, 'cmake_force_configure': False, 'cmake_target': None, 'cmake_target_skip_unavailable': False, 'install_base': '/home/benny/ros2_ws/install/my_py_pkg', 'merge_install': False, 'path': '/home/benny/ros2_ws/src/my_py_pkg', 'symlink_install': False, 'test_result_base': None}
[0.339s] Level 5:colcon.colcon_core.verb:set package 'system_interfaces' build argument 'cmake_args' from command line to 'None'
[0.340s] Level 5:colcon.colcon_core.verb:set package 'system_interfaces' build argument 'cmake_target' from command line to 'None'
[0.340s] Level 5:colcon.colcon_core.verb:set package 'system_interfaces' build argument 'cmake_target_skip_unavailable' from command line to 'False'
[0.340s] Level 5:colcon.colcon_core.verb:set package 'system_interfaces' build argument 'cmake_clean_cache' from command line to 'False'
[0.340s] Level 5:colcon.colcon_core.verb:set package 'system_interfaces' build argument 'cmake_clean_first' from command line to 'False'
[0.340s] Level 5:colcon.colcon_core.verb:set package 'system_interfaces' build argument 'cmake_force_configure' from command line to 'False'
[0.340s] Level 5:colcon.colcon_core.verb:set package 'system_interfaces' build argument 'ament_cmake_args' from command line to 'None'
[0.340s] Level 5:colcon.colcon_core.verb:set package 'system_interfaces' build argument 'catkin_cmake_args' from command line to 'None'
[0.340s] Level 5:colcon.colcon_core.verb:set package 'system_interfaces' build argument 'catkin_skip_building_tests' from command line to 'False'
[0.340s] DEBUG:colcon.colcon_core.verb:Building package 'system_interfaces' with the following arguments: {'ament_cmake_args': None, 'build_base': '/home/benny/ros2_ws/build/system_interfaces', 'catkin_cmake_args': None, 'catkin_skip_building_tests': False, 'cmake_args': None, 'cmake_clean_cache': False, 'cmake_clean_first': False, 'cmake_force_configure': False, 'cmake_target': None, 'cmake_target_skip_unavailable': False, 'install_base': '/home/benny/ros2_ws/install/system_interfaces', 'merge_install': False, 'path': '/home/benny/ros2_ws/src/system_interfaces', 'symlink_install': False, 'test_result_base': None}
[0.340s] Level 5:colcon.colcon_core.verb:set package 'monitor_system' build argument 'cmake_args' from command line to 'None'
[0.340s] Level 5:colcon.colcon_core.verb:set package 'monitor_system' build argument 'cmake_target' from command line to 'None'
[0.340s] Level 5:colcon.colcon_core.verb:set package 'monitor_system' build argument 'cmake_target_skip_unavailable' from command line to 'False'
[0.340s] Level 5:colcon.colcon_core.verb:set package 'monitor_system' build argument 'cmake_clean_cache' from command line to 'False'
[0.340s] Level 5:colcon.colcon_core.verb:set package 'monitor_system' build argument 'cmake_clean_first' from command line to 'False'
[0.340s] Level 5:colcon.colcon_core.verb:set package 'monitor_system' build argument 'cmake_force_configure' from command line to 'False'
[0.340s] Level 5:colcon.colcon_core.verb:set package 'monitor_system' build argument 'ament_cmake_args' from command line to 'None'
[0.340s] Level 5:colcon.colcon_core.verb:set package 'monitor_system' build argument 'catkin_cmake_args' from command line to 'None'
[0.340s] Level 5:colcon.colcon_core.verb:set package 'monitor_system' build argument 'catkin_skip_building_tests' from command line to 'False'
[0.340s] DEBUG:colcon.colcon_core.verb:Building package 'monitor_system' with the following arguments: {'ament_cmake_args': None, 'build_base': '/home/benny/ros2_ws/build/monitor_system', 'catkin_cmake_args': None, 'catkin_skip_building_tests': False, 'cmake_args': None, 'cmake_clean_cache': False, 'cmake_clean_first': False, 'cmake_force_configure': False, 'cmake_target': None, 'cmake_target_skip_unavailable': False, 'install_base': '/home/benny/ros2_ws/install/monitor_system', 'merge_install': False, 'path': '/home/benny/ros2_ws/src/monitor_system', 'symlink_install': False, 'test_result_base': None}
[0.341s] Level 5:colcon.colcon_core.verb:set package 'pros_library' build argument 'cmake_args' from command line to 'None'
[0.341s] Level 5:colcon.colcon_core.verb:set package 'pros_library' build argument 'cmake_target' from command line to 'None'
[0.341s] Level 5:colcon.colcon_core.verb:set package 'pros_library' build argument 'cmake_target_skip_unavailable' from command line to 'False'
[0.341s] Level 5:colcon.colcon_core.verb:set package 'pros_library' build argument 'cmake_clean_cache' from command line to 'False'
[0.341s] Level 5:colcon.colcon_core.verb:set package 'pros_library' build argument 'cmake_clean_first' from command line to 'False'
[0.341s] Level 5:colcon.colcon_core.verb:set package 'pros_library' build argument 'cmake_force_configure' from command line to 'False'
[0.341s] Level 5:colcon.colcon_core.verb:set package 'pros_library' build argument 'ament_cmake_args' from command line to 'None'
[0.341s] Level 5:colcon.colcon_core.verb:set package 'pros_library' build argument 'catkin_cmake_args' from command line to 'None'
[0.341s] Level 5:colcon.colcon_core.verb:set package 'pros_library' build argument 'catkin_skip_building_tests' from command line to 'False'
[0.341s] DEBUG:colcon.colcon_core.verb:Building package 'pros_library' with the following arguments: {'ament_cmake_args': None, 'build_base': '/home/benny/ros2_ws/build/pros_library', 'catkin_cmake_args': None, 'catkin_skip_building_tests': False, 'cmake_args': None, 'cmake_clean_cache': False, 'cmake_clean_first': False, 'cmake_force_configure': False, 'cmake_target': None, 'cmake_target_skip_unavailable': False, 'install_base': '/home/benny/ros2_ws/install/pros_library', 'merge_install': False, 'path': '/home/benny/ros2_ws/src/pros_library', 'symlink_install': False, 'test_result_base': None}
[0.341s] Level 5:colcon.colcon_core.verb:set package 'template' build argument 'cmake_args' from command line to 'None'
[0.341s] Level 5:colcon.colcon_core.verb:set package 'template' build argument 'cmake_target' from command line to 'None'
[0.341s] Level 5:colcon.colcon_core.verb:set package 'template' build argument 'cmake_target_skip_unavailable' from command line to 'False'
[0.341s] Level 5:colcon.colcon_core.verb:set package 'template' build argument 'cmake_clean_cache' from command line to 'False'
[0.341s] Level 5:colcon.colcon_core.verb:set package 'template' build argument 'cmake_clean_first' from command line to 'False'
[0.341s] Level 5:colcon.colcon_core.verb:set package 'template' build argument 'cmake_force_configure' from command line to 'False'
[0.341s] Level 5:colcon.colcon_core.verb:set package 'template' build argument 'ament_cmake_args' from command line to 'None'
[0.341s] Level 5:colcon.colcon_core.verb:set package 'template' build argument 'catkin_cmake_args' from command line to 'None'
[0.342s] Level 5:colcon.colcon_core.verb:set package 'template' build argument 'catkin_skip_building_tests' from command line to 'False'
[0.342s] DEBUG:colcon.colcon_core.verb:Building package 'template' with the following arguments: {'ament_cmake_args': None, 'build_base': '/home/benny/ros2_ws/build/template', 'catkin_cmake_args': None, 'catkin_skip_building_tests': False, 'cmake_args': None, 'cmake_clean_cache': False, 'cmake_clean_first': False, 'cmake_force_configure': False, 'cmake_target': None, 'cmake_target_skip_unavailable': False, 'install_base': '/home/benny/ros2_ws/install/template', 'merge_install': False, 'path': '/home/benny/ros2_ws/src/template', 'symlink_install': False, 'test_result_base': None}
[0.342s] Level 5:colcon.colcon_core.verb:set package 'test_node' build argument 'cmake_args' from command line to 'None'
[0.342s] Level 5:colcon.colcon_core.verb:set package 'test_node' build argument 'cmake_target' from command line to 'None'
[0.342s] Level 5:colcon.colcon_core.verb:set package 'test_node' build argument 'cmake_target_skip_unavailable' from command line to 'False'
[0.342s] Level 5:colcon.colcon_core.verb:set package 'test_node' build argument 'cmake_clean_cache' from command line to 'False'
[0.342s] Level 5:colcon.colcon_core.verb:set package 'test_node' build argument 'cmake_clean_first' from command line to 'False'
[0.342s] Level 5:colcon.colcon_core.verb:set package 'test_node' build argument 'cmake_force_configure' from command line to 'False'
[0.342s] Level 5:colcon.colcon_core.verb:set package 'test_node' build argument 'ament_cmake_args' from command line to 'None'
[0.342s] Level 5:colcon.colcon_core.verb:set package 'test_node' build argument 'catkin_cmake_args' from command line to 'None'
[0.342s] Level 5:colcon.colcon_core.verb:set package 'test_node' build argument 'catkin_skip_building_tests' from command line to 'False'
[0.342s] DEBUG:colcon.colcon_core.verb:Building package 'test_node' with the following arguments: {'ament_cmake_args': None, 'build_base': '/home/benny/ros2_ws/build/test_node', 'catkin_cmake_args': None, 'catkin_skip_building_tests': False, 'cmake_args': None, 'cmake_clean_cache': False, 'cmake_clean_first': False, 'cmake_force_configure': False, 'cmake_target': None, 'cmake_target_skip_unavailable': False, 'install_base': '/home/benny/ros2_ws/install/test_node', 'merge_install': False, 'path': '/home/benny/ros2_ws/src/test_node', 'symlink_install': False, 'test_result_base': None}
[0.342s] INFO:colcon.colcon_core.executor:Executing jobs using 'parallel' executor
[0.348s] DEBUG:colcon.colcon_parallel_executor.executor.parallel:run_until_complete
[0.348s] INFO:colcon.colcon_ros.task.ament_cmake.build:Building ROS package in '/home/benny/ros2_ws/src/system_interfaces' with build type 'ament_cmake'
[0.349s] INFO:colcon.colcon_cmake.task.cmake.build:Building CMake package in '/home/benny/ros2_ws/src/system_interfaces'
[0.353s] INFO:colcon.colcon_core.plugin_system:Skipping extension 'colcon_core.shell.bat': Not used on non-Windows systems
[0.353s] INFO:colcon.colcon_core.shell:Skip shell extension 'powershell' for command environment: Not usable outside of PowerShell
[0.353s] DEBUG:colcon.colcon_core.shell:Skip shell extension 'dsv' for command environment
[0.360s] INFO:colcon.colcon_ros.task.ament_cmake.build:Building ROS package in '/home/benny/ros2_ws/src/my_cpp_pkg' with build type 'ament_cmake'
[0.360s] INFO:colcon.colcon_cmake.task.cmake.build:Building CMake package in '/home/benny/ros2_ws/src/my_cpp_pkg'
[0.361s] INFO:colcon.colcon_core.shell:Skip shell extension 'powershell' for command environment: Not usable outside of PowerShell
[0.361s] DEBUG:colcon.colcon_core.shell:Skip shell extension 'dsv' for command environment
[0.367s] INFO:colcon.colcon_ros.task.ament_python.build:Building ROS package in '/home/benny/ros2_ws/src/my_py_pkg' with build type 'ament_python'
[0.367s] Level 1:colcon.colcon_core.shell:create_environment_hook('my_py_pkg', 'ament_prefix_path')
[0.368s] INFO:colcon.colcon_core.shell:Creating environment hook '/home/benny/ros2_ws/install/my_py_pkg/share/my_py_pkg/hook/ament_prefix_path.ps1'
[0.369s] INFO:colcon.colcon_core.shell:Creating environment descriptor '/home/benny/ros2_ws/install/my_py_pkg/share/my_py_pkg/hook/ament_prefix_path.dsv'
[0.370s] INFO:colcon.colcon_core.shell:Creating environment hook '/home/benny/ros2_ws/install/my_py_pkg/share/my_py_pkg/hook/ament_prefix_path.sh'
[0.373s] INFO:colcon.colcon_core.shell:Skip shell extension 'powershell' for command environment: Not usable outside of PowerShell
[0.373s] DEBUG:colcon.colcon_core.shell:Skip shell extension 'dsv' for command environment
[0.381s] DEBUG:colcon.colcon_core.event_handler.log_command:Invoking command in '/home/benny/ros2_ws/build/system_interfaces': CMAKE_PREFIX_PATH=${CMAKE_PREFIX_PATH}:/home/benny/ros2_ws/install/my_py_pkg:/opt/ros/humble /usr/bin/cmake /home/benny/ros2_ws/src/system_interfaces -DCMAKE_INSTALL_PREFIX=/home/benny/ros2_ws/install/system_interfaces
[0.389s] DEBUG:colcon.colcon_core.event_handler.log_command:Invoking command in '/home/benny/ros2_ws/build/my_cpp_pkg': CMAKE_PREFIX_PATH=${CMAKE_PREFIX_PATH}:/home/benny/ros2_ws/install/my_py_pkg:/opt/ros/humble /usr/bin/cmake --build /home/benny/ros2_ws/build/my_cpp_pkg -- -j8 -l8
[0.789s] INFO:colcon.colcon_core.task.python.build:Building Python package in '/home/benny/ros2_ws/src/my_py_pkg'
[0.791s] INFO:colcon.colcon_core.shell:Skip shell extension 'powershell' for command environment: Not usable outside of PowerShell
[0.791s] DEBUG:colcon.colcon_core.shell:Skip shell extension 'dsv' for command environment
[1.219s] DEBUG:colcon.colcon_core.event_handler.log_command:Invoking command in '/home/benny/ros2_ws/src/my_py_pkg': PYTHONPATH=/home/benny/ros2_ws/build/my_py_pkg/prefix_override:/home/benny/ros2_ws/install/my_py_pkg/lib/python3.10/site-packages:${PYTHONPATH} /usr/bin/python3 setup.py egg_info --egg-base ../../build/my_py_pkg build --build-base /home/benny/ros2_ws/build/my_py_pkg/build install --record /home/benny/ros2_ws/build/my_py_pkg/install.log --single-version-externally-managed
[1.397s] DEBUG:colcon.colcon_core.event_handler.log_command:Invoked command in '/home/benny/ros2_ws/build/my_cpp_pkg' returned '0': CMAKE_PREFIX_PATH=${CMAKE_PREFIX_PATH}:/home/benny/ros2_ws/install/my_py_pkg:/opt/ros/humble /usr/bin/cmake --build /home/benny/ros2_ws/build/my_cpp_pkg -- -j8 -l8
[1.451s] DEBUG:colcon.colcon_core.event_handler.log_command:Invoking command in '/home/benny/ros2_ws/build/my_cpp_pkg': CMAKE_PREFIX_PATH=${CMAKE_PREFIX_PATH}:/home/benny/ros2_ws/install/my_py_pkg:/opt/ros/humble /usr/bin/cmake --install /home/benny/ros2_ws/build/my_cpp_pkg
[1.466s] Level 1:colcon.colcon_core.environment:create_environment_scripts_only(my_cpp_pkg)
[1.474s] DEBUG:colcon.colcon_core.event_handler.log_command:Invoked command in '/home/benny/ros2_ws/build/my_cpp_pkg' returned '0': CMAKE_PREFIX_PATH=${CMAKE_PREFIX_PATH}:/home/benny/ros2_ws/install/my_py_pkg:/opt/ros/humble /usr/bin/cmake --install /home/benny/ros2_ws/build/my_cpp_pkg
[1.477s] Level 1:colcon.colcon_core.environment:checking '/home/benny/ros2_ws/install/my_cpp_pkg' for CMake module files
[1.479s] Level 1:colcon.colcon_core.environment:checking '/home/benny/ros2_ws/install/my_cpp_pkg' for CMake config files
[1.479s] Level 1:colcon.colcon_core.shell:create_environment_hook('my_cpp_pkg', 'cmake_prefix_path')
[1.482s] INFO:colcon.colcon_core.shell:Creating environment hook '/home/benny/ros2_ws/install/my_cpp_pkg/share/my_cpp_pkg/hook/cmake_prefix_path.ps1'
[1.484s] INFO:colcon.colcon_core.shell:Creating environment descriptor '/home/benny/ros2_ws/install/my_cpp_pkg/share/my_cpp_pkg/hook/cmake_prefix_path.dsv'
[1.484s] INFO:colcon.colcon_core.shell:Creating environment hook '/home/benny/ros2_ws/install/my_cpp_pkg/share/my_cpp_pkg/hook/cmake_prefix_path.sh'
[1.486s] Level 1:colcon.colcon_core.environment:checking '/home/benny/ros2_ws/install/my_cpp_pkg/bin'
[1.486s] Level 1:colcon.colcon_core.environment:checking '/home/benny/ros2_ws/install/my_cpp_pkg/lib/pkgconfig/my_cpp_pkg.pc'
[1.487s] Level 1:colcon.colcon_core.environment:checking '/home/benny/ros2_ws/install/my_cpp_pkg/lib/python3.10/site-packages'
[1.487s] Level 1:colcon.colcon_core.environment:checking '/home/benny/ros2_ws/install/my_cpp_pkg/bin'
[1.489s] INFO:colcon.colcon_core.shell:Creating package script '/home/benny/ros2_ws/install/my_cpp_pkg/share/my_cpp_pkg/package.ps1'
[1.494s] INFO:colcon.colcon_core.shell:Creating package descriptor '/home/benny/ros2_ws/install/my_cpp_pkg/share/my_cpp_pkg/package.dsv'
[1.507s] INFO:colcon.colcon_core.shell:Creating package script '/home/benny/ros2_ws/install/my_cpp_pkg/share/my_cpp_pkg/package.sh'
[1.508s] INFO:colcon.colcon_core.shell:Creating package script '/home/benny/ros2_ws/install/my_cpp_pkg/share/my_cpp_pkg/package.bash'
[1.509s] INFO:colcon.colcon_core.shell:Creating package script '/home/benny/ros2_ws/install/my_cpp_pkg/share/my_cpp_pkg/package.zsh'
[1.511s] Level 1:colcon.colcon_core.environment:create_file_with_runtime_dependencies(/home/benny/ros2_ws/install/my_cpp_pkg/share/colcon-core/packages/my_cpp_pkg)
[1.541s] Level 1:colcon.colcon_core.environment:create_environment_scripts_only(my_cpp_pkg)
[1.543s] Level 1:colcon.colcon_core.environment:checking '/home/benny/ros2_ws/install/my_cpp_pkg' for CMake module files
[1.543s] Level 1:colcon.colcon_core.environment:checking '/home/benny/ros2_ws/install/my_cpp_pkg' for CMake config files
[1.543s] Level 1:colcon.colcon_core.shell:create_environment_hook('my_cpp_pkg', 'cmake_prefix_path')
[1.545s] INFO:colcon.colcon_core.shell:Creating environment hook '/home/benny/ros2_ws/install/my_cpp_pkg/share/my_cpp_pkg/hook/cmake_prefix_path.ps1'
[1.545s] INFO:colcon.colcon_core.shell:Creating environment descriptor '/home/benny/ros2_ws/install/my_cpp_pkg/share/my_cpp_pkg/hook/cmake_prefix_path.dsv'
[1.546s] INFO:colcon.colcon_core.shell:Creating environment hook '/home/benny/ros2_ws/install/my_cpp_pkg/share/my_cpp_pkg/hook/cmake_prefix_path.sh'
[1.547s] Level 1:colcon.colcon_core.environment:checking '/home/benny/ros2_ws/install/my_cpp_pkg/bin'
[1.547s] Level 1:colcon.colcon_core.environment:checking '/home/benny/ros2_ws/install/my_cpp_pkg/lib/pkgconfig/my_cpp_pkg.pc'
[1.548s] Level 1:colcon.colcon_core.environment:checking '/home/benny/ros2_ws/install/my_cpp_pkg/lib/python3.10/site-packages'
[1.548s] Level 1:colcon.colcon_core.environment:checking '/home/benny/ros2_ws/install/my_cpp_pkg/bin'
[1.550s] INFO:colcon.colcon_core.shell:Creating package script '/home/benny/ros2_ws/install/my_cpp_pkg/share/my_cpp_pkg/package.ps1'
[1.551s] INFO:colcon.colcon_core.shell:Creating package descriptor '/home/benny/ros2_ws/install/my_cpp_pkg/share/my_cpp_pkg/package.dsv'
[1.551s] INFO:colcon.colcon_core.shell:Creating package script '/home/benny/ros2_ws/install/my_cpp_pkg/share/my_cpp_pkg/package.sh'
[1.552s] INFO:colcon.colcon_core.shell:Creating package script '/home/benny/ros2_ws/install/my_cpp_pkg/share/my_cpp_pkg/package.bash'
[1.553s] INFO:colcon.colcon_core.shell:Creating package script '/home/benny/ros2_ws/install/my_cpp_pkg/share/my_cpp_pkg/package.zsh'
[1.553s] Level 1:colcon.colcon_core.environment:create_file_with_runtime_dependencies(/home/benny/ros2_ws/install/my_cpp_pkg/share/colcon-core/packages/my_cpp_pkg)
[1.574s] Level 1:colcon.colcon_core.environment:checking '/home/benny/ros2_ws/install/my_py_pkg' for CMake module files
[1.575s] Level 1:colcon.colcon_core.environment:checking '/home/benny/ros2_ws/install/my_py_pkg' for CMake config files
[1.575s] Level 1:colcon.colcon_core.environment:checking '/home/benny/ros2_ws/install/my_py_pkg/lib'
[1.576s] Level 1:colcon.colcon_core.environment:checking '/home/benny/ros2_ws/install/my_py_pkg/bin'
[1.576s] Level 1:colcon.colcon_core.environment:checking '/home/benny/ros2_ws/install/my_py_pkg/lib/pkgconfig/my_py_pkg.pc'
[1.576s] Level 1:colcon.colcon_core.environment:checking '/home/benny/ros2_ws/install/my_py_pkg/lib/python3.10/site-packages'
[1.576s] Level 1:colcon.colcon_core.shell:create_environment_hook('my_py_pkg', 'pythonpath')
[1.577s] INFO:colcon.colcon_core.shell:Creating environment hook '/home/benny/ros2_ws/install/my_py_pkg/share/my_py_pkg/hook/pythonpath.ps1'
[1.578s] DEBUG:colcon.colcon_core.event_handler.log_command:Invoked command in '/home/benny/ros2_ws/src/my_py_pkg' returned '0': PYTHONPATH=/home/benny/ros2_ws/build/my_py_pkg/prefix_override:/home/benny/ros2_ws/install/my_py_pkg/lib/python3.10/site-packages:${PYTHONPATH} /usr/bin/python3 setup.py egg_info --egg-base ../../build/my_py_pkg build --build-base /home/benny/ros2_ws/build/my_py_pkg/build install --record /home/benny/ros2_ws/build/my_py_pkg/install.log --single-version-externally-managed
[1.579s] INFO:colcon.colcon_core.shell:Creating environment descriptor '/home/benny/ros2_ws/install/my_py_pkg/share/my_py_pkg/hook/pythonpath.dsv'
[1.579s] INFO:colcon.colcon_core.shell:Creating environment hook '/home/benny/ros2_ws/install/my_py_pkg/share/my_py_pkg/hook/pythonpath.sh'
[1.580s] Level 1:colcon.colcon_core.environment:checking '/home/benny/ros2_ws/install/my_py_pkg/bin'
[1.607s] Level 1:colcon.colcon_core.environment:create_environment_scripts_only(my_py_pkg)
[1.609s] INFO:colcon.colcon_core.shell:Creating package script '/home/benny/ros2_ws/install/my_py_pkg/share/my_py_pkg/package.ps1'
[1.609s] INFO:colcon.colcon_core.shell:Creating package descriptor '/home/benny/ros2_ws/install/my_py_pkg/share/my_py_pkg/package.dsv'
[1.610s] INFO:colcon.colcon_core.shell:Creating package script '/home/benny/ros2_ws/install/my_py_pkg/share/my_py_pkg/package.sh'
[1.611s] INFO:colcon.colcon_core.shell:Creating package script '/home/benny/ros2_ws/install/my_py_pkg/share/my_py_pkg/package.bash'
[1.611s] INFO:colcon.colcon_core.shell:Creating package script '/home/benny/ros2_ws/install/my_py_pkg/share/my_py_pkg/package.zsh'
[1.612s] Level 1:colcon.colcon_core.environment:create_file_with_runtime_dependencies(/home/benny/ros2_ws/install/my_py_pkg/share/colcon-core/packages/my_py_pkg)
[2.413s] DEBUG:colcon.colcon_core.event_handler.log_command:Invoked command in '/home/benny/ros2_ws/build/system_interfaces' returned '0': CMAKE_PREFIX_PATH=${CMAKE_PREFIX_PATH}:/home/benny/ros2_ws/install/my_py_pkg:/opt/ros/humble /usr/bin/cmake /home/benny/ros2_ws/src/system_interfaces -DCMAKE_INSTALL_PREFIX=/home/benny/ros2_ws/install/system_interfaces
[2.414s] DEBUG:colcon.colcon_core.event_handler.log_command:Invoking command in '/home/benny/ros2_ws/build/system_interfaces': CMAKE_PREFIX_PATH=${CMAKE_PREFIX_PATH}:/home/benny/ros2_ws/install/my_py_pkg:/opt/ros/humble /usr/bin/cmake --build /home/benny/ros2_ws/build/system_interfaces -- -j8 -l8
[5.083s] DEBUG:colcon.colcon_core.event_handler.log_command:Invoked command in '/home/benny/ros2_ws/build/system_interfaces' returned '0': CMAKE_PREFIX_PATH=${CMAKE_PREFIX_PATH}:/home/benny/ros2_ws/install/my_py_pkg:/opt/ros/humble /usr/bin/cmake --build /home/benny/ros2_ws/build/system_interfaces -- -j8 -l8
[5.162s] DEBUG:colcon.colcon_core.event_handler.log_command:Invoking command in '/home/benny/ros2_ws/build/system_interfaces': CMAKE_PREFIX_PATH=${CMAKE_PREFIX_PATH}:/home/benny/ros2_ws/install/my_py_pkg:/opt/ros/humble /usr/bin/cmake --install /home/benny/ros2_ws/build/system_interfaces
[5.267s] Level 1:colcon.colcon_core.environment:create_environment_scripts_only(system_interfaces)
[5.269s] Level 1:colcon.colcon_core.environment:checking '/home/benny/ros2_ws/install/system_interfaces' for CMake module files
[5.272s] Level 1:colcon.colcon_core.environment:checking '/home/benny/ros2_ws/install/system_interfaces' for CMake config files
[5.285s] DEBUG:colcon.colcon_core.event_handler.log_command:Invoked command in '/home/benny/ros2_ws/build/system_interfaces' returned '0': CMAKE_PREFIX_PATH=${CMAKE_PREFIX_PATH}:/home/benny/ros2_ws/install/my_py_pkg:/opt/ros/humble /usr/bin/cmake --install /home/benny/ros2_ws/build/system_interfaces
[5.287s] Level 1:colcon.colcon_core.shell:create_environment_hook('system_interfaces', 'cmake_prefix_path')
[5.288s] INFO:colcon.colcon_core.shell:Creating environment hook '/home/benny/ros2_ws/install/system_interfaces/share/system_interfaces/hook/cmake_prefix_path.ps1'
[5.289s] INFO:colcon.colcon_core.shell:Creating environment descriptor '/home/benny/ros2_ws/install/system_interfaces/share/system_interfaces/hook/cmake_prefix_path.dsv'
[5.291s] INFO:colcon.colcon_core.shell:Creating environment hook '/home/benny/ros2_ws/install/system_interfaces/share/system_interfaces/hook/cmake_prefix_path.sh'
[5.293s] Level 1:colcon.colcon_core.environment:checking '/home/benny/ros2_ws/install/system_interfaces/lib'
[5.296s] Level 1:colcon.colcon_core.shell:create_environment_hook('system_interfaces', 'ld_library_path_lib')
[5.298s] INFO:colcon.colcon_core.shell:Creating environment hook '/home/benny/ros2_ws/install/system_interfaces/share/system_interfaces/hook/ld_library_path_lib.ps1'
[5.300s] INFO:colcon.colcon_core.shell:Creating environment descriptor '/home/benny/ros2_ws/install/system_interfaces/share/system_interfaces/hook/ld_library_path_lib.dsv'
[5.300s] INFO:colcon.colcon_core.shell:Creating environment hook '/home/benny/ros2_ws/install/system_interfaces/share/system_interfaces/hook/ld_library_path_lib.sh'
[5.301s] Level 1:colcon.colcon_core.environment:checking '/home/benny/ros2_ws/install/system_interfaces/bin'
[5.303s] Level 1:colcon.colcon_core.environment:checking '/home/benny/ros2_ws/install/system_interfaces/lib/pkgconfig/system_interfaces.pc'
[5.304s] Level 1:colcon.colcon_core.environment:checking '/home/benny/ros2_ws/install/system_interfaces/lib/python3.10/site-packages'
[5.307s] Level 1:colcon.colcon_core.environment:checking '/home/benny/ros2_ws/install/system_interfaces/bin'
[5.309s] INFO:colcon.colcon_core.shell:Creating package script '/home/benny/ros2_ws/install/system_interfaces/share/system_interfaces/package.ps1'
[5.310s] INFO:colcon.colcon_core.shell:Creating package descriptor '/home/benny/ros2_ws/install/system_interfaces/share/system_interfaces/package.dsv'
[5.312s] INFO:colcon.colcon_core.shell:Creating package script '/home/benny/ros2_ws/install/system_interfaces/share/system_interfaces/package.sh'
[5.313s] INFO:colcon.colcon_core.shell:Creating package script '/home/benny/ros2_ws/install/system_interfaces/share/system_interfaces/package.bash'
[5.315s] INFO:colcon.colcon_core.shell:Creating package script '/home/benny/ros2_ws/install/system_interfaces/share/system_interfaces/package.zsh'
[5.315s] Level 1:colcon.colcon_core.environment:create_file_with_runtime_dependencies(/home/benny/ros2_ws/install/system_interfaces/share/colcon-core/packages/system_interfaces)
[5.520s] Level 1:colcon.colcon_core.environment:create_environment_scripts_only(system_interfaces)
[5.522s] Level 1:colcon.colcon_core.environment:checking '/home/benny/ros2_ws/install/system_interfaces' for CMake module files
[5.522s] Level 1:colcon.colcon_core.environment:checking '/home/benny/ros2_ws/install/system_interfaces' for CMake config files
[5.523s] Level 1:colcon.colcon_core.shell:create_environment_hook('system_interfaces', 'cmake_prefix_path')
[5.524s] INFO:colcon.colcon_core.shell:Creating environment hook '/home/benny/ros2_ws/install/system_interfaces/share/system_interfaces/hook/cmake_prefix_path.ps1'
[5.525s] INFO:colcon.colcon_core.shell:Creating environment descriptor '/home/benny/ros2_ws/install/system_interfaces/share/system_interfaces/hook/cmake_prefix_path.dsv'
[5.525s] INFO:colcon.colcon_core.shell:Creating environment hook '/home/benny/ros2_ws/install/system_interfaces/share/system_interfaces/hook/cmake_prefix_path.sh'
[5.526s] Level 1:colcon.colcon_core.environment:checking '/home/benny/ros2_ws/install/system_interfaces/lib'
[5.526s] Level 1:colcon.colcon_core.shell:create_environment_hook('system_interfaces', 'ld_library_path_lib')
[5.527s] INFO:colcon.colcon_core.shell:Creating environment hook '/home/benny/ros2_ws/install/system_interfaces/share/system_interfaces/hook/ld_library_path_lib.ps1'
[5.528s] INFO:colcon.colcon_core.shell:Creating environment descriptor '/home/benny/ros2_ws/install/system_interfaces/share/system_interfaces/hook/ld_library_path_lib.dsv'
[5.528s] INFO:colcon.colcon_core.shell:Creating environment hook '/home/benny/ros2_ws/install/system_interfaces/share/system_interfaces/hook/ld_library_path_lib.sh'
[5.529s] Level 1:colcon.colcon_core.environment:checking '/home/benny/ros2_ws/install/system_interfaces/bin'
[5.529s] Level 1:colcon.colcon_core.environment:checking '/home/benny/ros2_ws/install/system_interfaces/lib/pkgconfig/system_interfaces.pc'
[5.529s] Level 1:colcon.colcon_core.environment:checking '/home/benny/ros2_ws/install/system_interfaces/lib/python3.10/site-packages'
[5.529s] Level 1:colcon.colcon_core.environment:checking '/home/benny/ros2_ws/install/system_interfaces/bin'
[5.531s] INFO:colcon.colcon_core.shell:Creating package script '/home/benny/ros2_ws/install/system_interfaces/share/system_interfaces/package.ps1'
[5.531s] INFO:colcon.colcon_core.shell:Creating package descriptor '/home/benny/ros2_ws/install/system_interfaces/share/system_interfaces/package.dsv'
[5.532s] INFO:colcon.colcon_core.shell:Creating package script '/home/benny/ros2_ws/install/system_interfaces/share/system_interfaces/package.sh'
[5.533s] INFO:colcon.colcon_core.shell:Creating package script '/home/benny/ros2_ws/install/system_interfaces/share/system_interfaces/package.bash'
[5.533s] INFO:colcon.colcon_core.shell:Creating package script '/home/benny/ros2_ws/install/system_interfaces/share/system_interfaces/package.zsh'
[5.533s] Level 1:colcon.colcon_core.environment:create_file_with_runtime_dependencies(/home/benny/ros2_ws/install/system_interfaces/share/colcon-core/packages/system_interfaces)
[5.534s] INFO:colcon.colcon_ros.task.ament_python.build:Building ROS package in '/home/benny/ros2_ws/src/pros_library' with build type 'ament_python'
[5.534s] Level 1:colcon.colcon_core.shell:create_environment_hook('pros_library', 'ament_prefix_path')
[5.536s] INFO:colcon.colcon_core.shell:Creating environment hook '/home/benny/ros2_ws/install/pros_library/share/pros_library/hook/ament_prefix_path.ps1'
[5.540s] INFO:colcon.colcon_core.shell:Creating environment descriptor '/home/benny/ros2_ws/install/pros_library/share/pros_library/hook/ament_prefix_path.dsv'
[5.541s] INFO:colcon.colcon_core.shell:Creating environment hook '/home/benny/ros2_ws/install/pros_library/share/pros_library/hook/ament_prefix_path.sh'
[5.542s] INFO:colcon.colcon_core.shell:Skip shell extension 'powershell' for command environment: Not usable outside of PowerShell
[5.542s] DEBUG:colcon.colcon_core.shell:Skip shell extension 'dsv' for command environment
[5.548s] INFO:colcon.colcon_ros.task.ament_cmake.build:Building ROS package in '/home/benny/ros2_ws/src/monitor_system' with build type 'ament_cmake'
[5.548s] INFO:colcon.colcon_cmake.task.cmake.build:Building CMake package in '/home/benny/ros2_ws/src/monitor_system'
[5.550s] INFO:colcon.colcon_core.shell:Skip shell extension 'powershell' for command environment: Not usable outside of PowerShell
[5.550s] DEBUG:colcon.colcon_core.shell:Skip shell extension 'dsv' for command environment
[5.955s] INFO:colcon.colcon_core.task.python.build:Building Python package in '/home/benny/ros2_ws/src/pros_library'
[5.957s] INFO:colcon.colcon_core.shell:Skip shell extension 'powershell' for command environment: Not usable outside of PowerShell
[5.960s] DEBUG:colcon.colcon_core.shell:Skip shell extension 'dsv' for command environment
[5.977s] DEBUG:colcon.colcon_core.event_handler.log_command:Invoking command in '/home/benny/ros2_ws/build/monitor_system': AMENT_PREFIX_PATH=/home/benny/ros2_ws/install/system_interfaces:${AMENT_PREFIX_PATH} CMAKE_PREFIX_PATH=/home/benny/ros2_ws/install/system_interfaces:/home/benny/ros2_ws/install/my_cpp_pkg:/home/benny/ros2_ws/install/my_py_pkg:/opt/ros/humble LD_LIBRARY_PATH=/home/benny/ros2_ws/install/system_interfaces/lib:${LD_LIBRARY_PATH} PYTHONPATH=/home/benny/ros2_ws/install/system_interfaces/local/lib/python3.10/dist-packages:${PYTHONPATH} /usr/bin/cmake /home/benny/ros2_ws/src/monitor_system -DCMAKE_INSTALL_PREFIX=/home/benny/ros2_ws/install/monitor_system
[6.414s] DEBUG:colcon.colcon_core.event_handler.log_command:Invoking command in '/home/benny/ros2_ws/src/pros_library': AMENT_PREFIX_PATH=/home/benny/ros2_ws/install/system_interfaces:${AMENT_PREFIX_PATH} CMAKE_PREFIX_PATH=/home/benny/ros2_ws/install/system_interfaces:${CMAKE_PREFIX_PATH} LD_LIBRARY_PATH=/home/benny/ros2_ws/install/system_interfaces/lib:${LD_LIBRARY_PATH} PYTHONPATH=/home/benny/ros2_ws/build/pros_library/prefix_override:/home/benny/ros2_ws/install/pros_library/lib/python3.10/site-packages:/home/benny/ros2_ws/install/system_interfaces/local/lib/python3.10/dist-packages:${PYTHONPATH} /usr/bin/python3 setup.py egg_info --egg-base ../../build/pros_library build --build-base /home/benny/ros2_ws/build/pros_library/build install --record /home/benny/ros2_ws/build/pros_library/install.log --single-version-externally-managed
[6.747s] Level 1:colcon.colcon_core.environment:checking '/home/benny/ros2_ws/install/pros_library' for CMake module files
[6.748s] Level 1:colcon.colcon_core.environment:checking '/home/benny/ros2_ws/install/pros_library' for CMake config files
[6.749s] Level 1:colcon.colcon_core.environment:checking '/home/benny/ros2_ws/install/pros_library/lib'
[6.749s] Level 1:colcon.colcon_core.environment:checking '/home/benny/ros2_ws/install/pros_library/bin'
[6.749s] Level 1:colcon.colcon_core.environment:checking '/home/benny/ros2_ws/install/pros_library/lib/pkgconfig/pros_library.pc'
[6.749s] Level 1:colcon.colcon_core.environment:checking '/home/benny/ros2_ws/install/pros_library/lib/python3.10/site-packages'
[6.750s] Level 1:colcon.colcon_core.shell:create_environment_hook('pros_library', 'pythonpath')
[6.751s] INFO:colcon.colcon_core.shell:Creating environment hook '/home/benny/ros2_ws/install/pros_library/share/pros_library/hook/pythonpath.ps1'
[6.751s] INFO:colcon.colcon_core.shell:Creating environment descriptor '/home/benny/ros2_ws/install/pros_library/share/pros_library/hook/pythonpath.dsv'
[6.748s] DEBUG:colcon.colcon_core.event_handler.log_command:Invoked command in '/home/benny/ros2_ws/src/pros_library' returned '0': AMENT_PREFIX_PATH=/home/benny/ros2_ws/install/system_interfaces:${AMENT_PREFIX_PATH} CMAKE_PREFIX_PATH=/home/benny/ros2_ws/install/system_interfaces:${CMAKE_PREFIX_PATH} LD_LIBRARY_PATH=/home/benny/ros2_ws/install/system_interfaces/lib:${LD_LIBRARY_PATH} PYTHONPATH=/home/benny/ros2_ws/build/pros_library/prefix_override:/home/benny/ros2_ws/install/pros_library/lib/python3.10/site-packages:/home/benny/ros2_ws/install/system_interfaces/local/lib/python3.10/dist-packages:${PYTHONPATH} /usr/bin/python3 setup.py egg_info --egg-base ../../build/pros_library build --build-base /home/benny/ros2_ws/build/pros_library/build install --record /home/benny/ros2_ws/build/pros_library/install.log --single-version-externally-managed
[6.752s] INFO:colcon.colcon_core.shell:Creating environment hook '/home/benny/ros2_ws/install/pros_library/share/pros_library/hook/pythonpath.sh'
[6.752s] Level 1:colcon.colcon_core.environment:checking '/home/benny/ros2_ws/install/pros_library/bin'
[6.752s] Level 1:colcon.colcon_core.environment:create_environment_scripts_only(pros_library)
[6.754s] INFO:colcon.colcon_core.shell:Creating package script '/home/benny/ros2_ws/install/pros_library/share/pros_library/package.ps1'
[6.754s] INFO:colcon.colcon_core.shell:Creating package descriptor '/home/benny/ros2_ws/install/pros_library/share/pros_library/package.dsv'
[6.755s] INFO:colcon.colcon_core.shell:Creating package script '/home/benny/ros2_ws/install/pros_library/share/pros_library/package.sh'
[6.755s] INFO:colcon.colcon_core.shell:Creating package script '/home/benny/ros2_ws/install/pros_library/share/pros_library/package.bash'
[6.756s] INFO:colcon.colcon_core.shell:Creating package script '/home/benny/ros2_ws/install/pros_library/share/pros_library/package.zsh'
[6.756s] Level 1:colcon.colcon_core.environment:create_file_with_runtime_dependencies(/home/benny/ros2_ws/install/pros_library/share/colcon-core/packages/pros_library)
[6.756s] INFO:colcon.colcon_ros.task.ament_python.build:Building ROS package in '/home/benny/ros2_ws/src/template' with build type 'ament_python'
[6.757s] Level 1:colcon.colcon_core.shell:create_environment_hook('template', 'ament_prefix_path')
[6.758s] INFO:colcon.colcon_core.shell:Creating environment hook '/home/benny/ros2_ws/install/template/share/template/hook/ament_prefix_path.ps1'
[6.758s] INFO:colcon.colcon_core.shell:Creating environment descriptor '/home/benny/ros2_ws/install/template/share/template/hook/ament_prefix_path.dsv'
[6.759s] INFO:colcon.colcon_core.shell:Creating environment hook '/home/benny/ros2_ws/install/template/share/template/hook/ament_prefix_path.sh'
[6.760s] INFO:colcon.colcon_core.shell:Skip shell extension 'powershell' for command environment: Not usable outside of PowerShell
[6.760s] DEBUG:colcon.colcon_core.shell:Skip shell extension 'dsv' for command environment
[6.765s] INFO:colcon.colcon_ros.task.ament_python.build:Building ROS package in '/home/benny/ros2_ws/src/test_node' with build type 'ament_python'
[6.766s] Level 1:colcon.colcon_core.shell:create_environment_hook('test_node', 'ament_prefix_path')
[6.767s] INFO:colcon.colcon_core.shell:Creating environment hook '/home/benny/ros2_ws/install/test_node/share/test_node/hook/ament_prefix_path.ps1'
[6.768s] INFO:colcon.colcon_core.shell:Creating environment descriptor '/home/benny/ros2_ws/install/test_node/share/test_node/hook/ament_prefix_path.dsv'
[6.768s] INFO:colcon.colcon_core.shell:Creating environment hook '/home/benny/ros2_ws/install/test_node/share/test_node/hook/ament_prefix_path.sh'
[6.769s] INFO:colcon.colcon_core.shell:Skip shell extension 'powershell' for command environment: Not usable outside of PowerShell
[6.770s] DEBUG:colcon.colcon_core.shell:Skip shell extension 'dsv' for command environment
[7.075s] INFO:colcon.colcon_core.task.python.build:Building Python package in '/home/benny/ros2_ws/src/template'
[7.076s] INFO:colcon.colcon_core.shell:Skip shell extension 'powershell' for command environment: Not usable outside of PowerShell
[7.076s] DEBUG:colcon.colcon_core.shell:Skip shell extension 'dsv' for command environment
[7.379s] INFO:colcon.colcon_core.task.python.build:Building Python package in '/home/benny/ros2_ws/src/test_node'
[7.381s] INFO:colcon.colcon_core.shell:Skip shell extension 'powershell' for command environment: Not usable outside of PowerShell
[7.381s] DEBUG:colcon.colcon_core.shell:Skip shell extension 'dsv' for command environment
[7.710s] DEBUG:colcon.colcon_core.event_handler.log_command:Invoked command in '/home/benny/ros2_ws/build/monitor_system' returned '0': AMENT_PREFIX_PATH=/home/benny/ros2_ws/install/system_interfaces:${AMENT_PREFIX_PATH} CMAKE_PREFIX_PATH=/home/benny/ros2_ws/install/system_interfaces:/home/benny/ros2_ws/install/my_cpp_pkg:/home/benny/ros2_ws/install/my_py_pkg:/opt/ros/humble LD_LIBRARY_PATH=/home/benny/ros2_ws/install/system_interfaces/lib:${LD_LIBRARY_PATH} PYTHONPATH=/home/benny/ros2_ws/install/system_interfaces/local/lib/python3.10/dist-packages:${PYTHONPATH} /usr/bin/cmake /home/benny/ros2_ws/src/monitor_system -DCMAKE_INSTALL_PREFIX=/home/benny/ros2_ws/install/monitor_system
[7.713s] DEBUG:colcon.colcon_core.event_handler.log_command:Invoking command in '/home/benny/ros2_ws/build/monitor_system': AMENT_PREFIX_PATH=/home/benny/ros2_ws/install/system_interfaces:${AMENT_PREFIX_PATH} CMAKE_PREFIX_PATH=/home/benny/ros2_ws/install/system_interfaces:/home/benny/ros2_ws/install/my_cpp_pkg:/home/benny/ros2_ws/install/my_py_pkg:/opt/ros/humble LD_LIBRARY_PATH=/home/benny/ros2_ws/install/system_interfaces/lib:${LD_LIBRARY_PATH} PYTHONPATH=/home/benny/ros2_ws/install/system_interfaces/local/lib/python3.10/dist-packages:${PYTHONPATH} /usr/bin/cmake --build /home/benny/ros2_ws/build/monitor_system -- -j8 -l8
[7.818s] DEBUG:colcon.colcon_core.event_handler.log_command:Invoking command in '/home/benny/ros2_ws/src/template': AMENT_PREFIX_PATH=/home/benny/ros2_ws/install/pros_library:/home/benny/ros2_ws/install/system_interfaces:${AMENT_PREFIX_PATH} CMAKE_PREFIX_PATH=/home/benny/ros2_ws/install/system_interfaces:${CMAKE_PREFIX_PATH} LD_LIBRARY_PATH=/home/benny/ros2_ws/install/system_interfaces/lib:${LD_LIBRARY_PATH} PYTHONPATH=/home/benny/ros2_ws/build/template/prefix_override:/home/benny/ros2_ws/install/template/lib/python3.10/site-packages:/home/benny/ros2_ws/install/pros_library/lib/python3.10/site-packages:/home/benny/ros2_ws/install/system_interfaces/local/lib/python3.10/dist-packages:${PYTHONPATH} /usr/bin/python3 setup.py egg_info --egg-base ../../build/template build --build-base /home/benny/ros2_ws/build/template/build install --record /home/benny/ros2_ws/build/template/install.log --single-version-externally-managed
[7.822s] DEBUG:colcon.colcon_core.event_handler.log_command:Invoking command in '/home/benny/ros2_ws/src/test_node': AMENT_PREFIX_PATH=/home/benny/ros2_ws/install/pros_library:/home/benny/ros2_ws/install/system_interfaces:${AMENT_PREFIX_PATH} CMAKE_PREFIX_PATH=/home/benny/ros2_ws/install/system_interfaces:${CMAKE_PREFIX_PATH} LD_LIBRARY_PATH=/home/benny/ros2_ws/install/system_interfaces/lib:${LD_LIBRARY_PATH} PYTHONPATH=/home/benny/ros2_ws/build/test_node/prefix_override:/home/benny/ros2_ws/install/test_node/lib/python3.10/site-packages:/home/benny/ros2_ws/install/pros_library/lib/python3.10/site-packages:/home/benny/ros2_ws/install/system_interfaces/local/lib/python3.10/dist-packages:${PYTHONPATH} /usr/bin/python3 setup.py egg_info --egg-base ../../build/test_node build --build-base /home/benny/ros2_ws/build/test_node/build install --record /home/benny/ros2_ws/build/test_node/install.log --single-version-externally-managed
[8.182s] Level 1:colcon.colcon_core.environment:checking '/home/benny/ros2_ws/install/template' for CMake module files
[8.183s] DEBUG:colcon.colcon_core.event_handler.log_command:Invoked command in '/home/benny/ros2_ws/src/template' returned '0': AMENT_PREFIX_PATH=/home/benny/ros2_ws/install/pros_library:/home/benny/ros2_ws/install/system_interfaces:${AMENT_PREFIX_PATH} CMAKE_PREFIX_PATH=/home/benny/ros2_ws/install/system_interfaces:${CMAKE_PREFIX_PATH} LD_LIBRARY_PATH=/home/benny/ros2_ws/install/system_interfaces/lib:${LD_LIBRARY_PATH} PYTHONPATH=/home/benny/ros2_ws/build/template/prefix_override:/home/benny/ros2_ws/install/template/lib/python3.10/site-packages:/home/benny/ros2_ws/install/pros_library/lib/python3.10/site-packages:/home/benny/ros2_ws/install/system_interfaces/local/lib/python3.10/dist-packages:${PYTHONPATH} /usr/bin/python3 setup.py egg_info --egg-base ../../build/template build --build-base /home/benny/ros2_ws/build/template/build install --record /home/benny/ros2_ws/build/template/install.log --single-version-externally-managed
[8.183s] Level 1:colcon.colcon_core.environment:checking '/home/benny/ros2_ws/install/template' for CMake config files
[8.183s] Level 1:colcon.colcon_core.environment:checking '/home/benny/ros2_ws/install/template/lib'
[8.184s] Level 1:colcon.colcon_core.environment:checking '/home/benny/ros2_ws/install/template/bin'
[8.184s] Level 1:colcon.colcon_core.environment:checking '/home/benny/ros2_ws/install/template/lib/pkgconfig/template.pc'
[8.184s] Level 1:colcon.colcon_core.environment:checking '/home/benny/ros2_ws/install/template/lib/python3.10/site-packages'
[8.184s] Level 1:colcon.colcon_core.shell:create_environment_hook('template', 'pythonpath')
[8.186s] INFO:colcon.colcon_core.shell:Creating environment hook '/home/benny/ros2_ws/install/template/share/template/hook/pythonpath.ps1'
[8.190s] INFO:colcon.colcon_core.shell:Creating environment descriptor '/home/benny/ros2_ws/install/template/share/template/hook/pythonpath.dsv'
[8.190s] INFO:colcon.colcon_core.shell:Creating environment hook '/home/benny/ros2_ws/install/template/share/template/hook/pythonpath.sh'
[8.191s] Level 1:colcon.colcon_core.environment:checking '/home/benny/ros2_ws/install/template/bin'
[8.191s] Level 1:colcon.colcon_core.environment:create_environment_scripts_only(template)
[8.193s] INFO:colcon.colcon_core.shell:Creating package script '/home/benny/ros2_ws/install/template/share/template/package.ps1'
[8.193s] INFO:colcon.colcon_core.shell:Creating package descriptor '/home/benny/ros2_ws/install/template/share/template/package.dsv'
[8.194s] INFO:colcon.colcon_core.shell:Creating package script '/home/benny/ros2_ws/install/template/share/template/package.sh'
[8.194s] INFO:colcon.colcon_core.shell:Creating package script '/home/benny/ros2_ws/install/template/share/template/package.bash'
[8.194s] INFO:colcon.colcon_core.shell:Creating package script '/home/benny/ros2_ws/install/template/share/template/package.zsh'
[8.195s] Level 1:colcon.colcon_core.environment:create_file_with_runtime_dependencies(/home/benny/ros2_ws/install/template/share/colcon-core/packages/template)
[8.198s] Level 1:colcon.colcon_core.environment:checking '/home/benny/ros2_ws/install/test_node' for CMake module files
[8.198s] Level 1:colcon.colcon_core.environment:checking '/home/benny/ros2_ws/install/test_node' for CMake config files
[8.199s] Level 1:colcon.colcon_core.environment:checking '/home/benny/ros2_ws/install/test_node/lib'
[8.199s] Level 1:colcon.colcon_core.environment:checking '/home/benny/ros2_ws/install/test_node/bin'
[8.199s] Level 1:colcon.colcon_core.environment:checking '/home/benny/ros2_ws/install/test_node/lib/pkgconfig/test_node.pc'
[8.199s] Level 1:colcon.colcon_core.environment:checking '/home/benny/ros2_ws/install/test_node/lib/python3.10/site-packages'
[8.199s] Level 1:colcon.colcon_core.shell:create_environment_hook('test_node', 'pythonpath')
[8.201s] INFO:colcon.colcon_core.shell:Creating environment hook '/home/benny/ros2_ws/install/test_node/share/test_node/hook/pythonpath.ps1'
[8.201s] INFO:colcon.colcon_core.shell:Creating environment descriptor '/home/benny/ros2_ws/install/test_node/share/test_node/hook/pythonpath.dsv'
[8.202s] INFO:colcon.colcon_core.shell:Creating environment hook '/home/benny/ros2_ws/install/test_node/share/test_node/hook/pythonpath.sh'
[8.202s] Level 1:colcon.colcon_core.environment:checking '/home/benny/ros2_ws/install/test_node/bin'
[8.202s] Level 1:colcon.colcon_core.environment:create_environment_scripts_only(test_node)
[8.204s] INFO:colcon.colcon_core.shell:Creating package script '/home/benny/ros2_ws/install/test_node/share/test_node/package.ps1'
[8.204s] INFO:colcon.colcon_core.shell:Creating package descriptor '/home/benny/ros2_ws/install/test_node/share/test_node/package.dsv'
[8.205s] INFO:colcon.colcon_core.shell:Creating package script '/home/benny/ros2_ws/install/test_node/share/test_node/package.sh'
[8.205s] INFO:colcon.colcon_core.shell:Creating package script '/home/benny/ros2_ws/install/test_node/share/test_node/package.bash'
[8.206s] INFO:colcon.colcon_core.shell:Creating package script '/home/benny/ros2_ws/install/test_node/share/test_node/package.zsh'
[8.206s] Level 1:colcon.colcon_core.environment:create_file_with_runtime_dependencies(/home/benny/ros2_ws/install/test_node/share/colcon-core/packages/test_node)
[8.207s] DEBUG:colcon.colcon_core.event_handler.log_command:Invoked command in '/home/benny/ros2_ws/src/test_node' returned '0': AMENT_PREFIX_PATH=/home/benny/ros2_ws/install/pros_library:/home/benny/ros2_ws/install/system_interfaces:${AMENT_PREFIX_PATH} CMAKE_PREFIX_PATH=/home/benny/ros2_ws/install/system_interfaces:${CMAKE_PREFIX_PATH} LD_LIBRARY_PATH=/home/benny/ros2_ws/install/system_interfaces/lib:${LD_LIBRARY_PATH} PYTHONPATH=/home/benny/ros2_ws/build/test_node/prefix_override:/home/benny/ros2_ws/install/test_node/lib/python3.10/site-packages:/home/benny/ros2_ws/install/pros_library/lib/python3.10/site-packages:/home/benny/ros2_ws/install/system_interfaces/local/lib/python3.10/dist-packages:${PYTHONPATH} /usr/bin/python3 setup.py egg_info --egg-base ../../build/test_node build --build-base /home/benny/ros2_ws/build/test_node/build install --record /home/benny/ros2_ws/build/test_node/install.log --single-version-externally-managed
[22.597s] DEBUG:colcon.colcon_core.event_handler.log_command:Invoked command in '/home/benny/ros2_ws/build/monitor_system' returned '0': AMENT_PREFIX_PATH=/home/benny/ros2_ws/install/system_interfaces:${AMENT_PREFIX_PATH} CMAKE_PREFIX_PATH=/home/benny/ros2_ws/install/system_interfaces:/home/benny/ros2_ws/install/my_cpp_pkg:/home/benny/ros2_ws/install/my_py_pkg:/opt/ros/humble LD_LIBRARY_PATH=/home/benny/ros2_ws/install/system_interfaces/lib:${LD_LIBRARY_PATH} PYTHONPATH=/home/benny/ros2_ws/install/system_interfaces/local/lib/python3.10/dist-packages:${PYTHONPATH} /usr/bin/cmake --build /home/benny/ros2_ws/build/monitor_system -- -j8 -l8
[22.620s] DEBUG:colcon.colcon_core.event_handler.log_command:Invoking command in '/home/benny/ros2_ws/build/monitor_system': AMENT_PREFIX_PATH=/home/benny/ros2_ws/install/system_interfaces:${AMENT_PREFIX_PATH} CMAKE_PREFIX_PATH=/home/benny/ros2_ws/install/system_interfaces:/home/benny/ros2_ws/install/my_cpp_pkg:/home/benny/ros2_ws/install/my_py_pkg:/opt/ros/humble LD_LIBRARY_PATH=/home/benny/ros2_ws/install/system_interfaces/lib:${LD_LIBRARY_PATH} PYTHONPATH=/home/benny/ros2_ws/install/system_interfaces/local/lib/python3.10/dist-packages:${PYTHONPATH} /usr/bin/cmake --install /home/benny/ros2_ws/build/monitor_system
[22.644s] Level 1:colcon.colcon_core.environment:create_environment_scripts_only(monitor_system)
[22.644s] DEBUG:colcon.colcon_core.event_handler.log_command:Invoked command in '/home/benny/ros2_ws/build/monitor_system' returned '0': AMENT_PREFIX_PATH=/home/benny/ros2_ws/install/system_interfaces:${AMENT_PREFIX_PATH} CMAKE_PREFIX_PATH=/home/benny/ros2_ws/install/system_interfaces:/home/benny/ros2_ws/install/my_cpp_pkg:/home/benny/ros2_ws/install/my_py_pkg:/opt/ros/humble LD_LIBRARY_PATH=/home/benny/ros2_ws/install/system_interfaces/lib:${LD_LIBRARY_PATH} PYTHONPATH=/home/benny/ros2_ws/install/system_interfaces/local/lib/python3.10/dist-packages:${PYTHONPATH} /usr/bin/cmake --install /home/benny/ros2_ws/build/monitor_system
[22.664s] Level 1:colcon.colcon_core.environment:checking '/home/benny/ros2_ws/install/monitor_system' for CMake module files
[22.664s] Level 1:colcon.colcon_core.environment:checking '/home/benny/ros2_ws/install/monitor_system' for CMake config files
[22.664s] Level 1:colcon.colcon_core.shell:create_environment_hook('monitor_system', 'cmake_prefix_path')
[22.665s] INFO:colcon.colcon_core.shell:Creating environment hook '/home/benny/ros2_ws/install/monitor_system/share/monitor_system/hook/cmake_prefix_path.ps1'
[22.666s] INFO:colcon.colcon_core.shell:Creating environment descriptor '/home/benny/ros2_ws/install/monitor_system/share/monitor_system/hook/cmake_prefix_path.dsv'
[22.666s] INFO:colcon.colcon_core.shell:Creating environment hook '/home/benny/ros2_ws/install/monitor_system/share/monitor_system/hook/cmake_prefix_path.sh'
[22.667s] Level 1:colcon.colcon_core.environment:checking '/home/benny/ros2_ws/install/monitor_system/lib'
[22.667s] Level 1:colcon.colcon_core.environment:checking '/home/benny/ros2_ws/install/monitor_system/bin'
[22.667s] Level 1:colcon.colcon_core.environment:checking '/home/benny/ros2_ws/install/monitor_system/lib/pkgconfig/monitor_system.pc'
[22.668s] Level 1:colcon.colcon_core.environment:checking '/home/benny/ros2_ws/install/monitor_system/lib/python3.10/site-packages'
[22.668s] Level 1:colcon.colcon_core.environment:checking '/home/benny/ros2_ws/install/monitor_system/bin'
[22.669s] INFO:colcon.colcon_core.shell:Creating package script '/home/benny/ros2_ws/install/monitor_system/share/monitor_system/package.ps1'
[22.669s] INFO:colcon.colcon_core.shell:Creating package descriptor '/home/benny/ros2_ws/install/monitor_system/share/monitor_system/package.dsv'
[22.670s] INFO:colcon.colcon_core.shell:Creating package script '/home/benny/ros2_ws/install/monitor_system/share/monitor_system/package.sh'
[22.670s] INFO:colcon.colcon_core.shell:Creating package script '/home/benny/ros2_ws/install/monitor_system/share/monitor_system/package.bash'
[22.670s] INFO:colcon.colcon_core.shell:Creating package script '/home/benny/ros2_ws/install/monitor_system/share/monitor_system/package.zsh'
[22.671s] Level 1:colcon.colcon_core.environment:create_file_with_runtime_dependencies(/home/benny/ros2_ws/install/monitor_system/share/colcon-core/packages/monitor_system)
[22.690s] Level 1:colcon.colcon_core.environment:create_environment_scripts_only(monitor_system)
[22.691s] Level 1:colcon.colcon_core.environment:checking '/home/benny/ros2_ws/install/monitor_system' for CMake module files
[22.691s] Level 1:colcon.colcon_core.environment:checking '/home/benny/ros2_ws/install/monitor_system' for CMake config files
[22.692s] Level 1:colcon.colcon_core.shell:create_environment_hook('monitor_system', 'cmake_prefix_path')
[22.692s] INFO:colcon.colcon_core.shell:Creating environment hook '/home/benny/ros2_ws/install/monitor_system/share/monitor_system/hook/cmake_prefix_path.ps1'
[22.693s] INFO:colcon.colcon_core.shell:Creating environment descriptor '/home/benny/ros2_ws/install/monitor_system/share/monitor_system/hook/cmake_prefix_path.dsv'
[22.693s] INFO:colcon.colcon_core.shell:Creating environment hook '/home/benny/ros2_ws/install/monitor_system/share/monitor_system/hook/cmake_prefix_path.sh'
[22.693s] Level 1:colcon.colcon_core.environment:checking '/home/benny/ros2_ws/install/monitor_system/lib'
[22.694s] Level 1:colcon.colcon_core.environment:checking '/home/benny/ros2_ws/install/monitor_system/bin'
[22.694s] Level 1:colcon.colcon_core.environment:checking '/home/benny/ros2_ws/install/monitor_system/lib/pkgconfig/monitor_system.pc'
[22.694s] Level 1:colcon.colcon_core.environment:checking '/home/benny/ros2_ws/install/monitor_system/lib/python3.10/site-packages'
[22.694s] Level 1:colcon.colcon_core.environment:checking '/home/benny/ros2_ws/install/monitor_system/bin'
[22.695s] INFO:colcon.colcon_core.shell:Creating package script '/home/benny/ros2_ws/install/monitor_system/share/monitor_system/package.ps1'
[22.695s] INFO:colcon.colcon_core.shell:Creating package descriptor '/home/benny/ros2_ws/install/monitor_system/share/monitor_system/package.dsv'
[22.695s] INFO:colcon.colcon_core.shell:Creating package script '/home/benny/ros2_ws/install/monitor_system/share/monitor_system/package.sh'
[22.696s] INFO:colcon.colcon_core.shell:Creating package script '/home/benny/ros2_ws/install/monitor_system/share/monitor_system/package.bash'
[22.696s] INFO:colcon.colcon_core.shell:Creating package script '/home/benny/ros2_ws/install/monitor_system/share/monitor_system/package.zsh'
[22.696s] Level 1:colcon.colcon_core.environment:create_file_with_runtime_dependencies(/home/benny/ros2_ws/install/monitor_system/share/colcon-core/packages/monitor_system)
[22.697s] DEBUG:colcon.colcon_parallel_executor.executor.parallel:closing loop
[22.698s] DEBUG:colcon.colcon_parallel_executor.executor.parallel:loop closed
[22.698s] DEBUG:colcon.colcon_parallel_executor.executor.parallel:run_until_complete finished with '0'
[22.698s] DEBUG:colcon.colcon_core.event_reactor:joining thread
[22.748s] INFO:colcon.colcon_core.plugin_system:Skipping extension 'colcon_notification.desktop_notification.terminal_notifier': Not used on non-Darwin systems
[22.748s] INFO:colcon.colcon_core.plugin_system:Skipping extension 'colcon_notification.desktop_notification.win32': Not used on non-Windows systems
[22.748s] INFO:colcon.colcon_notification.desktop_notification:Sending desktop notification using 'notify2'
[22.805s] DEBUG:colcon.colcon_core.event_reactor:joined thread
[22.813s] INFO:colcon.colcon_core.shell:Creating prefix script '/home/benny/ros2_ws/install/local_setup.ps1'
[22.816s] INFO:colcon.colcon_core.shell:Creating prefix util module '/home/benny/ros2_ws/install/_local_setup_util_ps1.py'
[22.822s] INFO:colcon.colcon_core.shell:Creating prefix chain script '/home/benny/ros2_ws/install/setup.ps1'
[22.828s] INFO:colcon.colcon_core.shell:Creating prefix script '/home/benny/ros2_ws/install/local_setup.sh'
[22.829s] INFO:colcon.colcon_core.shell:Creating prefix util module '/home/benny/ros2_ws/install/_local_setup_util_sh.py'
[22.830s] INFO:colcon.colcon_core.shell:Creating prefix chain script '/home/benny/ros2_ws/install/setup.sh'
[22.831s] INFO:colcon.colcon_core.shell:Creating prefix script '/home/benny/ros2_ws/install/local_setup.bash'
[22.831s] INFO:colcon.colcon_core.shell:Creating prefix chain script '/home/benny/ros2_ws/install/setup.bash'
[22.833s] INFO:colcon.colcon_core.shell:Creating prefix script '/home/benny/ros2_ws/install/local_setup.zsh'
[22.833s] INFO:colcon.colcon_core.shell:Creating prefix chain script '/home/benny/ros2_ws/install/setup.zsh'
