[0.024s] Invoking command in '/home/benny/ros2_ws/build/system_interfaces': CMAKE_PREFIX_PATH=${CMAKE_PREFIX_PATH}:/home/benny/ros2_ws/install/my_py_pkg:/opt/ros/humble /usr/bin/cmake /home/benny/ros2_ws/src/system_interfaces -DCMAKE_INSTALL_PREFIX=/home/benny/ros2_ws/install/system_interfaces
[0.444s] -- The C compiler identification is GNU 11.4.0
[0.445s] -- The CXX compiler identification is GNU 11.4.0
[0.446s] -- Detecting C compiler ABI info
[0.446s] -- Detecting C compiler ABI info - done
[0.447s] -- Check for working C compiler: /usr/bin/cc - skipped
[0.447s] -- Detecting C compile features
[0.448s] -- Detecting C compile features - done
[0.448s] -- Detecting CXX compiler ABI info
[0.496s] -- Detecting CXX compiler ABI info - done
[0.504s] -- Check for working CXX compiler: /usr/bin/c++ - skipped
[0.513s] -- Detecting CXX compile features
[0.515s] -- Detecting CXX compile features - done
[0.520s] -- Found ament_cmake: 1.3.5 (/opt/ros/humble/share/ament_cmake/cmake)
[0.732s] -- Found Python3: /usr/bin/python3.10 (found version "3.10.12") found components: Interpreter 
[0.822s] -- Found rosidl_default_generators: 1.2.0 (/opt/ros/humble/share/rosidl_default_generators/cmake)
[0.828s] -- Using all available rosidl_typesupport_c: rosidl_typesupport_fastrtps_c;rosidl_typesupport_introspection_c
[0.832s] -- Found rosidl_adapter: 3.1.5 (/opt/ros/humble/share/rosidl_adapter/cmake)
[0.875s] -- Using all available rosidl_typesupport_cpp: rosidl_typesupport_fastrtps_cpp;rosidl_typesupport_introspection_cpp
[1.299s] -- Found ament_cmake_ros: 0.10.0 (/opt/ros/humble/share/ament_cmake_ros/cmake)
[1.479s] -- Using all available rosidl_typesupport_c: rosidl_typesupport_fastrtps_c;rosidl_typesupport_introspection_c
[1.820s] -- Using all available rosidl_typesupport_cpp: rosidl_typesupport_fastrtps_cpp;rosidl_typesupport_introspection_cpp
[1.838s] -- Found PythonInterp: /usr/bin/python3 (found suitable version "3.10.12", minimum required is "3.6") 
[1.840s] -- Found python_cmake_module: 0.10.0 (/opt/ros/humble/share/python_cmake_module/cmake)
[1.864s] -- Found PythonLibs: /usr/lib/x86_64-linux-gnu/libpython3.10.so (found suitable version "3.10.12", minimum required is "3.5") 
[1.865s] -- Using PYTHON_EXECUTABLE: /usr/bin/python3
[1.865s] -- Using PYTHON_INCLUDE_DIRS: /usr/include/python3.10
[1.865s] -- Using PYTHON_LIBRARIES: /usr/lib/x86_64-linux-gnu/libpython3.10.so
[1.891s] -- Found PythonExtra: .so  
[1.999s] -- Found ament_lint_auto: 0.12.8 (/opt/ros/humble/share/ament_lint_auto/cmake)
[2.023s] -- Added test 'lint_cmake' to check CMake code style
[2.024s] -- Added test 'xmllint' to check XML markup files
[2.025s] -- Configuring done
[2.041s] -- Generating done
[2.042s] -- Build files have been written to: /home/benny/ros2_ws/build/system_interfaces
[2.056s] Invoked command in '/home/benny/ros2_ws/build/system_interfaces' returned '0': CMAKE_PREFIX_PATH=${CMAKE_PREFIX_PATH}:/home/benny/ros2_ws/install/my_py_pkg:/opt/ros/humble /usr/bin/cmake /home/benny/ros2_ws/src/system_interfaces -DCMAKE_INSTALL_PREFIX=/home/benny/ros2_ws/install/system_interfaces
[2.056s] Invoking command in '/home/benny/ros2_ws/build/system_interfaces': CMAKE_PREFIX_PATH=${CMAKE_PREFIX_PATH}:/home/benny/ros2_ws/install/my_py_pkg:/opt/ros/humble /usr/bin/cmake --build /home/benny/ros2_ws/build/system_interfaces -- -j8 -l8
[2.100s] [  2%] [34m[1mGenerating C code for ROS interfaces[0m
[2.122s] [  5%] [34m[1mGenerating C++ code for ROS interfaces[0m
[2.131s] [  5%] Built target ament_cmake_python_copy_system_interfaces
[2.412s] running egg_info
[2.413s] creating system_interfaces.egg-info
[2.413s] writing system_interfaces.egg-info/PKG-INFO
[2.413s] writing dependency_links to system_interfaces.egg-info/dependency_links.txt
[2.413s] writing top-level names to system_interfaces.egg-info/top_level.txt
[2.413s] writing manifest file 'system_interfaces.egg-info/SOURCES.txt'
[2.416s] reading manifest file 'system_interfaces.egg-info/SOURCES.txt'
[2.416s] writing manifest file 'system_interfaces.egg-info/SOURCES.txt'
[2.444s] [  5%] Built target ament_cmake_python_build_system_interfaces_egg
[2.470s] [  5%] Built target system_interfaces__cpp
[2.481s] [  7%] [34m[1mGenerating C++ type support for eProsima Fast-RTPS[0m
[2.481s] [ 10%] [34m[1mGenerating C++ introspection for ROS interfaces[0m
[2.485s] [ 12%] [34m[1mGenerating C++ type support dispatch for ROS interfaces[0m
[2.500s] [ 17%] [32mBuilding C object CMakeFiles/system_interfaces__rosidl_generator_c.dir/rosidl_generator_c/system_interfaces/msg/detail/node_change__functions.c.o[0m
[2.500s] [ 17%] [32mBuilding C object CMakeFiles/system_interfaces__rosidl_generator_c.dir/rosidl_generator_c/system_interfaces/msg/detail/check_node__functions.c.o[0m
[2.579s] [ 20%] [32m[1mLinking C shared library libsystem_interfaces__rosidl_generator_c.so[0m
[2.621s] [ 20%] Built target system_interfaces__rosidl_generator_c
[2.633s] [ 25%] [34m[1mGenerating C type support for eProsima Fast-RTPS[0m
[2.633s] [ 25%] [34m[1mGenerating C introspection for ROS interfaces[0m
[2.636s] [ 28%] [34m[1mGenerating C type support dispatch for ROS interfaces[0m
[2.773s] [ 30%] [32mBuilding CXX object CMakeFiles/system_interfaces__rosidl_typesupport_cpp.dir/rosidl_typesupport_cpp/system_interfaces/msg/node_change__type_support.cpp.o[0m
[2.778s] [ 33%] [32mBuilding CXX object CMakeFiles/system_interfaces__rosidl_typesupport_cpp.dir/rosidl_typesupport_cpp/system_interfaces/msg/check_node__type_support.cpp.o[0m
[2.794s] [ 35%] [32mBuilding CXX object CMakeFiles/system_interfaces__rosidl_typesupport_introspection_cpp.dir/rosidl_typesupport_introspection_cpp/system_interfaces/msg/detail/node_change__type_support.cpp.o[0m
[2.795s] [ 38%] [32mBuilding CXX object CMakeFiles/system_interfaces__rosidl_typesupport_fastrtps_cpp.dir/rosidl_typesupport_fastrtps_cpp/system_interfaces/msg/detail/dds_fastrtps/node_change__type_support.cpp.o[0m
[2.810s] [ 41%] [32mBuilding CXX object CMakeFiles/system_interfaces__rosidl_typesupport_fastrtps_cpp.dir/rosidl_typesupport_fastrtps_cpp/system_interfaces/msg/detail/dds_fastrtps/check_node__type_support.cpp.o[0m
[2.963s] [ 43%] [32mBuilding CXX object CMakeFiles/system_interfaces__rosidl_typesupport_c.dir/rosidl_typesupport_c/system_interfaces/msg/node_change__type_support.cpp.o[0m
[2.992s] [ 46%] [32mBuilding C object CMakeFiles/system_interfaces__rosidl_typesupport_introspection_c.dir/rosidl_typesupport_introspection_c/system_interfaces/msg/detail/node_change__type_support.c.o[0m
[3.020s] [ 48%] [32mBuilding CXX object CMakeFiles/system_interfaces__rosidl_typesupport_c.dir/rosidl_typesupport_c/system_interfaces/msg/check_node__type_support.cpp.o[0m
[3.068s] [ 51%] [32mBuilding CXX object CMakeFiles/system_interfaces__rosidl_typesupport_fastrtps_c.dir/rosidl_typesupport_fastrtps_c/system_interfaces/msg/detail/node_change__type_support_c.cpp.o[0m
[3.100s] [ 53%] [32mBuilding C object CMakeFiles/system_interfaces__rosidl_typesupport_introspection_c.dir/rosidl_typesupport_introspection_c/system_interfaces/msg/detail/check_node__type_support.c.o[0m
[3.115s] [ 56%] [32m[1mLinking CXX shared library libsystem_interfaces__rosidl_typesupport_c.so[0m
[3.166s] [ 58%] [32mBuilding CXX object CMakeFiles/system_interfaces__rosidl_typesupport_fastrtps_c.dir/rosidl_typesupport_fastrtps_c/system_interfaces/msg/detail/check_node__type_support_c.cpp.o[0m
[3.184s] [ 61%] [32m[1mLinking CXX shared library libsystem_interfaces__rosidl_typesupport_cpp.so[0m
[3.194s] [ 61%] Built target system_interfaces__rosidl_typesupport_c
[3.200s] [ 64%] [32m[1mLinking C shared library libsystem_interfaces__rosidl_typesupport_introspection_c.so[0m
[3.208s] [ 66%] [32mBuilding CXX object CMakeFiles/system_interfaces__rosidl_typesupport_introspection_cpp.dir/rosidl_typesupport_introspection_cpp/system_interfaces/msg/detail/check_node__type_support.cpp.o[0m
[3.258s] [ 66%] Built target system_interfaces__rosidl_typesupport_cpp
[3.263s] [ 66%] Built target system_interfaces__rosidl_typesupport_introspection_c
[3.427s] [ 69%] [32m[1mLinking CXX shared library libsystem_interfaces__rosidl_typesupport_fastrtps_cpp.so[0m
[3.535s] [ 69%] Built target system_interfaces__rosidl_typesupport_fastrtps_cpp
[3.624s] [ 71%] [32m[1mLinking CXX shared library libsystem_interfaces__rosidl_typesupport_fastrtps_c.so[0m
[3.718s] [ 71%] Built target system_interfaces__rosidl_typesupport_fastrtps_c
[3.718s] [ 74%] [32m[1mLinking CXX shared library libsystem_interfaces__rosidl_typesupport_introspection_cpp.so[0m
[3.871s] [ 74%] Built target system_interfaces__rosidl_typesupport_introspection_cpp
[3.893s] [ 74%] Built target system_interfaces
[3.926s] [ 76%] [34m[1mGenerating Python code for ROS interfaces[0m
[4.327s] [ 76%] Built target system_interfaces__py
[4.351s] [ 79%] [32mBuilding C object CMakeFiles/system_interfaces__rosidl_generator_py.dir/rosidl_generator_py/system_interfaces/msg/_node_change_s.c.o[0m
[4.352s] [ 82%] [32mBuilding C object CMakeFiles/system_interfaces__rosidl_generator_py.dir/rosidl_generator_py/system_interfaces/msg/_check_node_s.c.o[0m
[4.480s] [ 84%] [32m[1mLinking C shared library rosidl_generator_py/system_interfaces/libsystem_interfaces__rosidl_generator_py.so[0m
[4.528s] [ 84%] Built target system_interfaces__rosidl_generator_py
[4.551s] [ 87%] [32mBuilding C object CMakeFiles/system_interfaces__rosidl_typesupport_fastrtps_c__pyext.dir/rosidl_generator_py/system_interfaces/_system_interfaces_s.ep.rosidl_typesupport_fastrtps_c.c.o[0m
[4.553s] [ 89%] [32mBuilding C object CMakeFiles/system_interfaces__rosidl_typesupport_c__pyext.dir/rosidl_generator_py/system_interfaces/_system_interfaces_s.ep.rosidl_typesupport_c.c.o[0m
[4.554s] [ 92%] [32mBuilding C object CMakeFiles/system_interfaces__rosidl_typesupport_introspection_c__pyext.dir/rosidl_generator_py/system_interfaces/_system_interfaces_s.ep.rosidl_typesupport_introspection_c.c.o[0m
[4.660s] [ 94%] [32m[1mLinking C shared library rosidl_generator_py/system_interfaces/system_interfaces_s__rosidl_typesupport_c.cpython-310-x86_64-linux-gnu.so[0m
[4.668s] [100%] [32m[1mLinking C shared library rosidl_generator_py/system_interfaces/system_interfaces_s__rosidl_typesupport_fastrtps_c.cpython-310-x86_64-linux-gnu.so[0m
[4.668s] [100%] [32m[1mLinking C shared library rosidl_generator_py/system_interfaces/system_interfaces_s__rosidl_typesupport_introspection_c.cpython-310-x86_64-linux-gnu.so[0m
[4.702s] [100%] Built target system_interfaces__rosidl_typesupport_c__pyext
[4.706s] [100%] Built target system_interfaces__rosidl_typesupport_fastrtps_c__pyext
[4.706s] [100%] Built target system_interfaces__rosidl_typesupport_introspection_c__pyext
[4.726s] Invoked command in '/home/benny/ros2_ws/build/system_interfaces' returned '0': CMAKE_PREFIX_PATH=${CMAKE_PREFIX_PATH}:/home/benny/ros2_ws/install/my_py_pkg:/opt/ros/humble /usr/bin/cmake --build /home/benny/ros2_ws/build/system_interfaces -- -j8 -l8
[4.805s] Invoking command in '/home/benny/ros2_ws/build/system_interfaces': CMAKE_PREFIX_PATH=${CMAKE_PREFIX_PATH}:/home/benny/ros2_ws/install/my_py_pkg:/opt/ros/humble /usr/bin/cmake --install /home/benny/ros2_ws/build/system_interfaces
[4.805s] -- Install configuration: ""
[4.805s] -- Installing: /home/benny/ros2_ws/install/system_interfaces/share/ament_index/resource_index/rosidl_interfaces/system_interfaces
[4.805s] -- Installing: /home/benny/ros2_ws/install/system_interfaces/include/system_interfaces/system_interfaces
[4.805s] -- Installing: /home/benny/ros2_ws/install/system_interfaces/include/system_interfaces/system_interfaces/msg
[4.805s] -- Installing: /home/benny/ros2_ws/install/system_interfaces/include/system_interfaces/system_interfaces/msg/detail
[4.805s] -- Installing: /home/benny/ros2_ws/install/system_interfaces/include/system_interfaces/system_interfaces/msg/detail/check_node__functions.c
[4.805s] -- Installing: /home/benny/ros2_ws/install/system_interfaces/include/system_interfaces/system_interfaces/msg/detail/node_change__functions.h
[4.805s] -- Installing: /home/benny/ros2_ws/install/system_interfaces/include/system_interfaces/system_interfaces/msg/detail/check_node__functions.h
[4.805s] -- Installing: /home/benny/ros2_ws/install/system_interfaces/include/system_interfaces/system_interfaces/msg/detail/node_change__struct.h
[4.805s] -- Installing: /home/benny/ros2_ws/install/system_interfaces/include/system_interfaces/system_interfaces/msg/detail/node_change__functions.c
[4.805s] -- Installing: /home/benny/ros2_ws/install/system_interfaces/include/system_interfaces/system_interfaces/msg/detail/node_change__type_support.h
[4.805s] -- Installing: /home/benny/ros2_ws/install/system_interfaces/include/system_interfaces/system_interfaces/msg/detail/check_node__type_support.h
[4.805s] -- Installing: /home/benny/ros2_ws/install/system_interfaces/include/system_interfaces/system_interfaces/msg/detail/check_node__struct.h
[4.805s] -- Installing: /home/benny/ros2_ws/install/system_interfaces/include/system_interfaces/system_interfaces/msg/check_node.h
[4.805s] -- Installing: /home/benny/ros2_ws/install/system_interfaces/include/system_interfaces/system_interfaces/msg/rosidl_generator_c__visibility_control.h
[4.805s] -- Installing: /home/benny/ros2_ws/install/system_interfaces/include/system_interfaces/system_interfaces/msg/node_change.h
[4.805s] -- Installing: /home/benny/ros2_ws/install/system_interfaces/share/system_interfaces/environment/library_path.sh
[4.805s] -- Installing: /home/benny/ros2_ws/install/system_interfaces/share/system_interfaces/environment/library_path.dsv
[4.805s] -- Installing: /home/benny/ros2_ws/install/system_interfaces/lib/libsystem_interfaces__rosidl_generator_c.so
[4.805s] -- Set runtime path of "/home/benny/ros2_ws/install/system_interfaces/lib/libsystem_interfaces__rosidl_generator_c.so" to ""
[4.805s] -- Up-to-date: /home/benny/ros2_ws/install/system_interfaces/include/system_interfaces/system_interfaces
[4.805s] -- Up-to-date: /home/benny/ros2_ws/install/system_interfaces/include/system_interfaces/system_interfaces/msg
[4.805s] -- Installing: /home/benny/ros2_ws/install/system_interfaces/include/system_interfaces/system_interfaces/msg/rosidl_typesupport_fastrtps_c__visibility_control.h
[4.806s] -- Up-to-date: /home/benny/ros2_ws/install/system_interfaces/include/system_interfaces/system_interfaces/msg/detail
[4.806s] -- Installing: /home/benny/ros2_ws/install/system_interfaces/include/system_interfaces/system_interfaces/msg/detail/check_node__rosidl_typesupport_fastrtps_c.h
[4.806s] -- Installing: /home/benny/ros2_ws/install/system_interfaces/include/system_interfaces/system_interfaces/msg/detail/node_change__rosidl_typesupport_fastrtps_c.h
[4.806s] -- Installing: /home/benny/ros2_ws/install/system_interfaces/lib/libsystem_interfaces__rosidl_typesupport_fastrtps_c.so
[4.806s] -- Set runtime path of "/home/benny/ros2_ws/install/system_interfaces/lib/libsystem_interfaces__rosidl_typesupport_fastrtps_c.so" to ""
[4.806s] -- Up-to-date: /home/benny/ros2_ws/install/system_interfaces/include/system_interfaces/system_interfaces
[4.806s] -- Up-to-date: /home/benny/ros2_ws/install/system_interfaces/include/system_interfaces/system_interfaces/msg
[4.806s] -- Up-to-date: /home/benny/ros2_ws/install/system_interfaces/include/system_interfaces/system_interfaces/msg/detail
[4.806s] -- Installing: /home/benny/ros2_ws/install/system_interfaces/include/system_interfaces/system_interfaces/msg/detail/check_node__type_support.c
[4.806s] -- Installing: /home/benny/ros2_ws/install/system_interfaces/include/system_interfaces/system_interfaces/msg/detail/check_node__rosidl_typesupport_introspection_c.h
[4.806s] -- Installing: /home/benny/ros2_ws/install/system_interfaces/include/system_interfaces/system_interfaces/msg/detail/node_change__type_support.c
[4.806s] -- Installing: /home/benny/ros2_ws/install/system_interfaces/include/system_interfaces/system_interfaces/msg/detail/node_change__rosidl_typesupport_introspection_c.h
[4.806s] -- Installing: /home/benny/ros2_ws/install/system_interfaces/include/system_interfaces/system_interfaces/msg/rosidl_typesupport_introspection_c__visibility_control.h
[4.806s] -- Installing: /home/benny/ros2_ws/install/system_interfaces/lib/libsystem_interfaces__rosidl_typesupport_introspection_c.so
[4.806s] -- Set runtime path of "/home/benny/ros2_ws/install/system_interfaces/lib/libsystem_interfaces__rosidl_typesupport_introspection_c.so" to ""
[4.806s] -- Installing: /home/benny/ros2_ws/install/system_interfaces/lib/libsystem_interfaces__rosidl_typesupport_c.so
[4.806s] -- Set runtime path of "/home/benny/ros2_ws/install/system_interfaces/lib/libsystem_interfaces__rosidl_typesupport_c.so" to ""
[4.806s] -- Up-to-date: /home/benny/ros2_ws/install/system_interfaces/include/system_interfaces/system_interfaces
[4.806s] -- Up-to-date: /home/benny/ros2_ws/install/system_interfaces/include/system_interfaces/system_interfaces/msg
[4.806s] -- Up-to-date: /home/benny/ros2_ws/install/system_interfaces/include/system_interfaces/system_interfaces/msg/detail
[4.806s] -- Installing: /home/benny/ros2_ws/install/system_interfaces/include/system_interfaces/system_interfaces/msg/detail/check_node__traits.hpp
[4.806s] -- Installing: /home/benny/ros2_ws/install/system_interfaces/include/system_interfaces/system_interfaces/msg/detail/check_node__struct.hpp
[4.806s] -- Installing: /home/benny/ros2_ws/install/system_interfaces/include/system_interfaces/system_interfaces/msg/detail/node_change__traits.hpp
[4.806s] -- Installing: /home/benny/ros2_ws/install/system_interfaces/include/system_interfaces/system_interfaces/msg/detail/node_change__builder.hpp
[4.806s] -- Installing: /home/benny/ros2_ws/install/system_interfaces/include/system_interfaces/system_interfaces/msg/detail/check_node__builder.hpp
[4.806s] -- Installing: /home/benny/ros2_ws/install/system_interfaces/include/system_interfaces/system_interfaces/msg/detail/node_change__struct.hpp
[4.806s] -- Installing: /home/benny/ros2_ws/install/system_interfaces/include/system_interfaces/system_interfaces/msg/node_change.hpp
[4.806s] -- Installing: /home/benny/ros2_ws/install/system_interfaces/include/system_interfaces/system_interfaces/msg/check_node.hpp
[4.806s] -- Up-to-date: /home/benny/ros2_ws/install/system_interfaces/include/system_interfaces/system_interfaces
[4.806s] -- Up-to-date: /home/benny/ros2_ws/install/system_interfaces/include/system_interfaces/system_interfaces/msg
[4.806s] -- Up-to-date: /home/benny/ros2_ws/install/system_interfaces/include/system_interfaces/system_interfaces/msg/detail
[4.806s] -- Installing: /home/benny/ros2_ws/install/system_interfaces/include/system_interfaces/system_interfaces/msg/detail/check_node__rosidl_typesupport_fastrtps_cpp.hpp
[4.806s] -- Installing: /home/benny/ros2_ws/install/system_interfaces/include/system_interfaces/system_interfaces/msg/detail/dds_fastrtps
[4.806s] -- Installing: /home/benny/ros2_ws/install/system_interfaces/include/system_interfaces/system_interfaces/msg/detail/node_change__rosidl_typesupport_fastrtps_cpp.hpp
[4.806s] -- Installing: /home/benny/ros2_ws/install/system_interfaces/include/system_interfaces/system_interfaces/msg/rosidl_typesupport_fastrtps_cpp__visibility_control.h
[4.807s] -- Installing: /home/benny/ros2_ws/install/system_interfaces/lib/libsystem_interfaces__rosidl_typesupport_fastrtps_cpp.so
[4.807s] -- Set runtime path of "/home/benny/ros2_ws/install/system_interfaces/lib/libsystem_interfaces__rosidl_typesupport_fastrtps_cpp.so" to ""
[4.807s] -- Up-to-date: /home/benny/ros2_ws/install/system_interfaces/include/system_interfaces/system_interfaces
[4.807s] -- Up-to-date: /home/benny/ros2_ws/install/system_interfaces/include/system_interfaces/system_interfaces/msg
[4.807s] -- Up-to-date: /home/benny/ros2_ws/install/system_interfaces/include/system_interfaces/system_interfaces/msg/detail
[4.827s] -- Installing: /home/benny/ros2_ws/install/system_interfaces/include/system_interfaces/system_interfaces/msg/detail/node_change__rosidl_typesupport_introspection_cpp.hpp
[4.827s] -- Installing: /home/benny/ros2_ws/install/system_interfaces/include/system_interfaces/system_interfaces/msg/detail/check_node__rosidl_typesupport_introspection_cpp.hpp
[4.827s] -- Installing: /home/benny/ros2_ws/install/system_interfaces/include/system_interfaces/system_interfaces/msg/detail/check_node__type_support.cpp
[4.827s] -- Installing: /home/benny/ros2_ws/install/system_interfaces/include/system_interfaces/system_interfaces/msg/detail/node_change__type_support.cpp
[4.827s] -- Installing: /home/benny/ros2_ws/install/system_interfaces/lib/libsystem_interfaces__rosidl_typesupport_introspection_cpp.so
[4.827s] -- Set runtime path of "/home/benny/ros2_ws/install/system_interfaces/lib/libsystem_interfaces__rosidl_typesupport_introspection_cpp.so" to ""
[4.827s] -- Installing: /home/benny/ros2_ws/install/system_interfaces/lib/libsystem_interfaces__rosidl_typesupport_cpp.so
[4.827s] -- Set runtime path of "/home/benny/ros2_ws/install/system_interfaces/lib/libsystem_interfaces__rosidl_typesupport_cpp.so" to ""
[4.827s] -- Installing: /home/benny/ros2_ws/install/system_interfaces/share/system_interfaces/environment/pythonpath.sh
[4.827s] -- Installing: /home/benny/ros2_ws/install/system_interfaces/share/system_interfaces/environment/pythonpath.dsv
[4.828s] -- Installing: /home/benny/ros2_ws/install/system_interfaces/local/lib/python3.10/dist-packages/system_interfaces-0.0.0-py3.10.egg-info
[4.828s] -- Installing: /home/benny/ros2_ws/install/system_interfaces/local/lib/python3.10/dist-packages/system_interfaces-0.0.0-py3.10.egg-info/top_level.txt
[4.828s] -- Installing: /home/benny/ros2_ws/install/system_interfaces/local/lib/python3.10/dist-packages/system_interfaces-0.0.0-py3.10.egg-info/SOURCES.txt
[4.828s] -- Installing: /home/benny/ros2_ws/install/system_interfaces/local/lib/python3.10/dist-packages/system_interfaces-0.0.0-py3.10.egg-info/PKG-INFO
[4.828s] -- Installing: /home/benny/ros2_ws/install/system_interfaces/local/lib/python3.10/dist-packages/system_interfaces-0.0.0-py3.10.egg-info/dependency_links.txt
[4.828s] -- Installing: /home/benny/ros2_ws/install/system_interfaces/local/lib/python3.10/dist-packages/system_interfaces
[4.828s] -- Installing: /home/benny/ros2_ws/install/system_interfaces/local/lib/python3.10/dist-packages/system_interfaces/msg
[4.828s] -- Installing: /home/benny/ros2_ws/install/system_interfaces/local/lib/python3.10/dist-packages/system_interfaces/msg/_node_change.py
[4.828s] -- Installing: /home/benny/ros2_ws/install/system_interfaces/local/lib/python3.10/dist-packages/system_interfaces/msg/_check_node.py
[4.828s] -- Installing: /home/benny/ros2_ws/install/system_interfaces/local/lib/python3.10/dist-packages/system_interfaces/msg/__init__.py
[4.828s] -- Installing: /home/benny/ros2_ws/install/system_interfaces/local/lib/python3.10/dist-packages/system_interfaces/msg/_check_node_s.c
[4.828s] -- Installing: /home/benny/ros2_ws/install/system_interfaces/local/lib/python3.10/dist-packages/system_interfaces/msg/_node_change_s.c
[4.828s] -- Installing: /home/benny/ros2_ws/install/system_interfaces/local/lib/python3.10/dist-packages/system_interfaces/system_interfaces_s__rosidl_typesupport_fastrtps_c.cpython-310-x86_64-linux-gnu.so
[4.828s] -- Installing: /home/benny/ros2_ws/install/system_interfaces/local/lib/python3.10/dist-packages/system_interfaces/_system_interfaces_s.ep.rosidl_typesupport_introspection_c.c
[4.829s] -- Installing: /home/benny/ros2_ws/install/system_interfaces/local/lib/python3.10/dist-packages/system_interfaces/_system_interfaces_s.ep.rosidl_typesupport_fastrtps_c.c
[4.829s] -- Installing: /home/benny/ros2_ws/install/system_interfaces/local/lib/python3.10/dist-packages/system_interfaces/_system_interfaces_s.ep.rosidl_typesupport_c.c
[4.829s] -- Installing: /home/benny/ros2_ws/install/system_interfaces/local/lib/python3.10/dist-packages/system_interfaces/system_interfaces_s__rosidl_typesupport_c.cpython-310-x86_64-linux-gnu.so
[4.829s] -- Installing: /home/benny/ros2_ws/install/system_interfaces/local/lib/python3.10/dist-packages/system_interfaces/__init__.py
[4.829s] -- Installing: /home/benny/ros2_ws/install/system_interfaces/local/lib/python3.10/dist-packages/system_interfaces/libsystem_interfaces__rosidl_generator_py.so
[4.829s] -- Installing: /home/benny/ros2_ws/install/system_interfaces/local/lib/python3.10/dist-packages/system_interfaces/system_interfaces_s__rosidl_typesupport_introspection_c.cpython-310-x86_64-linux-gnu.so
[4.853s] Listing '/home/benny/ros2_ws/install/system_interfaces/local/lib/python3.10/dist-packages/system_interfaces'...
[4.853s] Compiling '/home/benny/ros2_ws/install/system_interfaces/local/lib/python3.10/dist-packages/system_interfaces/__init__.py'...
[4.853s] Listing '/home/benny/ros2_ws/install/system_interfaces/local/lib/python3.10/dist-packages/system_interfaces/msg'...
[4.853s] Compiling '/home/benny/ros2_ws/install/system_interfaces/local/lib/python3.10/dist-packages/system_interfaces/msg/__init__.py'...
[4.853s] Compiling '/home/benny/ros2_ws/install/system_interfaces/local/lib/python3.10/dist-packages/system_interfaces/msg/_check_node.py'...
[4.854s] Compiling '/home/benny/ros2_ws/install/system_interfaces/local/lib/python3.10/dist-packages/system_interfaces/msg/_node_change.py'...
[4.857s] -- Installing: /home/benny/ros2_ws/install/system_interfaces/local/lib/python3.10/dist-packages/system_interfaces/system_interfaces_s__rosidl_typesupport_fastrtps_c.cpython-310-x86_64-linux-gnu.so
[4.860s] -- Set runtime path of "/home/benny/ros2_ws/install/system_interfaces/local/lib/python3.10/dist-packages/system_interfaces/system_interfaces_s__rosidl_typesupport_fastrtps_c.cpython-310-x86_64-linux-gnu.so" to ""
[4.862s] -- Installing: /home/benny/ros2_ws/install/system_interfaces/local/lib/python3.10/dist-packages/system_interfaces/system_interfaces_s__rosidl_typesupport_introspection_c.cpython-310-x86_64-linux-gnu.so
[4.862s] -- Set runtime path of "/home/benny/ros2_ws/install/system_interfaces/local/lib/python3.10/dist-packages/system_interfaces/system_interfaces_s__rosidl_typesupport_introspection_c.cpython-310-x86_64-linux-gnu.so" to ""
[4.862s] -- Installing: /home/benny/ros2_ws/install/system_interfaces/local/lib/python3.10/dist-packages/system_interfaces/system_interfaces_s__rosidl_typesupport_c.cpython-310-x86_64-linux-gnu.so
[4.863s] -- Set runtime path of "/home/benny/ros2_ws/install/system_interfaces/local/lib/python3.10/dist-packages/system_interfaces/system_interfaces_s__rosidl_typesupport_c.cpython-310-x86_64-linux-gnu.so" to ""
[4.864s] -- Installing: /home/benny/ros2_ws/install/system_interfaces/lib/libsystem_interfaces__rosidl_generator_py.so
[4.867s] -- Set runtime path of "/home/benny/ros2_ws/install/system_interfaces/lib/libsystem_interfaces__rosidl_generator_py.so" to ""
[4.867s] -- Installing: /home/benny/ros2_ws/install/system_interfaces/share/system_interfaces/msg/NodeChange.idl
[4.868s] -- Installing: /home/benny/ros2_ws/install/system_interfaces/share/system_interfaces/msg/CheckNode.idl
[4.868s] -- Installing: /home/benny/ros2_ws/install/system_interfaces/share/system_interfaces/msg/NodeChange.msg
[4.869s] -- Installing: /home/benny/ros2_ws/install/system_interfaces/share/system_interfaces/msg/CheckNode.msg
[4.869s] -- Installing: /home/benny/ros2_ws/install/system_interfaces/share/ament_index/resource_index/package_run_dependencies/system_interfaces
[4.870s] -- Installing: /home/benny/ros2_ws/install/system_interfaces/share/ament_index/resource_index/parent_prefix_path/system_interfaces
[4.870s] -- Installing: /home/benny/ros2_ws/install/system_interfaces/share/system_interfaces/environment/ament_prefix_path.sh
[4.870s] -- Installing: /home/benny/ros2_ws/install/system_interfaces/share/system_interfaces/environment/ament_prefix_path.dsv
[4.870s] -- Installing: /home/benny/ros2_ws/install/system_interfaces/share/system_interfaces/environment/path.sh
[4.870s] -- Installing: /home/benny/ros2_ws/install/system_interfaces/share/system_interfaces/environment/path.dsv
[4.871s] -- Installing: /home/benny/ros2_ws/install/system_interfaces/share/system_interfaces/local_setup.bash
[4.871s] -- Installing: /home/benny/ros2_ws/install/system_interfaces/share/system_interfaces/local_setup.sh
[4.871s] -- Installing: /home/benny/ros2_ws/install/system_interfaces/share/system_interfaces/local_setup.zsh
[4.871s] -- Installing: /home/benny/ros2_ws/install/system_interfaces/share/system_interfaces/local_setup.dsv
[4.871s] -- Installing: /home/benny/ros2_ws/install/system_interfaces/share/system_interfaces/package.dsv
[4.871s] -- Installing: /home/benny/ros2_ws/install/system_interfaces/share/ament_index/resource_index/packages/system_interfaces
[4.871s] -- Installing: /home/benny/ros2_ws/install/system_interfaces/share/system_interfaces/cmake/export_system_interfaces__rosidl_generator_cExport.cmake
[4.874s] -- Installing: /home/benny/ros2_ws/install/system_interfaces/share/system_interfaces/cmake/export_system_interfaces__rosidl_generator_cExport-noconfig.cmake
[4.875s] -- Installing: /home/benny/ros2_ws/install/system_interfaces/share/system_interfaces/cmake/export_system_interfaces__rosidl_typesupport_fastrtps_cExport.cmake
[4.875s] -- Installing: /home/benny/ros2_ws/install/system_interfaces/share/system_interfaces/cmake/export_system_interfaces__rosidl_typesupport_fastrtps_cExport-noconfig.cmake
[4.875s] -- Installing: /home/benny/ros2_ws/install/system_interfaces/share/system_interfaces/cmake/system_interfaces__rosidl_typesupport_introspection_cExport.cmake
[4.876s] -- Installing: /home/benny/ros2_ws/install/system_interfaces/share/system_interfaces/cmake/system_interfaces__rosidl_typesupport_introspection_cExport-noconfig.cmake
[4.887s] -- Installing: /home/benny/ros2_ws/install/system_interfaces/share/system_interfaces/cmake/system_interfaces__rosidl_typesupport_cExport.cmake
[4.904s] -- Installing: /home/benny/ros2_ws/install/system_interfaces/share/system_interfaces/cmake/system_interfaces__rosidl_typesupport_cExport-noconfig.cmake
[4.905s] -- Installing: /home/benny/ros2_ws/install/system_interfaces/share/system_interfaces/cmake/export_system_interfaces__rosidl_generator_cppExport.cmake
[4.905s] -- Installing: /home/benny/ros2_ws/install/system_interfaces/share/system_interfaces/cmake/export_system_interfaces__rosidl_typesupport_fastrtps_cppExport.cmake
[4.905s] -- Installing: /home/benny/ros2_ws/install/system_interfaces/share/system_interfaces/cmake/export_system_interfaces__rosidl_typesupport_fastrtps_cppExport-noconfig.cmake
[4.905s] -- Installing: /home/benny/ros2_ws/install/system_interfaces/share/system_interfaces/cmake/system_interfaces__rosidl_typesupport_introspection_cppExport.cmake
[4.905s] -- Installing: /home/benny/ros2_ws/install/system_interfaces/share/system_interfaces/cmake/system_interfaces__rosidl_typesupport_introspection_cppExport-noconfig.cmake
[4.906s] -- Installing: /home/benny/ros2_ws/install/system_interfaces/share/system_interfaces/cmake/system_interfaces__rosidl_typesupport_cppExport.cmake
[4.906s] -- Installing: /home/benny/ros2_ws/install/system_interfaces/share/system_interfaces/cmake/system_interfaces__rosidl_typesupport_cppExport-noconfig.cmake
[4.907s] -- Installing: /home/benny/ros2_ws/install/system_interfaces/share/system_interfaces/cmake/export_system_interfaces__rosidl_generator_pyExport.cmake
[4.907s] -- Installing: /home/benny/ros2_ws/install/system_interfaces/share/system_interfaces/cmake/export_system_interfaces__rosidl_generator_pyExport-noconfig.cmake
[4.907s] -- Installing: /home/benny/ros2_ws/install/system_interfaces/share/system_interfaces/cmake/rosidl_cmake-extras.cmake
[4.907s] -- Installing: /home/benny/ros2_ws/install/system_interfaces/share/system_interfaces/cmake/ament_cmake_export_include_directories-extras.cmake
[4.907s] -- Installing: /home/benny/ros2_ws/install/system_interfaces/share/system_interfaces/cmake/ament_cmake_export_libraries-extras.cmake
[4.907s] -- Installing: /home/benny/ros2_ws/install/system_interfaces/share/system_interfaces/cmake/ament_cmake_export_targets-extras.cmake
[4.907s] -- Installing: /home/benny/ros2_ws/install/system_interfaces/share/system_interfaces/cmake/rosidl_cmake_export_typesupport_targets-extras.cmake
[4.907s] -- Installing: /home/benny/ros2_ws/install/system_interfaces/share/system_interfaces/cmake/ament_cmake_export_dependencies-extras.cmake
[4.907s] -- Installing: /home/benny/ros2_ws/install/system_interfaces/share/system_interfaces/cmake/rosidl_cmake_export_typesupport_libraries-extras.cmake
[4.908s] -- Installing: /home/benny/ros2_ws/install/system_interfaces/share/system_interfaces/cmake/system_interfacesConfig.cmake
[4.908s] -- Installing: /home/benny/ros2_ws/install/system_interfaces/share/system_interfaces/cmake/system_interfacesConfig-version.cmake
[4.908s] -- Installing: /home/benny/ros2_ws/install/system_interfaces/share/system_interfaces/package.xml
[4.928s] Invoked command in '/home/benny/ros2_ws/build/system_interfaces' returned '0': CMAKE_PREFIX_PATH=${CMAKE_PREFIX_PATH}:/home/benny/ros2_ws/install/my_py_pkg:/opt/ros/humble /usr/bin/cmake --install /home/benny/ros2_ws/build/system_interfaces
