[0.877s] Invoking command in '/home/benny/ros2_ws/src/pros_library': AMENT_PREFIX_PATH=/home/benny/ros2_ws/install/system_interfaces:${AMENT_PREFIX_PATH} CMAKE_PREFIX_PATH=/home/benny/ros2_ws/install/system_interfaces:${CMAKE_PREFIX_PATH} LD_LIBRARY_PATH=/home/benny/ros2_ws/install/system_interfaces/lib:${LD_LIBRARY_PATH} PYTHONPATH=/home/benny/ros2_ws/build/pros_library/prefix_override:/home/benny/ros2_ws/install/pros_library/lib/python3.10/site-packages:/home/benny/ros2_ws/install/system_interfaces/local/lib/python3.10/dist-packages:${PYTHONPATH} /usr/bin/python3 setup.py egg_info --egg-base ../../build/pros_library build --build-base /home/benny/ros2_ws/build/pros_library/build install --record /home/benny/ros2_ws/build/pros_library/install.log --single-version-externally-managed
[1.139s] running egg_info
[1.140s] creating ../../build/pros_library/pros_library.egg-info
[1.140s] writing ../../build/pros_library/pros_library.egg-info/PKG-INFO
[1.141s] writing dependency_links to ../../build/pros_library/pros_library.egg-info/dependency_links.txt
[1.141s] writing entry points to ../../build/pros_library/pros_library.egg-info/entry_points.txt
[1.141s] writing requirements to ../../build/pros_library/pros_library.egg-info/requires.txt
[1.141s] writing top-level names to ../../build/pros_library/pros_library.egg-info/top_level.txt
[1.141s] writing manifest file '../../build/pros_library/pros_library.egg-info/SOURCES.txt'
[1.143s] reading manifest file '../../build/pros_library/pros_library.egg-info/SOURCES.txt'
[1.143s] writing manifest file '../../build/pros_library/pros_library.egg-info/SOURCES.txt'
[1.143s] running build
[1.144s] running build_py
[1.144s] creating /home/benny/ros2_ws/build/pros_library/build
[1.144s] creating /home/benny/ros2_ws/build/pros_library/build/lib
[1.144s] creating /home/benny/ros2_ws/build/pros_library/build/lib/pros_library
[1.144s] copying pros_library/__init__.py -> /home/benny/ros2_ws/build/pros_library/build/lib/pros_library
[1.144s] copying pros_library/pros_node.py -> /home/benny/ros2_ws/build/pros_library/build/lib/pros_library
[1.144s] running install
[1.144s] running install_lib
[1.145s] creating /home/benny/ros2_ws/install/pros_library/lib/python3.10/site-packages/pros_library
[1.146s] copying /home/benny/ros2_ws/build/pros_library/build/lib/pros_library/__init__.py -> /home/benny/ros2_ws/install/pros_library/lib/python3.10/site-packages/pros_library
[1.146s] copying /home/benny/ros2_ws/build/pros_library/build/lib/pros_library/pros_node.py -> /home/benny/ros2_ws/install/pros_library/lib/python3.10/site-packages/pros_library
[1.146s] byte-compiling /home/benny/ros2_ws/install/pros_library/lib/python3.10/site-packages/pros_library/__init__.py to __init__.cpython-310.pyc
[1.146s] byte-compiling /home/benny/ros2_ws/install/pros_library/lib/python3.10/site-packages/pros_library/pros_node.py to pros_node.cpython-310.pyc
[1.147s] running install_data
[1.148s] creating /home/benny/ros2_ws/install/pros_library/share/ament_index
[1.148s] creating /home/benny/ros2_ws/install/pros_library/share/ament_index/resource_index
[1.148s] creating /home/benny/ros2_ws/install/pros_library/share/ament_index/resource_index/packages
[1.148s] copying resource/pros_library -> /home/benny/ros2_ws/install/pros_library/share/ament_index/resource_index/packages
[1.148s] copying package.xml -> /home/benny/ros2_ws/install/pros_library/share/pros_library
[1.148s] running install_egg_info
[1.150s] Copying ../../build/pros_library/pros_library.egg-info to /home/benny/ros2_ws/install/pros_library/lib/python3.10/site-packages/pros_library-0.0.0-py3.10.egg-info
[1.152s] running install_scripts
[1.172s] writing list of installed files to '/home/benny/ros2_ws/build/pros_library/install.log'
[1.211s] Invoked command in '/home/benny/ros2_ws/src/pros_library' returned '0': AMENT_PREFIX_PATH=/home/benny/ros2_ws/install/system_interfaces:${AMENT_PREFIX_PATH} CMAKE_PREFIX_PATH=/home/benny/ros2_ws/install/system_interfaces:${CMAKE_PREFIX_PATH} LD_LIBRARY_PATH=/home/benny/ros2_ws/install/system_interfaces/lib:${LD_LIBRARY_PATH} PYTHONPATH=/home/benny/ros2_ws/build/pros_library/prefix_override:/home/benny/ros2_ws/install/pros_library/lib/python3.10/site-packages:/home/benny/ros2_ws/install/system_interfaces/local/lib/python3.10/dist-packages:${PYTHONPATH} /usr/bin/python3 setup.py egg_info --egg-base ../../build/pros_library build --build-base /home/benny/ros2_ws/build/pros_library/build install --record /home/benny/ros2_ws/build/pros_library/install.log --single-version-externally-managed
