[0.403s] DEBUG:colcon:Command line arguments: ['/usr/bin/colcon', 'build']
[0.403s] DEBUG:colcon:Parsed command line arguments: Namespace(log_base=None, log_level=None, verb_name='build', build_base='build', install_base='install', merge_install=False, symlink_install=False, test_result_base=None, continue_on_error=False, executor='parallel', parallel_workers=8, event_handlers=None, ignore_user_meta=False, metas=['./colcon.meta'], base_paths=['.'], packages_ignore=None, packages_ignore_regex=None, paths=None, packages_up_to=None, packages_up_to_regex=None, packages_above=None, packages_above_and_dependencies=None, packages_above_depth=None, packages_select_by_dep=None, packages_skip_by_dep=None, packages_skip_up_to=None, packages_select_build_failed=False, packages_skip_build_finished=False, packages_select_test_failures=False, packages_skip_test_passed=False, packages_select=None, packages_skip=None, packages_select_regex=None, packages_skip_regex=None, packages_start=None, packages_end=None, allow_overriding=[], cmake_args=None, cmake_target=None, cmake_target_skip_unavailable=False, cmake_clean_cache=False, cmake_clean_first=False, cmake_force_configure=False, ament_cmake_args=None, catkin_cmake_args=None, catkin_skip_building_tests=False, verb_parser=<colcon_defaults.argument_parser.defaults.DefaultArgumentsDecorator object at 0x7fdbee484b50>, verb_extension=<colcon_core.verb.build.BuildVerb object at 0x7fdbee4845e0>, main=<bound method BuildVerb.main of <colcon_core.verb.build.BuildVerb object at 0x7fdbee4845e0>>)
[0.430s] Level 1:colcon.colcon_core.package_discovery:discover_packages(colcon_meta) check parameters
[0.431s] Level 1:colcon.colcon_core.package_discovery:discover_packages(recursive) check parameters
[0.431s] Level 1:colcon.colcon_core.package_discovery:discover_packages(ignore) check parameters
[0.431s] Level 1:colcon.colcon_core.package_discovery:discover_packages(path) check parameters
[0.431s] Level 1:colcon.colcon_core.package_discovery:discover_packages(colcon_meta) discover
[0.431s] Level 1:colcon.colcon_core.package_discovery:discover_packages(recursive) discover
[0.431s] INFO:colcon.colcon_core.package_discovery:Crawling recursively for packages in '/home/benny/ros2_ws'
[0.431s] Level 1:colcon.colcon_core.package_identification:_identify(.) by extensions ['ignore', 'ignore_ament_install']
[0.431s] Level 1:colcon.colcon_core.package_identification:_identify(.) by extension 'ignore'
[0.431s] Level 1:colcon.colcon_core.package_identification:_identify(.) by extension 'ignore_ament_install'
[0.431s] Level 1:colcon.colcon_core.package_identification:_identify(.) by extensions ['colcon_pkg']
[0.431s] Level 1:colcon.colcon_core.package_identification:_identify(.) by extension 'colcon_pkg'
[0.431s] Level 1:colcon.colcon_core.package_identification:_identify(.) by extensions ['colcon_meta']
[0.431s] Level 1:colcon.colcon_core.package_identification:_identify(.) by extension 'colcon_meta'
[0.431s] Level 1:colcon.colcon_core.package_identification:_identify(.) by extensions ['ros']
[0.431s] Level 1:colcon.colcon_core.package_identification:_identify(.) by extension 'ros'
[0.445s] Level 1:colcon.colcon_core.package_identification:_identify(.) by extensions ['cmake', 'python']
[0.445s] Level 1:colcon.colcon_core.package_identification:_identify(.) by extension 'cmake'
[0.445s] Level 1:colcon.colcon_core.package_identification:_identify(.) by extension 'python'
[0.445s] Level 1:colcon.colcon_core.package_identification:_identify(.) by extensions ['python_setup_py']
[0.445s] Level 1:colcon.colcon_core.package_identification:_identify(.) by extension 'python_setup_py'
[0.445s] Level 1:colcon.colcon_core.package_identification:_identify(build) by extensions ['ignore', 'ignore_ament_install']
[0.445s] Level 1:colcon.colcon_core.package_identification:_identify(build) by extension 'ignore'
[0.445s] Level 1:colcon.colcon_core.package_identification:_identify(build) ignored
[0.445s] Level 1:colcon.colcon_core.package_identification:_identify(install) by extensions ['ignore', 'ignore_ament_install']
[0.445s] Level 1:colcon.colcon_core.package_identification:_identify(install) by extension 'ignore'
[0.445s] Level 1:colcon.colcon_core.package_identification:_identify(install) ignored
[0.445s] Level 1:colcon.colcon_core.package_identification:_identify(log) by extensions ['ignore', 'ignore_ament_install']
[0.446s] Level 1:colcon.colcon_core.package_identification:_identify(log) by extension 'ignore'
[0.446s] Level 1:colcon.colcon_core.package_identification:_identify(log) ignored
[0.446s] Level 1:colcon.colcon_core.package_identification:_identify(src) by extensions ['ignore', 'ignore_ament_install']
[0.446s] Level 1:colcon.colcon_core.package_identification:_identify(src) by extension 'ignore'
[0.446s] Level 1:colcon.colcon_core.package_identification:_identify(src) by extension 'ignore_ament_install'
[0.446s] Level 1:colcon.colcon_core.package_identification:_identify(src) by extensions ['colcon_pkg']
[0.446s] Level 1:colcon.colcon_core.package_identification:_identify(src) by extension 'colcon_pkg'
[0.446s] Level 1:colcon.colcon_core.package_identification:_identify(src) by extensions ['colcon_meta']
[0.446s] Level 1:colcon.colcon_core.package_identification:_identify(src) by extension 'colcon_meta'
[0.446s] Level 1:colcon.colcon_core.package_identification:_identify(src) by extensions ['ros']
[0.446s] Level 1:colcon.colcon_core.package_identification:_identify(src) by extension 'ros'
[0.446s] Level 1:colcon.colcon_core.package_identification:_identify(src) by extensions ['cmake', 'python']
[0.446s] Level 1:colcon.colcon_core.package_identification:_identify(src) by extension 'cmake'
[0.446s] Level 1:colcon.colcon_core.package_identification:_identify(src) by extension 'python'
[0.446s] Level 1:colcon.colcon_core.package_identification:_identify(src) by extensions ['python_setup_py']
[0.446s] Level 1:colcon.colcon_core.package_identification:_identify(src) by extension 'python_setup_py'
[0.446s] Level 1:colcon.colcon_core.package_identification:_identify(src/monitor_system) by extensions ['ignore', 'ignore_ament_install']
[0.446s] Level 1:colcon.colcon_core.package_identification:_identify(src/monitor_system) by extension 'ignore'
[0.446s] Level 1:colcon.colcon_core.package_identification:_identify(src/monitor_system) by extension 'ignore_ament_install'
[0.447s] Level 1:colcon.colcon_core.package_identification:_identify(src/monitor_system) by extensions ['colcon_pkg']
[0.447s] Level 1:colcon.colcon_core.package_identification:_identify(src/monitor_system) by extension 'colcon_pkg'
[0.447s] Level 1:colcon.colcon_core.package_identification:_identify(src/monitor_system) by extensions ['colcon_meta']
[0.447s] Level 1:colcon.colcon_core.package_identification:_identify(src/monitor_system) by extension 'colcon_meta'
[0.447s] Level 1:colcon.colcon_core.package_identification:_identify(src/monitor_system) by extensions ['ros']
[0.447s] Level 1:colcon.colcon_core.package_identification:_identify(src/monitor_system) by extension 'ros'
[0.451s] DEBUG:colcon.colcon_core.package_identification:Package 'src/monitor_system' with type 'ros.ament_cmake' and name 'monitor_system'
[0.451s] Level 1:colcon.colcon_core.package_identification:_identify(src/my_cpp_pkg) by extensions ['ignore', 'ignore_ament_install']
[0.451s] Level 1:colcon.colcon_core.package_identification:_identify(src/my_cpp_pkg) by extension 'ignore'
[0.451s] Level 1:colcon.colcon_core.package_identification:_identify(src/my_cpp_pkg) by extension 'ignore_ament_install'
[0.451s] Level 1:colcon.colcon_core.package_identification:_identify(src/my_cpp_pkg) by extensions ['colcon_pkg']
[0.451s] Level 1:colcon.colcon_core.package_identification:_identify(src/my_cpp_pkg) by extension 'colcon_pkg'
[0.452s] Level 1:colcon.colcon_core.package_identification:_identify(src/my_cpp_pkg) by extensions ['colcon_meta']
[0.452s] Level 1:colcon.colcon_core.package_identification:_identify(src/my_cpp_pkg) by extension 'colcon_meta'
[0.452s] Level 1:colcon.colcon_core.package_identification:_identify(src/my_cpp_pkg) by extensions ['ros']
[0.452s] Level 1:colcon.colcon_core.package_identification:_identify(src/my_cpp_pkg) by extension 'ros'
[0.452s] DEBUG:colcon.colcon_core.package_identification:Package 'src/my_cpp_pkg' with type 'ros.ament_cmake' and name 'my_cpp_pkg'
[0.452s] Level 1:colcon.colcon_core.package_identification:_identify(src/my_py_pkg) by extensions ['ignore', 'ignore_ament_install']
[0.452s] Level 1:colcon.colcon_core.package_identification:_identify(src/my_py_pkg) by extension 'ignore'
[0.452s] Level 1:colcon.colcon_core.package_identification:_identify(src/my_py_pkg) by extension 'ignore_ament_install'
[0.453s] Level 1:colcon.colcon_core.package_identification:_identify(src/my_py_pkg) by extensions ['colcon_pkg']
[0.453s] Level 1:colcon.colcon_core.package_identification:_identify(src/my_py_pkg) by extension 'colcon_pkg'
[0.453s] Level 1:colcon.colcon_core.package_identification:_identify(src/my_py_pkg) by extensions ['colcon_meta']
[0.453s] Level 1:colcon.colcon_core.package_identification:_identify(src/my_py_pkg) by extension 'colcon_meta'
[0.453s] Level 1:colcon.colcon_core.package_identification:_identify(src/my_py_pkg) by extensions ['ros']
[0.453s] Level 1:colcon.colcon_core.package_identification:_identify(src/my_py_pkg) by extension 'ros'
[0.453s] DEBUG:colcon.colcon_core.package_identification:Package 'src/my_py_pkg' with type 'ros.ament_python' and name 'my_py_pkg'
[0.453s] Level 1:colcon.colcon_core.package_identification:_identify(src/pros_library) by extensions ['ignore', 'ignore_ament_install']
[0.454s] Level 1:colcon.colcon_core.package_identification:_identify(src/pros_library) by extension 'ignore'
[0.454s] Level 1:colcon.colcon_core.package_identification:_identify(src/pros_library) by extension 'ignore_ament_install'
[0.454s] Level 1:colcon.colcon_core.package_identification:_identify(src/pros_library) by extensions ['colcon_pkg']
[0.454s] Level 1:colcon.colcon_core.package_identification:_identify(src/pros_library) by extension 'colcon_pkg'
[0.454s] Level 1:colcon.colcon_core.package_identification:_identify(src/pros_library) by extensions ['colcon_meta']
[0.454s] Level 1:colcon.colcon_core.package_identification:_identify(src/pros_library) by extension 'colcon_meta'
[0.454s] Level 1:colcon.colcon_core.package_identification:_identify(src/pros_library) by extensions ['ros']
[0.454s] Level 1:colcon.colcon_core.package_identification:_identify(src/pros_library) by extension 'ros'
[0.455s] DEBUG:colcon.colcon_core.package_identification:Package 'src/pros_library' with type 'ros.ament_python' and name 'pros_library'
[0.455s] Level 1:colcon.colcon_core.package_identification:_identify(src/system_interfaces) by extensions ['ignore', 'ignore_ament_install']
[0.455s] Level 1:colcon.colcon_core.package_identification:_identify(src/system_interfaces) by extension 'ignore'
[0.455s] Level 1:colcon.colcon_core.package_identification:_identify(src/system_interfaces) by extension 'ignore_ament_install'
[0.455s] Level 1:colcon.colcon_core.package_identification:_identify(src/system_interfaces) by extensions ['colcon_pkg']
[0.455s] Level 1:colcon.colcon_core.package_identification:_identify(src/system_interfaces) by extension 'colcon_pkg'
[0.455s] Level 1:colcon.colcon_core.package_identification:_identify(src/system_interfaces) by extensions ['colcon_meta']
[0.455s] Level 1:colcon.colcon_core.package_identification:_identify(src/system_interfaces) by extension 'colcon_meta'
[0.455s] Level 1:colcon.colcon_core.package_identification:_identify(src/system_interfaces) by extensions ['ros']
[0.455s] Level 1:colcon.colcon_core.package_identification:_identify(src/system_interfaces) by extension 'ros'
[0.456s] DEBUG:colcon.colcon_core.package_identification:Package 'src/system_interfaces' with type 'ros.ament_cmake' and name 'system_interfaces'
[0.456s] Level 1:colcon.colcon_core.package_identification:_identify(src/template) by extensions ['ignore', 'ignore_ament_install']
[0.456s] Level 1:colcon.colcon_core.package_identification:_identify(src/template) by extension 'ignore'
[0.456s] Level 1:colcon.colcon_core.package_identification:_identify(src/template) by extension 'ignore_ament_install'
[0.456s] Level 1:colcon.colcon_core.package_identification:_identify(src/template) by extensions ['colcon_pkg']
[0.456s] Level 1:colcon.colcon_core.package_identification:_identify(src/template) by extension 'colcon_pkg'
[0.456s] Level 1:colcon.colcon_core.package_identification:_identify(src/template) by extensions ['colcon_meta']
[0.456s] Level 1:colcon.colcon_core.package_identification:_identify(src/template) by extension 'colcon_meta'
[0.456s] Level 1:colcon.colcon_core.package_identification:_identify(src/template) by extensions ['ros']
[0.456s] Level 1:colcon.colcon_core.package_identification:_identify(src/template) by extension 'ros'
[0.457s] DEBUG:colcon.colcon_core.package_identification:Package 'src/template' with type 'ros.ament_python' and name 'template'
[0.457s] Level 1:colcon.colcon_core.package_identification:_identify(src/test_node) by extensions ['ignore', 'ignore_ament_install']
[0.457s] Level 1:colcon.colcon_core.package_identification:_identify(src/test_node) by extension 'ignore'
[0.457s] Level 1:colcon.colcon_core.package_identification:_identify(src/test_node) by extension 'ignore_ament_install'
[0.457s] Level 1:colcon.colcon_core.package_identification:_identify(src/test_node) by extensions ['colcon_pkg']
[0.457s] Level 1:colcon.colcon_core.package_identification:_identify(src/test_node) by extension 'colcon_pkg'
[0.457s] Level 1:colcon.colcon_core.package_identification:_identify(src/test_node) by extensions ['colcon_meta']
[0.457s] Level 1:colcon.colcon_core.package_identification:_identify(src/test_node) by extension 'colcon_meta'
[0.457s] Level 1:colcon.colcon_core.package_identification:_identify(src/test_node) by extensions ['ros']
[0.457s] Level 1:colcon.colcon_core.package_identification:_identify(src/test_node) by extension 'ros'
[0.458s] DEBUG:colcon.colcon_core.package_identification:Package 'src/test_node' with type 'ros.ament_python' and name 'test_node'
[0.458s] Level 1:colcon.colcon_core.package_discovery:discover_packages(recursive) using defaults
[0.458s] Level 1:colcon.colcon_core.package_discovery:discover_packages(ignore) discover
[0.458s] Level 1:colcon.colcon_core.package_discovery:discover_packages(ignore) using defaults
[0.458s] Level 1:colcon.colcon_core.package_discovery:discover_packages(path) discover
[0.458s] Level 1:colcon.colcon_core.package_discovery:discover_packages(path) using defaults
[0.508s] Level 1:colcon.colcon_core.package_discovery:discover_packages(prefix_path) check parameters
[0.508s] Level 1:colcon.colcon_core.package_discovery:discover_packages(prefix_path) discover
[0.511s] DEBUG:colcon.colcon_installed_package_information.package_discovery:Found 7 installed packages in /home/benny/ros2_ws/install
[0.513s] DEBUG:colcon.colcon_installed_package_information.package_discovery:Found 279 installed packages in /opt/ros/humble
[0.515s] Level 1:colcon.colcon_core.package_discovery:discover_packages(prefix_path) using defaults
[0.627s] Level 5:colcon.colcon_core.verb:set package 'my_cpp_pkg' build argument 'cmake_args' from command line to 'None'
[0.627s] Level 5:colcon.colcon_core.verb:set package 'my_cpp_pkg' build argument 'cmake_target' from command line to 'None'
[0.627s] Level 5:colcon.colcon_core.verb:set package 'my_cpp_pkg' build argument 'cmake_target_skip_unavailable' from command line to 'False'
[0.627s] Level 5:colcon.colcon_core.verb:set package 'my_cpp_pkg' build argument 'cmake_clean_cache' from command line to 'False'
[0.628s] Level 5:colcon.colcon_core.verb:set package 'my_cpp_pkg' build argument 'cmake_clean_first' from command line to 'False'
[0.628s] Level 5:colcon.colcon_core.verb:set package 'my_cpp_pkg' build argument 'cmake_force_configure' from command line to 'False'
[0.628s] Level 5:colcon.colcon_core.verb:set package 'my_cpp_pkg' build argument 'ament_cmake_args' from command line to 'None'
[0.628s] Level 5:colcon.colcon_core.verb:set package 'my_cpp_pkg' build argument 'catkin_cmake_args' from command line to 'None'
[0.628s] Level 5:colcon.colcon_core.verb:set package 'my_cpp_pkg' build argument 'catkin_skip_building_tests' from command line to 'False'
[0.628s] DEBUG:colcon.colcon_core.verb:Building package 'my_cpp_pkg' with the following arguments: {'ament_cmake_args': None, 'build_base': '/home/benny/ros2_ws/build/my_cpp_pkg', 'catkin_cmake_args': None, 'catkin_skip_building_tests': False, 'cmake_args': None, 'cmake_clean_cache': False, 'cmake_clean_first': False, 'cmake_force_configure': False, 'cmake_target': None, 'cmake_target_skip_unavailable': False, 'install_base': '/home/benny/ros2_ws/install/my_cpp_pkg', 'merge_install': False, 'path': '/home/benny/ros2_ws/src/my_cpp_pkg', 'symlink_install': False, 'test_result_base': None}
[0.629s] Level 5:colcon.colcon_core.verb:set package 'my_py_pkg' build argument 'cmake_args' from command line to 'None'
[0.629s] Level 5:colcon.colcon_core.verb:set package 'my_py_pkg' build argument 'cmake_target' from command line to 'None'
[0.629s] Level 5:colcon.colcon_core.verb:set package 'my_py_pkg' build argument 'cmake_target_skip_unavailable' from command line to 'False'
[0.629s] Level 5:colcon.colcon_core.verb:set package 'my_py_pkg' build argument 'cmake_clean_cache' from command line to 'False'
[0.629s] Level 5:colcon.colcon_core.verb:set package 'my_py_pkg' build argument 'cmake_clean_first' from command line to 'False'
[0.629s] Level 5:colcon.colcon_core.verb:set package 'my_py_pkg' build argument 'cmake_force_configure' from command line to 'False'
[0.629s] Level 5:colcon.colcon_core.verb:set package 'my_py_pkg' build argument 'ament_cmake_args' from command line to 'None'
[0.629s] Level 5:colcon.colcon_core.verb:set package 'my_py_pkg' build argument 'catkin_cmake_args' from command line to 'None'
[0.629s] Level 5:colcon.colcon_core.verb:set package 'my_py_pkg' build argument 'catkin_skip_building_tests' from command line to 'False'
[0.629s] DEBUG:colcon.colcon_core.verb:Building package 'my_py_pkg' with the following arguments: {'ament_cmake_args': None, 'build_base': '/home/benny/ros2_ws/build/my_py_pkg', 'catkin_cmake_args': None, 'catkin_skip_building_tests': False, 'cmake_args': None, 'cmake_clean_cache': False, 'cmake_clean_first': False, 'cmake_force_configure': False, 'cmake_target': None, 'cmake_target_skip_unavailable': False, 'install_base': '/home/benny/ros2_ws/install/my_py_pkg', 'merge_install': False, 'path': '/home/benny/ros2_ws/src/my_py_pkg', 'symlink_install': False, 'test_result_base': None}
[0.630s] Level 5:colcon.colcon_core.verb:set package 'system_interfaces' build argument 'cmake_args' from command line to 'None'
[0.631s] Level 5:colcon.colcon_core.verb:set package 'system_interfaces' build argument 'cmake_target' from command line to 'None'
[0.631s] Level 5:colcon.colcon_core.verb:set package 'system_interfaces' build argument 'cmake_target_skip_unavailable' from command line to 'False'
[0.631s] Level 5:colcon.colcon_core.verb:set package 'system_interfaces' build argument 'cmake_clean_cache' from command line to 'False'
[0.631s] Level 5:colcon.colcon_core.verb:set package 'system_interfaces' build argument 'cmake_clean_first' from command line to 'False'
[0.631s] Level 5:colcon.colcon_core.verb:set package 'system_interfaces' build argument 'cmake_force_configure' from command line to 'False'
[0.631s] Level 5:colcon.colcon_core.verb:set package 'system_interfaces' build argument 'ament_cmake_args' from command line to 'None'
[0.631s] Level 5:colcon.colcon_core.verb:set package 'system_interfaces' build argument 'catkin_cmake_args' from command line to 'None'
[0.631s] Level 5:colcon.colcon_core.verb:set package 'system_interfaces' build argument 'catkin_skip_building_tests' from command line to 'False'
[0.631s] DEBUG:colcon.colcon_core.verb:Building package 'system_interfaces' with the following arguments: {'ament_cmake_args': None, 'build_base': '/home/benny/ros2_ws/build/system_interfaces', 'catkin_cmake_args': None, 'catkin_skip_building_tests': False, 'cmake_args': None, 'cmake_clean_cache': False, 'cmake_clean_first': False, 'cmake_force_configure': False, 'cmake_target': None, 'cmake_target_skip_unavailable': False, 'install_base': '/home/benny/ros2_ws/install/system_interfaces', 'merge_install': False, 'path': '/home/benny/ros2_ws/src/system_interfaces', 'symlink_install': False, 'test_result_base': None}
[0.632s] Level 5:colcon.colcon_core.verb:set package 'monitor_system' build argument 'cmake_args' from command line to 'None'
[0.632s] Level 5:colcon.colcon_core.verb:set package 'monitor_system' build argument 'cmake_target' from command line to 'None'
[0.632s] Level 5:colcon.colcon_core.verb:set package 'monitor_system' build argument 'cmake_target_skip_unavailable' from command line to 'False'
[0.632s] Level 5:colcon.colcon_core.verb:set package 'monitor_system' build argument 'cmake_clean_cache' from command line to 'False'
[0.632s] Level 5:colcon.colcon_core.verb:set package 'monitor_system' build argument 'cmake_clean_first' from command line to 'False'
[0.632s] Level 5:colcon.colcon_core.verb:set package 'monitor_system' build argument 'cmake_force_configure' from command line to 'False'
[0.632s] Level 5:colcon.colcon_core.verb:set package 'monitor_system' build argument 'ament_cmake_args' from command line to 'None'
[0.632s] Level 5:colcon.colcon_core.verb:set package 'monitor_system' build argument 'catkin_cmake_args' from command line to 'None'
[0.632s] Level 5:colcon.colcon_core.verb:set package 'monitor_system' build argument 'catkin_skip_building_tests' from command line to 'False'
[0.632s] DEBUG:colcon.colcon_core.verb:Building package 'monitor_system' with the following arguments: {'ament_cmake_args': None, 'build_base': '/home/benny/ros2_ws/build/monitor_system', 'catkin_cmake_args': None, 'catkin_skip_building_tests': False, 'cmake_args': None, 'cmake_clean_cache': False, 'cmake_clean_first': False, 'cmake_force_configure': False, 'cmake_target': None, 'cmake_target_skip_unavailable': False, 'install_base': '/home/benny/ros2_ws/install/monitor_system', 'merge_install': False, 'path': '/home/benny/ros2_ws/src/monitor_system', 'symlink_install': False, 'test_result_base': None}
[0.633s] Level 5:colcon.colcon_core.verb:set package 'pros_library' build argument 'cmake_args' from command line to 'None'
[0.633s] Level 5:colcon.colcon_core.verb:set package 'pros_library' build argument 'cmake_target' from command line to 'None'
[0.633s] Level 5:colcon.colcon_core.verb:set package 'pros_library' build argument 'cmake_target_skip_unavailable' from command line to 'False'
[0.633s] Level 5:colcon.colcon_core.verb:set package 'pros_library' build argument 'cmake_clean_cache' from command line to 'False'
[0.633s] Level 5:colcon.colcon_core.verb:set package 'pros_library' build argument 'cmake_clean_first' from command line to 'False'
[0.633s] Level 5:colcon.colcon_core.verb:set package 'pros_library' build argument 'cmake_force_configure' from command line to 'False'
[0.633s] Level 5:colcon.colcon_core.verb:set package 'pros_library' build argument 'ament_cmake_args' from command line to 'None'
[0.634s] Level 5:colcon.colcon_core.verb:set package 'pros_library' build argument 'catkin_cmake_args' from command line to 'None'
[0.634s] Level 5:colcon.colcon_core.verb:set package 'pros_library' build argument 'catkin_skip_building_tests' from command line to 'False'
[0.634s] DEBUG:colcon.colcon_core.verb:Building package 'pros_library' with the following arguments: {'ament_cmake_args': None, 'build_base': '/home/benny/ros2_ws/build/pros_library', 'catkin_cmake_args': None, 'catkin_skip_building_tests': False, 'cmake_args': None, 'cmake_clean_cache': False, 'cmake_clean_first': False, 'cmake_force_configure': False, 'cmake_target': None, 'cmake_target_skip_unavailable': False, 'install_base': '/home/benny/ros2_ws/install/pros_library', 'merge_install': False, 'path': '/home/benny/ros2_ws/src/pros_library', 'symlink_install': False, 'test_result_base': None}
[0.635s] Level 5:colcon.colcon_core.verb:set package 'template' build argument 'cmake_args' from command line to 'None'
[0.637s] Level 5:colcon.colcon_core.verb:set package 'template' build argument 'cmake_target' from command line to 'None'
[0.637s] Level 5:colcon.colcon_core.verb:set package 'template' build argument 'cmake_target_skip_unavailable' from command line to 'False'
[0.637s] Level 5:colcon.colcon_core.verb:set package 'template' build argument 'cmake_clean_cache' from command line to 'False'
[0.637s] Level 5:colcon.colcon_core.verb:set package 'template' build argument 'cmake_clean_first' from command line to 'False'
[0.637s] Level 5:colcon.colcon_core.verb:set package 'template' build argument 'cmake_force_configure' from command line to 'False'
[0.638s] Level 5:colcon.colcon_core.verb:set package 'template' build argument 'ament_cmake_args' from command line to 'None'
[0.638s] Level 5:colcon.colcon_core.verb:set package 'template' build argument 'catkin_cmake_args' from command line to 'None'
[0.638s] Level 5:colcon.colcon_core.verb:set package 'template' build argument 'catkin_skip_building_tests' from command line to 'False'
[0.638s] DEBUG:colcon.colcon_core.verb:Building package 'template' with the following arguments: {'ament_cmake_args': None, 'build_base': '/home/benny/ros2_ws/build/template', 'catkin_cmake_args': None, 'catkin_skip_building_tests': False, 'cmake_args': None, 'cmake_clean_cache': False, 'cmake_clean_first': False, 'cmake_force_configure': False, 'cmake_target': None, 'cmake_target_skip_unavailable': False, 'install_base': '/home/benny/ros2_ws/install/template', 'merge_install': False, 'path': '/home/benny/ros2_ws/src/template', 'symlink_install': False, 'test_result_base': None}
[0.639s] Level 5:colcon.colcon_core.verb:set package 'test_node' build argument 'cmake_args' from command line to 'None'
[0.644s] Level 5:colcon.colcon_core.verb:set package 'test_node' build argument 'cmake_target' from command line to 'None'
[0.644s] Level 5:colcon.colcon_core.verb:set package 'test_node' build argument 'cmake_target_skip_unavailable' from command line to 'False'
[0.644s] Level 5:colcon.colcon_core.verb:set package 'test_node' build argument 'cmake_clean_cache' from command line to 'False'
[0.644s] Level 5:colcon.colcon_core.verb:set package 'test_node' build argument 'cmake_clean_first' from command line to 'False'
[0.644s] Level 5:colcon.colcon_core.verb:set package 'test_node' build argument 'cmake_force_configure' from command line to 'False'
[0.644s] Level 5:colcon.colcon_core.verb:set package 'test_node' build argument 'ament_cmake_args' from command line to 'None'
[0.644s] Level 5:colcon.colcon_core.verb:set package 'test_node' build argument 'catkin_cmake_args' from command line to 'None'
[0.644s] Level 5:colcon.colcon_core.verb:set package 'test_node' build argument 'catkin_skip_building_tests' from command line to 'False'
[0.644s] DEBUG:colcon.colcon_core.verb:Building package 'test_node' with the following arguments: {'ament_cmake_args': None, 'build_base': '/home/benny/ros2_ws/build/test_node', 'catkin_cmake_args': None, 'catkin_skip_building_tests': False, 'cmake_args': None, 'cmake_clean_cache': False, 'cmake_clean_first': False, 'cmake_force_configure': False, 'cmake_target': None, 'cmake_target_skip_unavailable': False, 'install_base': '/home/benny/ros2_ws/install/test_node', 'merge_install': False, 'path': '/home/benny/ros2_ws/src/test_node', 'symlink_install': False, 'test_result_base': None}
[0.645s] INFO:colcon.colcon_core.executor:Executing jobs using 'parallel' executor
[0.650s] DEBUG:colcon.colcon_parallel_executor.executor.parallel:run_until_complete
[0.651s] INFO:colcon.colcon_ros.task.ament_cmake.build:Building ROS package in '/home/benny/ros2_ws/src/system_interfaces' with build type 'ament_cmake'
[0.651s] INFO:colcon.colcon_cmake.task.cmake.build:Building CMake package in '/home/benny/ros2_ws/src/system_interfaces'
[0.656s] INFO:colcon.colcon_core.plugin_system:Skipping extension 'colcon_core.shell.bat': Not used on non-Windows systems
[0.658s] INFO:colcon.colcon_core.shell:Skip shell extension 'powershell' for command environment: Not usable outside of PowerShell
[0.659s] DEBUG:colcon.colcon_core.shell:Skip shell extension 'dsv' for command environment
[0.667s] INFO:colcon.colcon_ros.task.ament_cmake.build:Building ROS package in '/home/benny/ros2_ws/src/my_cpp_pkg' with build type 'ament_cmake'
[0.668s] INFO:colcon.colcon_cmake.task.cmake.build:Building CMake package in '/home/benny/ros2_ws/src/my_cpp_pkg'
[0.669s] INFO:colcon.colcon_core.shell:Skip shell extension 'powershell' for command environment: Not usable outside of PowerShell
[0.670s] DEBUG:colcon.colcon_core.shell:Skip shell extension 'dsv' for command environment
[0.677s] INFO:colcon.colcon_ros.task.ament_python.build:Building ROS package in '/home/benny/ros2_ws/src/my_py_pkg' with build type 'ament_python'
[0.678s] Level 1:colcon.colcon_core.shell:create_environment_hook('my_py_pkg', 'ament_prefix_path')
[0.679s] INFO:colcon.colcon_core.shell:Creating environment hook '/home/benny/ros2_ws/install/my_py_pkg/share/my_py_pkg/hook/ament_prefix_path.ps1'
[0.680s] INFO:colcon.colcon_core.shell:Creating environment descriptor '/home/benny/ros2_ws/install/my_py_pkg/share/my_py_pkg/hook/ament_prefix_path.dsv'
[0.681s] INFO:colcon.colcon_core.shell:Creating environment hook '/home/benny/ros2_ws/install/my_py_pkg/share/my_py_pkg/hook/ament_prefix_path.sh'
[0.683s] INFO:colcon.colcon_core.shell:Skip shell extension 'powershell' for command environment: Not usable outside of PowerShell
[0.683s] DEBUG:colcon.colcon_core.shell:Skip shell extension 'dsv' for command environment
[0.694s] DEBUG:colcon.colcon_core.event_handler.log_command:Invoking command in '/home/benny/ros2_ws/build/system_interfaces': CMAKE_PREFIX_PATH=${CMAKE_PREFIX_PATH}:/home/benny/ros2_ws/install/test_node:/home/benny/ros2_ws/install/template:/home/benny/ros2_ws/install/pros_library:/home/benny/ros2_ws/install/my_py_pkg:/opt/ros/humble /usr/bin/cmake --build /home/benny/ros2_ws/build/system_interfaces -- -j8 -l8
[0.701s] DEBUG:colcon.colcon_core.event_handler.log_command:Invoking command in '/home/benny/ros2_ws/build/my_cpp_pkg': CMAKE_PREFIX_PATH=${CMAKE_PREFIX_PATH}:/home/benny/ros2_ws/install/test_node:/home/benny/ros2_ws/install/template:/home/benny/ros2_ws/install/pros_library:/home/benny/ros2_ws/install/my_py_pkg:/opt/ros/humble /usr/bin/cmake --build /home/benny/ros2_ws/build/my_cpp_pkg -- -j8 -l8
[1.048s] INFO:colcon.colcon_core.task.python.build:Building Python package in '/home/benny/ros2_ws/src/my_py_pkg'
[1.050s] INFO:colcon.colcon_core.shell:Skip shell extension 'powershell' for command environment: Not usable outside of PowerShell
[1.050s] DEBUG:colcon.colcon_core.shell:Skip shell extension 'dsv' for command environment
[1.058s] DEBUG:colcon.colcon_core.event_handler.log_command:Invoked command in '/home/benny/ros2_ws/build/my_cpp_pkg' returned '0': CMAKE_PREFIX_PATH=${CMAKE_PREFIX_PATH}:/home/benny/ros2_ws/install/test_node:/home/benny/ros2_ws/install/template:/home/benny/ros2_ws/install/pros_library:/home/benny/ros2_ws/install/my_py_pkg:/opt/ros/humble /usr/bin/cmake --build /home/benny/ros2_ws/build/my_cpp_pkg -- -j8 -l8
[1.108s] DEBUG:colcon.colcon_core.event_handler.log_command:Invoking command in '/home/benny/ros2_ws/build/my_cpp_pkg': CMAKE_PREFIX_PATH=${CMAKE_PREFIX_PATH}:/home/benny/ros2_ws/install/test_node:/home/benny/ros2_ws/install/template:/home/benny/ros2_ws/install/pros_library:/home/benny/ros2_ws/install/my_py_pkg:/opt/ros/humble /usr/bin/cmake --install /home/benny/ros2_ws/build/my_cpp_pkg
[1.122s] Level 1:colcon.colcon_core.environment:create_environment_scripts_only(my_cpp_pkg)
[1.124s] DEBUG:colcon.colcon_core.event_handler.log_command:Invoked command in '/home/benny/ros2_ws/build/my_cpp_pkg' returned '0': CMAKE_PREFIX_PATH=${CMAKE_PREFIX_PATH}:/home/benny/ros2_ws/install/test_node:/home/benny/ros2_ws/install/template:/home/benny/ros2_ws/install/pros_library:/home/benny/ros2_ws/install/my_py_pkg:/opt/ros/humble /usr/bin/cmake --install /home/benny/ros2_ws/build/my_cpp_pkg
[1.129s] Level 1:colcon.colcon_core.environment:checking '/home/benny/ros2_ws/install/my_cpp_pkg' for CMake module files
[1.130s] Level 1:colcon.colcon_core.environment:checking '/home/benny/ros2_ws/install/my_cpp_pkg' for CMake config files
[1.130s] Level 1:colcon.colcon_core.shell:create_environment_hook('my_cpp_pkg', 'cmake_prefix_path')
[1.132s] INFO:colcon.colcon_core.shell:Creating environment hook '/home/benny/ros2_ws/install/my_cpp_pkg/share/my_cpp_pkg/hook/cmake_prefix_path.ps1'
[1.133s] INFO:colcon.colcon_core.shell:Creating environment descriptor '/home/benny/ros2_ws/install/my_cpp_pkg/share/my_cpp_pkg/hook/cmake_prefix_path.dsv'
[1.133s] INFO:colcon.colcon_core.shell:Creating environment hook '/home/benny/ros2_ws/install/my_cpp_pkg/share/my_cpp_pkg/hook/cmake_prefix_path.sh'
[1.134s] Level 1:colcon.colcon_core.environment:checking '/home/benny/ros2_ws/install/my_cpp_pkg/bin'
[1.134s] Level 1:colcon.colcon_core.environment:checking '/home/benny/ros2_ws/install/my_cpp_pkg/lib/pkgconfig/my_cpp_pkg.pc'
[1.135s] Level 1:colcon.colcon_core.environment:checking '/home/benny/ros2_ws/install/my_cpp_pkg/lib/python3.10/site-packages'
[1.135s] Level 1:colcon.colcon_core.environment:checking '/home/benny/ros2_ws/install/my_cpp_pkg/bin'
[1.137s] INFO:colcon.colcon_core.shell:Creating package script '/home/benny/ros2_ws/install/my_cpp_pkg/share/my_cpp_pkg/package.ps1'
[1.138s] INFO:colcon.colcon_core.shell:Creating package descriptor '/home/benny/ros2_ws/install/my_cpp_pkg/share/my_cpp_pkg/package.dsv'
[1.139s] INFO:colcon.colcon_core.shell:Creating package script '/home/benny/ros2_ws/install/my_cpp_pkg/share/my_cpp_pkg/package.sh'
[1.142s] INFO:colcon.colcon_core.shell:Creating package script '/home/benny/ros2_ws/install/my_cpp_pkg/share/my_cpp_pkg/package.bash'
[1.144s] INFO:colcon.colcon_core.shell:Creating package script '/home/benny/ros2_ws/install/my_cpp_pkg/share/my_cpp_pkg/package.zsh'
[1.145s] Level 1:colcon.colcon_core.environment:create_file_with_runtime_dependencies(/home/benny/ros2_ws/install/my_cpp_pkg/share/colcon-core/packages/my_cpp_pkg)
[1.167s] DEBUG:colcon.colcon_core.event_handler.log_command:Invoked command in '/home/benny/ros2_ws/build/system_interfaces' returned '0': CMAKE_PREFIX_PATH=${CMAKE_PREFIX_PATH}:/home/benny/ros2_ws/install/test_node:/home/benny/ros2_ws/install/template:/home/benny/ros2_ws/install/pros_library:/home/benny/ros2_ws/install/my_py_pkg:/opt/ros/humble /usr/bin/cmake --build /home/benny/ros2_ws/build/system_interfaces -- -j8 -l8
[1.179s] Level 1:colcon.colcon_core.environment:create_environment_scripts_only(my_cpp_pkg)
[1.181s] Level 1:colcon.colcon_core.environment:checking '/home/benny/ros2_ws/install/my_cpp_pkg' for CMake module files
[1.181s] Level 1:colcon.colcon_core.environment:checking '/home/benny/ros2_ws/install/my_cpp_pkg' for CMake config files
[1.182s] Level 1:colcon.colcon_core.shell:create_environment_hook('my_cpp_pkg', 'cmake_prefix_path')
[1.184s] INFO:colcon.colcon_core.shell:Creating environment hook '/home/benny/ros2_ws/install/my_cpp_pkg/share/my_cpp_pkg/hook/cmake_prefix_path.ps1'
[1.185s] INFO:colcon.colcon_core.shell:Creating environment descriptor '/home/benny/ros2_ws/install/my_cpp_pkg/share/my_cpp_pkg/hook/cmake_prefix_path.dsv'
[1.186s] INFO:colcon.colcon_core.shell:Creating environment hook '/home/benny/ros2_ws/install/my_cpp_pkg/share/my_cpp_pkg/hook/cmake_prefix_path.sh'
[1.187s] Level 1:colcon.colcon_core.environment:checking '/home/benny/ros2_ws/install/my_cpp_pkg/bin'
[1.187s] Level 1:colcon.colcon_core.environment:checking '/home/benny/ros2_ws/install/my_cpp_pkg/lib/pkgconfig/my_cpp_pkg.pc'
[1.187s] Level 1:colcon.colcon_core.environment:checking '/home/benny/ros2_ws/install/my_cpp_pkg/lib/python3.10/site-packages'
[1.187s] Level 1:colcon.colcon_core.environment:checking '/home/benny/ros2_ws/install/my_cpp_pkg/bin'
[1.189s] INFO:colcon.colcon_core.shell:Creating package script '/home/benny/ros2_ws/install/my_cpp_pkg/share/my_cpp_pkg/package.ps1'
[1.190s] INFO:colcon.colcon_core.shell:Creating package descriptor '/home/benny/ros2_ws/install/my_cpp_pkg/share/my_cpp_pkg/package.dsv'
[1.191s] INFO:colcon.colcon_core.shell:Creating package script '/home/benny/ros2_ws/install/my_cpp_pkg/share/my_cpp_pkg/package.sh'
[1.192s] INFO:colcon.colcon_core.shell:Creating package script '/home/benny/ros2_ws/install/my_cpp_pkg/share/my_cpp_pkg/package.bash'
[1.192s] INFO:colcon.colcon_core.shell:Creating package script '/home/benny/ros2_ws/install/my_cpp_pkg/share/my_cpp_pkg/package.zsh'
[1.194s] Level 1:colcon.colcon_core.environment:create_file_with_runtime_dependencies(/home/benny/ros2_ws/install/my_cpp_pkg/share/colcon-core/packages/my_cpp_pkg)
[1.379s] DEBUG:colcon.colcon_core.event_handler.log_command:Invoking command in '/home/benny/ros2_ws/build/system_interfaces': CMAKE_PREFIX_PATH=${CMAKE_PREFIX_PATH}:/home/benny/ros2_ws/install/test_node:/home/benny/ros2_ws/install/template:/home/benny/ros2_ws/install/pros_library:/home/benny/ros2_ws/install/my_py_pkg:/opt/ros/humble /usr/bin/cmake --install /home/benny/ros2_ws/build/system_interfaces
[1.445s] Level 1:colcon.colcon_core.environment:create_environment_scripts_only(system_interfaces)
[1.446s] DEBUG:colcon.colcon_core.event_handler.log_command:Invoked command in '/home/benny/ros2_ws/build/system_interfaces' returned '0': CMAKE_PREFIX_PATH=${CMAKE_PREFIX_PATH}:/home/benny/ros2_ws/install/test_node:/home/benny/ros2_ws/install/template:/home/benny/ros2_ws/install/pros_library:/home/benny/ros2_ws/install/my_py_pkg:/opt/ros/humble /usr/bin/cmake --install /home/benny/ros2_ws/build/system_interfaces
[1.448s] Level 1:colcon.colcon_core.environment:checking '/home/benny/ros2_ws/install/system_interfaces' for CMake module files
[1.449s] Level 1:colcon.colcon_core.environment:checking '/home/benny/ros2_ws/install/system_interfaces' for CMake config files
[1.449s] Level 1:colcon.colcon_core.shell:create_environment_hook('system_interfaces', 'cmake_prefix_path')
[1.451s] INFO:colcon.colcon_core.shell:Creating environment hook '/home/benny/ros2_ws/install/system_interfaces/share/system_interfaces/hook/cmake_prefix_path.ps1'
[1.451s] INFO:colcon.colcon_core.shell:Creating environment descriptor '/home/benny/ros2_ws/install/system_interfaces/share/system_interfaces/hook/cmake_prefix_path.dsv'
[1.452s] INFO:colcon.colcon_core.shell:Creating environment hook '/home/benny/ros2_ws/install/system_interfaces/share/system_interfaces/hook/cmake_prefix_path.sh'
[1.453s] Level 1:colcon.colcon_core.environment:checking '/home/benny/ros2_ws/install/system_interfaces/lib'
[1.453s] Level 1:colcon.colcon_core.shell:create_environment_hook('system_interfaces', 'ld_library_path_lib')
[1.454s] INFO:colcon.colcon_core.shell:Creating environment hook '/home/benny/ros2_ws/install/system_interfaces/share/system_interfaces/hook/ld_library_path_lib.ps1'
[1.455s] INFO:colcon.colcon_core.shell:Creating environment descriptor '/home/benny/ros2_ws/install/system_interfaces/share/system_interfaces/hook/ld_library_path_lib.dsv'
[1.455s] INFO:colcon.colcon_core.shell:Creating environment hook '/home/benny/ros2_ws/install/system_interfaces/share/system_interfaces/hook/ld_library_path_lib.sh'
[1.455s] Level 1:colcon.colcon_core.environment:checking '/home/benny/ros2_ws/install/system_interfaces/bin'
[1.456s] Level 1:colcon.colcon_core.environment:checking '/home/benny/ros2_ws/install/system_interfaces/lib/pkgconfig/system_interfaces.pc'
[1.456s] Level 1:colcon.colcon_core.environment:checking '/home/benny/ros2_ws/install/system_interfaces/lib/python3.10/site-packages'
[1.456s] Level 1:colcon.colcon_core.environment:checking '/home/benny/ros2_ws/install/system_interfaces/bin'
[1.457s] INFO:colcon.colcon_core.shell:Creating package script '/home/benny/ros2_ws/install/system_interfaces/share/system_interfaces/package.ps1'
[1.458s] INFO:colcon.colcon_core.shell:Creating package descriptor '/home/benny/ros2_ws/install/system_interfaces/share/system_interfaces/package.dsv'
[1.459s] INFO:colcon.colcon_core.shell:Creating package script '/home/benny/ros2_ws/install/system_interfaces/share/system_interfaces/package.sh'
[1.459s] INFO:colcon.colcon_core.shell:Creating package script '/home/benny/ros2_ws/install/system_interfaces/share/system_interfaces/package.bash'
[1.459s] INFO:colcon.colcon_core.shell:Creating package script '/home/benny/ros2_ws/install/system_interfaces/share/system_interfaces/package.zsh'
[1.460s] Level 1:colcon.colcon_core.environment:create_file_with_runtime_dependencies(/home/benny/ros2_ws/install/system_interfaces/share/colcon-core/packages/system_interfaces)
[1.564s] Level 1:colcon.colcon_core.environment:create_environment_scripts_only(system_interfaces)
[1.568s] Level 1:colcon.colcon_core.environment:checking '/home/benny/ros2_ws/install/system_interfaces' for CMake module files
[1.569s] Level 1:colcon.colcon_core.environment:checking '/home/benny/ros2_ws/install/system_interfaces' for CMake config files
[1.570s] Level 1:colcon.colcon_core.shell:create_environment_hook('system_interfaces', 'cmake_prefix_path')
[1.571s] INFO:colcon.colcon_core.shell:Creating environment hook '/home/benny/ros2_ws/install/system_interfaces/share/system_interfaces/hook/cmake_prefix_path.ps1'
[1.573s] INFO:colcon.colcon_core.shell:Creating environment descriptor '/home/benny/ros2_ws/install/system_interfaces/share/system_interfaces/hook/cmake_prefix_path.dsv'
[1.573s] INFO:colcon.colcon_core.shell:Creating environment hook '/home/benny/ros2_ws/install/system_interfaces/share/system_interfaces/hook/cmake_prefix_path.sh'
[1.574s] Level 1:colcon.colcon_core.environment:checking '/home/benny/ros2_ws/install/system_interfaces/lib'
[1.574s] Level 1:colcon.colcon_core.shell:create_environment_hook('system_interfaces', 'ld_library_path_lib')
[1.576s] INFO:colcon.colcon_core.shell:Creating environment hook '/home/benny/ros2_ws/install/system_interfaces/share/system_interfaces/hook/ld_library_path_lib.ps1'
[1.577s] INFO:colcon.colcon_core.shell:Creating environment descriptor '/home/benny/ros2_ws/install/system_interfaces/share/system_interfaces/hook/ld_library_path_lib.dsv'
[1.577s] INFO:colcon.colcon_core.shell:Creating environment hook '/home/benny/ros2_ws/install/system_interfaces/share/system_interfaces/hook/ld_library_path_lib.sh'
[1.578s] Level 1:colcon.colcon_core.environment:checking '/home/benny/ros2_ws/install/system_interfaces/bin'
[1.578s] Level 1:colcon.colcon_core.environment:checking '/home/benny/ros2_ws/install/system_interfaces/lib/pkgconfig/system_interfaces.pc'
[1.578s] Level 1:colcon.colcon_core.environment:checking '/home/benny/ros2_ws/install/system_interfaces/lib/python3.10/site-packages'
[1.578s] Level 1:colcon.colcon_core.environment:checking '/home/benny/ros2_ws/install/system_interfaces/bin'
[1.580s] INFO:colcon.colcon_core.shell:Creating package script '/home/benny/ros2_ws/install/system_interfaces/share/system_interfaces/package.ps1'
[1.581s] INFO:colcon.colcon_core.shell:Creating package descriptor '/home/benny/ros2_ws/install/system_interfaces/share/system_interfaces/package.dsv'
[1.581s] INFO:colcon.colcon_core.shell:Creating package script '/home/benny/ros2_ws/install/system_interfaces/share/system_interfaces/package.sh'
[1.582s] INFO:colcon.colcon_core.shell:Creating package script '/home/benny/ros2_ws/install/system_interfaces/share/system_interfaces/package.bash'
[1.583s] INFO:colcon.colcon_core.shell:Creating package script '/home/benny/ros2_ws/install/system_interfaces/share/system_interfaces/package.zsh'
[1.583s] Level 1:colcon.colcon_core.environment:create_file_with_runtime_dependencies(/home/benny/ros2_ws/install/system_interfaces/share/colcon-core/packages/system_interfaces)
[1.584s] INFO:colcon.colcon_ros.task.ament_python.build:Building ROS package in '/home/benny/ros2_ws/src/pros_library' with build type 'ament_python'
[1.584s] Level 1:colcon.colcon_core.shell:create_environment_hook('pros_library', 'ament_prefix_path')
[1.586s] INFO:colcon.colcon_core.shell:Creating environment hook '/home/benny/ros2_ws/install/pros_library/share/pros_library/hook/ament_prefix_path.ps1'
[1.587s] INFO:colcon.colcon_core.shell:Creating environment descriptor '/home/benny/ros2_ws/install/pros_library/share/pros_library/hook/ament_prefix_path.dsv'
[1.587s] INFO:colcon.colcon_core.shell:Creating environment hook '/home/benny/ros2_ws/install/pros_library/share/pros_library/hook/ament_prefix_path.sh'
[1.591s] INFO:colcon.colcon_core.shell:Skip shell extension 'powershell' for command environment: Not usable outside of PowerShell
[1.592s] DEBUG:colcon.colcon_core.shell:Skip shell extension 'dsv' for command environment
[1.598s] INFO:colcon.colcon_ros.task.ament_cmake.build:Building ROS package in '/home/benny/ros2_ws/src/monitor_system' with build type 'ament_cmake'
[1.598s] INFO:colcon.colcon_cmake.task.cmake.build:Building CMake package in '/home/benny/ros2_ws/src/monitor_system'
[1.599s] INFO:colcon.colcon_core.shell:Skip shell extension 'powershell' for command environment: Not usable outside of PowerShell
[1.599s] DEBUG:colcon.colcon_core.shell:Skip shell extension 'dsv' for command environment
[1.611s] DEBUG:colcon.colcon_core.event_handler.log_command:Invoking command in '/home/benny/ros2_ws/src/my_py_pkg': PYTHONPATH=/home/benny/ros2_ws/build/my_py_pkg/prefix_override:/home/benny/ros2_ws/install/my_py_pkg/lib/python3.10/site-packages:${PYTHONPATH} /usr/bin/python3 setup.py egg_info --egg-base ../../build/my_py_pkg build --build-base /home/benny/ros2_ws/build/my_py_pkg/build install --record /home/benny/ros2_ws/build/my_py_pkg/install.log --single-version-externally-managed
[1.990s] INFO:colcon.colcon_core.task.python.build:Building Python package in '/home/benny/ros2_ws/src/pros_library'
[1.992s] INFO:colcon.colcon_core.shell:Skip shell extension 'powershell' for command environment: Not usable outside of PowerShell
[1.992s] DEBUG:colcon.colcon_core.shell:Skip shell extension 'dsv' for command environment
[2.003s] DEBUG:colcon.colcon_core.event_handler.log_command:Invoking command in '/home/benny/ros2_ws/build/monitor_system': CMAKE_PREFIX_PATH=/home/benny/ros2_ws/install/system_interfaces:/home/benny/ros2_ws/install/monitor_system:/home/benny/ros2_ws/install/my_cpp_pkg:/home/benny/ros2_ws/install/test_node:/home/benny/ros2_ws/install/template:/home/benny/ros2_ws/install/pros_library:/home/benny/ros2_ws/install/my_py_pkg:/opt/ros/humble /usr/bin/cmake --build /home/benny/ros2_ws/build/monitor_system -- -j8 -l8
[2.069s] Level 1:colcon.colcon_core.environment:checking '/home/benny/ros2_ws/install/my_py_pkg' for CMake module files
[2.071s] Level 1:colcon.colcon_core.environment:checking '/home/benny/ros2_ws/install/my_py_pkg' for CMake config files
[2.072s] Level 1:colcon.colcon_core.environment:checking '/home/benny/ros2_ws/install/my_py_pkg/lib'
[2.072s] Level 1:colcon.colcon_core.environment:checking '/home/benny/ros2_ws/install/my_py_pkg/bin'
[2.072s] Level 1:colcon.colcon_core.environment:checking '/home/benny/ros2_ws/install/my_py_pkg/lib/pkgconfig/my_py_pkg.pc'
[2.072s] Level 1:colcon.colcon_core.environment:checking '/home/benny/ros2_ws/install/my_py_pkg/lib/python3.10/site-packages'
[2.072s] Level 1:colcon.colcon_core.shell:create_environment_hook('my_py_pkg', 'pythonpath')
[2.073s] INFO:colcon.colcon_core.shell:Creating environment hook '/home/benny/ros2_ws/install/my_py_pkg/share/my_py_pkg/hook/pythonpath.ps1'
[2.074s] INFO:colcon.colcon_core.shell:Creating environment descriptor '/home/benny/ros2_ws/install/my_py_pkg/share/my_py_pkg/hook/pythonpath.dsv'
[2.075s] INFO:colcon.colcon_core.shell:Creating environment hook '/home/benny/ros2_ws/install/my_py_pkg/share/my_py_pkg/hook/pythonpath.sh'
[2.075s] Level 1:colcon.colcon_core.environment:checking '/home/benny/ros2_ws/install/my_py_pkg/bin'
[2.076s] Level 1:colcon.colcon_core.environment:create_environment_scripts_only(my_py_pkg)
[2.077s] INFO:colcon.colcon_core.shell:Creating package script '/home/benny/ros2_ws/install/my_py_pkg/share/my_py_pkg/package.ps1'
[2.078s] INFO:colcon.colcon_core.shell:Creating package descriptor '/home/benny/ros2_ws/install/my_py_pkg/share/my_py_pkg/package.dsv'
[2.079s] INFO:colcon.colcon_core.shell:Creating package script '/home/benny/ros2_ws/install/my_py_pkg/share/my_py_pkg/package.sh'
[2.080s] INFO:colcon.colcon_core.shell:Creating package script '/home/benny/ros2_ws/install/my_py_pkg/share/my_py_pkg/package.bash'
[2.081s] DEBUG:colcon.colcon_core.event_handler.log_command:Invoked command in '/home/benny/ros2_ws/src/my_py_pkg' returned '0': PYTHONPATH=/home/benny/ros2_ws/build/my_py_pkg/prefix_override:/home/benny/ros2_ws/install/my_py_pkg/lib/python3.10/site-packages:${PYTHONPATH} /usr/bin/python3 setup.py egg_info --egg-base ../../build/my_py_pkg build --build-base /home/benny/ros2_ws/build/my_py_pkg/build install --record /home/benny/ros2_ws/build/my_py_pkg/install.log --single-version-externally-managed
[2.081s] INFO:colcon.colcon_core.shell:Creating package script '/home/benny/ros2_ws/install/my_py_pkg/share/my_py_pkg/package.zsh'
[2.082s] Level 1:colcon.colcon_core.environment:create_file_with_runtime_dependencies(/home/benny/ros2_ws/install/my_py_pkg/share/colcon-core/packages/my_py_pkg)
[2.088s] DEBUG:colcon.colcon_core.event_handler.log_command:Invoked command in '/home/benny/ros2_ws/build/monitor_system' returned '0': CMAKE_PREFIX_PATH=/home/benny/ros2_ws/install/system_interfaces:/home/benny/ros2_ws/install/monitor_system:/home/benny/ros2_ws/install/my_cpp_pkg:/home/benny/ros2_ws/install/test_node:/home/benny/ros2_ws/install/template:/home/benny/ros2_ws/install/pros_library:/home/benny/ros2_ws/install/my_py_pkg:/opt/ros/humble /usr/bin/cmake --build /home/benny/ros2_ws/build/monitor_system -- -j8 -l8
[2.135s] DEBUG:colcon.colcon_core.event_handler.log_command:Invoking command in '/home/benny/ros2_ws/build/monitor_system': CMAKE_PREFIX_PATH=/home/benny/ros2_ws/install/system_interfaces:/home/benny/ros2_ws/install/monitor_system:/home/benny/ros2_ws/install/my_cpp_pkg:/home/benny/ros2_ws/install/test_node:/home/benny/ros2_ws/install/template:/home/benny/ros2_ws/install/pros_library:/home/benny/ros2_ws/install/my_py_pkg:/opt/ros/humble /usr/bin/cmake --install /home/benny/ros2_ws/build/monitor_system
[2.147s] Level 1:colcon.colcon_core.environment:create_environment_scripts_only(monitor_system)
[2.150s] Level 1:colcon.colcon_core.environment:checking '/home/benny/ros2_ws/install/monitor_system' for CMake module files
[2.151s] DEBUG:colcon.colcon_core.event_handler.log_command:Invoked command in '/home/benny/ros2_ws/build/monitor_system' returned '0': CMAKE_PREFIX_PATH=/home/benny/ros2_ws/install/system_interfaces:/home/benny/ros2_ws/install/monitor_system:/home/benny/ros2_ws/install/my_cpp_pkg:/home/benny/ros2_ws/install/test_node:/home/benny/ros2_ws/install/template:/home/benny/ros2_ws/install/pros_library:/home/benny/ros2_ws/install/my_py_pkg:/opt/ros/humble /usr/bin/cmake --install /home/benny/ros2_ws/build/monitor_system
[2.151s] Level 1:colcon.colcon_core.environment:checking '/home/benny/ros2_ws/install/monitor_system' for CMake config files
[2.151s] Level 1:colcon.colcon_core.shell:create_environment_hook('monitor_system', 'cmake_prefix_path')
[2.153s] INFO:colcon.colcon_core.shell:Creating environment hook '/home/benny/ros2_ws/install/monitor_system/share/monitor_system/hook/cmake_prefix_path.ps1'
[2.154s] INFO:colcon.colcon_core.shell:Creating environment descriptor '/home/benny/ros2_ws/install/monitor_system/share/monitor_system/hook/cmake_prefix_path.dsv'
[2.155s] INFO:colcon.colcon_core.shell:Creating environment hook '/home/benny/ros2_ws/install/monitor_system/share/monitor_system/hook/cmake_prefix_path.sh'
[2.156s] Level 1:colcon.colcon_core.environment:checking '/home/benny/ros2_ws/install/monitor_system/lib'
[2.156s] Level 1:colcon.colcon_core.environment:checking '/home/benny/ros2_ws/install/monitor_system/bin'
[2.156s] Level 1:colcon.colcon_core.environment:checking '/home/benny/ros2_ws/install/monitor_system/lib/pkgconfig/monitor_system.pc'
[2.157s] Level 1:colcon.colcon_core.environment:checking '/home/benny/ros2_ws/install/monitor_system/lib/python3.10/site-packages'
[2.157s] Level 1:colcon.colcon_core.environment:checking '/home/benny/ros2_ws/install/monitor_system/bin'
[2.159s] INFO:colcon.colcon_core.shell:Creating package script '/home/benny/ros2_ws/install/monitor_system/share/monitor_system/package.ps1'
[2.160s] INFO:colcon.colcon_core.shell:Creating package descriptor '/home/benny/ros2_ws/install/monitor_system/share/monitor_system/package.dsv'
[2.160s] INFO:colcon.colcon_core.shell:Creating package script '/home/benny/ros2_ws/install/monitor_system/share/monitor_system/package.sh'
[2.161s] INFO:colcon.colcon_core.shell:Creating package script '/home/benny/ros2_ws/install/monitor_system/share/monitor_system/package.bash'
[2.161s] INFO:colcon.colcon_core.shell:Creating package script '/home/benny/ros2_ws/install/monitor_system/share/monitor_system/package.zsh'
[2.162s] Level 1:colcon.colcon_core.environment:create_file_with_runtime_dependencies(/home/benny/ros2_ws/install/monitor_system/share/colcon-core/packages/monitor_system)
[2.197s] Level 1:colcon.colcon_core.environment:create_environment_scripts_only(monitor_system)
[2.200s] Level 1:colcon.colcon_core.environment:checking '/home/benny/ros2_ws/install/monitor_system' for CMake module files
[2.201s] Level 1:colcon.colcon_core.environment:checking '/home/benny/ros2_ws/install/monitor_system' for CMake config files
[2.201s] Level 1:colcon.colcon_core.shell:create_environment_hook('monitor_system', 'cmake_prefix_path')
[2.202s] INFO:colcon.colcon_core.shell:Creating environment hook '/home/benny/ros2_ws/install/monitor_system/share/monitor_system/hook/cmake_prefix_path.ps1'
[2.203s] INFO:colcon.colcon_core.shell:Creating environment descriptor '/home/benny/ros2_ws/install/monitor_system/share/monitor_system/hook/cmake_prefix_path.dsv'
[2.204s] INFO:colcon.colcon_core.shell:Creating environment hook '/home/benny/ros2_ws/install/monitor_system/share/monitor_system/hook/cmake_prefix_path.sh'
[2.206s] Level 1:colcon.colcon_core.environment:checking '/home/benny/ros2_ws/install/monitor_system/lib'
[2.209s] Level 1:colcon.colcon_core.environment:checking '/home/benny/ros2_ws/install/monitor_system/bin'
[2.210s] Level 1:colcon.colcon_core.environment:checking '/home/benny/ros2_ws/install/monitor_system/lib/pkgconfig/monitor_system.pc'
[2.210s] Level 1:colcon.colcon_core.environment:checking '/home/benny/ros2_ws/install/monitor_system/lib/python3.10/site-packages'
[2.210s] Level 1:colcon.colcon_core.environment:checking '/home/benny/ros2_ws/install/monitor_system/bin'
[2.212s] INFO:colcon.colcon_core.shell:Creating package script '/home/benny/ros2_ws/install/monitor_system/share/monitor_system/package.ps1'
[2.213s] INFO:colcon.colcon_core.shell:Creating package descriptor '/home/benny/ros2_ws/install/monitor_system/share/monitor_system/package.dsv'
[2.213s] INFO:colcon.colcon_core.shell:Creating package script '/home/benny/ros2_ws/install/monitor_system/share/monitor_system/package.sh'
[2.214s] INFO:colcon.colcon_core.shell:Creating package script '/home/benny/ros2_ws/install/monitor_system/share/monitor_system/package.bash'
[2.215s] INFO:colcon.colcon_core.shell:Creating package script '/home/benny/ros2_ws/install/monitor_system/share/monitor_system/package.zsh'
[2.215s] Level 1:colcon.colcon_core.environment:create_file_with_runtime_dependencies(/home/benny/ros2_ws/install/monitor_system/share/colcon-core/packages/monitor_system)
[2.476s] DEBUG:colcon.colcon_core.event_handler.log_command:Invoking command in '/home/benny/ros2_ws/src/pros_library': CMAKE_PREFIX_PATH=/home/benny/ros2_ws/install/system_interfaces:/home/benny/ros2_ws/install/monitor_system:/home/benny/ros2_ws/install/my_cpp_pkg PYTHONPATH=/home/benny/ros2_ws/build/pros_library/prefix_override:/home/benny/ros2_ws/install/pros_library/lib/python3.10/site-packages:${PYTHONPATH} /usr/bin/python3 setup.py egg_info --egg-base ../../build/pros_library build --build-base /home/benny/ros2_ws/build/pros_library/build install --record /home/benny/ros2_ws/build/pros_library/install.log --single-version-externally-managed
[3.016s] Level 1:colcon.colcon_core.environment:checking '/home/benny/ros2_ws/install/pros_library' for CMake module files
[3.016s] Level 1:colcon.colcon_core.environment:checking '/home/benny/ros2_ws/install/pros_library' for CMake config files
[3.017s] Level 1:colcon.colcon_core.environment:checking '/home/benny/ros2_ws/install/pros_library/lib'
[3.017s] Level 1:colcon.colcon_core.environment:checking '/home/benny/ros2_ws/install/pros_library/bin'
[3.017s] Level 1:colcon.colcon_core.environment:checking '/home/benny/ros2_ws/install/pros_library/lib/pkgconfig/pros_library.pc'
[3.017s] Level 1:colcon.colcon_core.environment:checking '/home/benny/ros2_ws/install/pros_library/lib/python3.10/site-packages'
[3.017s] Level 1:colcon.colcon_core.shell:create_environment_hook('pros_library', 'pythonpath')
[3.019s] INFO:colcon.colcon_core.shell:Creating environment hook '/home/benny/ros2_ws/install/pros_library/share/pros_library/hook/pythonpath.ps1'
[3.020s] INFO:colcon.colcon_core.shell:Creating environment descriptor '/home/benny/ros2_ws/install/pros_library/share/pros_library/hook/pythonpath.dsv'
[3.020s] INFO:colcon.colcon_core.shell:Creating environment hook '/home/benny/ros2_ws/install/pros_library/share/pros_library/hook/pythonpath.sh'
[3.026s] Level 1:colcon.colcon_core.environment:checking '/home/benny/ros2_ws/install/pros_library/bin'
[3.026s] Level 1:colcon.colcon_core.environment:create_environment_scripts_only(pros_library)
[3.033s] INFO:colcon.colcon_core.shell:Creating package script '/home/benny/ros2_ws/install/pros_library/share/pros_library/package.ps1'
[3.034s] DEBUG:colcon.colcon_core.event_handler.log_command:Invoked command in '/home/benny/ros2_ws/src/pros_library' returned '0': CMAKE_PREFIX_PATH=/home/benny/ros2_ws/install/system_interfaces:/home/benny/ros2_ws/install/monitor_system:/home/benny/ros2_ws/install/my_cpp_pkg PYTHONPATH=/home/benny/ros2_ws/build/pros_library/prefix_override:/home/benny/ros2_ws/install/pros_library/lib/python3.10/site-packages:${PYTHONPATH} /usr/bin/python3 setup.py egg_info --egg-base ../../build/pros_library build --build-base /home/benny/ros2_ws/build/pros_library/build install --record /home/benny/ros2_ws/build/pros_library/install.log --single-version-externally-managed
[3.034s] INFO:colcon.colcon_core.shell:Creating package descriptor '/home/benny/ros2_ws/install/pros_library/share/pros_library/package.dsv'
[3.035s] INFO:colcon.colcon_core.shell:Creating package script '/home/benny/ros2_ws/install/pros_library/share/pros_library/package.sh'
[3.036s] INFO:colcon.colcon_core.shell:Creating package script '/home/benny/ros2_ws/install/pros_library/share/pros_library/package.bash'
[3.036s] INFO:colcon.colcon_core.shell:Creating package script '/home/benny/ros2_ws/install/pros_library/share/pros_library/package.zsh'
[3.036s] Level 1:colcon.colcon_core.environment:create_file_with_runtime_dependencies(/home/benny/ros2_ws/install/pros_library/share/colcon-core/packages/pros_library)
[3.037s] INFO:colcon.colcon_ros.task.ament_python.build:Building ROS package in '/home/benny/ros2_ws/src/template' with build type 'ament_python'
[3.037s] Level 1:colcon.colcon_core.shell:create_environment_hook('template', 'ament_prefix_path')
[3.039s] INFO:colcon.colcon_core.shell:Creating environment hook '/home/benny/ros2_ws/install/template/share/template/hook/ament_prefix_path.ps1'
[3.040s] INFO:colcon.colcon_core.shell:Creating environment descriptor '/home/benny/ros2_ws/install/template/share/template/hook/ament_prefix_path.dsv'
[3.041s] INFO:colcon.colcon_core.shell:Creating environment hook '/home/benny/ros2_ws/install/template/share/template/hook/ament_prefix_path.sh'
[3.043s] INFO:colcon.colcon_core.shell:Skip shell extension 'powershell' for command environment: Not usable outside of PowerShell
[3.043s] DEBUG:colcon.colcon_core.shell:Skip shell extension 'dsv' for command environment
[3.046s] INFO:colcon.colcon_ros.task.ament_python.build:Building ROS package in '/home/benny/ros2_ws/src/test_node' with build type 'ament_python'
[3.047s] Level 1:colcon.colcon_core.shell:create_environment_hook('test_node', 'ament_prefix_path')
[3.047s] INFO:colcon.colcon_core.shell:Creating environment hook '/home/benny/ros2_ws/install/test_node/share/test_node/hook/ament_prefix_path.ps1'
[3.048s] INFO:colcon.colcon_core.shell:Creating environment descriptor '/home/benny/ros2_ws/install/test_node/share/test_node/hook/ament_prefix_path.dsv'
[3.048s] INFO:colcon.colcon_core.shell:Creating environment hook '/home/benny/ros2_ws/install/test_node/share/test_node/hook/ament_prefix_path.sh'
[3.050s] INFO:colcon.colcon_core.shell:Skip shell extension 'powershell' for command environment: Not usable outside of PowerShell
[3.050s] DEBUG:colcon.colcon_core.shell:Skip shell extension 'dsv' for command environment
[3.491s] INFO:colcon.colcon_core.task.python.build:Building Python package in '/home/benny/ros2_ws/src/template'
[3.492s] INFO:colcon.colcon_core.shell:Skip shell extension 'powershell' for command environment: Not usable outside of PowerShell
[3.492s] DEBUG:colcon.colcon_core.shell:Skip shell extension 'dsv' for command environment
[3.805s] INFO:colcon.colcon_core.task.python.build:Building Python package in '/home/benny/ros2_ws/src/test_node'
[3.809s] INFO:colcon.colcon_core.shell:Skip shell extension 'powershell' for command environment: Not usable outside of PowerShell
[3.811s] DEBUG:colcon.colcon_core.shell:Skip shell extension 'dsv' for command environment
[4.226s] DEBUG:colcon.colcon_core.event_handler.log_command:Invoking command in '/home/benny/ros2_ws/src/template': AMENT_PREFIX_PATH=/home/benny/ros2_ws/install/pros_library:/home/benny/ros2_ws/install/test_node:/home/benny/ros2_ws/install/template:/home/benny/ros2_ws/install/monitor_system:/home/benny/ros2_ws/install/system_interfaces:/home/benny/ros2_ws/install/my_py_pkg:/home/benny/ros2_ws/install/my_cpp_pkg:/opt/ros/humble CMAKE_PREFIX_PATH=/home/benny/ros2_ws/install/system_interfaces:/home/benny/ros2_ws/install/monitor_system:/home/benny/ros2_ws/install/my_cpp_pkg PYTHONPATH=/home/benny/ros2_ws/build/template/prefix_override:/home/benny/ros2_ws/install/template/lib/python3.10/site-packages:/home/benny/ros2_ws/install/pros_library/lib/python3.10/site-packages:/home/benny/ros2_ws/install/test_node/lib/python3.10/site-packages:/home/benny/ros2_ws/install/template/lib/python3.10/site-packages:/home/benny/ros2_ws/install/system_interfaces/local/lib/python3.10/dist-packages:/home/benny/ros2_ws/install/my_py_pkg/lib/python3.10/site-packages:/opt/ros/humble/lib/python3.10/site-packages:/opt/ros/humble/local/lib/python3.10/dist-packages /usr/bin/python3 setup.py egg_info --egg-base ../../build/template build --build-base /home/benny/ros2_ws/build/template/build install --record /home/benny/ros2_ws/build/template/install.log --single-version-externally-managed
[4.303s] DEBUG:colcon.colcon_core.event_handler.log_command:Invoking command in '/home/benny/ros2_ws/src/test_node': AMENT_PREFIX_PATH=/home/benny/ros2_ws/install/pros_library:/home/benny/ros2_ws/install/test_node:/home/benny/ros2_ws/install/template:/home/benny/ros2_ws/install/monitor_system:/home/benny/ros2_ws/install/system_interfaces:/home/benny/ros2_ws/install/my_py_pkg:/home/benny/ros2_ws/install/my_cpp_pkg:/opt/ros/humble CMAKE_PREFIX_PATH=/home/benny/ros2_ws/install/system_interfaces:/home/benny/ros2_ws/install/monitor_system:/home/benny/ros2_ws/install/my_cpp_pkg PYTHONPATH=/home/benny/ros2_ws/build/test_node/prefix_override:/home/benny/ros2_ws/install/test_node/lib/python3.10/site-packages:/home/benny/ros2_ws/install/pros_library/lib/python3.10/site-packages:/home/benny/ros2_ws/install/test_node/lib/python3.10/site-packages:/home/benny/ros2_ws/install/template/lib/python3.10/site-packages:/home/benny/ros2_ws/install/system_interfaces/local/lib/python3.10/dist-packages:/home/benny/ros2_ws/install/my_py_pkg/lib/python3.10/site-packages:/opt/ros/humble/lib/python3.10/site-packages:/opt/ros/humble/local/lib/python3.10/dist-packages /usr/bin/python3 setup.py egg_info --egg-base ../../build/test_node build --build-base /home/benny/ros2_ws/build/test_node/build install --record /home/benny/ros2_ws/build/test_node/install.log --single-version-externally-managed
[4.612s] Level 1:colcon.colcon_core.environment:checking '/home/benny/ros2_ws/install/template' for CMake module files
[4.613s] DEBUG:colcon.colcon_core.event_handler.log_command:Invoked command in '/home/benny/ros2_ws/src/template' returned '0': AMENT_PREFIX_PATH=/home/benny/ros2_ws/install/pros_library:/home/benny/ros2_ws/install/test_node:/home/benny/ros2_ws/install/template:/home/benny/ros2_ws/install/monitor_system:/home/benny/ros2_ws/install/system_interfaces:/home/benny/ros2_ws/install/my_py_pkg:/home/benny/ros2_ws/install/my_cpp_pkg:/opt/ros/humble CMAKE_PREFIX_PATH=/home/benny/ros2_ws/install/system_interfaces:/home/benny/ros2_ws/install/monitor_system:/home/benny/ros2_ws/install/my_cpp_pkg PYTHONPATH=/home/benny/ros2_ws/build/template/prefix_override:/home/benny/ros2_ws/install/template/lib/python3.10/site-packages:/home/benny/ros2_ws/install/pros_library/lib/python3.10/site-packages:/home/benny/ros2_ws/install/test_node/lib/python3.10/site-packages:/home/benny/ros2_ws/install/template/lib/python3.10/site-packages:/home/benny/ros2_ws/install/system_interfaces/local/lib/python3.10/dist-packages:/home/benny/ros2_ws/install/my_py_pkg/lib/python3.10/site-packages:/opt/ros/humble/lib/python3.10/site-packages:/opt/ros/humble/local/lib/python3.10/dist-packages /usr/bin/python3 setup.py egg_info --egg-base ../../build/template build --build-base /home/benny/ros2_ws/build/template/build install --record /home/benny/ros2_ws/build/template/install.log --single-version-externally-managed
[4.613s] Level 1:colcon.colcon_core.environment:checking '/home/benny/ros2_ws/install/template' for CMake config files
[4.615s] Level 1:colcon.colcon_core.environment:checking '/home/benny/ros2_ws/install/template/lib'
[4.615s] Level 1:colcon.colcon_core.environment:checking '/home/benny/ros2_ws/install/template/bin'
[4.615s] Level 1:colcon.colcon_core.environment:checking '/home/benny/ros2_ws/install/template/lib/pkgconfig/template.pc'
[4.615s] Level 1:colcon.colcon_core.environment:checking '/home/benny/ros2_ws/install/template/lib/python3.10/site-packages'
[4.615s] Level 1:colcon.colcon_core.shell:create_environment_hook('template', 'pythonpath')
[4.617s] INFO:colcon.colcon_core.shell:Creating environment hook '/home/benny/ros2_ws/install/template/share/template/hook/pythonpath.ps1'
[4.618s] INFO:colcon.colcon_core.shell:Creating environment descriptor '/home/benny/ros2_ws/install/template/share/template/hook/pythonpath.dsv'
[4.618s] INFO:colcon.colcon_core.shell:Creating environment hook '/home/benny/ros2_ws/install/template/share/template/hook/pythonpath.sh'
[4.619s] Level 1:colcon.colcon_core.environment:checking '/home/benny/ros2_ws/install/template/bin'
[4.619s] Level 1:colcon.colcon_core.environment:create_environment_scripts_only(template)
[4.621s] INFO:colcon.colcon_core.shell:Creating package script '/home/benny/ros2_ws/install/template/share/template/package.ps1'
[4.622s] INFO:colcon.colcon_core.shell:Creating package descriptor '/home/benny/ros2_ws/install/template/share/template/package.dsv'
[4.623s] INFO:colcon.colcon_core.shell:Creating package script '/home/benny/ros2_ws/install/template/share/template/package.sh'
[4.624s] INFO:colcon.colcon_core.shell:Creating package script '/home/benny/ros2_ws/install/template/share/template/package.bash'
[4.624s] INFO:colcon.colcon_core.shell:Creating package script '/home/benny/ros2_ws/install/template/share/template/package.zsh'
[4.625s] Level 1:colcon.colcon_core.environment:create_file_with_runtime_dependencies(/home/benny/ros2_ws/install/template/share/colcon-core/packages/template)
[4.810s] Level 1:colcon.colcon_core.environment:checking '/home/benny/ros2_ws/install/test_node' for CMake module files
[4.811s] DEBUG:colcon.colcon_core.event_handler.log_command:Invoked command in '/home/benny/ros2_ws/src/test_node' returned '0': AMENT_PREFIX_PATH=/home/benny/ros2_ws/install/pros_library:/home/benny/ros2_ws/install/test_node:/home/benny/ros2_ws/install/template:/home/benny/ros2_ws/install/monitor_system:/home/benny/ros2_ws/install/system_interfaces:/home/benny/ros2_ws/install/my_py_pkg:/home/benny/ros2_ws/install/my_cpp_pkg:/opt/ros/humble CMAKE_PREFIX_PATH=/home/benny/ros2_ws/install/system_interfaces:/home/benny/ros2_ws/install/monitor_system:/home/benny/ros2_ws/install/my_cpp_pkg PYTHONPATH=/home/benny/ros2_ws/build/test_node/prefix_override:/home/benny/ros2_ws/install/test_node/lib/python3.10/site-packages:/home/benny/ros2_ws/install/pros_library/lib/python3.10/site-packages:/home/benny/ros2_ws/install/test_node/lib/python3.10/site-packages:/home/benny/ros2_ws/install/template/lib/python3.10/site-packages:/home/benny/ros2_ws/install/system_interfaces/local/lib/python3.10/dist-packages:/home/benny/ros2_ws/install/my_py_pkg/lib/python3.10/site-packages:/opt/ros/humble/lib/python3.10/site-packages:/opt/ros/humble/local/lib/python3.10/dist-packages /usr/bin/python3 setup.py egg_info --egg-base ../../build/test_node build --build-base /home/benny/ros2_ws/build/test_node/build install --record /home/benny/ros2_ws/build/test_node/install.log --single-version-externally-managed
[4.811s] Level 1:colcon.colcon_core.environment:checking '/home/benny/ros2_ws/install/test_node' for CMake config files
[4.815s] Level 1:colcon.colcon_core.environment:checking '/home/benny/ros2_ws/install/test_node/lib'
[4.815s] Level 1:colcon.colcon_core.environment:checking '/home/benny/ros2_ws/install/test_node/bin'
[4.815s] Level 1:colcon.colcon_core.environment:checking '/home/benny/ros2_ws/install/test_node/lib/pkgconfig/test_node.pc'
[4.816s] Level 1:colcon.colcon_core.environment:checking '/home/benny/ros2_ws/install/test_node/lib/python3.10/site-packages'
[4.816s] Level 1:colcon.colcon_core.shell:create_environment_hook('test_node', 'pythonpath')
[4.817s] INFO:colcon.colcon_core.shell:Creating environment hook '/home/benny/ros2_ws/install/test_node/share/test_node/hook/pythonpath.ps1'
[4.819s] INFO:colcon.colcon_core.shell:Creating environment descriptor '/home/benny/ros2_ws/install/test_node/share/test_node/hook/pythonpath.dsv'
[4.821s] INFO:colcon.colcon_core.shell:Creating environment hook '/home/benny/ros2_ws/install/test_node/share/test_node/hook/pythonpath.sh'
[4.826s] Level 1:colcon.colcon_core.environment:checking '/home/benny/ros2_ws/install/test_node/bin'
[4.827s] Level 1:colcon.colcon_core.environment:create_environment_scripts_only(test_node)
[4.829s] INFO:colcon.colcon_core.shell:Creating package script '/home/benny/ros2_ws/install/test_node/share/test_node/package.ps1'
[4.837s] INFO:colcon.colcon_core.shell:Creating package descriptor '/home/benny/ros2_ws/install/test_node/share/test_node/package.dsv'
[4.838s] INFO:colcon.colcon_core.shell:Creating package script '/home/benny/ros2_ws/install/test_node/share/test_node/package.sh'
[4.839s] INFO:colcon.colcon_core.shell:Creating package script '/home/benny/ros2_ws/install/test_node/share/test_node/package.bash'
[4.839s] INFO:colcon.colcon_core.shell:Creating package script '/home/benny/ros2_ws/install/test_node/share/test_node/package.zsh'
[4.839s] Level 1:colcon.colcon_core.environment:create_file_with_runtime_dependencies(/home/benny/ros2_ws/install/test_node/share/colcon-core/packages/test_node)
[4.840s] DEBUG:colcon.colcon_parallel_executor.executor.parallel:closing loop
[4.840s] DEBUG:colcon.colcon_parallel_executor.executor.parallel:loop closed
[4.841s] DEBUG:colcon.colcon_parallel_executor.executor.parallel:run_until_complete finished with '0'
[4.841s] DEBUG:colcon.colcon_core.event_reactor:joining thread
[4.889s] INFO:colcon.colcon_core.plugin_system:Skipping extension 'colcon_notification.desktop_notification.terminal_notifier': Not used on non-Darwin systems
[4.889s] INFO:colcon.colcon_core.plugin_system:Skipping extension 'colcon_notification.desktop_notification.win32': Not used on non-Windows systems
[4.889s] INFO:colcon.colcon_notification.desktop_notification:Sending desktop notification using 'notify2'
[4.908s] DEBUG:colcon.colcon_core.event_reactor:joined thread
[4.910s] INFO:colcon.colcon_core.shell:Creating prefix script '/home/benny/ros2_ws/install/local_setup.ps1'
[4.911s] INFO:colcon.colcon_core.shell:Creating prefix util module '/home/benny/ros2_ws/install/_local_setup_util_ps1.py'
[4.912s] INFO:colcon.colcon_core.shell:Creating prefix chain script '/home/benny/ros2_ws/install/setup.ps1'
[4.917s] INFO:colcon.colcon_core.shell:Creating prefix script '/home/benny/ros2_ws/install/local_setup.sh'
[4.918s] INFO:colcon.colcon_core.shell:Creating prefix util module '/home/benny/ros2_ws/install/_local_setup_util_sh.py'
[4.919s] INFO:colcon.colcon_core.shell:Creating prefix chain script '/home/benny/ros2_ws/install/setup.sh'
[4.921s] INFO:colcon.colcon_core.shell:Creating prefix script '/home/benny/ros2_ws/install/local_setup.bash'
[4.921s] INFO:colcon.colcon_core.shell:Creating prefix chain script '/home/benny/ros2_ws/install/setup.bash'
[4.923s] INFO:colcon.colcon_core.shell:Creating prefix script '/home/benny/ros2_ws/install/local_setup.zsh'
[4.923s] INFO:colcon.colcon_core.shell:Creating prefix chain script '/home/benny/ros2_ws/install/setup.zsh'
