[0.523s] DEBUG:colcon:Command line arguments: ['/usr/bin/colcon', 'build']
[0.523s] DEBUG:colcon:Parsed command line arguments: Namespace(log_base=None, log_level=None, verb_name='build', build_base='build', install_base='install', merge_install=False, symlink_install=False, test_result_base=None, continue_on_error=False, executor='parallel', parallel_workers=8, event_handlers=None, ignore_user_meta=False, metas=['./colcon.meta'], base_paths=['.'], packages_ignore=None, packages_ignore_regex=None, paths=None, packages_up_to=None, packages_up_to_regex=None, packages_above=None, packages_above_and_dependencies=None, packages_above_depth=None, packages_select_by_dep=None, packages_skip_by_dep=None, packages_skip_up_to=None, packages_select_build_failed=False, packages_skip_build_finished=False, packages_select_test_failures=False, packages_skip_test_passed=False, packages_select=None, packages_skip=None, packages_select_regex=None, packages_skip_regex=None, packages_start=None, packages_end=None, allow_overriding=[], cmake_args=None, cmake_target=None, cmake_target_skip_unavailable=False, cmake_clean_cache=False, cmake_clean_first=False, cmake_force_configure=False, ament_cmake_args=None, catkin_cmake_args=None, catkin_skip_building_tests=False, verb_parser=<colcon_defaults.argument_parser.defaults.DefaultArgumentsDecorator object at 0x7fa92f1d8910>, verb_extension=<colcon_core.verb.build.BuildVerb object at 0x7fa92f1d8340>, main=<bound method BuildVerb.main of <colcon_core.verb.build.BuildVerb object at 0x7fa92f1d8340>>)
[0.561s] Level 1:colcon.colcon_core.package_discovery:discover_packages(colcon_meta) check parameters
[0.561s] Level 1:colcon.colcon_core.package_discovery:discover_packages(recursive) check parameters
[0.561s] Level 1:colcon.colcon_core.package_discovery:discover_packages(ignore) check parameters
[0.561s] Level 1:colcon.colcon_core.package_discovery:discover_packages(path) check parameters
[0.561s] Level 1:colcon.colcon_core.package_discovery:discover_packages(colcon_meta) discover
[0.561s] Level 1:colcon.colcon_core.package_discovery:discover_packages(recursive) discover
[0.561s] INFO:colcon.colcon_core.package_discovery:Crawling recursively for packages in '/home/benny/ros2_ws'
[0.562s] Level 1:colcon.colcon_core.package_identification:_identify(.) by extensions ['ignore', 'ignore_ament_install']
[0.562s] Level 1:colcon.colcon_core.package_identification:_identify(.) by extension 'ignore'
[0.562s] Level 1:colcon.colcon_core.package_identification:_identify(.) by extension 'ignore_ament_install'
[0.562s] Level 1:colcon.colcon_core.package_identification:_identify(.) by extensions ['colcon_pkg']
[0.562s] Level 1:colcon.colcon_core.package_identification:_identify(.) by extension 'colcon_pkg'
[0.562s] Level 1:colcon.colcon_core.package_identification:_identify(.) by extensions ['colcon_meta']
[0.562s] Level 1:colcon.colcon_core.package_identification:_identify(.) by extension 'colcon_meta'
[0.562s] Level 1:colcon.colcon_core.package_identification:_identify(.) by extensions ['ros']
[0.562s] Level 1:colcon.colcon_core.package_identification:_identify(.) by extension 'ros'
[0.571s] Level 1:colcon.colcon_core.package_identification:_identify(.) by extensions ['cmake', 'python']
[0.571s] Level 1:colcon.colcon_core.package_identification:_identify(.) by extension 'cmake'
[0.571s] Level 1:colcon.colcon_core.package_identification:_identify(.) by extension 'python'
[0.571s] Level 1:colcon.colcon_core.package_identification:_identify(.) by extensions ['python_setup_py']
[0.571s] Level 1:colcon.colcon_core.package_identification:_identify(.) by extension 'python_setup_py'
[0.571s] Level 1:colcon.colcon_core.package_identification:_identify(build) by extensions ['ignore', 'ignore_ament_install']
[0.571s] Level 1:colcon.colcon_core.package_identification:_identify(build) by extension 'ignore'
[0.571s] Level 1:colcon.colcon_core.package_identification:_identify(build) ignored
[0.572s] Level 1:colcon.colcon_core.package_identification:_identify(install) by extensions ['ignore', 'ignore_ament_install']
[0.572s] Level 1:colcon.colcon_core.package_identification:_identify(install) by extension 'ignore'
[0.572s] Level 1:colcon.colcon_core.package_identification:_identify(install) ignored
[0.572s] Level 1:colcon.colcon_core.package_identification:_identify(log) by extensions ['ignore', 'ignore_ament_install']
[0.572s] Level 1:colcon.colcon_core.package_identification:_identify(log) by extension 'ignore'
[0.572s] Level 1:colcon.colcon_core.package_identification:_identify(log) ignored
[0.572s] Level 1:colcon.colcon_core.package_identification:_identify(src) by extensions ['ignore', 'ignore_ament_install']
[0.572s] Level 1:colcon.colcon_core.package_identification:_identify(src) by extension 'ignore'
[0.572s] Level 1:colcon.colcon_core.package_identification:_identify(src) by extension 'ignore_ament_install'
[0.572s] Level 1:colcon.colcon_core.package_identification:_identify(src) by extensions ['colcon_pkg']
[0.572s] Level 1:colcon.colcon_core.package_identification:_identify(src) by extension 'colcon_pkg'
[0.572s] Level 1:colcon.colcon_core.package_identification:_identify(src) by extensions ['colcon_meta']
[0.572s] Level 1:colcon.colcon_core.package_identification:_identify(src) by extension 'colcon_meta'
[0.572s] Level 1:colcon.colcon_core.package_identification:_identify(src) by extensions ['ros']
[0.572s] Level 1:colcon.colcon_core.package_identification:_identify(src) by extension 'ros'
[0.572s] Level 1:colcon.colcon_core.package_identification:_identify(src) by extensions ['cmake', 'python']
[0.572s] Level 1:colcon.colcon_core.package_identification:_identify(src) by extension 'cmake'
[0.572s] Level 1:colcon.colcon_core.package_identification:_identify(src) by extension 'python'
[0.572s] Level 1:colcon.colcon_core.package_identification:_identify(src) by extensions ['python_setup_py']
[0.572s] Level 1:colcon.colcon_core.package_identification:_identify(src) by extension 'python_setup_py'
[0.572s] Level 1:colcon.colcon_core.package_identification:_identify(src/monitor_system) by extensions ['ignore', 'ignore_ament_install']
[0.573s] Level 1:colcon.colcon_core.package_identification:_identify(src/monitor_system) by extension 'ignore'
[0.573s] Level 1:colcon.colcon_core.package_identification:_identify(src/monitor_system) by extension 'ignore_ament_install'
[0.573s] Level 1:colcon.colcon_core.package_identification:_identify(src/monitor_system) by extensions ['colcon_pkg']
[0.573s] Level 1:colcon.colcon_core.package_identification:_identify(src/monitor_system) by extension 'colcon_pkg'
[0.573s] Level 1:colcon.colcon_core.package_identification:_identify(src/monitor_system) by extensions ['colcon_meta']
[0.573s] Level 1:colcon.colcon_core.package_identification:_identify(src/monitor_system) by extension 'colcon_meta'
[0.573s] Level 1:colcon.colcon_core.package_identification:_identify(src/monitor_system) by extensions ['ros']
[0.573s] Level 1:colcon.colcon_core.package_identification:_identify(src/monitor_system) by extension 'ros'
[0.576s] DEBUG:colcon.colcon_core.package_identification:Package 'src/monitor_system' with type 'ros.ament_cmake' and name 'monitor_system'
[0.576s] Level 1:colcon.colcon_core.package_identification:_identify(src/my_cpp_pkg) by extensions ['ignore', 'ignore_ament_install']
[0.576s] Level 1:colcon.colcon_core.package_identification:_identify(src/my_cpp_pkg) by extension 'ignore'
[0.577s] Level 1:colcon.colcon_core.package_identification:_identify(src/my_cpp_pkg) by extension 'ignore_ament_install'
[0.577s] Level 1:colcon.colcon_core.package_identification:_identify(src/my_cpp_pkg) by extensions ['colcon_pkg']
[0.577s] Level 1:colcon.colcon_core.package_identification:_identify(src/my_cpp_pkg) by extension 'colcon_pkg'
[0.577s] Level 1:colcon.colcon_core.package_identification:_identify(src/my_cpp_pkg) by extensions ['colcon_meta']
[0.577s] Level 1:colcon.colcon_core.package_identification:_identify(src/my_cpp_pkg) by extension 'colcon_meta'
[0.577s] Level 1:colcon.colcon_core.package_identification:_identify(src/my_cpp_pkg) by extensions ['ros']
[0.577s] Level 1:colcon.colcon_core.package_identification:_identify(src/my_cpp_pkg) by extension 'ros'
[0.577s] DEBUG:colcon.colcon_core.package_identification:Package 'src/my_cpp_pkg' with type 'ros.ament_cmake' and name 'my_cpp_pkg'
[0.578s] Level 1:colcon.colcon_core.package_identification:_identify(src/my_py_pkg) by extensions ['ignore', 'ignore_ament_install']
[0.578s] Level 1:colcon.colcon_core.package_identification:_identify(src/my_py_pkg) by extension 'ignore'
[0.578s] Level 1:colcon.colcon_core.package_identification:_identify(src/my_py_pkg) by extension 'ignore_ament_install'
[0.578s] Level 1:colcon.colcon_core.package_identification:_identify(src/my_py_pkg) by extensions ['colcon_pkg']
[0.578s] Level 1:colcon.colcon_core.package_identification:_identify(src/my_py_pkg) by extension 'colcon_pkg'
[0.578s] Level 1:colcon.colcon_core.package_identification:_identify(src/my_py_pkg) by extensions ['colcon_meta']
[0.578s] Level 1:colcon.colcon_core.package_identification:_identify(src/my_py_pkg) by extension 'colcon_meta'
[0.578s] Level 1:colcon.colcon_core.package_identification:_identify(src/my_py_pkg) by extensions ['ros']
[0.578s] Level 1:colcon.colcon_core.package_identification:_identify(src/my_py_pkg) by extension 'ros'
[0.579s] DEBUG:colcon.colcon_core.package_identification:Package 'src/my_py_pkg' with type 'ros.ament_python' and name 'my_py_pkg'
[0.579s] Level 1:colcon.colcon_core.package_identification:_identify(src/pros_library) by extensions ['ignore', 'ignore_ament_install']
[0.579s] Level 1:colcon.colcon_core.package_identification:_identify(src/pros_library) by extension 'ignore'
[0.579s] Level 1:colcon.colcon_core.package_identification:_identify(src/pros_library) by extension 'ignore_ament_install'
[0.579s] Level 1:colcon.colcon_core.package_identification:_identify(src/pros_library) by extensions ['colcon_pkg']
[0.579s] Level 1:colcon.colcon_core.package_identification:_identify(src/pros_library) by extension 'colcon_pkg'
[0.579s] Level 1:colcon.colcon_core.package_identification:_identify(src/pros_library) by extensions ['colcon_meta']
[0.579s] Level 1:colcon.colcon_core.package_identification:_identify(src/pros_library) by extension 'colcon_meta'
[0.579s] Level 1:colcon.colcon_core.package_identification:_identify(src/pros_library) by extensions ['ros']
[0.579s] Level 1:colcon.colcon_core.package_identification:_identify(src/pros_library) by extension 'ros'
[0.580s] DEBUG:colcon.colcon_core.package_identification:Package 'src/pros_library' with type 'ros.ament_python' and name 'pros_library'
[0.580s] Level 1:colcon.colcon_core.package_identification:_identify(src/system_interfaces) by extensions ['ignore', 'ignore_ament_install']
[0.580s] Level 1:colcon.colcon_core.package_identification:_identify(src/system_interfaces) by extension 'ignore'
[0.580s] Level 1:colcon.colcon_core.package_identification:_identify(src/system_interfaces) by extension 'ignore_ament_install'
[0.580s] Level 1:colcon.colcon_core.package_identification:_identify(src/system_interfaces) by extensions ['colcon_pkg']
[0.580s] Level 1:colcon.colcon_core.package_identification:_identify(src/system_interfaces) by extension 'colcon_pkg'
[0.580s] Level 1:colcon.colcon_core.package_identification:_identify(src/system_interfaces) by extensions ['colcon_meta']
[0.580s] Level 1:colcon.colcon_core.package_identification:_identify(src/system_interfaces) by extension 'colcon_meta'
[0.580s] Level 1:colcon.colcon_core.package_identification:_identify(src/system_interfaces) by extensions ['ros']
[0.580s] Level 1:colcon.colcon_core.package_identification:_identify(src/system_interfaces) by extension 'ros'
[0.580s] DEBUG:colcon.colcon_core.package_identification:Package 'src/system_interfaces' with type 'ros.ament_cmake' and name 'system_interfaces'
[0.581s] Level 1:colcon.colcon_core.package_identification:_identify(src/template) by extensions ['ignore', 'ignore_ament_install']
[0.581s] Level 1:colcon.colcon_core.package_identification:_identify(src/template) by extension 'ignore'
[0.581s] Level 1:colcon.colcon_core.package_identification:_identify(src/template) by extension 'ignore_ament_install'
[0.581s] Level 1:colcon.colcon_core.package_identification:_identify(src/template) by extensions ['colcon_pkg']
[0.581s] Level 1:colcon.colcon_core.package_identification:_identify(src/template) by extension 'colcon_pkg'
[0.581s] Level 1:colcon.colcon_core.package_identification:_identify(src/template) by extensions ['colcon_meta']
[0.581s] Level 1:colcon.colcon_core.package_identification:_identify(src/template) by extension 'colcon_meta'
[0.581s] Level 1:colcon.colcon_core.package_identification:_identify(src/template) by extensions ['ros']
[0.581s] Level 1:colcon.colcon_core.package_identification:_identify(src/template) by extension 'ros'
[0.581s] DEBUG:colcon.colcon_core.package_identification:Package 'src/template' with type 'ros.ament_python' and name 'template'
[0.581s] Level 1:colcon.colcon_core.package_identification:_identify(src/test_node) by extensions ['ignore', 'ignore_ament_install']
[0.581s] Level 1:colcon.colcon_core.package_identification:_identify(src/test_node) by extension 'ignore'
[0.582s] Level 1:colcon.colcon_core.package_identification:_identify(src/test_node) by extension 'ignore_ament_install'
[0.582s] Level 1:colcon.colcon_core.package_identification:_identify(src/test_node) by extensions ['colcon_pkg']
[0.582s] Level 1:colcon.colcon_core.package_identification:_identify(src/test_node) by extension 'colcon_pkg'
[0.582s] Level 1:colcon.colcon_core.package_identification:_identify(src/test_node) by extensions ['colcon_meta']
[0.582s] Level 1:colcon.colcon_core.package_identification:_identify(src/test_node) by extension 'colcon_meta'
[0.582s] Level 1:colcon.colcon_core.package_identification:_identify(src/test_node) by extensions ['ros']
[0.582s] Level 1:colcon.colcon_core.package_identification:_identify(src/test_node) by extension 'ros'
[0.582s] DEBUG:colcon.colcon_core.package_identification:Package 'src/test_node' with type 'ros.ament_python' and name 'test_node'
[0.582s] Level 1:colcon.colcon_core.package_discovery:discover_packages(recursive) using defaults
[0.582s] Level 1:colcon.colcon_core.package_discovery:discover_packages(ignore) discover
[0.582s] Level 1:colcon.colcon_core.package_discovery:discover_packages(ignore) using defaults
[0.582s] Level 1:colcon.colcon_core.package_discovery:discover_packages(path) discover
[0.582s] Level 1:colcon.colcon_core.package_discovery:discover_packages(path) using defaults
[0.618s] Level 1:colcon.colcon_core.package_discovery:discover_packages(prefix_path) check parameters
[0.619s] Level 1:colcon.colcon_core.package_discovery:discover_packages(prefix_path) discover
[0.623s] DEBUG:colcon.colcon_installed_package_information.package_discovery:Found 7 installed packages in /home/benny/ros2_ws/install
[0.624s] DEBUG:colcon.colcon_installed_package_information.package_discovery:Found 279 installed packages in /opt/ros/humble
[0.625s] Level 1:colcon.colcon_core.package_discovery:discover_packages(prefix_path) using defaults
[0.669s] Level 5:colcon.colcon_core.verb:set package 'my_cpp_pkg' build argument 'cmake_args' from command line to 'None'
[0.670s] Level 5:colcon.colcon_core.verb:set package 'my_cpp_pkg' build argument 'cmake_target' from command line to 'None'
[0.670s] Level 5:colcon.colcon_core.verb:set package 'my_cpp_pkg' build argument 'cmake_target_skip_unavailable' from command line to 'False'
[0.670s] Level 5:colcon.colcon_core.verb:set package 'my_cpp_pkg' build argument 'cmake_clean_cache' from command line to 'False'
[0.670s] Level 5:colcon.colcon_core.verb:set package 'my_cpp_pkg' build argument 'cmake_clean_first' from command line to 'False'
[0.670s] Level 5:colcon.colcon_core.verb:set package 'my_cpp_pkg' build argument 'cmake_force_configure' from command line to 'False'
[0.670s] Level 5:colcon.colcon_core.verb:set package 'my_cpp_pkg' build argument 'ament_cmake_args' from command line to 'None'
[0.670s] Level 5:colcon.colcon_core.verb:set package 'my_cpp_pkg' build argument 'catkin_cmake_args' from command line to 'None'
[0.670s] Level 5:colcon.colcon_core.verb:set package 'my_cpp_pkg' build argument 'catkin_skip_building_tests' from command line to 'False'
[0.670s] DEBUG:colcon.colcon_core.verb:Building package 'my_cpp_pkg' with the following arguments: {'ament_cmake_args': None, 'build_base': '/home/benny/ros2_ws/build/my_cpp_pkg', 'catkin_cmake_args': None, 'catkin_skip_building_tests': False, 'cmake_args': None, 'cmake_clean_cache': False, 'cmake_clean_first': False, 'cmake_force_configure': False, 'cmake_target': None, 'cmake_target_skip_unavailable': False, 'install_base': '/home/benny/ros2_ws/install/my_cpp_pkg', 'merge_install': False, 'path': '/home/benny/ros2_ws/src/my_cpp_pkg', 'symlink_install': False, 'test_result_base': None}
[0.671s] Level 5:colcon.colcon_core.verb:set package 'my_py_pkg' build argument 'cmake_args' from command line to 'None'
[0.671s] Level 5:colcon.colcon_core.verb:set package 'my_py_pkg' build argument 'cmake_target' from command line to 'None'
[0.671s] Level 5:colcon.colcon_core.verb:set package 'my_py_pkg' build argument 'cmake_target_skip_unavailable' from command line to 'False'
[0.671s] Level 5:colcon.colcon_core.verb:set package 'my_py_pkg' build argument 'cmake_clean_cache' from command line to 'False'
[0.671s] Level 5:colcon.colcon_core.verb:set package 'my_py_pkg' build argument 'cmake_clean_first' from command line to 'False'
[0.671s] Level 5:colcon.colcon_core.verb:set package 'my_py_pkg' build argument 'cmake_force_configure' from command line to 'False'
[0.671s] Level 5:colcon.colcon_core.verb:set package 'my_py_pkg' build argument 'ament_cmake_args' from command line to 'None'
[0.671s] Level 5:colcon.colcon_core.verb:set package 'my_py_pkg' build argument 'catkin_cmake_args' from command line to 'None'
[0.671s] Level 5:colcon.colcon_core.verb:set package 'my_py_pkg' build argument 'catkin_skip_building_tests' from command line to 'False'
[0.671s] DEBUG:colcon.colcon_core.verb:Building package 'my_py_pkg' with the following arguments: {'ament_cmake_args': None, 'build_base': '/home/benny/ros2_ws/build/my_py_pkg', 'catkin_cmake_args': None, 'catkin_skip_building_tests': False, 'cmake_args': None, 'cmake_clean_cache': False, 'cmake_clean_first': False, 'cmake_force_configure': False, 'cmake_target': None, 'cmake_target_skip_unavailable': False, 'install_base': '/home/benny/ros2_ws/install/my_py_pkg', 'merge_install': False, 'path': '/home/benny/ros2_ws/src/my_py_pkg', 'symlink_install': False, 'test_result_base': None}
[0.672s] Level 5:colcon.colcon_core.verb:set package 'system_interfaces' build argument 'cmake_args' from command line to 'None'
[0.672s] Level 5:colcon.colcon_core.verb:set package 'system_interfaces' build argument 'cmake_target' from command line to 'None'
[0.672s] Level 5:colcon.colcon_core.verb:set package 'system_interfaces' build argument 'cmake_target_skip_unavailable' from command line to 'False'
[0.672s] Level 5:colcon.colcon_core.verb:set package 'system_interfaces' build argument 'cmake_clean_cache' from command line to 'False'
[0.672s] Level 5:colcon.colcon_core.verb:set package 'system_interfaces' build argument 'cmake_clean_first' from command line to 'False'
[0.672s] Level 5:colcon.colcon_core.verb:set package 'system_interfaces' build argument 'cmake_force_configure' from command line to 'False'
[0.672s] Level 5:colcon.colcon_core.verb:set package 'system_interfaces' build argument 'ament_cmake_args' from command line to 'None'
[0.672s] Level 5:colcon.colcon_core.verb:set package 'system_interfaces' build argument 'catkin_cmake_args' from command line to 'None'
[0.672s] Level 5:colcon.colcon_core.verb:set package 'system_interfaces' build argument 'catkin_skip_building_tests' from command line to 'False'
[0.672s] DEBUG:colcon.colcon_core.verb:Building package 'system_interfaces' with the following arguments: {'ament_cmake_args': None, 'build_base': '/home/benny/ros2_ws/build/system_interfaces', 'catkin_cmake_args': None, 'catkin_skip_building_tests': False, 'cmake_args': None, 'cmake_clean_cache': False, 'cmake_clean_first': False, 'cmake_force_configure': False, 'cmake_target': None, 'cmake_target_skip_unavailable': False, 'install_base': '/home/benny/ros2_ws/install/system_interfaces', 'merge_install': False, 'path': '/home/benny/ros2_ws/src/system_interfaces', 'symlink_install': False, 'test_result_base': None}
[0.673s] Level 5:colcon.colcon_core.verb:set package 'monitor_system' build argument 'cmake_args' from command line to 'None'
[0.673s] Level 5:colcon.colcon_core.verb:set package 'monitor_system' build argument 'cmake_target' from command line to 'None'
[0.673s] Level 5:colcon.colcon_core.verb:set package 'monitor_system' build argument 'cmake_target_skip_unavailable' from command line to 'False'
[0.673s] Level 5:colcon.colcon_core.verb:set package 'monitor_system' build argument 'cmake_clean_cache' from command line to 'False'
[0.673s] Level 5:colcon.colcon_core.verb:set package 'monitor_system' build argument 'cmake_clean_first' from command line to 'False'
[0.673s] Level 5:colcon.colcon_core.verb:set package 'monitor_system' build argument 'cmake_force_configure' from command line to 'False'
[0.673s] Level 5:colcon.colcon_core.verb:set package 'monitor_system' build argument 'ament_cmake_args' from command line to 'None'
[0.674s] Level 5:colcon.colcon_core.verb:set package 'monitor_system' build argument 'catkin_cmake_args' from command line to 'None'
[0.674s] Level 5:colcon.colcon_core.verb:set package 'monitor_system' build argument 'catkin_skip_building_tests' from command line to 'False'
[0.674s] DEBUG:colcon.colcon_core.verb:Building package 'monitor_system' with the following arguments: {'ament_cmake_args': None, 'build_base': '/home/benny/ros2_ws/build/monitor_system', 'catkin_cmake_args': None, 'catkin_skip_building_tests': False, 'cmake_args': None, 'cmake_clean_cache': False, 'cmake_clean_first': False, 'cmake_force_configure': False, 'cmake_target': None, 'cmake_target_skip_unavailable': False, 'install_base': '/home/benny/ros2_ws/install/monitor_system', 'merge_install': False, 'path': '/home/benny/ros2_ws/src/monitor_system', 'symlink_install': False, 'test_result_base': None}
[0.675s] Level 5:colcon.colcon_core.verb:set package 'pros_library' build argument 'cmake_args' from command line to 'None'
[0.675s] Level 5:colcon.colcon_core.verb:set package 'pros_library' build argument 'cmake_target' from command line to 'None'
[0.675s] Level 5:colcon.colcon_core.verb:set package 'pros_library' build argument 'cmake_target_skip_unavailable' from command line to 'False'
[0.675s] Level 5:colcon.colcon_core.verb:set package 'pros_library' build argument 'cmake_clean_cache' from command line to 'False'
[0.675s] Level 5:colcon.colcon_core.verb:set package 'pros_library' build argument 'cmake_clean_first' from command line to 'False'
[0.675s] Level 5:colcon.colcon_core.verb:set package 'pros_library' build argument 'cmake_force_configure' from command line to 'False'
[0.675s] Level 5:colcon.colcon_core.verb:set package 'pros_library' build argument 'ament_cmake_args' from command line to 'None'
[0.675s] Level 5:colcon.colcon_core.verb:set package 'pros_library' build argument 'catkin_cmake_args' from command line to 'None'
[0.675s] Level 5:colcon.colcon_core.verb:set package 'pros_library' build argument 'catkin_skip_building_tests' from command line to 'False'
[0.675s] DEBUG:colcon.colcon_core.verb:Building package 'pros_library' with the following arguments: {'ament_cmake_args': None, 'build_base': '/home/benny/ros2_ws/build/pros_library', 'catkin_cmake_args': None, 'catkin_skip_building_tests': False, 'cmake_args': None, 'cmake_clean_cache': False, 'cmake_clean_first': False, 'cmake_force_configure': False, 'cmake_target': None, 'cmake_target_skip_unavailable': False, 'install_base': '/home/benny/ros2_ws/install/pros_library', 'merge_install': False, 'path': '/home/benny/ros2_ws/src/pros_library', 'symlink_install': False, 'test_result_base': None}
[0.676s] Level 5:colcon.colcon_core.verb:set package 'template' build argument 'cmake_args' from command line to 'None'
[0.677s] Level 5:colcon.colcon_core.verb:set package 'template' build argument 'cmake_target' from command line to 'None'
[0.677s] Level 5:colcon.colcon_core.verb:set package 'template' build argument 'cmake_target_skip_unavailable' from command line to 'False'
[0.677s] Level 5:colcon.colcon_core.verb:set package 'template' build argument 'cmake_clean_cache' from command line to 'False'
[0.677s] Level 5:colcon.colcon_core.verb:set package 'template' build argument 'cmake_clean_first' from command line to 'False'
[0.677s] Level 5:colcon.colcon_core.verb:set package 'template' build argument 'cmake_force_configure' from command line to 'False'
[0.677s] Level 5:colcon.colcon_core.verb:set package 'template' build argument 'ament_cmake_args' from command line to 'None'
[0.677s] Level 5:colcon.colcon_core.verb:set package 'template' build argument 'catkin_cmake_args' from command line to 'None'
[0.677s] Level 5:colcon.colcon_core.verb:set package 'template' build argument 'catkin_skip_building_tests' from command line to 'False'
[0.677s] DEBUG:colcon.colcon_core.verb:Building package 'template' with the following arguments: {'ament_cmake_args': None, 'build_base': '/home/benny/ros2_ws/build/template', 'catkin_cmake_args': None, 'catkin_skip_building_tests': False, 'cmake_args': None, 'cmake_clean_cache': False, 'cmake_clean_first': False, 'cmake_force_configure': False, 'cmake_target': None, 'cmake_target_skip_unavailable': False, 'install_base': '/home/benny/ros2_ws/install/template', 'merge_install': False, 'path': '/home/benny/ros2_ws/src/template', 'symlink_install': False, 'test_result_base': None}
[0.678s] Level 5:colcon.colcon_core.verb:set package 'test_node' build argument 'cmake_args' from command line to 'None'
[0.679s] Level 5:colcon.colcon_core.verb:set package 'test_node' build argument 'cmake_target' from command line to 'None'
[0.679s] Level 5:colcon.colcon_core.verb:set package 'test_node' build argument 'cmake_target_skip_unavailable' from command line to 'False'
[0.679s] Level 5:colcon.colcon_core.verb:set package 'test_node' build argument 'cmake_clean_cache' from command line to 'False'
[0.679s] Level 5:colcon.colcon_core.verb:set package 'test_node' build argument 'cmake_clean_first' from command line to 'False'
[0.679s] Level 5:colcon.colcon_core.verb:set package 'test_node' build argument 'cmake_force_configure' from command line to 'False'
[0.679s] Level 5:colcon.colcon_core.verb:set package 'test_node' build argument 'ament_cmake_args' from command line to 'None'
[0.679s] Level 5:colcon.colcon_core.verb:set package 'test_node' build argument 'catkin_cmake_args' from command line to 'None'
[0.679s] Level 5:colcon.colcon_core.verb:set package 'test_node' build argument 'catkin_skip_building_tests' from command line to 'False'
[0.679s] DEBUG:colcon.colcon_core.verb:Building package 'test_node' with the following arguments: {'ament_cmake_args': None, 'build_base': '/home/benny/ros2_ws/build/test_node', 'catkin_cmake_args': None, 'catkin_skip_building_tests': False, 'cmake_args': None, 'cmake_clean_cache': False, 'cmake_clean_first': False, 'cmake_force_configure': False, 'cmake_target': None, 'cmake_target_skip_unavailable': False, 'install_base': '/home/benny/ros2_ws/install/test_node', 'merge_install': False, 'path': '/home/benny/ros2_ws/src/test_node', 'symlink_install': False, 'test_result_base': None}
[0.680s] INFO:colcon.colcon_core.executor:Executing jobs using 'parallel' executor
[0.684s] DEBUG:colcon.colcon_parallel_executor.executor.parallel:run_until_complete
[0.685s] INFO:colcon.colcon_ros.task.ament_cmake.build:Building ROS package in '/home/benny/ros2_ws/src/system_interfaces' with build type 'ament_cmake'
[0.685s] INFO:colcon.colcon_cmake.task.cmake.build:Building CMake package in '/home/benny/ros2_ws/src/system_interfaces'
[0.695s] INFO:colcon.colcon_core.plugin_system:Skipping extension 'colcon_core.shell.bat': Not used on non-Windows systems
[0.695s] INFO:colcon.colcon_core.shell:Skip shell extension 'powershell' for command environment: Not usable outside of PowerShell
[0.695s] DEBUG:colcon.colcon_core.shell:Skip shell extension 'dsv' for command environment
[0.702s] INFO:colcon.colcon_ros.task.ament_cmake.build:Building ROS package in '/home/benny/ros2_ws/src/my_cpp_pkg' with build type 'ament_cmake'
[0.702s] INFO:colcon.colcon_cmake.task.cmake.build:Building CMake package in '/home/benny/ros2_ws/src/my_cpp_pkg'
[0.704s] INFO:colcon.colcon_core.shell:Skip shell extension 'powershell' for command environment: Not usable outside of PowerShell
[0.705s] DEBUG:colcon.colcon_core.shell:Skip shell extension 'dsv' for command environment
[0.711s] INFO:colcon.colcon_ros.task.ament_python.build:Building ROS package in '/home/benny/ros2_ws/src/my_py_pkg' with build type 'ament_python'
[0.711s] Level 1:colcon.colcon_core.shell:create_environment_hook('my_py_pkg', 'ament_prefix_path')
[0.712s] INFO:colcon.colcon_core.shell:Creating environment hook '/home/benny/ros2_ws/install/my_py_pkg/share/my_py_pkg/hook/ament_prefix_path.ps1'
[0.713s] INFO:colcon.colcon_core.shell:Creating environment descriptor '/home/benny/ros2_ws/install/my_py_pkg/share/my_py_pkg/hook/ament_prefix_path.dsv'
[0.714s] INFO:colcon.colcon_core.shell:Creating environment hook '/home/benny/ros2_ws/install/my_py_pkg/share/my_py_pkg/hook/ament_prefix_path.sh'
[0.716s] INFO:colcon.colcon_core.shell:Skip shell extension 'powershell' for command environment: Not usable outside of PowerShell
[0.716s] DEBUG:colcon.colcon_core.shell:Skip shell extension 'dsv' for command environment
[0.723s] DEBUG:colcon.colcon_core.event_handler.log_command:Invoking command in '/home/benny/ros2_ws/build/system_interfaces': CMAKE_PREFIX_PATH=${CMAKE_PREFIX_PATH}:/home/benny/ros2_ws/install/test_node:/home/benny/ros2_ws/install/template:/home/benny/ros2_ws/install/pros_library:/home/benny/ros2_ws/install/my_py_pkg:/opt/ros/humble /usr/bin/cmake --build /home/benny/ros2_ws/build/system_interfaces -- -j8 -l8
[0.730s] DEBUG:colcon.colcon_core.event_handler.log_command:Invoking command in '/home/benny/ros2_ws/build/my_cpp_pkg': CMAKE_PREFIX_PATH=${CMAKE_PREFIX_PATH}:/home/benny/ros2_ws/install/test_node:/home/benny/ros2_ws/install/template:/home/benny/ros2_ws/install/pros_library:/home/benny/ros2_ws/install/my_py_pkg:/opt/ros/humble /usr/bin/cmake --build /home/benny/ros2_ws/build/my_cpp_pkg -- -j8 -l8
[1.119s] INFO:colcon.colcon_core.task.python.build:Building Python package in '/home/benny/ros2_ws/src/my_py_pkg'
[1.121s] INFO:colcon.colcon_core.shell:Skip shell extension 'powershell' for command environment: Not usable outside of PowerShell
[1.121s] DEBUG:colcon.colcon_core.shell:Skip shell extension 'dsv' for command environment
[1.128s] DEBUG:colcon.colcon_core.event_handler.log_command:Invoked command in '/home/benny/ros2_ws/build/my_cpp_pkg' returned '0': CMAKE_PREFIX_PATH=${CMAKE_PREFIX_PATH}:/home/benny/ros2_ws/install/test_node:/home/benny/ros2_ws/install/template:/home/benny/ros2_ws/install/pros_library:/home/benny/ros2_ws/install/my_py_pkg:/opt/ros/humble /usr/bin/cmake --build /home/benny/ros2_ws/build/my_cpp_pkg -- -j8 -l8
[1.207s] DEBUG:colcon.colcon_core.event_handler.log_command:Invoking command in '/home/benny/ros2_ws/build/my_cpp_pkg': CMAKE_PREFIX_PATH=${CMAKE_PREFIX_PATH}:/home/benny/ros2_ws/install/test_node:/home/benny/ros2_ws/install/template:/home/benny/ros2_ws/install/pros_library:/home/benny/ros2_ws/install/my_py_pkg:/opt/ros/humble /usr/bin/cmake --install /home/benny/ros2_ws/build/my_cpp_pkg
[1.220s] Level 1:colcon.colcon_core.environment:create_environment_scripts_only(my_cpp_pkg)
[1.221s] DEBUG:colcon.colcon_core.event_handler.log_command:Invoked command in '/home/benny/ros2_ws/build/my_cpp_pkg' returned '0': CMAKE_PREFIX_PATH=${CMAKE_PREFIX_PATH}:/home/benny/ros2_ws/install/test_node:/home/benny/ros2_ws/install/template:/home/benny/ros2_ws/install/pros_library:/home/benny/ros2_ws/install/my_py_pkg:/opt/ros/humble /usr/bin/cmake --install /home/benny/ros2_ws/build/my_cpp_pkg
[1.239s] Level 1:colcon.colcon_core.environment:checking '/home/benny/ros2_ws/install/my_cpp_pkg' for CMake module files
[1.240s] Level 1:colcon.colcon_core.environment:checking '/home/benny/ros2_ws/install/my_cpp_pkg' for CMake config files
[1.240s] Level 1:colcon.colcon_core.shell:create_environment_hook('my_cpp_pkg', 'cmake_prefix_path')
[1.242s] INFO:colcon.colcon_core.shell:Creating environment hook '/home/benny/ros2_ws/install/my_cpp_pkg/share/my_cpp_pkg/hook/cmake_prefix_path.ps1'
[1.243s] INFO:colcon.colcon_core.shell:Creating environment descriptor '/home/benny/ros2_ws/install/my_cpp_pkg/share/my_cpp_pkg/hook/cmake_prefix_path.dsv'
[1.244s] INFO:colcon.colcon_core.shell:Creating environment hook '/home/benny/ros2_ws/install/my_cpp_pkg/share/my_cpp_pkg/hook/cmake_prefix_path.sh'
[1.246s] Level 1:colcon.colcon_core.environment:checking '/home/benny/ros2_ws/install/my_cpp_pkg/bin'
[1.246s] Level 1:colcon.colcon_core.environment:checking '/home/benny/ros2_ws/install/my_cpp_pkg/lib/pkgconfig/my_cpp_pkg.pc'
[1.247s] Level 1:colcon.colcon_core.environment:checking '/home/benny/ros2_ws/install/my_cpp_pkg/lib/python3.10/site-packages'
[1.247s] Level 1:colcon.colcon_core.environment:checking '/home/benny/ros2_ws/install/my_cpp_pkg/bin'
[1.250s] INFO:colcon.colcon_core.shell:Creating package script '/home/benny/ros2_ws/install/my_cpp_pkg/share/my_cpp_pkg/package.ps1'
[1.252s] INFO:colcon.colcon_core.shell:Creating package descriptor '/home/benny/ros2_ws/install/my_cpp_pkg/share/my_cpp_pkg/package.dsv'
[1.254s] INFO:colcon.colcon_core.shell:Creating package script '/home/benny/ros2_ws/install/my_cpp_pkg/share/my_cpp_pkg/package.sh'
[1.256s] INFO:colcon.colcon_core.shell:Creating package script '/home/benny/ros2_ws/install/my_cpp_pkg/share/my_cpp_pkg/package.bash'
[1.258s] INFO:colcon.colcon_core.shell:Creating package script '/home/benny/ros2_ws/install/my_cpp_pkg/share/my_cpp_pkg/package.zsh'
[1.260s] Level 1:colcon.colcon_core.environment:create_file_with_runtime_dependencies(/home/benny/ros2_ws/install/my_cpp_pkg/share/colcon-core/packages/my_cpp_pkg)
[1.295s] Level 1:colcon.colcon_core.environment:create_environment_scripts_only(my_cpp_pkg)
[1.303s] Level 1:colcon.colcon_core.environment:checking '/home/benny/ros2_ws/install/my_cpp_pkg' for CMake module files
[1.306s] Level 1:colcon.colcon_core.environment:checking '/home/benny/ros2_ws/install/my_cpp_pkg' for CMake config files
[1.306s] Level 1:colcon.colcon_core.shell:create_environment_hook('my_cpp_pkg', 'cmake_prefix_path')
[1.308s] INFO:colcon.colcon_core.shell:Creating environment hook '/home/benny/ros2_ws/install/my_cpp_pkg/share/my_cpp_pkg/hook/cmake_prefix_path.ps1'
[1.309s] INFO:colcon.colcon_core.shell:Creating environment descriptor '/home/benny/ros2_ws/install/my_cpp_pkg/share/my_cpp_pkg/hook/cmake_prefix_path.dsv'
[1.309s] INFO:colcon.colcon_core.shell:Creating environment hook '/home/benny/ros2_ws/install/my_cpp_pkg/share/my_cpp_pkg/hook/cmake_prefix_path.sh'
[1.310s] Level 1:colcon.colcon_core.environment:checking '/home/benny/ros2_ws/install/my_cpp_pkg/bin'
[1.310s] Level 1:colcon.colcon_core.environment:checking '/home/benny/ros2_ws/install/my_cpp_pkg/lib/pkgconfig/my_cpp_pkg.pc'
[1.310s] Level 1:colcon.colcon_core.environment:checking '/home/benny/ros2_ws/install/my_cpp_pkg/lib/python3.10/site-packages'
[1.311s] Level 1:colcon.colcon_core.environment:checking '/home/benny/ros2_ws/install/my_cpp_pkg/bin'
[1.312s] INFO:colcon.colcon_core.shell:Creating package script '/home/benny/ros2_ws/install/my_cpp_pkg/share/my_cpp_pkg/package.ps1'
[1.313s] INFO:colcon.colcon_core.shell:Creating package descriptor '/home/benny/ros2_ws/install/my_cpp_pkg/share/my_cpp_pkg/package.dsv'
[1.314s] INFO:colcon.colcon_core.shell:Creating package script '/home/benny/ros2_ws/install/my_cpp_pkg/share/my_cpp_pkg/package.sh'
[1.315s] INFO:colcon.colcon_core.shell:Creating package script '/home/benny/ros2_ws/install/my_cpp_pkg/share/my_cpp_pkg/package.bash'
[1.315s] INFO:colcon.colcon_core.shell:Creating package script '/home/benny/ros2_ws/install/my_cpp_pkg/share/my_cpp_pkg/package.zsh'
[1.316s] Level 1:colcon.colcon_core.environment:create_file_with_runtime_dependencies(/home/benny/ros2_ws/install/my_cpp_pkg/share/colcon-core/packages/my_cpp_pkg)
[1.353s] DEBUG:colcon.colcon_core.event_handler.log_command:Invoked command in '/home/benny/ros2_ws/build/system_interfaces' returned '0': CMAKE_PREFIX_PATH=${CMAKE_PREFIX_PATH}:/home/benny/ros2_ws/install/test_node:/home/benny/ros2_ws/install/template:/home/benny/ros2_ws/install/pros_library:/home/benny/ros2_ws/install/my_py_pkg:/opt/ros/humble /usr/bin/cmake --build /home/benny/ros2_ws/build/system_interfaces -- -j8 -l8
[1.467s] DEBUG:colcon.colcon_core.event_handler.log_command:Invoking command in '/home/benny/ros2_ws/build/system_interfaces': CMAKE_PREFIX_PATH=${CMAKE_PREFIX_PATH}:/home/benny/ros2_ws/install/test_node:/home/benny/ros2_ws/install/template:/home/benny/ros2_ws/install/pros_library:/home/benny/ros2_ws/install/my_py_pkg:/opt/ros/humble /usr/bin/cmake --install /home/benny/ros2_ws/build/system_interfaces
[1.571s] Level 1:colcon.colcon_core.environment:create_environment_scripts_only(system_interfaces)
[1.578s] Level 1:colcon.colcon_core.environment:checking '/home/benny/ros2_ws/install/system_interfaces' for CMake module files
[1.579s] Level 1:colcon.colcon_core.environment:checking '/home/benny/ros2_ws/install/system_interfaces' for CMake config files
[1.579s] DEBUG:colcon.colcon_core.event_handler.log_command:Invoked command in '/home/benny/ros2_ws/build/system_interfaces' returned '0': CMAKE_PREFIX_PATH=${CMAKE_PREFIX_PATH}:/home/benny/ros2_ws/install/test_node:/home/benny/ros2_ws/install/template:/home/benny/ros2_ws/install/pros_library:/home/benny/ros2_ws/install/my_py_pkg:/opt/ros/humble /usr/bin/cmake --install /home/benny/ros2_ws/build/system_interfaces
[1.580s] Level 1:colcon.colcon_core.shell:create_environment_hook('system_interfaces', 'cmake_prefix_path')
[1.584s] INFO:colcon.colcon_core.shell:Creating environment hook '/home/benny/ros2_ws/install/system_interfaces/share/system_interfaces/hook/cmake_prefix_path.ps1'
[1.585s] INFO:colcon.colcon_core.shell:Creating environment descriptor '/home/benny/ros2_ws/install/system_interfaces/share/system_interfaces/hook/cmake_prefix_path.dsv'
[1.585s] INFO:colcon.colcon_core.shell:Creating environment hook '/home/benny/ros2_ws/install/system_interfaces/share/system_interfaces/hook/cmake_prefix_path.sh'
[1.587s] Level 1:colcon.colcon_core.environment:checking '/home/benny/ros2_ws/install/system_interfaces/lib'
[1.589s] Level 1:colcon.colcon_core.shell:create_environment_hook('system_interfaces', 'ld_library_path_lib')
[1.591s] INFO:colcon.colcon_core.shell:Creating environment hook '/home/benny/ros2_ws/install/system_interfaces/share/system_interfaces/hook/ld_library_path_lib.ps1'
[1.592s] INFO:colcon.colcon_core.shell:Creating environment descriptor '/home/benny/ros2_ws/install/system_interfaces/share/system_interfaces/hook/ld_library_path_lib.dsv'
[1.592s] INFO:colcon.colcon_core.shell:Creating environment hook '/home/benny/ros2_ws/install/system_interfaces/share/system_interfaces/hook/ld_library_path_lib.sh'
[1.593s] Level 1:colcon.colcon_core.environment:checking '/home/benny/ros2_ws/install/system_interfaces/bin'
[1.593s] Level 1:colcon.colcon_core.environment:checking '/home/benny/ros2_ws/install/system_interfaces/lib/pkgconfig/system_interfaces.pc'
[1.594s] Level 1:colcon.colcon_core.environment:checking '/home/benny/ros2_ws/install/system_interfaces/lib/python3.10/site-packages'
[1.594s] Level 1:colcon.colcon_core.environment:checking '/home/benny/ros2_ws/install/system_interfaces/bin'
[1.596s] INFO:colcon.colcon_core.shell:Creating package script '/home/benny/ros2_ws/install/system_interfaces/share/system_interfaces/package.ps1'
[1.597s] INFO:colcon.colcon_core.shell:Creating package descriptor '/home/benny/ros2_ws/install/system_interfaces/share/system_interfaces/package.dsv'
[1.598s] INFO:colcon.colcon_core.shell:Creating package script '/home/benny/ros2_ws/install/system_interfaces/share/system_interfaces/package.sh'
[1.598s] INFO:colcon.colcon_core.shell:Creating package script '/home/benny/ros2_ws/install/system_interfaces/share/system_interfaces/package.bash'
[1.600s] INFO:colcon.colcon_core.shell:Creating package script '/home/benny/ros2_ws/install/system_interfaces/share/system_interfaces/package.zsh'
[1.601s] Level 1:colcon.colcon_core.environment:create_file_with_runtime_dependencies(/home/benny/ros2_ws/install/system_interfaces/share/colcon-core/packages/system_interfaces)
[1.686s] DEBUG:colcon.colcon_core.event_handler.log_command:Invoking command in '/home/benny/ros2_ws/src/my_py_pkg': PYTHONPATH=/home/benny/ros2_ws/build/my_py_pkg/prefix_override:/home/benny/ros2_ws/install/my_py_pkg/lib/python3.10/site-packages:${PYTHONPATH} /usr/bin/python3 setup.py egg_info --egg-base ../../build/my_py_pkg build --build-base /home/benny/ros2_ws/build/my_py_pkg/build install --record /home/benny/ros2_ws/build/my_py_pkg/install.log --single-version-externally-managed
[1.690s] Level 1:colcon.colcon_core.environment:create_environment_scripts_only(system_interfaces)
[1.692s] Level 1:colcon.colcon_core.environment:checking '/home/benny/ros2_ws/install/system_interfaces' for CMake module files
[1.692s] Level 1:colcon.colcon_core.environment:checking '/home/benny/ros2_ws/install/system_interfaces' for CMake config files
[1.693s] Level 1:colcon.colcon_core.shell:create_environment_hook('system_interfaces', 'cmake_prefix_path')
[1.693s] INFO:colcon.colcon_core.shell:Creating environment hook '/home/benny/ros2_ws/install/system_interfaces/share/system_interfaces/hook/cmake_prefix_path.ps1'
[1.694s] INFO:colcon.colcon_core.shell:Creating environment descriptor '/home/benny/ros2_ws/install/system_interfaces/share/system_interfaces/hook/cmake_prefix_path.dsv'
[1.694s] INFO:colcon.colcon_core.shell:Creating environment hook '/home/benny/ros2_ws/install/system_interfaces/share/system_interfaces/hook/cmake_prefix_path.sh'
[1.695s] Level 1:colcon.colcon_core.environment:checking '/home/benny/ros2_ws/install/system_interfaces/lib'
[1.695s] Level 1:colcon.colcon_core.shell:create_environment_hook('system_interfaces', 'ld_library_path_lib')
[1.696s] INFO:colcon.colcon_core.shell:Creating environment hook '/home/benny/ros2_ws/install/system_interfaces/share/system_interfaces/hook/ld_library_path_lib.ps1'
[1.696s] INFO:colcon.colcon_core.shell:Creating environment descriptor '/home/benny/ros2_ws/install/system_interfaces/share/system_interfaces/hook/ld_library_path_lib.dsv'
[1.696s] INFO:colcon.colcon_core.shell:Creating environment hook '/home/benny/ros2_ws/install/system_interfaces/share/system_interfaces/hook/ld_library_path_lib.sh'
[1.697s] Level 1:colcon.colcon_core.environment:checking '/home/benny/ros2_ws/install/system_interfaces/bin'
[1.697s] Level 1:colcon.colcon_core.environment:checking '/home/benny/ros2_ws/install/system_interfaces/lib/pkgconfig/system_interfaces.pc'
[1.697s] Level 1:colcon.colcon_core.environment:checking '/home/benny/ros2_ws/install/system_interfaces/lib/python3.10/site-packages'
[1.697s] Level 1:colcon.colcon_core.environment:checking '/home/benny/ros2_ws/install/system_interfaces/bin'
[1.698s] INFO:colcon.colcon_core.shell:Creating package script '/home/benny/ros2_ws/install/system_interfaces/share/system_interfaces/package.ps1'
[1.698s] INFO:colcon.colcon_core.shell:Creating package descriptor '/home/benny/ros2_ws/install/system_interfaces/share/system_interfaces/package.dsv'
[1.699s] INFO:colcon.colcon_core.shell:Creating package script '/home/benny/ros2_ws/install/system_interfaces/share/system_interfaces/package.sh'
[1.699s] INFO:colcon.colcon_core.shell:Creating package script '/home/benny/ros2_ws/install/system_interfaces/share/system_interfaces/package.bash'
[1.700s] INFO:colcon.colcon_core.shell:Creating package script '/home/benny/ros2_ws/install/system_interfaces/share/system_interfaces/package.zsh'
[1.700s] Level 1:colcon.colcon_core.environment:create_file_with_runtime_dependencies(/home/benny/ros2_ws/install/system_interfaces/share/colcon-core/packages/system_interfaces)
[1.700s] INFO:colcon.colcon_ros.task.ament_python.build:Building ROS package in '/home/benny/ros2_ws/src/pros_library' with build type 'ament_python'
[1.701s] Level 1:colcon.colcon_core.shell:create_environment_hook('pros_library', 'ament_prefix_path')
[1.701s] INFO:colcon.colcon_core.shell:Creating environment hook '/home/benny/ros2_ws/install/pros_library/share/pros_library/hook/ament_prefix_path.ps1'
[1.702s] INFO:colcon.colcon_core.shell:Creating environment descriptor '/home/benny/ros2_ws/install/pros_library/share/pros_library/hook/ament_prefix_path.dsv'
[1.703s] INFO:colcon.colcon_core.shell:Creating environment hook '/home/benny/ros2_ws/install/pros_library/share/pros_library/hook/ament_prefix_path.sh'
[1.706s] INFO:colcon.colcon_core.shell:Skip shell extension 'powershell' for command environment: Not usable outside of PowerShell
[1.706s] DEBUG:colcon.colcon_core.shell:Skip shell extension 'dsv' for command environment
[1.712s] INFO:colcon.colcon_ros.task.ament_cmake.build:Building ROS package in '/home/benny/ros2_ws/src/monitor_system' with build type 'ament_cmake'
[1.713s] INFO:colcon.colcon_cmake.task.cmake.build:Building CMake package in '/home/benny/ros2_ws/src/monitor_system'
[1.715s] INFO:colcon.colcon_core.shell:Skip shell extension 'powershell' for command environment: Not usable outside of PowerShell
[1.715s] DEBUG:colcon.colcon_core.shell:Skip shell extension 'dsv' for command environment
[2.095s] INFO:colcon.colcon_core.task.python.build:Building Python package in '/home/benny/ros2_ws/src/pros_library'
[2.097s] INFO:colcon.colcon_core.shell:Skip shell extension 'powershell' for command environment: Not usable outside of PowerShell
[2.097s] DEBUG:colcon.colcon_core.shell:Skip shell extension 'dsv' for command environment
[2.111s] DEBUG:colcon.colcon_core.event_handler.log_command:Invoking command in '/home/benny/ros2_ws/build/monitor_system': CMAKE_PREFIX_PATH=/home/benny/ros2_ws/install/system_interfaces:/home/benny/ros2_ws/install/monitor_system:/home/benny/ros2_ws/install/my_cpp_pkg:/home/benny/ros2_ws/install/test_node:/home/benny/ros2_ws/install/template:/home/benny/ros2_ws/install/pros_library:/home/benny/ros2_ws/install/my_py_pkg:/opt/ros/humble /usr/bin/cmake --build /home/benny/ros2_ws/build/monitor_system -- -j8 -l8
[2.219s] DEBUG:colcon.colcon_core.event_handler.log_command:Invoked command in '/home/benny/ros2_ws/build/monitor_system' returned '0': CMAKE_PREFIX_PATH=/home/benny/ros2_ws/install/system_interfaces:/home/benny/ros2_ws/install/monitor_system:/home/benny/ros2_ws/install/my_cpp_pkg:/home/benny/ros2_ws/install/test_node:/home/benny/ros2_ws/install/template:/home/benny/ros2_ws/install/pros_library:/home/benny/ros2_ws/install/my_py_pkg:/opt/ros/humble /usr/bin/cmake --build /home/benny/ros2_ws/build/monitor_system -- -j8 -l8
[2.258s] DEBUG:colcon.colcon_core.event_handler.log_command:Invoking command in '/home/benny/ros2_ws/build/monitor_system': CMAKE_PREFIX_PATH=/home/benny/ros2_ws/install/system_interfaces:/home/benny/ros2_ws/install/monitor_system:/home/benny/ros2_ws/install/my_cpp_pkg:/home/benny/ros2_ws/install/test_node:/home/benny/ros2_ws/install/template:/home/benny/ros2_ws/install/pros_library:/home/benny/ros2_ws/install/my_py_pkg:/opt/ros/humble /usr/bin/cmake --install /home/benny/ros2_ws/build/monitor_system
[2.275s] Level 1:colcon.colcon_core.environment:create_environment_scripts_only(monitor_system)
[2.279s] Level 1:colcon.colcon_core.environment:checking '/home/benny/ros2_ws/install/monitor_system' for CMake module files
[2.282s] Level 1:colcon.colcon_core.environment:checking '/home/benny/ros2_ws/install/monitor_system' for CMake config files
[2.283s] Level 1:colcon.colcon_core.shell:create_environment_hook('monitor_system', 'cmake_prefix_path')
[2.287s] INFO:colcon.colcon_core.shell:Creating environment hook '/home/benny/ros2_ws/install/monitor_system/share/monitor_system/hook/cmake_prefix_path.ps1'
[2.289s] DEBUG:colcon.colcon_core.event_handler.log_command:Invoked command in '/home/benny/ros2_ws/build/monitor_system' returned '0': CMAKE_PREFIX_PATH=/home/benny/ros2_ws/install/system_interfaces:/home/benny/ros2_ws/install/monitor_system:/home/benny/ros2_ws/install/my_cpp_pkg:/home/benny/ros2_ws/install/test_node:/home/benny/ros2_ws/install/template:/home/benny/ros2_ws/install/pros_library:/home/benny/ros2_ws/install/my_py_pkg:/opt/ros/humble /usr/bin/cmake --install /home/benny/ros2_ws/build/monitor_system
[2.289s] INFO:colcon.colcon_core.shell:Creating environment descriptor '/home/benny/ros2_ws/install/monitor_system/share/monitor_system/hook/cmake_prefix_path.dsv'
[2.290s] INFO:colcon.colcon_core.shell:Creating environment hook '/home/benny/ros2_ws/install/monitor_system/share/monitor_system/hook/cmake_prefix_path.sh'
[2.291s] Level 1:colcon.colcon_core.environment:checking '/home/benny/ros2_ws/install/monitor_system/lib'
[2.292s] Level 1:colcon.colcon_core.environment:checking '/home/benny/ros2_ws/install/monitor_system/bin'
[2.292s] Level 1:colcon.colcon_core.environment:checking '/home/benny/ros2_ws/install/monitor_system/lib/pkgconfig/monitor_system.pc'
[2.292s] Level 1:colcon.colcon_core.environment:checking '/home/benny/ros2_ws/install/monitor_system/lib/python3.10/site-packages'
[2.293s] Level 1:colcon.colcon_core.environment:checking '/home/benny/ros2_ws/install/monitor_system/bin'
[2.295s] INFO:colcon.colcon_core.shell:Creating package script '/home/benny/ros2_ws/install/monitor_system/share/monitor_system/package.ps1'
[2.296s] INFO:colcon.colcon_core.shell:Creating package descriptor '/home/benny/ros2_ws/install/monitor_system/share/monitor_system/package.dsv'
[2.300s] INFO:colcon.colcon_core.shell:Creating package script '/home/benny/ros2_ws/install/monitor_system/share/monitor_system/package.sh'
[2.301s] INFO:colcon.colcon_core.shell:Creating package script '/home/benny/ros2_ws/install/monitor_system/share/monitor_system/package.bash'
[2.302s] INFO:colcon.colcon_core.shell:Creating package script '/home/benny/ros2_ws/install/monitor_system/share/monitor_system/package.zsh'
[2.303s] Level 1:colcon.colcon_core.environment:create_file_with_runtime_dependencies(/home/benny/ros2_ws/install/monitor_system/share/colcon-core/packages/monitor_system)
[2.326s] Level 1:colcon.colcon_core.environment:checking '/home/benny/ros2_ws/install/my_py_pkg' for CMake module files
[2.326s] Level 1:colcon.colcon_core.environment:checking '/home/benny/ros2_ws/install/my_py_pkg' for CMake config files
[2.327s] Level 1:colcon.colcon_core.environment:checking '/home/benny/ros2_ws/install/my_py_pkg/lib'
[2.327s] Level 1:colcon.colcon_core.environment:checking '/home/benny/ros2_ws/install/my_py_pkg/bin'
[2.327s] Level 1:colcon.colcon_core.environment:checking '/home/benny/ros2_ws/install/my_py_pkg/lib/pkgconfig/my_py_pkg.pc'
[2.328s] Level 1:colcon.colcon_core.environment:checking '/home/benny/ros2_ws/install/my_py_pkg/lib/python3.10/site-packages'
[2.328s] Level 1:colcon.colcon_core.shell:create_environment_hook('my_py_pkg', 'pythonpath')
[2.330s] INFO:colcon.colcon_core.shell:Creating environment hook '/home/benny/ros2_ws/install/my_py_pkg/share/my_py_pkg/hook/pythonpath.ps1'
[2.331s] DEBUG:colcon.colcon_core.event_handler.log_command:Invoked command in '/home/benny/ros2_ws/src/my_py_pkg' returned '0': PYTHONPATH=/home/benny/ros2_ws/build/my_py_pkg/prefix_override:/home/benny/ros2_ws/install/my_py_pkg/lib/python3.10/site-packages:${PYTHONPATH} /usr/bin/python3 setup.py egg_info --egg-base ../../build/my_py_pkg build --build-base /home/benny/ros2_ws/build/my_py_pkg/build install --record /home/benny/ros2_ws/build/my_py_pkg/install.log --single-version-externally-managed
[2.331s] INFO:colcon.colcon_core.shell:Creating environment descriptor '/home/benny/ros2_ws/install/my_py_pkg/share/my_py_pkg/hook/pythonpath.dsv'
[2.332s] INFO:colcon.colcon_core.shell:Creating environment hook '/home/benny/ros2_ws/install/my_py_pkg/share/my_py_pkg/hook/pythonpath.sh'
[2.333s] Level 1:colcon.colcon_core.environment:checking '/home/benny/ros2_ws/install/my_py_pkg/bin'
[2.334s] Level 1:colcon.colcon_core.environment:create_environment_scripts_only(my_py_pkg)
[2.336s] INFO:colcon.colcon_core.shell:Creating package script '/home/benny/ros2_ws/install/my_py_pkg/share/my_py_pkg/package.ps1'
[2.337s] INFO:colcon.colcon_core.shell:Creating package descriptor '/home/benny/ros2_ws/install/my_py_pkg/share/my_py_pkg/package.dsv'
[2.338s] INFO:colcon.colcon_core.shell:Creating package script '/home/benny/ros2_ws/install/my_py_pkg/share/my_py_pkg/package.sh'
[2.338s] INFO:colcon.colcon_core.shell:Creating package script '/home/benny/ros2_ws/install/my_py_pkg/share/my_py_pkg/package.bash'
[2.339s] INFO:colcon.colcon_core.shell:Creating package script '/home/benny/ros2_ws/install/my_py_pkg/share/my_py_pkg/package.zsh'
[2.340s] Level 1:colcon.colcon_core.environment:create_file_with_runtime_dependencies(/home/benny/ros2_ws/install/my_py_pkg/share/colcon-core/packages/my_py_pkg)
[2.347s] Level 1:colcon.colcon_core.environment:create_environment_scripts_only(monitor_system)
[2.349s] Level 1:colcon.colcon_core.environment:checking '/home/benny/ros2_ws/install/monitor_system' for CMake module files
[2.350s] Level 1:colcon.colcon_core.environment:checking '/home/benny/ros2_ws/install/monitor_system' for CMake config files
[2.351s] Level 1:colcon.colcon_core.shell:create_environment_hook('monitor_system', 'cmake_prefix_path')
[2.352s] INFO:colcon.colcon_core.shell:Creating environment hook '/home/benny/ros2_ws/install/monitor_system/share/monitor_system/hook/cmake_prefix_path.ps1'
[2.353s] INFO:colcon.colcon_core.shell:Creating environment descriptor '/home/benny/ros2_ws/install/monitor_system/share/monitor_system/hook/cmake_prefix_path.dsv'
[2.353s] INFO:colcon.colcon_core.shell:Creating environment hook '/home/benny/ros2_ws/install/monitor_system/share/monitor_system/hook/cmake_prefix_path.sh'
[2.354s] Level 1:colcon.colcon_core.environment:checking '/home/benny/ros2_ws/install/monitor_system/lib'
[2.354s] Level 1:colcon.colcon_core.environment:checking '/home/benny/ros2_ws/install/monitor_system/bin'
[2.354s] Level 1:colcon.colcon_core.environment:checking '/home/benny/ros2_ws/install/monitor_system/lib/pkgconfig/monitor_system.pc'
[2.354s] Level 1:colcon.colcon_core.environment:checking '/home/benny/ros2_ws/install/monitor_system/lib/python3.10/site-packages'
[2.355s] Level 1:colcon.colcon_core.environment:checking '/home/benny/ros2_ws/install/monitor_system/bin'
[2.357s] INFO:colcon.colcon_core.shell:Creating package script '/home/benny/ros2_ws/install/monitor_system/share/monitor_system/package.ps1'
[2.357s] INFO:colcon.colcon_core.shell:Creating package descriptor '/home/benny/ros2_ws/install/monitor_system/share/monitor_system/package.dsv'
[2.358s] INFO:colcon.colcon_core.shell:Creating package script '/home/benny/ros2_ws/install/monitor_system/share/monitor_system/package.sh'
[2.358s] INFO:colcon.colcon_core.shell:Creating package script '/home/benny/ros2_ws/install/monitor_system/share/monitor_system/package.bash'
[2.359s] INFO:colcon.colcon_core.shell:Creating package script '/home/benny/ros2_ws/install/monitor_system/share/monitor_system/package.zsh'
[2.360s] Level 1:colcon.colcon_core.environment:create_file_with_runtime_dependencies(/home/benny/ros2_ws/install/monitor_system/share/colcon-core/packages/monitor_system)
[2.620s] DEBUG:colcon.colcon_core.event_handler.log_command:Invoking command in '/home/benny/ros2_ws/src/pros_library': CMAKE_PREFIX_PATH=/home/benny/ros2_ws/install/system_interfaces:/home/benny/ros2_ws/install/monitor_system:/home/benny/ros2_ws/install/my_cpp_pkg PYTHONPATH=/home/benny/ros2_ws/build/pros_library/prefix_override:/home/benny/ros2_ws/install/pros_library/lib/python3.10/site-packages:${PYTHONPATH} /usr/bin/python3 setup.py egg_info --egg-base ../../build/pros_library build --build-base /home/benny/ros2_ws/build/pros_library/build install --record /home/benny/ros2_ws/build/pros_library/install.log --single-version-externally-managed
[3.109s] Level 1:colcon.colcon_core.environment:checking '/home/benny/ros2_ws/install/pros_library' for CMake module files
[3.109s] DEBUG:colcon.colcon_core.event_handler.log_command:Invoked command in '/home/benny/ros2_ws/src/pros_library' returned '0': CMAKE_PREFIX_PATH=/home/benny/ros2_ws/install/system_interfaces:/home/benny/ros2_ws/install/monitor_system:/home/benny/ros2_ws/install/my_cpp_pkg PYTHONPATH=/home/benny/ros2_ws/build/pros_library/prefix_override:/home/benny/ros2_ws/install/pros_library/lib/python3.10/site-packages:${PYTHONPATH} /usr/bin/python3 setup.py egg_info --egg-base ../../build/pros_library build --build-base /home/benny/ros2_ws/build/pros_library/build install --record /home/benny/ros2_ws/build/pros_library/install.log --single-version-externally-managed
[3.111s] Level 1:colcon.colcon_core.environment:checking '/home/benny/ros2_ws/install/pros_library' for CMake config files
[3.113s] Level 1:colcon.colcon_core.environment:checking '/home/benny/ros2_ws/install/pros_library/lib'
[3.116s] Level 1:colcon.colcon_core.environment:checking '/home/benny/ros2_ws/install/pros_library/bin'
[3.116s] Level 1:colcon.colcon_core.environment:checking '/home/benny/ros2_ws/install/pros_library/lib/pkgconfig/pros_library.pc'
[3.116s] Level 1:colcon.colcon_core.environment:checking '/home/benny/ros2_ws/install/pros_library/lib/python3.10/site-packages'
[3.121s] Level 1:colcon.colcon_core.shell:create_environment_hook('pros_library', 'pythonpath')
[3.137s] INFO:colcon.colcon_core.shell:Creating environment hook '/home/benny/ros2_ws/install/pros_library/share/pros_library/hook/pythonpath.ps1'
[3.138s] INFO:colcon.colcon_core.shell:Creating environment descriptor '/home/benny/ros2_ws/install/pros_library/share/pros_library/hook/pythonpath.dsv'
[3.138s] INFO:colcon.colcon_core.shell:Creating environment hook '/home/benny/ros2_ws/install/pros_library/share/pros_library/hook/pythonpath.sh'
[3.139s] Level 1:colcon.colcon_core.environment:checking '/home/benny/ros2_ws/install/pros_library/bin'
[3.151s] Level 1:colcon.colcon_core.environment:create_environment_scripts_only(pros_library)
[3.152s] INFO:colcon.colcon_core.shell:Creating package script '/home/benny/ros2_ws/install/pros_library/share/pros_library/package.ps1'
[3.153s] INFO:colcon.colcon_core.shell:Creating package descriptor '/home/benny/ros2_ws/install/pros_library/share/pros_library/package.dsv'
[3.154s] INFO:colcon.colcon_core.shell:Creating package script '/home/benny/ros2_ws/install/pros_library/share/pros_library/package.sh'
[3.155s] INFO:colcon.colcon_core.shell:Creating package script '/home/benny/ros2_ws/install/pros_library/share/pros_library/package.bash'
[3.156s] INFO:colcon.colcon_core.shell:Creating package script '/home/benny/ros2_ws/install/pros_library/share/pros_library/package.zsh'
[3.156s] Level 1:colcon.colcon_core.environment:create_file_with_runtime_dependencies(/home/benny/ros2_ws/install/pros_library/share/colcon-core/packages/pros_library)
[3.157s] INFO:colcon.colcon_ros.task.ament_python.build:Building ROS package in '/home/benny/ros2_ws/src/template' with build type 'ament_python'
[3.157s] Level 1:colcon.colcon_core.shell:create_environment_hook('template', 'ament_prefix_path')
[3.160s] INFO:colcon.colcon_core.shell:Creating environment hook '/home/benny/ros2_ws/install/template/share/template/hook/ament_prefix_path.ps1'
[3.161s] INFO:colcon.colcon_core.shell:Creating environment descriptor '/home/benny/ros2_ws/install/template/share/template/hook/ament_prefix_path.dsv'
[3.161s] INFO:colcon.colcon_core.shell:Creating environment hook '/home/benny/ros2_ws/install/template/share/template/hook/ament_prefix_path.sh'
[3.163s] INFO:colcon.colcon_core.shell:Skip shell extension 'powershell' for command environment: Not usable outside of PowerShell
[3.164s] DEBUG:colcon.colcon_core.shell:Skip shell extension 'dsv' for command environment
[3.178s] INFO:colcon.colcon_ros.task.ament_python.build:Building ROS package in '/home/benny/ros2_ws/src/test_node' with build type 'ament_python'
[3.179s] Level 1:colcon.colcon_core.shell:create_environment_hook('test_node', 'ament_prefix_path')
[3.181s] INFO:colcon.colcon_core.shell:Creating environment hook '/home/benny/ros2_ws/install/test_node/share/test_node/hook/ament_prefix_path.ps1'
[3.183s] INFO:colcon.colcon_core.shell:Creating environment descriptor '/home/benny/ros2_ws/install/test_node/share/test_node/hook/ament_prefix_path.dsv'
[3.184s] INFO:colcon.colcon_core.shell:Creating environment hook '/home/benny/ros2_ws/install/test_node/share/test_node/hook/ament_prefix_path.sh'
[3.186s] INFO:colcon.colcon_core.shell:Skip shell extension 'powershell' for command environment: Not usable outside of PowerShell
[3.186s] DEBUG:colcon.colcon_core.shell:Skip shell extension 'dsv' for command environment
[3.543s] INFO:colcon.colcon_core.task.python.build:Building Python package in '/home/benny/ros2_ws/src/template'
[3.544s] INFO:colcon.colcon_core.shell:Skip shell extension 'powershell' for command environment: Not usable outside of PowerShell
[3.544s] DEBUG:colcon.colcon_core.shell:Skip shell extension 'dsv' for command environment
[4.143s] INFO:colcon.colcon_core.task.python.build:Building Python package in '/home/benny/ros2_ws/src/test_node'
[4.145s] INFO:colcon.colcon_core.shell:Skip shell extension 'powershell' for command environment: Not usable outside of PowerShell
[4.145s] DEBUG:colcon.colcon_core.shell:Skip shell extension 'dsv' for command environment
[4.550s] DEBUG:colcon.colcon_core.event_handler.log_command:Invoking command in '/home/benny/ros2_ws/src/template': AMENT_PREFIX_PATH=/home/benny/ros2_ws/install/pros_library:/home/benny/ros2_ws/install/test_node:/home/benny/ros2_ws/install/template:/home/benny/ros2_ws/install/monitor_system:/home/benny/ros2_ws/install/system_interfaces:/home/benny/ros2_ws/install/my_py_pkg:/home/benny/ros2_ws/install/my_cpp_pkg:/opt/ros/humble CMAKE_PREFIX_PATH=/home/benny/ros2_ws/install/system_interfaces:/home/benny/ros2_ws/install/monitor_system:/home/benny/ros2_ws/install/my_cpp_pkg PYTHONPATH=/home/benny/ros2_ws/build/template/prefix_override:/home/benny/ros2_ws/install/template/lib/python3.10/site-packages:/home/benny/ros2_ws/install/pros_library/lib/python3.10/site-packages:/home/benny/ros2_ws/install/test_node/lib/python3.10/site-packages:/home/benny/ros2_ws/install/template/lib/python3.10/site-packages:/home/benny/ros2_ws/install/system_interfaces/local/lib/python3.10/dist-packages:/home/benny/ros2_ws/install/my_py_pkg/lib/python3.10/site-packages:/opt/ros/humble/lib/python3.10/site-packages:/opt/ros/humble/local/lib/python3.10/dist-packages /usr/bin/python3 setup.py egg_info --egg-base ../../build/template build --build-base /home/benny/ros2_ws/build/template/build install --record /home/benny/ros2_ws/build/template/install.log --single-version-externally-managed
[4.583s] DEBUG:colcon.colcon_core.event_handler.log_command:Invoking command in '/home/benny/ros2_ws/src/test_node': AMENT_PREFIX_PATH=/home/benny/ros2_ws/install/pros_library:/home/benny/ros2_ws/install/test_node:/home/benny/ros2_ws/install/template:/home/benny/ros2_ws/install/monitor_system:/home/benny/ros2_ws/install/system_interfaces:/home/benny/ros2_ws/install/my_py_pkg:/home/benny/ros2_ws/install/my_cpp_pkg:/opt/ros/humble CMAKE_PREFIX_PATH=/home/benny/ros2_ws/install/system_interfaces:/home/benny/ros2_ws/install/monitor_system:/home/benny/ros2_ws/install/my_cpp_pkg PYTHONPATH=/home/benny/ros2_ws/build/test_node/prefix_override:/home/benny/ros2_ws/install/test_node/lib/python3.10/site-packages:/home/benny/ros2_ws/install/pros_library/lib/python3.10/site-packages:/home/benny/ros2_ws/install/test_node/lib/python3.10/site-packages:/home/benny/ros2_ws/install/template/lib/python3.10/site-packages:/home/benny/ros2_ws/install/system_interfaces/local/lib/python3.10/dist-packages:/home/benny/ros2_ws/install/my_py_pkg/lib/python3.10/site-packages:/opt/ros/humble/lib/python3.10/site-packages:/opt/ros/humble/local/lib/python3.10/dist-packages /usr/bin/python3 setup.py egg_info --egg-base ../../build/test_node build --build-base /home/benny/ros2_ws/build/test_node/build install --record /home/benny/ros2_ws/build/test_node/install.log --single-version-externally-managed
[4.982s] Level 1:colcon.colcon_core.environment:checking '/home/benny/ros2_ws/install/template' for CMake module files
[4.983s] DEBUG:colcon.colcon_core.event_handler.log_command:Invoked command in '/home/benny/ros2_ws/src/template' returned '0': AMENT_PREFIX_PATH=/home/benny/ros2_ws/install/pros_library:/home/benny/ros2_ws/install/test_node:/home/benny/ros2_ws/install/template:/home/benny/ros2_ws/install/monitor_system:/home/benny/ros2_ws/install/system_interfaces:/home/benny/ros2_ws/install/my_py_pkg:/home/benny/ros2_ws/install/my_cpp_pkg:/opt/ros/humble CMAKE_PREFIX_PATH=/home/benny/ros2_ws/install/system_interfaces:/home/benny/ros2_ws/install/monitor_system:/home/benny/ros2_ws/install/my_cpp_pkg PYTHONPATH=/home/benny/ros2_ws/build/template/prefix_override:/home/benny/ros2_ws/install/template/lib/python3.10/site-packages:/home/benny/ros2_ws/install/pros_library/lib/python3.10/site-packages:/home/benny/ros2_ws/install/test_node/lib/python3.10/site-packages:/home/benny/ros2_ws/install/template/lib/python3.10/site-packages:/home/benny/ros2_ws/install/system_interfaces/local/lib/python3.10/dist-packages:/home/benny/ros2_ws/install/my_py_pkg/lib/python3.10/site-packages:/opt/ros/humble/lib/python3.10/site-packages:/opt/ros/humble/local/lib/python3.10/dist-packages /usr/bin/python3 setup.py egg_info --egg-base ../../build/template build --build-base /home/benny/ros2_ws/build/template/build install --record /home/benny/ros2_ws/build/template/install.log --single-version-externally-managed
[4.983s] Level 1:colcon.colcon_core.environment:checking '/home/benny/ros2_ws/install/template' for CMake config files
[4.984s] Level 1:colcon.colcon_core.environment:checking '/home/benny/ros2_ws/install/template/lib'
[4.984s] Level 1:colcon.colcon_core.environment:checking '/home/benny/ros2_ws/install/template/bin'
[4.985s] Level 1:colcon.colcon_core.environment:checking '/home/benny/ros2_ws/install/template/lib/pkgconfig/template.pc'
[4.985s] Level 1:colcon.colcon_core.environment:checking '/home/benny/ros2_ws/install/template/lib/python3.10/site-packages'
[4.985s] Level 1:colcon.colcon_core.shell:create_environment_hook('template', 'pythonpath')
[4.987s] INFO:colcon.colcon_core.shell:Creating environment hook '/home/benny/ros2_ws/install/template/share/template/hook/pythonpath.ps1'
[4.988s] INFO:colcon.colcon_core.shell:Creating environment descriptor '/home/benny/ros2_ws/install/template/share/template/hook/pythonpath.dsv'
[4.989s] INFO:colcon.colcon_core.shell:Creating environment hook '/home/benny/ros2_ws/install/template/share/template/hook/pythonpath.sh'
[4.990s] Level 1:colcon.colcon_core.environment:checking '/home/benny/ros2_ws/install/template/bin'
[4.990s] Level 1:colcon.colcon_core.environment:create_environment_scripts_only(template)
[4.993s] INFO:colcon.colcon_core.shell:Creating package script '/home/benny/ros2_ws/install/template/share/template/package.ps1'
[4.995s] INFO:colcon.colcon_core.shell:Creating package descriptor '/home/benny/ros2_ws/install/template/share/template/package.dsv'
[4.998s] INFO:colcon.colcon_core.shell:Creating package script '/home/benny/ros2_ws/install/template/share/template/package.sh'
[4.998s] INFO:colcon.colcon_core.shell:Creating package script '/home/benny/ros2_ws/install/template/share/template/package.bash'
[4.999s] INFO:colcon.colcon_core.shell:Creating package script '/home/benny/ros2_ws/install/template/share/template/package.zsh'
[5.002s] Level 1:colcon.colcon_core.environment:create_file_with_runtime_dependencies(/home/benny/ros2_ws/install/template/share/colcon-core/packages/template)
[5.021s] Level 1:colcon.colcon_core.environment:checking '/home/benny/ros2_ws/install/test_node' for CMake module files
[5.022s] Level 1:colcon.colcon_core.environment:checking '/home/benny/ros2_ws/install/test_node' for CMake config files
[5.022s] Level 1:colcon.colcon_core.environment:checking '/home/benny/ros2_ws/install/test_node/lib'
[5.022s] Level 1:colcon.colcon_core.environment:checking '/home/benny/ros2_ws/install/test_node/bin'
[5.023s] Level 1:colcon.colcon_core.environment:checking '/home/benny/ros2_ws/install/test_node/lib/pkgconfig/test_node.pc'
[5.023s] Level 1:colcon.colcon_core.environment:checking '/home/benny/ros2_ws/install/test_node/lib/python3.10/site-packages'
[5.023s] Level 1:colcon.colcon_core.shell:create_environment_hook('test_node', 'pythonpath')
[5.024s] INFO:colcon.colcon_core.shell:Creating environment hook '/home/benny/ros2_ws/install/test_node/share/test_node/hook/pythonpath.ps1'
[5.025s] INFO:colcon.colcon_core.shell:Creating environment descriptor '/home/benny/ros2_ws/install/test_node/share/test_node/hook/pythonpath.dsv'
[5.025s] INFO:colcon.colcon_core.shell:Creating environment hook '/home/benny/ros2_ws/install/test_node/share/test_node/hook/pythonpath.sh'
[5.026s] Level 1:colcon.colcon_core.environment:checking '/home/benny/ros2_ws/install/test_node/bin'
[5.026s] Level 1:colcon.colcon_core.environment:create_environment_scripts_only(test_node)
[5.028s] INFO:colcon.colcon_core.shell:Creating package script '/home/benny/ros2_ws/install/test_node/share/test_node/package.ps1'
[5.033s] DEBUG:colcon.colcon_core.event_handler.log_command:Invoked command in '/home/benny/ros2_ws/src/test_node' returned '0': AMENT_PREFIX_PATH=/home/benny/ros2_ws/install/pros_library:/home/benny/ros2_ws/install/test_node:/home/benny/ros2_ws/install/template:/home/benny/ros2_ws/install/monitor_system:/home/benny/ros2_ws/install/system_interfaces:/home/benny/ros2_ws/install/my_py_pkg:/home/benny/ros2_ws/install/my_cpp_pkg:/opt/ros/humble CMAKE_PREFIX_PATH=/home/benny/ros2_ws/install/system_interfaces:/home/benny/ros2_ws/install/monitor_system:/home/benny/ros2_ws/install/my_cpp_pkg PYTHONPATH=/home/benny/ros2_ws/build/test_node/prefix_override:/home/benny/ros2_ws/install/test_node/lib/python3.10/site-packages:/home/benny/ros2_ws/install/pros_library/lib/python3.10/site-packages:/home/benny/ros2_ws/install/test_node/lib/python3.10/site-packages:/home/benny/ros2_ws/install/template/lib/python3.10/site-packages:/home/benny/ros2_ws/install/system_interfaces/local/lib/python3.10/dist-packages:/home/benny/ros2_ws/install/my_py_pkg/lib/python3.10/site-packages:/opt/ros/humble/lib/python3.10/site-packages:/opt/ros/humble/local/lib/python3.10/dist-packages /usr/bin/python3 setup.py egg_info --egg-base ../../build/test_node build --build-base /home/benny/ros2_ws/build/test_node/build install --record /home/benny/ros2_ws/build/test_node/install.log --single-version-externally-managed
[5.033s] INFO:colcon.colcon_core.shell:Creating package descriptor '/home/benny/ros2_ws/install/test_node/share/test_node/package.dsv'
[5.035s] INFO:colcon.colcon_core.shell:Creating package script '/home/benny/ros2_ws/install/test_node/share/test_node/package.sh'
[5.036s] INFO:colcon.colcon_core.shell:Creating package script '/home/benny/ros2_ws/install/test_node/share/test_node/package.bash'
[5.037s] INFO:colcon.colcon_core.shell:Creating package script '/home/benny/ros2_ws/install/test_node/share/test_node/package.zsh'
[5.037s] Level 1:colcon.colcon_core.environment:create_file_with_runtime_dependencies(/home/benny/ros2_ws/install/test_node/share/colcon-core/packages/test_node)
[5.038s] DEBUG:colcon.colcon_parallel_executor.executor.parallel:closing loop
[5.038s] DEBUG:colcon.colcon_parallel_executor.executor.parallel:loop closed
[5.038s] DEBUG:colcon.colcon_parallel_executor.executor.parallel:run_until_complete finished with '0'
[5.038s] DEBUG:colcon.colcon_core.event_reactor:joining thread
[5.089s] INFO:colcon.colcon_core.plugin_system:Skipping extension 'colcon_notification.desktop_notification.terminal_notifier': Not used on non-Darwin systems
[5.090s] INFO:colcon.colcon_core.plugin_system:Skipping extension 'colcon_notification.desktop_notification.win32': Not used on non-Windows systems
[5.090s] INFO:colcon.colcon_notification.desktop_notification:Sending desktop notification using 'notify2'
[5.115s] DEBUG:colcon.colcon_core.event_reactor:joined thread
[5.117s] INFO:colcon.colcon_core.shell:Creating prefix script '/home/benny/ros2_ws/install/local_setup.ps1'
[5.118s] INFO:colcon.colcon_core.shell:Creating prefix util module '/home/benny/ros2_ws/install/_local_setup_util_ps1.py'
[5.119s] INFO:colcon.colcon_core.shell:Creating prefix chain script '/home/benny/ros2_ws/install/setup.ps1'
[5.121s] INFO:colcon.colcon_core.shell:Creating prefix script '/home/benny/ros2_ws/install/local_setup.sh'
[5.122s] INFO:colcon.colcon_core.shell:Creating prefix util module '/home/benny/ros2_ws/install/_local_setup_util_sh.py'
[5.122s] INFO:colcon.colcon_core.shell:Creating prefix chain script '/home/benny/ros2_ws/install/setup.sh'
[5.123s] INFO:colcon.colcon_core.shell:Creating prefix script '/home/benny/ros2_ws/install/local_setup.bash'
[5.124s] INFO:colcon.colcon_core.shell:Creating prefix chain script '/home/benny/ros2_ws/install/setup.bash'
[5.126s] INFO:colcon.colcon_core.shell:Creating prefix script '/home/benny/ros2_ws/install/local_setup.zsh'
[5.127s] INFO:colcon.colcon_core.shell:Creating prefix chain script '/home/benny/ros2_ws/install/setup.zsh'
