[1.042s] Invoking command in '/home/benny/ros2_ws/src/my_py_pkg': PYTHONPATH=/home/benny/ros2_ws/build/my_py_pkg/prefix_override:/home/benny/ros2_ws/install/my_py_pkg/lib/python3.10/site-packages:${PYTHONPATH} /usr/bin/python3 setup.py egg_info --egg-base ../../build/my_py_pkg build --build-base /home/benny/ros2_ws/build/my_py_pkg/build install --record /home/benny/ros2_ws/build/my_py_pkg/install.log --single-version-externally-managed
[1.371s] running egg_info
[1.373s] writing ../../build/my_py_pkg/my_py_pkg.egg-info/PKG-INFO
[1.373s] writing dependency_links to ../../build/my_py_pkg/my_py_pkg.egg-info/dependency_links.txt
[1.374s] writing entry points to ../../build/my_py_pkg/my_py_pkg.egg-info/entry_points.txt
[1.374s] writing requirements to ../../build/my_py_pkg/my_py_pkg.egg-info/requires.txt
[1.375s] writing top-level names to ../../build/my_py_pkg/my_py_pkg.egg-info/top_level.txt
[1.378s] reading manifest file '../../build/my_py_pkg/my_py_pkg.egg-info/SOURCES.txt'
[1.379s] writing manifest file '../../build/my_py_pkg/my_py_pkg.egg-info/SOURCES.txt'
[1.379s] running build
[1.380s] running build_py
[1.380s] running install
[1.380s] running install_lib
[1.383s] running install_data
[1.383s] running install_egg_info
[1.387s] removing '/home/benny/ros2_ws/install/my_py_pkg/lib/python3.10/site-packages/my_py_pkg-0.0.0-py3.10.egg-info' (and everything under it)
[1.387s] Copying ../../build/my_py_pkg/my_py_pkg.egg-info to /home/benny/ros2_ws/install/my_py_pkg/lib/python3.10/site-packages/my_py_pkg-0.0.0-py3.10.egg-info
[1.387s] running install_scripts
[1.415s] Installing py_node script to /home/benny/ros2_ws/install/my_py_pkg/lib/my_py_pkg
[1.415s] writing list of installed files to '/home/benny/ros2_ws/build/my_py_pkg/install.log'
[1.453s] Invoked command in '/home/benny/ros2_ws/src/my_py_pkg' returned '0': PYTHONPATH=/home/benny/ros2_ws/build/my_py_pkg/prefix_override:/home/benny/ros2_ws/install/my_py_pkg/lib/python3.10/site-packages:${PYTHONPATH} /usr/bin/python3 setup.py egg_info --egg-base ../../build/my_py_pkg build --build-base /home/benny/ros2_ws/build/my_py_pkg/build install --record /home/benny/ros2_ws/build/my_py_pkg/install.log --single-version-externally-managed
