[0.030s] Invoking command in '/home/benny/ros2_ws/build/my_cpp_pkg': CMAKE_PREFIX_PATH=/opt/ros/humble /usr/bin/cmake /home/benny/ros2_ws/src/my_cpp_pkg -DCMAKE_INSTALL_PREFIX=/home/benny/ros2_ws/install/my_cpp_pkg
[0.323s] -- The C compiler identification is GNU 11.4.0
[0.396s] -- The CXX compiler identification is GNU 11.4.0
[0.416s] -- Detecting C compiler ABI info
[0.716s] -- Detecting C compiler ABI info - done
[0.723s] -- Check for working C compiler: /usr/bin/cc - skipped
[0.728s] -- Detecting C compile features
[0.729s] -- Detecting C compile features - done
[0.736s] -- Detecting CXX compiler ABI info
[0.824s] -- Detecting CXX compiler ABI info - done
[0.832s] -- Check for working CXX compiler: /usr/bin/c++ - skipped
[0.832s] -- Detecting CXX compile features
[0.832s] -- Detecting CXX compile features - done
[0.840s] -- Found ament_cmake: 1.3.5 (/opt/ros/humble/share/ament_cmake/cmake)
[1.035s] -- Found Python3: /usr/bin/python3.10 (found version "3.10.12") found components: Interpreter 
[1.124s] -- Found rclcpp: 16.0.6 (/opt/ros/humble/share/rclcpp/cmake)
[1.167s] -- Found rosidl_generator_c: 3.1.5 (/opt/ros/humble/share/rosidl_generator_c/cmake)
[1.173s] -- Found rosidl_adapter: 3.1.5 (/opt/ros/humble/share/rosidl_adapter/cmake)
[1.181s] -- Found rosidl_generator_cpp: 3.1.5 (/opt/ros/humble/share/rosidl_generator_cpp/cmake)
[1.204s] -- Using all available rosidl_typesupport_c: rosidl_typesupport_fastrtps_c;rosidl_typesupport_introspection_c
[1.222s] -- Using all available rosidl_typesupport_cpp: rosidl_typesupport_fastrtps_cpp;rosidl_typesupport_introspection_cpp
[1.280s] -- Found rmw_implementation_cmake: 6.1.1 (/opt/ros/humble/share/rmw_implementation_cmake/cmake)
[1.283s] -- Found rmw_fastrtps_cpp: 6.2.4 (/opt/ros/humble/share/rmw_fastrtps_cpp/cmake)
[1.370s] -- Found OpenSSL: /usr/lib/x86_64-linux-gnu/libcrypto.so (found version "3.0.2")  
[1.391s] -- Found FastRTPS: /opt/ros/humble/include  
[1.477s] -- Using RMW implementation 'rmw_fastrtps_cpp' as default
[1.497s] -- Looking for pthread.h
[1.557s] -- Looking for pthread.h - found
[1.557s] -- Performing Test CMAKE_HAVE_LIBC_PTHREAD
[1.629s] -- Performing Test CMAKE_HAVE_LIBC_PTHREAD - Success
[1.629s] -- Found Threads: TRUE  
[1.755s] -- Found ament_lint_auto: 0.12.8 (/opt/ros/humble/share/ament_lint_auto/cmake)
[1.824s] -- Added test 'lint_cmake' to check CMake code style
[1.825s] -- Added test 'xmllint' to check XML markup files
[1.826s] -- Configuring done
[1.829s] -- Generating done
[1.830s] -- Build files have been written to: /home/benny/ros2_ws/build/my_cpp_pkg
[1.837s] Invoked command in '/home/benny/ros2_ws/build/my_cpp_pkg' returned '0': CMAKE_PREFIX_PATH=/opt/ros/humble /usr/bin/cmake /home/benny/ros2_ws/src/my_cpp_pkg -DCMAKE_INSTALL_PREFIX=/home/benny/ros2_ws/install/my_cpp_pkg
[1.838s] Invoking command in '/home/benny/ros2_ws/build/my_cpp_pkg': CMAKE_PREFIX_PATH=/opt/ros/humble /usr/bin/cmake --build /home/benny/ros2_ws/build/my_cpp_pkg -- -j8 -l8
[1.890s] Invoked command in '/home/benny/ros2_ws/build/my_cpp_pkg' returned '0': CMAKE_PREFIX_PATH=/opt/ros/humble /usr/bin/cmake --build /home/benny/ros2_ws/build/my_cpp_pkg -- -j8 -l8
[1.936s] Invoking command in '/home/benny/ros2_ws/build/my_cpp_pkg': CMAKE_PREFIX_PATH=/opt/ros/humble /usr/bin/cmake --install /home/benny/ros2_ws/build/my_cpp_pkg
[1.941s] -- Install configuration: ""
[1.941s] -- Installing: /home/benny/ros2_ws/install/my_cpp_pkg/share/ament_index/resource_index/package_run_dependencies/my_cpp_pkg
[1.941s] -- Installing: /home/benny/ros2_ws/install/my_cpp_pkg/share/ament_index/resource_index/parent_prefix_path/my_cpp_pkg
[1.941s] -- Installing: /home/benny/ros2_ws/install/my_cpp_pkg/share/my_cpp_pkg/environment/ament_prefix_path.sh
[1.941s] -- Installing: /home/benny/ros2_ws/install/my_cpp_pkg/share/my_cpp_pkg/environment/ament_prefix_path.dsv
[1.941s] -- Installing: /home/benny/ros2_ws/install/my_cpp_pkg/share/my_cpp_pkg/environment/path.sh
[1.941s] -- Installing: /home/benny/ros2_ws/install/my_cpp_pkg/share/my_cpp_pkg/environment/path.dsv
[1.941s] -- Installing: /home/benny/ros2_ws/install/my_cpp_pkg/share/my_cpp_pkg/local_setup.bash
[1.941s] -- Installing: /home/benny/ros2_ws/install/my_cpp_pkg/share/my_cpp_pkg/local_setup.sh
[1.941s] -- Installing: /home/benny/ros2_ws/install/my_cpp_pkg/share/my_cpp_pkg/local_setup.zsh
[1.941s] -- Installing: /home/benny/ros2_ws/install/my_cpp_pkg/share/my_cpp_pkg/local_setup.dsv
[1.941s] -- Installing: /home/benny/ros2_ws/install/my_cpp_pkg/share/my_cpp_pkg/package.dsv
[1.941s] -- Installing: /home/benny/ros2_ws/install/my_cpp_pkg/share/ament_index/resource_index/packages/my_cpp_pkg
[1.941s] -- Installing: /home/benny/ros2_ws/install/my_cpp_pkg/share/my_cpp_pkg/cmake/my_cpp_pkgConfig.cmake
[1.941s] -- Installing: /home/benny/ros2_ws/install/my_cpp_pkg/share/my_cpp_pkg/cmake/my_cpp_pkgConfig-version.cmake
[1.942s] -- Installing: /home/benny/ros2_ws/install/my_cpp_pkg/share/my_cpp_pkg/package.xml
[1.943s] Invoked command in '/home/benny/ros2_ws/build/my_cpp_pkg' returned '0': CMAKE_PREFIX_PATH=/opt/ros/humble /usr/bin/cmake --install /home/benny/ros2_ws/build/my_cpp_pkg
