[0.417s] DEBUG:colcon:Command line arguments: ['/usr/bin/colcon', 'build']
[0.417s] DEBUG:colcon:Parsed command line arguments: Namespace(log_base=None, log_level=None, verb_name='build', build_base='build', install_base='install', merge_install=False, symlink_install=False, test_result_base=None, continue_on_error=False, executor='parallel', parallel_workers=8, event_handlers=None, ignore_user_meta=False, metas=['./colcon.meta'], base_paths=['.'], packages_ignore=None, packages_ignore_regex=None, paths=None, packages_up_to=None, packages_up_to_regex=None, packages_above=None, packages_above_and_dependencies=None, packages_above_depth=None, packages_select_by_dep=None, packages_skip_by_dep=None, packages_skip_up_to=None, packages_select_build_failed=False, packages_skip_build_finished=False, packages_select_test_failures=False, packages_skip_test_passed=False, packages_select=None, packages_skip=None, packages_select_regex=None, packages_skip_regex=None, packages_start=None, packages_end=None, allow_overriding=[], cmake_args=None, cmake_target=None, cmake_target_skip_unavailable=False, cmake_clean_cache=False, cmake_clean_first=False, cmake_force_configure=False, ament_cmake_args=None, catkin_cmake_args=None, catkin_skip_building_tests=False, verb_parser=<colcon_defaults.argument_parser.defaults.DefaultArgumentsDecorator object at 0x7f9f2d05b4c0>, verb_extension=<colcon_core.verb.build.BuildVerb object at 0x7f9f2d05af50>, main=<bound method BuildVerb.main of <colcon_core.verb.build.BuildVerb object at 0x7f9f2d05af50>>)
[0.450s] Level 1:colcon.colcon_core.package_discovery:discover_packages(colcon_meta) check parameters
[0.450s] Level 1:colcon.colcon_core.package_discovery:discover_packages(recursive) check parameters
[0.450s] Level 1:colcon.colcon_core.package_discovery:discover_packages(ignore) check parameters
[0.450s] Level 1:colcon.colcon_core.package_discovery:discover_packages(path) check parameters
[0.450s] Level 1:colcon.colcon_core.package_discovery:discover_packages(colcon_meta) discover
[0.450s] Level 1:colcon.colcon_core.package_discovery:discover_packages(recursive) discover
[0.450s] INFO:colcon.colcon_core.package_discovery:Crawling recursively for packages in '/home/benny/ros2_ws'
[0.450s] Level 1:colcon.colcon_core.package_identification:_identify(.) by extensions ['ignore', 'ignore_ament_install']
[0.450s] Level 1:colcon.colcon_core.package_identification:_identify(.) by extension 'ignore'
[0.450s] Level 1:colcon.colcon_core.package_identification:_identify(.) by extension 'ignore_ament_install'
[0.450s] Level 1:colcon.colcon_core.package_identification:_identify(.) by extensions ['colcon_pkg']
[0.450s] Level 1:colcon.colcon_core.package_identification:_identify(.) by extension 'colcon_pkg'
[0.450s] Level 1:colcon.colcon_core.package_identification:_identify(.) by extensions ['colcon_meta']
[0.450s] Level 1:colcon.colcon_core.package_identification:_identify(.) by extension 'colcon_meta'
[0.450s] Level 1:colcon.colcon_core.package_identification:_identify(.) by extensions ['ros']
[0.450s] Level 1:colcon.colcon_core.package_identification:_identify(.) by extension 'ros'
[0.461s] Level 1:colcon.colcon_core.package_identification:_identify(.) by extensions ['cmake', 'python']
[0.461s] Level 1:colcon.colcon_core.package_identification:_identify(.) by extension 'cmake'
[0.461s] Level 1:colcon.colcon_core.package_identification:_identify(.) by extension 'python'
[0.461s] Level 1:colcon.colcon_core.package_identification:_identify(.) by extensions ['python_setup_py']
[0.461s] Level 1:colcon.colcon_core.package_identification:_identify(.) by extension 'python_setup_py'
[0.461s] Level 1:colcon.colcon_core.package_identification:_identify(build) by extensions ['ignore', 'ignore_ament_install']
[0.461s] Level 1:colcon.colcon_core.package_identification:_identify(build) by extension 'ignore'
[0.461s] Level 1:colcon.colcon_core.package_identification:_identify(build) ignored
[0.461s] Level 1:colcon.colcon_core.package_identification:_identify(install) by extensions ['ignore', 'ignore_ament_install']
[0.461s] Level 1:colcon.colcon_core.package_identification:_identify(install) by extension 'ignore'
[0.461s] Level 1:colcon.colcon_core.package_identification:_identify(install) ignored
[0.461s] Level 1:colcon.colcon_core.package_identification:_identify(log) by extensions ['ignore', 'ignore_ament_install']
[0.461s] Level 1:colcon.colcon_core.package_identification:_identify(log) by extension 'ignore'
[0.461s] Level 1:colcon.colcon_core.package_identification:_identify(log) ignored
[0.461s] Level 1:colcon.colcon_core.package_identification:_identify(src) by extensions ['ignore', 'ignore_ament_install']
[0.461s] Level 1:colcon.colcon_core.package_identification:_identify(src) by extension 'ignore'
[0.461s] Level 1:colcon.colcon_core.package_identification:_identify(src) by extension 'ignore_ament_install'
[0.461s] Level 1:colcon.colcon_core.package_identification:_identify(src) by extensions ['colcon_pkg']
[0.461s] Level 1:colcon.colcon_core.package_identification:_identify(src) by extension 'colcon_pkg'
[0.462s] Level 1:colcon.colcon_core.package_identification:_identify(src) by extensions ['colcon_meta']
[0.462s] Level 1:colcon.colcon_core.package_identification:_identify(src) by extension 'colcon_meta'
[0.462s] Level 1:colcon.colcon_core.package_identification:_identify(src) by extensions ['ros']
[0.462s] Level 1:colcon.colcon_core.package_identification:_identify(src) by extension 'ros'
[0.462s] Level 1:colcon.colcon_core.package_identification:_identify(src) by extensions ['cmake', 'python']
[0.462s] Level 1:colcon.colcon_core.package_identification:_identify(src) by extension 'cmake'
[0.462s] Level 1:colcon.colcon_core.package_identification:_identify(src) by extension 'python'
[0.462s] Level 1:colcon.colcon_core.package_identification:_identify(src) by extensions ['python_setup_py']
[0.462s] Level 1:colcon.colcon_core.package_identification:_identify(src) by extension 'python_setup_py'
[0.462s] Level 1:colcon.colcon_core.package_identification:_identify(src/monitor_system) by extensions ['ignore', 'ignore_ament_install']
[0.462s] Level 1:colcon.colcon_core.package_identification:_identify(src/monitor_system) by extension 'ignore'
[0.462s] Level 1:colcon.colcon_core.package_identification:_identify(src/monitor_system) by extension 'ignore_ament_install'
[0.462s] Level 1:colcon.colcon_core.package_identification:_identify(src/monitor_system) by extensions ['colcon_pkg']
[0.462s] Level 1:colcon.colcon_core.package_identification:_identify(src/monitor_system) by extension 'colcon_pkg'
[0.462s] Level 1:colcon.colcon_core.package_identification:_identify(src/monitor_system) by extensions ['colcon_meta']
[0.462s] Level 1:colcon.colcon_core.package_identification:_identify(src/monitor_system) by extension 'colcon_meta'
[0.462s] Level 1:colcon.colcon_core.package_identification:_identify(src/monitor_system) by extensions ['ros']
[0.462s] Level 1:colcon.colcon_core.package_identification:_identify(src/monitor_system) by extension 'ros'
[0.465s] DEBUG:colcon.colcon_core.package_identification:Package 'src/monitor_system' with type 'ros.ament_cmake' and name 'monitor_system'
[0.465s] Level 1:colcon.colcon_core.package_identification:_identify(src/my_cpp_pkg) by extensions ['ignore', 'ignore_ament_install']
[0.465s] Level 1:colcon.colcon_core.package_identification:_identify(src/my_cpp_pkg) by extension 'ignore'
[0.465s] Level 1:colcon.colcon_core.package_identification:_identify(src/my_cpp_pkg) by extension 'ignore_ament_install'
[0.465s] Level 1:colcon.colcon_core.package_identification:_identify(src/my_cpp_pkg) by extensions ['colcon_pkg']
[0.465s] Level 1:colcon.colcon_core.package_identification:_identify(src/my_cpp_pkg) by extension 'colcon_pkg'
[0.465s] Level 1:colcon.colcon_core.package_identification:_identify(src/my_cpp_pkg) by extensions ['colcon_meta']
[0.465s] Level 1:colcon.colcon_core.package_identification:_identify(src/my_cpp_pkg) by extension 'colcon_meta'
[0.465s] Level 1:colcon.colcon_core.package_identification:_identify(src/my_cpp_pkg) by extensions ['ros']
[0.465s] Level 1:colcon.colcon_core.package_identification:_identify(src/my_cpp_pkg) by extension 'ros'
[0.466s] DEBUG:colcon.colcon_core.package_identification:Package 'src/my_cpp_pkg' with type 'ros.ament_cmake' and name 'my_cpp_pkg'
[0.466s] Level 1:colcon.colcon_core.package_identification:_identify(src/my_py_pkg) by extensions ['ignore', 'ignore_ament_install']
[0.466s] Level 1:colcon.colcon_core.package_identification:_identify(src/my_py_pkg) by extension 'ignore'
[0.466s] Level 1:colcon.colcon_core.package_identification:_identify(src/my_py_pkg) by extension 'ignore_ament_install'
[0.467s] Level 1:colcon.colcon_core.package_identification:_identify(src/my_py_pkg) by extensions ['colcon_pkg']
[0.467s] Level 1:colcon.colcon_core.package_identification:_identify(src/my_py_pkg) by extension 'colcon_pkg'
[0.467s] Level 1:colcon.colcon_core.package_identification:_identify(src/my_py_pkg) by extensions ['colcon_meta']
[0.467s] Level 1:colcon.colcon_core.package_identification:_identify(src/my_py_pkg) by extension 'colcon_meta'
[0.467s] Level 1:colcon.colcon_core.package_identification:_identify(src/my_py_pkg) by extensions ['ros']
[0.467s] Level 1:colcon.colcon_core.package_identification:_identify(src/my_py_pkg) by extension 'ros'
[0.467s] DEBUG:colcon.colcon_core.package_identification:Package 'src/my_py_pkg' with type 'ros.ament_python' and name 'my_py_pkg'
[0.467s] Level 1:colcon.colcon_core.package_identification:_identify(src/pros_library) by extensions ['ignore', 'ignore_ament_install']
[0.467s] Level 1:colcon.colcon_core.package_identification:_identify(src/pros_library) by extension 'ignore'
[0.467s] Level 1:colcon.colcon_core.package_identification:_identify(src/pros_library) by extension 'ignore_ament_install'
[0.468s] Level 1:colcon.colcon_core.package_identification:_identify(src/pros_library) by extensions ['colcon_pkg']
[0.468s] Level 1:colcon.colcon_core.package_identification:_identify(src/pros_library) by extension 'colcon_pkg'
[0.468s] Level 1:colcon.colcon_core.package_identification:_identify(src/pros_library) by extensions ['colcon_meta']
[0.468s] Level 1:colcon.colcon_core.package_identification:_identify(src/pros_library) by extension 'colcon_meta'
[0.468s] Level 1:colcon.colcon_core.package_identification:_identify(src/pros_library) by extensions ['ros']
[0.468s] Level 1:colcon.colcon_core.package_identification:_identify(src/pros_library) by extension 'ros'
[0.468s] DEBUG:colcon.colcon_core.package_identification:Package 'src/pros_library' with type 'ros.ament_python' and name 'pros_library'
[0.468s] Level 1:colcon.colcon_core.package_identification:_identify(src/system_interfaces) by extensions ['ignore', 'ignore_ament_install']
[0.468s] Level 1:colcon.colcon_core.package_identification:_identify(src/system_interfaces) by extension 'ignore'
[0.468s] Level 1:colcon.colcon_core.package_identification:_identify(src/system_interfaces) by extension 'ignore_ament_install'
[0.468s] Level 1:colcon.colcon_core.package_identification:_identify(src/system_interfaces) by extensions ['colcon_pkg']
[0.468s] Level 1:colcon.colcon_core.package_identification:_identify(src/system_interfaces) by extension 'colcon_pkg'
[0.468s] Level 1:colcon.colcon_core.package_identification:_identify(src/system_interfaces) by extensions ['colcon_meta']
[0.468s] Level 1:colcon.colcon_core.package_identification:_identify(src/system_interfaces) by extension 'colcon_meta'
[0.468s] Level 1:colcon.colcon_core.package_identification:_identify(src/system_interfaces) by extensions ['ros']
[0.468s] Level 1:colcon.colcon_core.package_identification:_identify(src/system_interfaces) by extension 'ros'
[0.468s] DEBUG:colcon.colcon_core.package_identification:Package 'src/system_interfaces' with type 'ros.ament_cmake' and name 'system_interfaces'
[0.469s] Level 1:colcon.colcon_core.package_identification:_identify(src/template) by extensions ['ignore', 'ignore_ament_install']
[0.469s] Level 1:colcon.colcon_core.package_identification:_identify(src/template) by extension 'ignore'
[0.469s] Level 1:colcon.colcon_core.package_identification:_identify(src/template) by extension 'ignore_ament_install'
[0.469s] Level 1:colcon.colcon_core.package_identification:_identify(src/template) by extensions ['colcon_pkg']
[0.469s] Level 1:colcon.colcon_core.package_identification:_identify(src/template) by extension 'colcon_pkg'
[0.469s] Level 1:colcon.colcon_core.package_identification:_identify(src/template) by extensions ['colcon_meta']
[0.469s] Level 1:colcon.colcon_core.package_identification:_identify(src/template) by extension 'colcon_meta'
[0.469s] Level 1:colcon.colcon_core.package_identification:_identify(src/template) by extensions ['ros']
[0.469s] Level 1:colcon.colcon_core.package_identification:_identify(src/template) by extension 'ros'
[0.469s] DEBUG:colcon.colcon_core.package_identification:Package 'src/template' with type 'ros.ament_python' and name 'template'
[0.469s] Level 1:colcon.colcon_core.package_identification:_identify(src/test_node) by extensions ['ignore', 'ignore_ament_install']
[0.469s] Level 1:colcon.colcon_core.package_identification:_identify(src/test_node) by extension 'ignore'
[0.469s] Level 1:colcon.colcon_core.package_identification:_identify(src/test_node) by extension 'ignore_ament_install'
[0.469s] Level 1:colcon.colcon_core.package_identification:_identify(src/test_node) by extensions ['colcon_pkg']
[0.470s] Level 1:colcon.colcon_core.package_identification:_identify(src/test_node) by extension 'colcon_pkg'
[0.471s] Level 1:colcon.colcon_core.package_identification:_identify(src/test_node) by extensions ['colcon_meta']
[0.471s] Level 1:colcon.colcon_core.package_identification:_identify(src/test_node) by extension 'colcon_meta'
[0.471s] Level 1:colcon.colcon_core.package_identification:_identify(src/test_node) by extensions ['ros']
[0.471s] Level 1:colcon.colcon_core.package_identification:_identify(src/test_node) by extension 'ros'
[0.471s] DEBUG:colcon.colcon_core.package_identification:Package 'src/test_node' with type 'ros.ament_python' and name 'test_node'
[0.474s] Level 1:colcon.colcon_core.package_discovery:discover_packages(recursive) using defaults
[0.474s] Level 1:colcon.colcon_core.package_discovery:discover_packages(ignore) discover
[0.474s] Level 1:colcon.colcon_core.package_discovery:discover_packages(ignore) using defaults
[0.474s] Level 1:colcon.colcon_core.package_discovery:discover_packages(path) discover
[0.474s] Level 1:colcon.colcon_core.package_discovery:discover_packages(path) using defaults
[0.502s] Level 1:colcon.colcon_core.package_discovery:discover_packages(prefix_path) check parameters
[0.502s] Level 1:colcon.colcon_core.package_discovery:discover_packages(prefix_path) discover
[0.505s] DEBUG:colcon.colcon_installed_package_information.package_discovery:Found 7 installed packages in /home/benny/ros2_ws/install
[0.507s] DEBUG:colcon.colcon_installed_package_information.package_discovery:Found 274 installed packages in /opt/ros/humble
[0.508s] Level 1:colcon.colcon_core.package_discovery:discover_packages(prefix_path) using defaults
[0.590s] Level 5:colcon.colcon_core.verb:set package 'my_cpp_pkg' build argument 'cmake_args' from command line to 'None'
[0.590s] Level 5:colcon.colcon_core.verb:set package 'my_cpp_pkg' build argument 'cmake_target' from command line to 'None'
[0.590s] Level 5:colcon.colcon_core.verb:set package 'my_cpp_pkg' build argument 'cmake_target_skip_unavailable' from command line to 'False'
[0.590s] Level 5:colcon.colcon_core.verb:set package 'my_cpp_pkg' build argument 'cmake_clean_cache' from command line to 'False'
[0.590s] Level 5:colcon.colcon_core.verb:set package 'my_cpp_pkg' build argument 'cmake_clean_first' from command line to 'False'
[0.590s] Level 5:colcon.colcon_core.verb:set package 'my_cpp_pkg' build argument 'cmake_force_configure' from command line to 'False'
[0.590s] Level 5:colcon.colcon_core.verb:set package 'my_cpp_pkg' build argument 'ament_cmake_args' from command line to 'None'
[0.590s] Level 5:colcon.colcon_core.verb:set package 'my_cpp_pkg' build argument 'catkin_cmake_args' from command line to 'None'
[0.590s] Level 5:colcon.colcon_core.verb:set package 'my_cpp_pkg' build argument 'catkin_skip_building_tests' from command line to 'False'
[0.590s] DEBUG:colcon.colcon_core.verb:Building package 'my_cpp_pkg' with the following arguments: {'ament_cmake_args': None, 'build_base': '/home/benny/ros2_ws/build/my_cpp_pkg', 'catkin_cmake_args': None, 'catkin_skip_building_tests': False, 'cmake_args': None, 'cmake_clean_cache': False, 'cmake_clean_first': False, 'cmake_force_configure': False, 'cmake_target': None, 'cmake_target_skip_unavailable': False, 'install_base': '/home/benny/ros2_ws/install/my_cpp_pkg', 'merge_install': False, 'path': '/home/benny/ros2_ws/src/my_cpp_pkg', 'symlink_install': False, 'test_result_base': None}
[0.591s] Level 5:colcon.colcon_core.verb:set package 'my_py_pkg' build argument 'cmake_args' from command line to 'None'
[0.591s] Level 5:colcon.colcon_core.verb:set package 'my_py_pkg' build argument 'cmake_target' from command line to 'None'
[0.591s] Level 5:colcon.colcon_core.verb:set package 'my_py_pkg' build argument 'cmake_target_skip_unavailable' from command line to 'False'
[0.591s] Level 5:colcon.colcon_core.verb:set package 'my_py_pkg' build argument 'cmake_clean_cache' from command line to 'False'
[0.591s] Level 5:colcon.colcon_core.verb:set package 'my_py_pkg' build argument 'cmake_clean_first' from command line to 'False'
[0.591s] Level 5:colcon.colcon_core.verb:set package 'my_py_pkg' build argument 'cmake_force_configure' from command line to 'False'
[0.591s] Level 5:colcon.colcon_core.verb:set package 'my_py_pkg' build argument 'ament_cmake_args' from command line to 'None'
[0.591s] Level 5:colcon.colcon_core.verb:set package 'my_py_pkg' build argument 'catkin_cmake_args' from command line to 'None'
[0.591s] Level 5:colcon.colcon_core.verb:set package 'my_py_pkg' build argument 'catkin_skip_building_tests' from command line to 'False'
[0.591s] DEBUG:colcon.colcon_core.verb:Building package 'my_py_pkg' with the following arguments: {'ament_cmake_args': None, 'build_base': '/home/benny/ros2_ws/build/my_py_pkg', 'catkin_cmake_args': None, 'catkin_skip_building_tests': False, 'cmake_args': None, 'cmake_clean_cache': False, 'cmake_clean_first': False, 'cmake_force_configure': False, 'cmake_target': None, 'cmake_target_skip_unavailable': False, 'install_base': '/home/benny/ros2_ws/install/my_py_pkg', 'merge_install': False, 'path': '/home/benny/ros2_ws/src/my_py_pkg', 'symlink_install': False, 'test_result_base': None}
[0.592s] Level 5:colcon.colcon_core.verb:set package 'system_interfaces' build argument 'cmake_args' from command line to 'None'
[0.592s] Level 5:colcon.colcon_core.verb:set package 'system_interfaces' build argument 'cmake_target' from command line to 'None'
[0.592s] Level 5:colcon.colcon_core.verb:set package 'system_interfaces' build argument 'cmake_target_skip_unavailable' from command line to 'False'
[0.592s] Level 5:colcon.colcon_core.verb:set package 'system_interfaces' build argument 'cmake_clean_cache' from command line to 'False'
[0.592s] Level 5:colcon.colcon_core.verb:set package 'system_interfaces' build argument 'cmake_clean_first' from command line to 'False'
[0.592s] Level 5:colcon.colcon_core.verb:set package 'system_interfaces' build argument 'cmake_force_configure' from command line to 'False'
[0.592s] Level 5:colcon.colcon_core.verb:set package 'system_interfaces' build argument 'ament_cmake_args' from command line to 'None'
[0.592s] Level 5:colcon.colcon_core.verb:set package 'system_interfaces' build argument 'catkin_cmake_args' from command line to 'None'
[0.592s] Level 5:colcon.colcon_core.verb:set package 'system_interfaces' build argument 'catkin_skip_building_tests' from command line to 'False'
[0.592s] DEBUG:colcon.colcon_core.verb:Building package 'system_interfaces' with the following arguments: {'ament_cmake_args': None, 'build_base': '/home/benny/ros2_ws/build/system_interfaces', 'catkin_cmake_args': None, 'catkin_skip_building_tests': False, 'cmake_args': None, 'cmake_clean_cache': False, 'cmake_clean_first': False, 'cmake_force_configure': False, 'cmake_target': None, 'cmake_target_skip_unavailable': False, 'install_base': '/home/benny/ros2_ws/install/system_interfaces', 'merge_install': False, 'path': '/home/benny/ros2_ws/src/system_interfaces', 'symlink_install': False, 'test_result_base': None}
[0.593s] Level 5:colcon.colcon_core.verb:set package 'monitor_system' build argument 'cmake_args' from command line to 'None'
[0.593s] Level 5:colcon.colcon_core.verb:set package 'monitor_system' build argument 'cmake_target' from command line to 'None'
[0.593s] Level 5:colcon.colcon_core.verb:set package 'monitor_system' build argument 'cmake_target_skip_unavailable' from command line to 'False'
[0.593s] Level 5:colcon.colcon_core.verb:set package 'monitor_system' build argument 'cmake_clean_cache' from command line to 'False'
[0.593s] Level 5:colcon.colcon_core.verb:set package 'monitor_system' build argument 'cmake_clean_first' from command line to 'False'
[0.593s] Level 5:colcon.colcon_core.verb:set package 'monitor_system' build argument 'cmake_force_configure' from command line to 'False'
[0.593s] Level 5:colcon.colcon_core.verb:set package 'monitor_system' build argument 'ament_cmake_args' from command line to 'None'
[0.593s] Level 5:colcon.colcon_core.verb:set package 'monitor_system' build argument 'catkin_cmake_args' from command line to 'None'
[0.593s] Level 5:colcon.colcon_core.verb:set package 'monitor_system' build argument 'catkin_skip_building_tests' from command line to 'False'
[0.593s] DEBUG:colcon.colcon_core.verb:Building package 'monitor_system' with the following arguments: {'ament_cmake_args': None, 'build_base': '/home/benny/ros2_ws/build/monitor_system', 'catkin_cmake_args': None, 'catkin_skip_building_tests': False, 'cmake_args': None, 'cmake_clean_cache': False, 'cmake_clean_first': False, 'cmake_force_configure': False, 'cmake_target': None, 'cmake_target_skip_unavailable': False, 'install_base': '/home/benny/ros2_ws/install/monitor_system', 'merge_install': False, 'path': '/home/benny/ros2_ws/src/monitor_system', 'symlink_install': False, 'test_result_base': None}
[0.594s] Level 5:colcon.colcon_core.verb:set package 'pros_library' build argument 'cmake_args' from command line to 'None'
[0.594s] Level 5:colcon.colcon_core.verb:set package 'pros_library' build argument 'cmake_target' from command line to 'None'
[0.594s] Level 5:colcon.colcon_core.verb:set package 'pros_library' build argument 'cmake_target_skip_unavailable' from command line to 'False'
[0.594s] Level 5:colcon.colcon_core.verb:set package 'pros_library' build argument 'cmake_clean_cache' from command line to 'False'
[0.594s] Level 5:colcon.colcon_core.verb:set package 'pros_library' build argument 'cmake_clean_first' from command line to 'False'
[0.594s] Level 5:colcon.colcon_core.verb:set package 'pros_library' build argument 'cmake_force_configure' from command line to 'False'
[0.594s] Level 5:colcon.colcon_core.verb:set package 'pros_library' build argument 'ament_cmake_args' from command line to 'None'
[0.594s] Level 5:colcon.colcon_core.verb:set package 'pros_library' build argument 'catkin_cmake_args' from command line to 'None'
[0.594s] Level 5:colcon.colcon_core.verb:set package 'pros_library' build argument 'catkin_skip_building_tests' from command line to 'False'
[0.594s] DEBUG:colcon.colcon_core.verb:Building package 'pros_library' with the following arguments: {'ament_cmake_args': None, 'build_base': '/home/benny/ros2_ws/build/pros_library', 'catkin_cmake_args': None, 'catkin_skip_building_tests': False, 'cmake_args': None, 'cmake_clean_cache': False, 'cmake_clean_first': False, 'cmake_force_configure': False, 'cmake_target': None, 'cmake_target_skip_unavailable': False, 'install_base': '/home/benny/ros2_ws/install/pros_library', 'merge_install': False, 'path': '/home/benny/ros2_ws/src/pros_library', 'symlink_install': False, 'test_result_base': None}
[0.594s] Level 5:colcon.colcon_core.verb:set package 'template' build argument 'cmake_args' from command line to 'None'
[0.594s] Level 5:colcon.colcon_core.verb:set package 'template' build argument 'cmake_target' from command line to 'None'
[0.595s] Level 5:colcon.colcon_core.verb:set package 'template' build argument 'cmake_target_skip_unavailable' from command line to 'False'
[0.595s] Level 5:colcon.colcon_core.verb:set package 'template' build argument 'cmake_clean_cache' from command line to 'False'
[0.595s] Level 5:colcon.colcon_core.verb:set package 'template' build argument 'cmake_clean_first' from command line to 'False'
[0.595s] Level 5:colcon.colcon_core.verb:set package 'template' build argument 'cmake_force_configure' from command line to 'False'
[0.595s] Level 5:colcon.colcon_core.verb:set package 'template' build argument 'ament_cmake_args' from command line to 'None'
[0.595s] Level 5:colcon.colcon_core.verb:set package 'template' build argument 'catkin_cmake_args' from command line to 'None'
[0.595s] Level 5:colcon.colcon_core.verb:set package 'template' build argument 'catkin_skip_building_tests' from command line to 'False'
[0.595s] DEBUG:colcon.colcon_core.verb:Building package 'template' with the following arguments: {'ament_cmake_args': None, 'build_base': '/home/benny/ros2_ws/build/template', 'catkin_cmake_args': None, 'catkin_skip_building_tests': False, 'cmake_args': None, 'cmake_clean_cache': False, 'cmake_clean_first': False, 'cmake_force_configure': False, 'cmake_target': None, 'cmake_target_skip_unavailable': False, 'install_base': '/home/benny/ros2_ws/install/template', 'merge_install': False, 'path': '/home/benny/ros2_ws/src/template', 'symlink_install': False, 'test_result_base': None}
[0.595s] Level 5:colcon.colcon_core.verb:set package 'test_node' build argument 'cmake_args' from command line to 'None'
[0.595s] Level 5:colcon.colcon_core.verb:set package 'test_node' build argument 'cmake_target' from command line to 'None'
[0.595s] Level 5:colcon.colcon_core.verb:set package 'test_node' build argument 'cmake_target_skip_unavailable' from command line to 'False'
[0.595s] Level 5:colcon.colcon_core.verb:set package 'test_node' build argument 'cmake_clean_cache' from command line to 'False'
[0.595s] Level 5:colcon.colcon_core.verb:set package 'test_node' build argument 'cmake_clean_first' from command line to 'False'
[0.595s] Level 5:colcon.colcon_core.verb:set package 'test_node' build argument 'cmake_force_configure' from command line to 'False'
[0.595s] Level 5:colcon.colcon_core.verb:set package 'test_node' build argument 'ament_cmake_args' from command line to 'None'
[0.595s] Level 5:colcon.colcon_core.verb:set package 'test_node' build argument 'catkin_cmake_args' from command line to 'None'
[0.595s] Level 5:colcon.colcon_core.verb:set package 'test_node' build argument 'catkin_skip_building_tests' from command line to 'False'
[0.595s] DEBUG:colcon.colcon_core.verb:Building package 'test_node' with the following arguments: {'ament_cmake_args': None, 'build_base': '/home/benny/ros2_ws/build/test_node', 'catkin_cmake_args': None, 'catkin_skip_building_tests': False, 'cmake_args': None, 'cmake_clean_cache': False, 'cmake_clean_first': False, 'cmake_force_configure': False, 'cmake_target': None, 'cmake_target_skip_unavailable': False, 'install_base': '/home/benny/ros2_ws/install/test_node', 'merge_install': False, 'path': '/home/benny/ros2_ws/src/test_node', 'symlink_install': False, 'test_result_base': None}
[0.596s] INFO:colcon.colcon_core.executor:Executing jobs using 'parallel' executor
[0.600s] DEBUG:colcon.colcon_parallel_executor.executor.parallel:run_until_complete
[0.600s] INFO:colcon.colcon_ros.task.ament_cmake.build:Building ROS package in '/home/benny/ros2_ws/src/system_interfaces' with build type 'ament_cmake'
[0.600s] INFO:colcon.colcon_cmake.task.cmake.build:Building CMake package in '/home/benny/ros2_ws/src/system_interfaces'
[0.606s] INFO:colcon.colcon_core.plugin_system:Skipping extension 'colcon_core.shell.bat': Not used on non-Windows systems
[0.606s] INFO:colcon.colcon_core.shell:Skip shell extension 'powershell' for command environment: Not usable outside of PowerShell
[0.606s] DEBUG:colcon.colcon_core.shell:Skip shell extension 'dsv' for command environment
[0.610s] INFO:colcon.colcon_ros.task.ament_cmake.build:Building ROS package in '/home/benny/ros2_ws/src/my_cpp_pkg' with build type 'ament_cmake'
[0.610s] INFO:colcon.colcon_cmake.task.cmake.build:Building CMake package in '/home/benny/ros2_ws/src/my_cpp_pkg'
[0.611s] INFO:colcon.colcon_core.shell:Skip shell extension 'powershell' for command environment: Not usable outside of PowerShell
[0.611s] DEBUG:colcon.colcon_core.shell:Skip shell extension 'dsv' for command environment
[0.625s] INFO:colcon.colcon_ros.task.ament_python.build:Building ROS package in '/home/benny/ros2_ws/src/my_py_pkg' with build type 'ament_python'
[0.627s] Level 1:colcon.colcon_core.shell:create_environment_hook('my_py_pkg', 'ament_prefix_path')
[0.633s] INFO:colcon.colcon_core.shell:Creating environment hook '/home/benny/ros2_ws/install/my_py_pkg/share/my_py_pkg/hook/ament_prefix_path.ps1'
[0.637s] INFO:colcon.colcon_core.shell:Creating environment descriptor '/home/benny/ros2_ws/install/my_py_pkg/share/my_py_pkg/hook/ament_prefix_path.dsv'
[0.639s] INFO:colcon.colcon_core.shell:Creating environment hook '/home/benny/ros2_ws/install/my_py_pkg/share/my_py_pkg/hook/ament_prefix_path.sh'
[0.641s] INFO:colcon.colcon_core.shell:Skip shell extension 'powershell' for command environment: Not usable outside of PowerShell
[0.641s] DEBUG:colcon.colcon_core.shell:Skip shell extension 'dsv' for command environment
[0.655s] DEBUG:colcon.colcon_core.event_handler.log_command:Invoking command in '/home/benny/ros2_ws/build/system_interfaces': CMAKE_PREFIX_PATH=${CMAKE_PREFIX_PATH}:/home/benny/ros2_ws/install/my_py_pkg:/opt/ros/humble /usr/bin/cmake --build /home/benny/ros2_ws/build/system_interfaces -- -j8 -l8
[0.684s] DEBUG:colcon.colcon_core.event_handler.log_command:Invoking command in '/home/benny/ros2_ws/build/my_cpp_pkg': CMAKE_PREFIX_PATH=${CMAKE_PREFIX_PATH}:/home/benny/ros2_ws/install/my_py_pkg:/opt/ros/humble /usr/bin/cmake --build /home/benny/ros2_ws/build/my_cpp_pkg -- -j8 -l8
[1.062s] INFO:colcon.colcon_core.task.python.build:Building Python package in '/home/benny/ros2_ws/src/my_py_pkg'
[1.063s] INFO:colcon.colcon_core.shell:Skip shell extension 'powershell' for command environment: Not usable outside of PowerShell
[1.064s] DEBUG:colcon.colcon_core.shell:Skip shell extension 'dsv' for command environment
[1.074s] DEBUG:colcon.colcon_core.event_handler.log_command:Invoked command in '/home/benny/ros2_ws/build/my_cpp_pkg' returned '0': CMAKE_PREFIX_PATH=${CMAKE_PREFIX_PATH}:/home/benny/ros2_ws/install/my_py_pkg:/opt/ros/humble /usr/bin/cmake --build /home/benny/ros2_ws/build/my_cpp_pkg -- -j8 -l8
[1.113s] DEBUG:colcon.colcon_core.event_handler.log_command:Invoking command in '/home/benny/ros2_ws/build/my_cpp_pkg': CMAKE_PREFIX_PATH=${CMAKE_PREFIX_PATH}:/home/benny/ros2_ws/install/my_py_pkg:/opt/ros/humble /usr/bin/cmake --install /home/benny/ros2_ws/build/my_cpp_pkg
[1.126s] Level 1:colcon.colcon_core.environment:create_environment_scripts_only(my_cpp_pkg)
[1.127s] DEBUG:colcon.colcon_core.event_handler.log_command:Invoked command in '/home/benny/ros2_ws/build/my_cpp_pkg' returned '0': CMAKE_PREFIX_PATH=${CMAKE_PREFIX_PATH}:/home/benny/ros2_ws/install/my_py_pkg:/opt/ros/humble /usr/bin/cmake --install /home/benny/ros2_ws/build/my_cpp_pkg
[1.146s] Level 1:colcon.colcon_core.environment:checking '/home/benny/ros2_ws/install/my_cpp_pkg' for CMake module files
[1.147s] Level 1:colcon.colcon_core.environment:checking '/home/benny/ros2_ws/install/my_cpp_pkg' for CMake config files
[1.150s] Level 1:colcon.colcon_core.shell:create_environment_hook('my_cpp_pkg', 'cmake_prefix_path')
[1.152s] INFO:colcon.colcon_core.shell:Creating environment hook '/home/benny/ros2_ws/install/my_cpp_pkg/share/my_cpp_pkg/hook/cmake_prefix_path.ps1'
[1.153s] INFO:colcon.colcon_core.shell:Creating environment descriptor '/home/benny/ros2_ws/install/my_cpp_pkg/share/my_cpp_pkg/hook/cmake_prefix_path.dsv'
[1.154s] INFO:colcon.colcon_core.shell:Creating environment hook '/home/benny/ros2_ws/install/my_cpp_pkg/share/my_cpp_pkg/hook/cmake_prefix_path.sh'
[1.155s] Level 1:colcon.colcon_core.environment:checking '/home/benny/ros2_ws/install/my_cpp_pkg/bin'
[1.155s] Level 1:colcon.colcon_core.environment:checking '/home/benny/ros2_ws/install/my_cpp_pkg/lib/pkgconfig/my_cpp_pkg.pc'
[1.156s] Level 1:colcon.colcon_core.environment:checking '/home/benny/ros2_ws/install/my_cpp_pkg/lib/python3.10/site-packages'
[1.156s] Level 1:colcon.colcon_core.environment:checking '/home/benny/ros2_ws/install/my_cpp_pkg/bin'
[1.158s] INFO:colcon.colcon_core.shell:Creating package script '/home/benny/ros2_ws/install/my_cpp_pkg/share/my_cpp_pkg/package.ps1'
[1.159s] INFO:colcon.colcon_core.shell:Creating package descriptor '/home/benny/ros2_ws/install/my_cpp_pkg/share/my_cpp_pkg/package.dsv'
[1.160s] INFO:colcon.colcon_core.shell:Creating package script '/home/benny/ros2_ws/install/my_cpp_pkg/share/my_cpp_pkg/package.sh'
[1.161s] INFO:colcon.colcon_core.shell:Creating package script '/home/benny/ros2_ws/install/my_cpp_pkg/share/my_cpp_pkg/package.bash'
[1.163s] INFO:colcon.colcon_core.shell:Creating package script '/home/benny/ros2_ws/install/my_cpp_pkg/share/my_cpp_pkg/package.zsh'
[1.164s] Level 1:colcon.colcon_core.environment:create_file_with_runtime_dependencies(/home/benny/ros2_ws/install/my_cpp_pkg/share/colcon-core/packages/my_cpp_pkg)
[1.193s] Level 1:colcon.colcon_core.environment:create_environment_scripts_only(my_cpp_pkg)
[1.196s] Level 1:colcon.colcon_core.environment:checking '/home/benny/ros2_ws/install/my_cpp_pkg' for CMake module files
[1.197s] Level 1:colcon.colcon_core.environment:checking '/home/benny/ros2_ws/install/my_cpp_pkg' for CMake config files
[1.197s] Level 1:colcon.colcon_core.shell:create_environment_hook('my_cpp_pkg', 'cmake_prefix_path')
[1.199s] INFO:colcon.colcon_core.shell:Creating environment hook '/home/benny/ros2_ws/install/my_cpp_pkg/share/my_cpp_pkg/hook/cmake_prefix_path.ps1'
[1.200s] INFO:colcon.colcon_core.shell:Creating environment descriptor '/home/benny/ros2_ws/install/my_cpp_pkg/share/my_cpp_pkg/hook/cmake_prefix_path.dsv'
[1.200s] INFO:colcon.colcon_core.shell:Creating environment hook '/home/benny/ros2_ws/install/my_cpp_pkg/share/my_cpp_pkg/hook/cmake_prefix_path.sh'
[1.202s] Level 1:colcon.colcon_core.environment:checking '/home/benny/ros2_ws/install/my_cpp_pkg/bin'
[1.203s] Level 1:colcon.colcon_core.environment:checking '/home/benny/ros2_ws/install/my_cpp_pkg/lib/pkgconfig/my_cpp_pkg.pc'
[1.203s] Level 1:colcon.colcon_core.environment:checking '/home/benny/ros2_ws/install/my_cpp_pkg/lib/python3.10/site-packages'
[1.203s] Level 1:colcon.colcon_core.environment:checking '/home/benny/ros2_ws/install/my_cpp_pkg/bin'
[1.205s] INFO:colcon.colcon_core.shell:Creating package script '/home/benny/ros2_ws/install/my_cpp_pkg/share/my_cpp_pkg/package.ps1'
[1.206s] INFO:colcon.colcon_core.shell:Creating package descriptor '/home/benny/ros2_ws/install/my_cpp_pkg/share/my_cpp_pkg/package.dsv'
[1.207s] INFO:colcon.colcon_core.shell:Creating package script '/home/benny/ros2_ws/install/my_cpp_pkg/share/my_cpp_pkg/package.sh'
[1.208s] INFO:colcon.colcon_core.shell:Creating package script '/home/benny/ros2_ws/install/my_cpp_pkg/share/my_cpp_pkg/package.bash'
[1.208s] INFO:colcon.colcon_core.shell:Creating package script '/home/benny/ros2_ws/install/my_cpp_pkg/share/my_cpp_pkg/package.zsh'
[1.209s] Level 1:colcon.colcon_core.environment:create_file_with_runtime_dependencies(/home/benny/ros2_ws/install/my_cpp_pkg/share/colcon-core/packages/my_cpp_pkg)
[1.211s] DEBUG:colcon.colcon_core.event_handler.log_command:Invoked command in '/home/benny/ros2_ws/build/system_interfaces' returned '0': CMAKE_PREFIX_PATH=${CMAKE_PREFIX_PATH}:/home/benny/ros2_ws/install/my_py_pkg:/opt/ros/humble /usr/bin/cmake --build /home/benny/ros2_ws/build/system_interfaces -- -j8 -l8
[1.313s] DEBUG:colcon.colcon_core.event_handler.log_command:Invoking command in '/home/benny/ros2_ws/build/system_interfaces': CMAKE_PREFIX_PATH=${CMAKE_PREFIX_PATH}:/home/benny/ros2_ws/install/my_py_pkg:/opt/ros/humble /usr/bin/cmake --install /home/benny/ros2_ws/build/system_interfaces
[1.391s] Level 1:colcon.colcon_core.environment:create_environment_scripts_only(system_interfaces)
[1.393s] Level 1:colcon.colcon_core.environment:checking '/home/benny/ros2_ws/install/system_interfaces' for CMake module files
[1.394s] DEBUG:colcon.colcon_core.event_handler.log_command:Invoked command in '/home/benny/ros2_ws/build/system_interfaces' returned '0': CMAKE_PREFIX_PATH=${CMAKE_PREFIX_PATH}:/home/benny/ros2_ws/install/my_py_pkg:/opt/ros/humble /usr/bin/cmake --install /home/benny/ros2_ws/build/system_interfaces
[1.394s] Level 1:colcon.colcon_core.environment:checking '/home/benny/ros2_ws/install/system_interfaces' for CMake config files
[1.395s] Level 1:colcon.colcon_core.shell:create_environment_hook('system_interfaces', 'cmake_prefix_path')
[1.396s] INFO:colcon.colcon_core.shell:Creating environment hook '/home/benny/ros2_ws/install/system_interfaces/share/system_interfaces/hook/cmake_prefix_path.ps1'
[1.397s] INFO:colcon.colcon_core.shell:Creating environment descriptor '/home/benny/ros2_ws/install/system_interfaces/share/system_interfaces/hook/cmake_prefix_path.dsv'
[1.397s] INFO:colcon.colcon_core.shell:Creating environment hook '/home/benny/ros2_ws/install/system_interfaces/share/system_interfaces/hook/cmake_prefix_path.sh'
[1.398s] Level 1:colcon.colcon_core.environment:checking '/home/benny/ros2_ws/install/system_interfaces/lib'
[1.399s] Level 1:colcon.colcon_core.shell:create_environment_hook('system_interfaces', 'ld_library_path_lib')
[1.400s] INFO:colcon.colcon_core.shell:Creating environment hook '/home/benny/ros2_ws/install/system_interfaces/share/system_interfaces/hook/ld_library_path_lib.ps1'
[1.400s] INFO:colcon.colcon_core.shell:Creating environment descriptor '/home/benny/ros2_ws/install/system_interfaces/share/system_interfaces/hook/ld_library_path_lib.dsv'
[1.401s] INFO:colcon.colcon_core.shell:Creating environment hook '/home/benny/ros2_ws/install/system_interfaces/share/system_interfaces/hook/ld_library_path_lib.sh'
[1.402s] Level 1:colcon.colcon_core.environment:checking '/home/benny/ros2_ws/install/system_interfaces/bin'
[1.402s] Level 1:colcon.colcon_core.environment:checking '/home/benny/ros2_ws/install/system_interfaces/lib/pkgconfig/system_interfaces.pc'
[1.402s] Level 1:colcon.colcon_core.environment:checking '/home/benny/ros2_ws/install/system_interfaces/lib/python3.10/site-packages'
[1.403s] Level 1:colcon.colcon_core.environment:checking '/home/benny/ros2_ws/install/system_interfaces/bin'
[1.404s] INFO:colcon.colcon_core.shell:Creating package script '/home/benny/ros2_ws/install/system_interfaces/share/system_interfaces/package.ps1'
[1.405s] INFO:colcon.colcon_core.shell:Creating package descriptor '/home/benny/ros2_ws/install/system_interfaces/share/system_interfaces/package.dsv'
[1.406s] INFO:colcon.colcon_core.shell:Creating package script '/home/benny/ros2_ws/install/system_interfaces/share/system_interfaces/package.sh'
[1.407s] INFO:colcon.colcon_core.shell:Creating package script '/home/benny/ros2_ws/install/system_interfaces/share/system_interfaces/package.bash'
[1.407s] INFO:colcon.colcon_core.shell:Creating package script '/home/benny/ros2_ws/install/system_interfaces/share/system_interfaces/package.zsh'
[1.408s] Level 1:colcon.colcon_core.environment:create_file_with_runtime_dependencies(/home/benny/ros2_ws/install/system_interfaces/share/colcon-core/packages/system_interfaces)
[1.530s] Level 1:colcon.colcon_core.environment:create_environment_scripts_only(system_interfaces)
[1.532s] Level 1:colcon.colcon_core.environment:checking '/home/benny/ros2_ws/install/system_interfaces' for CMake module files
[1.532s] Level 1:colcon.colcon_core.environment:checking '/home/benny/ros2_ws/install/system_interfaces' for CMake config files
[1.533s] Level 1:colcon.colcon_core.shell:create_environment_hook('system_interfaces', 'cmake_prefix_path')
[1.534s] INFO:colcon.colcon_core.shell:Creating environment hook '/home/benny/ros2_ws/install/system_interfaces/share/system_interfaces/hook/cmake_prefix_path.ps1'
[1.535s] INFO:colcon.colcon_core.shell:Creating environment descriptor '/home/benny/ros2_ws/install/system_interfaces/share/system_interfaces/hook/cmake_prefix_path.dsv'
[1.537s] INFO:colcon.colcon_core.shell:Creating environment hook '/home/benny/ros2_ws/install/system_interfaces/share/system_interfaces/hook/cmake_prefix_path.sh'
[1.538s] Level 1:colcon.colcon_core.environment:checking '/home/benny/ros2_ws/install/system_interfaces/lib'
[1.538s] Level 1:colcon.colcon_core.shell:create_environment_hook('system_interfaces', 'ld_library_path_lib')
[1.540s] INFO:colcon.colcon_core.shell:Creating environment hook '/home/benny/ros2_ws/install/system_interfaces/share/system_interfaces/hook/ld_library_path_lib.ps1'
[1.541s] INFO:colcon.colcon_core.shell:Creating environment descriptor '/home/benny/ros2_ws/install/system_interfaces/share/system_interfaces/hook/ld_library_path_lib.dsv'
[1.541s] INFO:colcon.colcon_core.shell:Creating environment hook '/home/benny/ros2_ws/install/system_interfaces/share/system_interfaces/hook/ld_library_path_lib.sh'
[1.542s] Level 1:colcon.colcon_core.environment:checking '/home/benny/ros2_ws/install/system_interfaces/bin'
[1.542s] Level 1:colcon.colcon_core.environment:checking '/home/benny/ros2_ws/install/system_interfaces/lib/pkgconfig/system_interfaces.pc'
[1.542s] Level 1:colcon.colcon_core.environment:checking '/home/benny/ros2_ws/install/system_interfaces/lib/python3.10/site-packages'
[1.543s] Level 1:colcon.colcon_core.environment:checking '/home/benny/ros2_ws/install/system_interfaces/bin'
[1.544s] INFO:colcon.colcon_core.shell:Creating package script '/home/benny/ros2_ws/install/system_interfaces/share/system_interfaces/package.ps1'
[1.545s] INFO:colcon.colcon_core.shell:Creating package descriptor '/home/benny/ros2_ws/install/system_interfaces/share/system_interfaces/package.dsv'
[1.546s] INFO:colcon.colcon_core.shell:Creating package script '/home/benny/ros2_ws/install/system_interfaces/share/system_interfaces/package.sh'
[1.546s] INFO:colcon.colcon_core.shell:Creating package script '/home/benny/ros2_ws/install/system_interfaces/share/system_interfaces/package.bash'
[1.547s] INFO:colcon.colcon_core.shell:Creating package script '/home/benny/ros2_ws/install/system_interfaces/share/system_interfaces/package.zsh'
[1.548s] Level 1:colcon.colcon_core.environment:create_file_with_runtime_dependencies(/home/benny/ros2_ws/install/system_interfaces/share/colcon-core/packages/system_interfaces)
[1.549s] INFO:colcon.colcon_ros.task.ament_python.build:Building ROS package in '/home/benny/ros2_ws/src/pros_library' with build type 'ament_python'
[1.549s] Level 1:colcon.colcon_core.shell:create_environment_hook('pros_library', 'ament_prefix_path')
[1.550s] INFO:colcon.colcon_core.shell:Creating environment hook '/home/benny/ros2_ws/install/pros_library/share/pros_library/hook/ament_prefix_path.ps1'
[1.552s] INFO:colcon.colcon_core.shell:Creating environment descriptor '/home/benny/ros2_ws/install/pros_library/share/pros_library/hook/ament_prefix_path.dsv'
[1.552s] INFO:colcon.colcon_core.shell:Creating environment hook '/home/benny/ros2_ws/install/pros_library/share/pros_library/hook/ament_prefix_path.sh'
[1.555s] INFO:colcon.colcon_core.shell:Skip shell extension 'powershell' for command environment: Not usable outside of PowerShell
[1.555s] DEBUG:colcon.colcon_core.shell:Skip shell extension 'dsv' for command environment
[1.561s] INFO:colcon.colcon_ros.task.ament_cmake.build:Building ROS package in '/home/benny/ros2_ws/src/monitor_system' with build type 'ament_cmake'
[1.562s] INFO:colcon.colcon_cmake.task.cmake.build:Building CMake package in '/home/benny/ros2_ws/src/monitor_system'
[1.562s] INFO:colcon.colcon_core.shell:Skip shell extension 'powershell' for command environment: Not usable outside of PowerShell
[1.562s] DEBUG:colcon.colcon_core.shell:Skip shell extension 'dsv' for command environment
[2.020s] INFO:colcon.colcon_core.task.python.build:Building Python package in '/home/benny/ros2_ws/src/pros_library'
[2.021s] INFO:colcon.colcon_core.shell:Skip shell extension 'powershell' for command environment: Not usable outside of PowerShell
[2.021s] DEBUG:colcon.colcon_core.shell:Skip shell extension 'dsv' for command environment
[2.037s] DEBUG:colcon.colcon_core.event_handler.log_command:Invoking command in '/home/benny/ros2_ws/build/monitor_system': AMENT_PREFIX_PATH=/home/benny/ros2_ws/install/system_interfaces:${AMENT_PREFIX_PATH} CMAKE_PREFIX_PATH=/home/benny/ros2_ws/install/system_interfaces:/home/benny/ros2_ws/install/my_cpp_pkg:/home/benny/ros2_ws/install/my_py_pkg:/opt/ros/humble LD_LIBRARY_PATH=/home/benny/ros2_ws/install/system_interfaces/lib:${LD_LIBRARY_PATH} PYTHONPATH=/home/benny/ros2_ws/install/system_interfaces/local/lib/python3.10/dist-packages:${PYTHONPATH} /usr/bin/cmake --build /home/benny/ros2_ws/build/monitor_system -- -j8 -l8
[2.039s] DEBUG:colcon.colcon_core.event_handler.log_command:Invoking command in '/home/benny/ros2_ws/src/my_py_pkg': PYTHONPATH=/home/benny/ros2_ws/build/my_py_pkg/prefix_override:/home/benny/ros2_ws/install/my_py_pkg/lib/python3.10/site-packages:${PYTHONPATH} /usr/bin/python3 setup.py egg_info --egg-base ../../build/my_py_pkg build --build-base /home/benny/ros2_ws/build/my_py_pkg/build install --record /home/benny/ros2_ws/build/my_py_pkg/install.log --single-version-externally-managed
[2.132s] DEBUG:colcon.colcon_core.event_handler.log_command:Invoked command in '/home/benny/ros2_ws/build/monitor_system' returned '0': AMENT_PREFIX_PATH=/home/benny/ros2_ws/install/system_interfaces:${AMENT_PREFIX_PATH} CMAKE_PREFIX_PATH=/home/benny/ros2_ws/install/system_interfaces:/home/benny/ros2_ws/install/my_cpp_pkg:/home/benny/ros2_ws/install/my_py_pkg:/opt/ros/humble LD_LIBRARY_PATH=/home/benny/ros2_ws/install/system_interfaces/lib:${LD_LIBRARY_PATH} PYTHONPATH=/home/benny/ros2_ws/install/system_interfaces/local/lib/python3.10/dist-packages:${PYTHONPATH} /usr/bin/cmake --build /home/benny/ros2_ws/build/monitor_system -- -j8 -l8
[2.167s] DEBUG:colcon.colcon_core.event_handler.log_command:Invoking command in '/home/benny/ros2_ws/build/monitor_system': AMENT_PREFIX_PATH=/home/benny/ros2_ws/install/system_interfaces:${AMENT_PREFIX_PATH} CMAKE_PREFIX_PATH=/home/benny/ros2_ws/install/system_interfaces:/home/benny/ros2_ws/install/my_cpp_pkg:/home/benny/ros2_ws/install/my_py_pkg:/opt/ros/humble LD_LIBRARY_PATH=/home/benny/ros2_ws/install/system_interfaces/lib:${LD_LIBRARY_PATH} PYTHONPATH=/home/benny/ros2_ws/install/system_interfaces/local/lib/python3.10/dist-packages:${PYTHONPATH} /usr/bin/cmake --install /home/benny/ros2_ws/build/monitor_system
[2.181s] Level 1:colcon.colcon_core.environment:create_environment_scripts_only(monitor_system)
[2.181s] DEBUG:colcon.colcon_core.event_handler.log_command:Invoked command in '/home/benny/ros2_ws/build/monitor_system' returned '0': AMENT_PREFIX_PATH=/home/benny/ros2_ws/install/system_interfaces:${AMENT_PREFIX_PATH} CMAKE_PREFIX_PATH=/home/benny/ros2_ws/install/system_interfaces:/home/benny/ros2_ws/install/my_cpp_pkg:/home/benny/ros2_ws/install/my_py_pkg:/opt/ros/humble LD_LIBRARY_PATH=/home/benny/ros2_ws/install/system_interfaces/lib:${LD_LIBRARY_PATH} PYTHONPATH=/home/benny/ros2_ws/install/system_interfaces/local/lib/python3.10/dist-packages:${PYTHONPATH} /usr/bin/cmake --install /home/benny/ros2_ws/build/monitor_system
[2.183s] Level 1:colcon.colcon_core.environment:checking '/home/benny/ros2_ws/install/monitor_system' for CMake module files
[2.184s] Level 1:colcon.colcon_core.environment:checking '/home/benny/ros2_ws/install/monitor_system' for CMake config files
[2.184s] Level 1:colcon.colcon_core.shell:create_environment_hook('monitor_system', 'cmake_prefix_path')
[2.186s] INFO:colcon.colcon_core.shell:Creating environment hook '/home/benny/ros2_ws/install/monitor_system/share/monitor_system/hook/cmake_prefix_path.ps1'
[2.187s] INFO:colcon.colcon_core.shell:Creating environment descriptor '/home/benny/ros2_ws/install/monitor_system/share/monitor_system/hook/cmake_prefix_path.dsv'
[2.187s] INFO:colcon.colcon_core.shell:Creating environment hook '/home/benny/ros2_ws/install/monitor_system/share/monitor_system/hook/cmake_prefix_path.sh'
[2.188s] Level 1:colcon.colcon_core.environment:checking '/home/benny/ros2_ws/install/monitor_system/lib'
[2.188s] Level 1:colcon.colcon_core.environment:checking '/home/benny/ros2_ws/install/monitor_system/bin'
[2.188s] Level 1:colcon.colcon_core.environment:checking '/home/benny/ros2_ws/install/monitor_system/lib/pkgconfig/monitor_system.pc'
[2.189s] Level 1:colcon.colcon_core.environment:checking '/home/benny/ros2_ws/install/monitor_system/lib/python3.10/site-packages'
[2.189s] Level 1:colcon.colcon_core.environment:checking '/home/benny/ros2_ws/install/monitor_system/bin'
[2.190s] INFO:colcon.colcon_core.shell:Creating package script '/home/benny/ros2_ws/install/monitor_system/share/monitor_system/package.ps1'
[2.192s] INFO:colcon.colcon_core.shell:Creating package descriptor '/home/benny/ros2_ws/install/monitor_system/share/monitor_system/package.dsv'
[2.192s] INFO:colcon.colcon_core.shell:Creating package script '/home/benny/ros2_ws/install/monitor_system/share/monitor_system/package.sh'
[2.193s] INFO:colcon.colcon_core.shell:Creating package script '/home/benny/ros2_ws/install/monitor_system/share/monitor_system/package.bash'
[2.194s] INFO:colcon.colcon_core.shell:Creating package script '/home/benny/ros2_ws/install/monitor_system/share/monitor_system/package.zsh'
[2.194s] Level 1:colcon.colcon_core.environment:create_file_with_runtime_dependencies(/home/benny/ros2_ws/install/monitor_system/share/colcon-core/packages/monitor_system)
[2.249s] Level 1:colcon.colcon_core.environment:create_environment_scripts_only(monitor_system)
[2.251s] Level 1:colcon.colcon_core.environment:checking '/home/benny/ros2_ws/install/monitor_system' for CMake module files
[2.252s] Level 1:colcon.colcon_core.environment:checking '/home/benny/ros2_ws/install/monitor_system' for CMake config files
[2.252s] Level 1:colcon.colcon_core.shell:create_environment_hook('monitor_system', 'cmake_prefix_path')
[2.254s] INFO:colcon.colcon_core.shell:Creating environment hook '/home/benny/ros2_ws/install/monitor_system/share/monitor_system/hook/cmake_prefix_path.ps1'
[2.255s] INFO:colcon.colcon_core.shell:Creating environment descriptor '/home/benny/ros2_ws/install/monitor_system/share/monitor_system/hook/cmake_prefix_path.dsv'
[2.256s] INFO:colcon.colcon_core.shell:Creating environment hook '/home/benny/ros2_ws/install/monitor_system/share/monitor_system/hook/cmake_prefix_path.sh'
[2.257s] Level 1:colcon.colcon_core.environment:checking '/home/benny/ros2_ws/install/monitor_system/lib'
[2.257s] Level 1:colcon.colcon_core.environment:checking '/home/benny/ros2_ws/install/monitor_system/bin'
[2.257s] Level 1:colcon.colcon_core.environment:checking '/home/benny/ros2_ws/install/monitor_system/lib/pkgconfig/monitor_system.pc'
[2.257s] Level 1:colcon.colcon_core.environment:checking '/home/benny/ros2_ws/install/monitor_system/lib/python3.10/site-packages'
[2.258s] Level 1:colcon.colcon_core.environment:checking '/home/benny/ros2_ws/install/monitor_system/bin'
[2.260s] INFO:colcon.colcon_core.shell:Creating package script '/home/benny/ros2_ws/install/monitor_system/share/monitor_system/package.ps1'
[2.261s] INFO:colcon.colcon_core.shell:Creating package descriptor '/home/benny/ros2_ws/install/monitor_system/share/monitor_system/package.dsv'
[2.262s] INFO:colcon.colcon_core.shell:Creating package script '/home/benny/ros2_ws/install/monitor_system/share/monitor_system/package.sh'
[2.263s] INFO:colcon.colcon_core.shell:Creating package script '/home/benny/ros2_ws/install/monitor_system/share/monitor_system/package.bash'
[2.263s] INFO:colcon.colcon_core.shell:Creating package script '/home/benny/ros2_ws/install/monitor_system/share/monitor_system/package.zsh'
[2.264s] Level 1:colcon.colcon_core.environment:create_file_with_runtime_dependencies(/home/benny/ros2_ws/install/monitor_system/share/colcon-core/packages/monitor_system)
[2.467s] Level 1:colcon.colcon_core.environment:checking '/home/benny/ros2_ws/install/my_py_pkg' for CMake module files
[2.467s] DEBUG:colcon.colcon_core.event_handler.log_command:Invoked command in '/home/benny/ros2_ws/src/my_py_pkg' returned '0': PYTHONPATH=/home/benny/ros2_ws/build/my_py_pkg/prefix_override:/home/benny/ros2_ws/install/my_py_pkg/lib/python3.10/site-packages:${PYTHONPATH} /usr/bin/python3 setup.py egg_info --egg-base ../../build/my_py_pkg build --build-base /home/benny/ros2_ws/build/my_py_pkg/build install --record /home/benny/ros2_ws/build/my_py_pkg/install.log --single-version-externally-managed
[2.472s] Level 1:colcon.colcon_core.environment:checking '/home/benny/ros2_ws/install/my_py_pkg' for CMake config files
[2.474s] Level 1:colcon.colcon_core.environment:checking '/home/benny/ros2_ws/install/my_py_pkg/lib'
[2.477s] Level 1:colcon.colcon_core.environment:checking '/home/benny/ros2_ws/install/my_py_pkg/bin'
[2.478s] Level 1:colcon.colcon_core.environment:checking '/home/benny/ros2_ws/install/my_py_pkg/lib/pkgconfig/my_py_pkg.pc'
[2.478s] Level 1:colcon.colcon_core.environment:checking '/home/benny/ros2_ws/install/my_py_pkg/lib/python3.10/site-packages'
[2.478s] Level 1:colcon.colcon_core.shell:create_environment_hook('my_py_pkg', 'pythonpath')
[2.480s] INFO:colcon.colcon_core.shell:Creating environment hook '/home/benny/ros2_ws/install/my_py_pkg/share/my_py_pkg/hook/pythonpath.ps1'
[2.481s] INFO:colcon.colcon_core.shell:Creating environment descriptor '/home/benny/ros2_ws/install/my_py_pkg/share/my_py_pkg/hook/pythonpath.dsv'
[2.481s] INFO:colcon.colcon_core.shell:Creating environment hook '/home/benny/ros2_ws/install/my_py_pkg/share/my_py_pkg/hook/pythonpath.sh'
[2.482s] Level 1:colcon.colcon_core.environment:checking '/home/benny/ros2_ws/install/my_py_pkg/bin'
[2.482s] Level 1:colcon.colcon_core.environment:create_environment_scripts_only(my_py_pkg)
[2.484s] INFO:colcon.colcon_core.shell:Creating package script '/home/benny/ros2_ws/install/my_py_pkg/share/my_py_pkg/package.ps1'
[2.485s] INFO:colcon.colcon_core.shell:Creating package descriptor '/home/benny/ros2_ws/install/my_py_pkg/share/my_py_pkg/package.dsv'
[2.485s] INFO:colcon.colcon_core.shell:Creating package script '/home/benny/ros2_ws/install/my_py_pkg/share/my_py_pkg/package.sh'
[2.486s] INFO:colcon.colcon_core.shell:Creating package script '/home/benny/ros2_ws/install/my_py_pkg/share/my_py_pkg/package.bash'
[2.486s] INFO:colcon.colcon_core.shell:Creating package script '/home/benny/ros2_ws/install/my_py_pkg/share/my_py_pkg/package.zsh'
[2.486s] Level 1:colcon.colcon_core.environment:create_file_with_runtime_dependencies(/home/benny/ros2_ws/install/my_py_pkg/share/colcon-core/packages/my_py_pkg)
[2.490s] DEBUG:colcon.colcon_core.event_handler.log_command:Invoking command in '/home/benny/ros2_ws/src/pros_library': AMENT_PREFIX_PATH=/home/benny/ros2_ws/install/system_interfaces:${AMENT_PREFIX_PATH} CMAKE_PREFIX_PATH=/home/benny/ros2_ws/install/system_interfaces:${CMAKE_PREFIX_PATH} LD_LIBRARY_PATH=/home/benny/ros2_ws/install/system_interfaces/lib:${LD_LIBRARY_PATH} PYTHONPATH=/home/benny/ros2_ws/build/pros_library/prefix_override:/home/benny/ros2_ws/install/pros_library/lib/python3.10/site-packages:/home/benny/ros2_ws/install/system_interfaces/local/lib/python3.10/dist-packages:${PYTHONPATH} /usr/bin/python3 setup.py egg_info --egg-base ../../build/pros_library build --build-base /home/benny/ros2_ws/build/pros_library/build install --record /home/benny/ros2_ws/build/pros_library/install.log --single-version-externally-managed
[2.854s] Level 1:colcon.colcon_core.environment:checking '/home/benny/ros2_ws/install/pros_library' for CMake module files
[2.855s] Level 1:colcon.colcon_core.environment:checking '/home/benny/ros2_ws/install/pros_library' for CMake config files
[2.856s] Level 1:colcon.colcon_core.environment:checking '/home/benny/ros2_ws/install/pros_library/lib'
[2.856s] Level 1:colcon.colcon_core.environment:checking '/home/benny/ros2_ws/install/pros_library/bin'
[2.856s] Level 1:colcon.colcon_core.environment:checking '/home/benny/ros2_ws/install/pros_library/lib/pkgconfig/pros_library.pc'
[2.856s] Level 1:colcon.colcon_core.environment:checking '/home/benny/ros2_ws/install/pros_library/lib/python3.10/site-packages'
[2.856s] Level 1:colcon.colcon_core.shell:create_environment_hook('pros_library', 'pythonpath')
[2.854s] DEBUG:colcon.colcon_core.event_handler.log_command:Invoked command in '/home/benny/ros2_ws/src/pros_library' returned '0': AMENT_PREFIX_PATH=/home/benny/ros2_ws/install/system_interfaces:${AMENT_PREFIX_PATH} CMAKE_PREFIX_PATH=/home/benny/ros2_ws/install/system_interfaces:${CMAKE_PREFIX_PATH} LD_LIBRARY_PATH=/home/benny/ros2_ws/install/system_interfaces/lib:${LD_LIBRARY_PATH} PYTHONPATH=/home/benny/ros2_ws/build/pros_library/prefix_override:/home/benny/ros2_ws/install/pros_library/lib/python3.10/site-packages:/home/benny/ros2_ws/install/system_interfaces/local/lib/python3.10/dist-packages:${PYTHONPATH} /usr/bin/python3 setup.py egg_info --egg-base ../../build/pros_library build --build-base /home/benny/ros2_ws/build/pros_library/build install --record /home/benny/ros2_ws/build/pros_library/install.log --single-version-externally-managed
[2.858s] INFO:colcon.colcon_core.shell:Creating environment hook '/home/benny/ros2_ws/install/pros_library/share/pros_library/hook/pythonpath.ps1'
[2.859s] INFO:colcon.colcon_core.shell:Creating environment descriptor '/home/benny/ros2_ws/install/pros_library/share/pros_library/hook/pythonpath.dsv'
[2.860s] INFO:colcon.colcon_core.shell:Creating environment hook '/home/benny/ros2_ws/install/pros_library/share/pros_library/hook/pythonpath.sh'
[2.860s] Level 1:colcon.colcon_core.environment:checking '/home/benny/ros2_ws/install/pros_library/bin'
[2.860s] Level 1:colcon.colcon_core.environment:create_environment_scripts_only(pros_library)
[2.862s] INFO:colcon.colcon_core.shell:Creating package script '/home/benny/ros2_ws/install/pros_library/share/pros_library/package.ps1'
[2.863s] INFO:colcon.colcon_core.shell:Creating package descriptor '/home/benny/ros2_ws/install/pros_library/share/pros_library/package.dsv'
[2.864s] INFO:colcon.colcon_core.shell:Creating package script '/home/benny/ros2_ws/install/pros_library/share/pros_library/package.sh'
[2.865s] INFO:colcon.colcon_core.shell:Creating package script '/home/benny/ros2_ws/install/pros_library/share/pros_library/package.bash'
[2.865s] INFO:colcon.colcon_core.shell:Creating package script '/home/benny/ros2_ws/install/pros_library/share/pros_library/package.zsh'
[2.866s] Level 1:colcon.colcon_core.environment:create_file_with_runtime_dependencies(/home/benny/ros2_ws/install/pros_library/share/colcon-core/packages/pros_library)
[2.867s] INFO:colcon.colcon_ros.task.ament_python.build:Building ROS package in '/home/benny/ros2_ws/src/template' with build type 'ament_python'
[2.867s] Level 1:colcon.colcon_core.shell:create_environment_hook('template', 'ament_prefix_path')
[2.869s] INFO:colcon.colcon_core.shell:Creating environment hook '/home/benny/ros2_ws/install/template/share/template/hook/ament_prefix_path.ps1'
[2.870s] INFO:colcon.colcon_core.shell:Creating environment descriptor '/home/benny/ros2_ws/install/template/share/template/hook/ament_prefix_path.dsv'
[2.871s] INFO:colcon.colcon_core.shell:Creating environment hook '/home/benny/ros2_ws/install/template/share/template/hook/ament_prefix_path.sh'
[2.873s] INFO:colcon.colcon_core.shell:Skip shell extension 'powershell' for command environment: Not usable outside of PowerShell
[2.874s] DEBUG:colcon.colcon_core.shell:Skip shell extension 'dsv' for command environment
[2.878s] INFO:colcon.colcon_ros.task.ament_python.build:Building ROS package in '/home/benny/ros2_ws/src/test_node' with build type 'ament_python'
[2.878s] Level 1:colcon.colcon_core.shell:create_environment_hook('test_node', 'ament_prefix_path')
[2.880s] INFO:colcon.colcon_core.shell:Creating environment hook '/home/benny/ros2_ws/install/test_node/share/test_node/hook/ament_prefix_path.ps1'
[2.881s] INFO:colcon.colcon_core.shell:Creating environment descriptor '/home/benny/ros2_ws/install/test_node/share/test_node/hook/ament_prefix_path.dsv'
[2.881s] INFO:colcon.colcon_core.shell:Creating environment hook '/home/benny/ros2_ws/install/test_node/share/test_node/hook/ament_prefix_path.sh'
[2.883s] INFO:colcon.colcon_core.shell:Skip shell extension 'powershell' for command environment: Not usable outside of PowerShell
[2.883s] DEBUG:colcon.colcon_core.shell:Skip shell extension 'dsv' for command environment
[3.234s] INFO:colcon.colcon_core.task.python.build:Building Python package in '/home/benny/ros2_ws/src/template'
[3.235s] INFO:colcon.colcon_core.shell:Skip shell extension 'powershell' for command environment: Not usable outside of PowerShell
[3.236s] DEBUG:colcon.colcon_core.shell:Skip shell extension 'dsv' for command environment
[3.526s] INFO:colcon.colcon_core.task.python.build:Building Python package in '/home/benny/ros2_ws/src/test_node'
[3.528s] INFO:colcon.colcon_core.shell:Skip shell extension 'powershell' for command environment: Not usable outside of PowerShell
[3.528s] DEBUG:colcon.colcon_core.shell:Skip shell extension 'dsv' for command environment
[3.943s] DEBUG:colcon.colcon_core.event_handler.log_command:Invoking command in '/home/benny/ros2_ws/src/test_node': AMENT_PREFIX_PATH=/home/benny/ros2_ws/install/pros_library:/home/benny/ros2_ws/install/system_interfaces:${AMENT_PREFIX_PATH} CMAKE_PREFIX_PATH=/home/benny/ros2_ws/install/system_interfaces:${CMAKE_PREFIX_PATH} LD_LIBRARY_PATH=/home/benny/ros2_ws/install/system_interfaces/lib:${LD_LIBRARY_PATH} PYTHONPATH=/home/benny/ros2_ws/build/test_node/prefix_override:/home/benny/ros2_ws/install/test_node/lib/python3.10/site-packages:/home/benny/ros2_ws/install/pros_library/lib/python3.10/site-packages:/home/benny/ros2_ws/install/system_interfaces/local/lib/python3.10/dist-packages:${PYTHONPATH} /usr/bin/python3 setup.py egg_info --egg-base ../../build/test_node build --build-base /home/benny/ros2_ws/build/test_node/build install --record /home/benny/ros2_ws/build/test_node/install.log --single-version-externally-managed
[3.951s] DEBUG:colcon.colcon_core.event_handler.log_command:Invoking command in '/home/benny/ros2_ws/src/template': AMENT_PREFIX_PATH=/home/benny/ros2_ws/install/pros_library:/home/benny/ros2_ws/install/system_interfaces:${AMENT_PREFIX_PATH} CMAKE_PREFIX_PATH=/home/benny/ros2_ws/install/system_interfaces:${CMAKE_PREFIX_PATH} LD_LIBRARY_PATH=/home/benny/ros2_ws/install/system_interfaces/lib:${LD_LIBRARY_PATH} PYTHONPATH=/home/benny/ros2_ws/build/template/prefix_override:/home/benny/ros2_ws/install/template/lib/python3.10/site-packages:/home/benny/ros2_ws/install/pros_library/lib/python3.10/site-packages:/home/benny/ros2_ws/install/system_interfaces/local/lib/python3.10/dist-packages:${PYTHONPATH} /usr/bin/python3 setup.py egg_info --egg-base ../../build/template build --build-base /home/benny/ros2_ws/build/template/build install --record /home/benny/ros2_ws/build/template/install.log --single-version-externally-managed
[4.277s] Level 1:colcon.colcon_core.environment:checking '/home/benny/ros2_ws/install/template' for CMake module files
[4.278s] Level 1:colcon.colcon_core.environment:checking '/home/benny/ros2_ws/install/template' for CMake config files
[4.279s] Level 1:colcon.colcon_core.environment:checking '/home/benny/ros2_ws/install/template/lib'
[4.279s] Level 1:colcon.colcon_core.environment:checking '/home/benny/ros2_ws/install/template/bin'
[4.279s] Level 1:colcon.colcon_core.environment:checking '/home/benny/ros2_ws/install/template/lib/pkgconfig/template.pc'
[4.279s] Level 1:colcon.colcon_core.environment:checking '/home/benny/ros2_ws/install/template/lib/python3.10/site-packages'
[4.279s] Level 1:colcon.colcon_core.shell:create_environment_hook('template', 'pythonpath')
[4.281s] INFO:colcon.colcon_core.shell:Creating environment hook '/home/benny/ros2_ws/install/template/share/template/hook/pythonpath.ps1'
[4.281s] INFO:colcon.colcon_core.shell:Creating environment descriptor '/home/benny/ros2_ws/install/template/share/template/hook/pythonpath.dsv'
[4.282s] INFO:colcon.colcon_core.shell:Creating environment hook '/home/benny/ros2_ws/install/template/share/template/hook/pythonpath.sh'
[4.283s] Level 1:colcon.colcon_core.environment:checking '/home/benny/ros2_ws/install/template/bin'
[4.283s] Level 1:colcon.colcon_core.environment:create_environment_scripts_only(template)
[4.284s] INFO:colcon.colcon_core.shell:Creating package script '/home/benny/ros2_ws/install/template/share/template/package.ps1'
[4.285s] DEBUG:colcon.colcon_core.event_handler.log_command:Invoked command in '/home/benny/ros2_ws/src/template' returned '0': AMENT_PREFIX_PATH=/home/benny/ros2_ws/install/pros_library:/home/benny/ros2_ws/install/system_interfaces:${AMENT_PREFIX_PATH} CMAKE_PREFIX_PATH=/home/benny/ros2_ws/install/system_interfaces:${CMAKE_PREFIX_PATH} LD_LIBRARY_PATH=/home/benny/ros2_ws/install/system_interfaces/lib:${LD_LIBRARY_PATH} PYTHONPATH=/home/benny/ros2_ws/build/template/prefix_override:/home/benny/ros2_ws/install/template/lib/python3.10/site-packages:/home/benny/ros2_ws/install/pros_library/lib/python3.10/site-packages:/home/benny/ros2_ws/install/system_interfaces/local/lib/python3.10/dist-packages:${PYTHONPATH} /usr/bin/python3 setup.py egg_info --egg-base ../../build/template build --build-base /home/benny/ros2_ws/build/template/build install --record /home/benny/ros2_ws/build/template/install.log --single-version-externally-managed
[4.286s] INFO:colcon.colcon_core.shell:Creating package descriptor '/home/benny/ros2_ws/install/template/share/template/package.dsv'
[4.286s] INFO:colcon.colcon_core.shell:Creating package script '/home/benny/ros2_ws/install/template/share/template/package.sh'
[4.287s] INFO:colcon.colcon_core.shell:Creating package script '/home/benny/ros2_ws/install/template/share/template/package.bash'
[4.287s] INFO:colcon.colcon_core.shell:Creating package script '/home/benny/ros2_ws/install/template/share/template/package.zsh'
[4.288s] Level 1:colcon.colcon_core.environment:create_file_with_runtime_dependencies(/home/benny/ros2_ws/install/template/share/colcon-core/packages/template)
[4.292s] Level 1:colcon.colcon_core.environment:checking '/home/benny/ros2_ws/install/test_node' for CMake module files
[4.293s] DEBUG:colcon.colcon_core.event_handler.log_command:Invoked command in '/home/benny/ros2_ws/src/test_node' returned '0': AMENT_PREFIX_PATH=/home/benny/ros2_ws/install/pros_library:/home/benny/ros2_ws/install/system_interfaces:${AMENT_PREFIX_PATH} CMAKE_PREFIX_PATH=/home/benny/ros2_ws/install/system_interfaces:${CMAKE_PREFIX_PATH} LD_LIBRARY_PATH=/home/benny/ros2_ws/install/system_interfaces/lib:${LD_LIBRARY_PATH} PYTHONPATH=/home/benny/ros2_ws/build/test_node/prefix_override:/home/benny/ros2_ws/install/test_node/lib/python3.10/site-packages:/home/benny/ros2_ws/install/pros_library/lib/python3.10/site-packages:/home/benny/ros2_ws/install/system_interfaces/local/lib/python3.10/dist-packages:${PYTHONPATH} /usr/bin/python3 setup.py egg_info --egg-base ../../build/test_node build --build-base /home/benny/ros2_ws/build/test_node/build install --record /home/benny/ros2_ws/build/test_node/install.log --single-version-externally-managed
[4.293s] Level 1:colcon.colcon_core.environment:checking '/home/benny/ros2_ws/install/test_node' for CMake config files
[4.293s] Level 1:colcon.colcon_core.environment:checking '/home/benny/ros2_ws/install/test_node/lib'
[4.294s] Level 1:colcon.colcon_core.environment:checking '/home/benny/ros2_ws/install/test_node/bin'
[4.294s] Level 1:colcon.colcon_core.environment:checking '/home/benny/ros2_ws/install/test_node/lib/pkgconfig/test_node.pc'
[4.294s] Level 1:colcon.colcon_core.environment:checking '/home/benny/ros2_ws/install/test_node/lib/python3.10/site-packages'
[4.294s] Level 1:colcon.colcon_core.shell:create_environment_hook('test_node', 'pythonpath')
[4.295s] INFO:colcon.colcon_core.shell:Creating environment hook '/home/benny/ros2_ws/install/test_node/share/test_node/hook/pythonpath.ps1'
[4.296s] INFO:colcon.colcon_core.shell:Creating environment descriptor '/home/benny/ros2_ws/install/test_node/share/test_node/hook/pythonpath.dsv'
[4.297s] INFO:colcon.colcon_core.shell:Creating environment hook '/home/benny/ros2_ws/install/test_node/share/test_node/hook/pythonpath.sh'
[4.297s] Level 1:colcon.colcon_core.environment:checking '/home/benny/ros2_ws/install/test_node/bin'
[4.297s] Level 1:colcon.colcon_core.environment:create_environment_scripts_only(test_node)
[4.299s] INFO:colcon.colcon_core.shell:Creating package script '/home/benny/ros2_ws/install/test_node/share/test_node/package.ps1'
[4.299s] INFO:colcon.colcon_core.shell:Creating package descriptor '/home/benny/ros2_ws/install/test_node/share/test_node/package.dsv'
[4.300s] INFO:colcon.colcon_core.shell:Creating package script '/home/benny/ros2_ws/install/test_node/share/test_node/package.sh'
[4.300s] INFO:colcon.colcon_core.shell:Creating package script '/home/benny/ros2_ws/install/test_node/share/test_node/package.bash'
[4.300s] INFO:colcon.colcon_core.shell:Creating package script '/home/benny/ros2_ws/install/test_node/share/test_node/package.zsh'
[4.301s] Level 1:colcon.colcon_core.environment:create_file_with_runtime_dependencies(/home/benny/ros2_ws/install/test_node/share/colcon-core/packages/test_node)
[4.301s] DEBUG:colcon.colcon_parallel_executor.executor.parallel:closing loop
[4.301s] DEBUG:colcon.colcon_parallel_executor.executor.parallel:loop closed
[4.301s] DEBUG:colcon.colcon_parallel_executor.executor.parallel:run_until_complete finished with '0'
[4.301s] DEBUG:colcon.colcon_core.event_reactor:joining thread
[4.306s] INFO:colcon.colcon_core.plugin_system:Skipping extension 'colcon_notification.desktop_notification.terminal_notifier': Not used on non-Darwin systems
[4.307s] INFO:colcon.colcon_core.plugin_system:Skipping extension 'colcon_notification.desktop_notification.win32': Not used on non-Windows systems
[4.307s] INFO:colcon.colcon_notification.desktop_notification:Sending desktop notification using 'notify2'
[4.318s] DEBUG:colcon.colcon_core.event_reactor:joined thread
[4.319s] INFO:colcon.colcon_core.shell:Creating prefix script '/home/benny/ros2_ws/install/local_setup.ps1'
[4.320s] INFO:colcon.colcon_core.shell:Creating prefix util module '/home/benny/ros2_ws/install/_local_setup_util_ps1.py'
[4.320s] INFO:colcon.colcon_core.shell:Creating prefix chain script '/home/benny/ros2_ws/install/setup.ps1'
[4.321s] INFO:colcon.colcon_core.shell:Creating prefix script '/home/benny/ros2_ws/install/local_setup.sh'
[4.322s] INFO:colcon.colcon_core.shell:Creating prefix util module '/home/benny/ros2_ws/install/_local_setup_util_sh.py'
[4.322s] INFO:colcon.colcon_core.shell:Creating prefix chain script '/home/benny/ros2_ws/install/setup.sh'
[4.323s] INFO:colcon.colcon_core.shell:Creating prefix script '/home/benny/ros2_ws/install/local_setup.bash'
[4.323s] INFO:colcon.colcon_core.shell:Creating prefix chain script '/home/benny/ros2_ws/install/setup.bash'
[4.324s] INFO:colcon.colcon_core.shell:Creating prefix script '/home/benny/ros2_ws/install/local_setup.zsh'
[4.325s] INFO:colcon.colcon_core.shell:Creating prefix chain script '/home/benny/ros2_ws/install/setup.zsh'
